PRT1
189
486
4 0 19 (2682 2048 670 ) (2048 2048 670 ) (2048 2048 -132 ) (2682 2048 -132 ) 
4 0 7 (2048 2048 -132 ) (2048 2048 -64 ) (2048 2080 -64 ) (2048 2080 -132 ) 
4 0 6 (2048 2080 0 ) (2048 2674 0 ) (2048 2674 -132 ) (2048 2080 -132 ) 
4 0 3 (2048 2080 304 ) (2048 2674 304 ) (2048 2674 0 ) (2048 2080 0 ) 
3 0 2 (2048 2048 304 ) (2048 2048 340 ) (2048 2080 304 ) 
5 0 1 (2048 2048 340 ) (2048 2048 670 ) (2048 2674 670 ) (2048 2674 304 ) (2048 2080 304 ) 
4 1 21 (2048 2048 340 ) (2048 2048 670 ) (1024 2048 670 ) (1024 2048 340 ) 
5 1 8 (1024 2674 304 ) (1024 2080 304 ) (1024 2048 340 ) (1024 2048 670 ) (1024 2674 670 ) 
4 1 3 (1024 2080 304 ) (1024 2674 304 ) (2048 2674 304 ) (2048 2080 304 ) 
3 1 2 (2048 2080 304 ) (2048 2048 340.001007 ) (2032 2048 340.001007 ) 
3 2 22 (2048 2048 304 ) (2048 2048 340 ) (2032 2048 340 ) 
4 3 10 (1024 2674 0 ) (1024 2080 0 ) (1024 2080 304 ) (1024 2674 304 ) 
4 3 6 (1024 2080 0 ) (1024 2674 0 ) (2048 2674 0 ) (2048 2080 0 ) 
4 4 24 (1536 2048 304 ) (1024 2048 304 ) (1024 2048 64 ) (1536 2048 64 ) 
4 4 13 (1024 2048 64 ) (1024 2048 304 ) (1024 2064 304 ) (1024 2064 64 ) 
4 4 5 (1024 2064 64 ) (1408 2064 64 ) (1408 2048 64 ) (1024 2048 64 ) 
4 5 25 (1024 2048 64 ) (1024 2048 0 ) (1280 2048 0 ) (1408 2048 64 ) 
4 5 13 (1024 2064 0 ) (1024 2048 0 ) (1024 2048 64 ) (1024 2064 64 ) 
4 6 10 (1024 2674 -132 ) (1024 2080 -132 ) (1024 2080 0 ) (1024 2674 0 ) 
4 6 7 (1024 2080 -132 ) (2048 2080 -132 ) (2048 2080 -64 ) (1024 2080 -64 ) 
4 7 31 (2048 2048 -132 ) (2048 2048 -64 ) (1024 2048 -64 ) (1024 2048 -132 ) 
4 7 18 (1024 2080 -132 ) (1024 2048 -132 ) (1024 2048 -64 ) (1024 2080 -64 ) 
5 8 171 (0 2048 340 ) (0 2048 670 ) (0 2674 670 ) (0 2674 304 ) (0 2080 304 ) 
3 8 40 (32 2048 340 ) (480 2048 340 ) (256 2048 592 ) 
5 8 39 (186.666687 2048 670 ) (0 2048 670 ) (0 2048 340 ) (32 2048 340 ) (256 2048 592 ) 
4 8 36 (1024 2048 340 ) (1024 2048 670 ) (186.666687 2048 670 ) (480 2048 340 ) 
4 8 10 (0 2080 304 ) (0 2674 304 ) (1024 2674 304 ) (1024 2080 304 ) 
3 8 9 (0 2080 304 ) (32 2048 340.001038 ) (0 2048 340.001038 ) 
3 9 171 (0 2048 304 ) (0 2048 340 ) (0 2080 304 ) 
3 9 39 (32 2048 340 ) (0 2048 340 ) (0 2048 304 ) 
4 10 171 (0 2080 -132 ) (0 2080 304 ) (0 2674 304 ) (0 2674 -132 ) 
4 10 18 (1024 2080 -132 ) (1024 2080 -64 ) (0 2080 -64 ) (0 2080 -132 ) 
4 10 12 (696 2080 144 ) (696 2080 0 ) (840 2080 0 ) (840 2080 144 ) 
4 10 11 (928 2080 112 ) (928 2080 0 ) (992 2080 0 ) (992 2080 112 ) 
4 11 13 (928 2064 0 ) (992 2064 0 ) (992 2064 112 ) (928 2064 112 ) 
4 12 15 (696 2064 0 ) (840 2064 0 ) (840 2064 140 ) (696 2064 140 ) 
4 13 41 (1024 2048 0 ) (1024 2048 304 ) (896 2048 304 ) (896 2048 0 ) 
4 13 14 (896 2064 304 ) (896 2064 144 ) (896 2048 144 ) (896 2048 304 ) 
4 13 15 (896 2064 140 ) (896 2064 0 ) (896 2048 0 ) (896 2048 140 ) 
4 14 44 (896 2048 304 ) (640 2048 304 ) (640 2048 144 ) (896 2048 144 ) 
4 14 16 (640 2064 304 ) (640 2064 144 ) (640 2048 144 ) (640 2048 304 ) 
4 15 45 (640 2048 140 ) (640 2048 0 ) (896 2048 0 ) (896 2048 140 ) 
4 15 17 (640 2064 140 ) (640 2064 0 ) (640 2048 0 ) (640 2048 140 ) 
4 16 46 (640 2048 304 ) (512 2048 304 ) (512 2048 144 ) (640 2048 144 ) 
4 17 47 (512 2048 140 ) (512 2048 0 ) (640 2048 0 ) (640 2048 140 ) 
4 18 171 (0 2048 -132 ) (0 2048 -64 ) (0 2080 -64 ) (0 2080 -132 ) 
4 18 66 (1024 2048 -132 ) (1024 2048 -64 ) (0 2048 -64 ) (0 2048 -132 ) 
4 19 31 (2048 2048 -64 ) (2048 2048 -132 ) (2048 1024 -132 ) (2048 1024 -64 ) 
4 19 30 (2048 1568 -64 ) (2048 1024 -64 ) (2048 1024 0 ) (2048 1568 0 ) 
4 19 29 (2048 1568 0 ) (2048 1024 0 ) (2048 1024 304 ) (2048 1568 304 ) 
5 19 22 (2048 2048 340 ) (2048 2048 304 ) (2048 1024 304 ) (2048 1024 670 ) (2048 1754.666748 670 ) 
3 19 21 (2048 2048 670 ) (2048 2048 340 ) (2048 1754.666748 670 ) 
4 19 20 (2682 1024 670 ) (2048 1024 670 ) (2048 1024 -132 ) (2682 1024 -132 ) 
4 20 174 (2682 0 670 ) (2048 0 670 ) (2048 0 -132 ) (2682 0 -132 ) 
4 20 67 (2048 0 -132 ) (2048 0 670 ) (2048 1024 670 ) (2048 1024 -132 ) 
3 21 36 (1024 2048 670 ) (1024 2048 340 ) (1024 1754.666748 670 ) 
4 21 23 (1885.333374 1754.667969 670 ) (1024 1754.667969 670 ) (1024 1824 592 ) (1920 1824 592 ) 
4 21 22 (2048 1754.667969 670 ) (1885.333374 1754.667969 670 ) (2032 2048 340 ) (2048 2048 340 ) 
3 22 67 (2048 1024 304 ) (2048 1024 670 ) (1885.333374 1024 670 ) 
5 22 23 (1885.332031 1754.667969 670 ) (1919.998413 1824 592 ) (2047.998657 1568 304 ) (2047.998657 1024 304 ) (1885.332031 1024 670 ) 
4 23 67 (2048 1024 304 ) (1885.333374 1024 670 ) (1024 1024 670 ) (1024 1024 304 ) 
5 23 37 (1024 1568 304 ) (1024 1312 304 ) (1024 1474.666626 670 ) (1024 1754.666748 670 ) (1024 1824 592 ) 
4 23 35 (1024 1312 304 ) (1024 1024 304 ) (1024 1024 448 ) (1024 1376 448 ) 
4 23 32 (1024 1024 448 ) (1024 1024 670 ) (1024 1474.666626 670 ) (1024 1376 448 ) 
4 23 29 (1024 1024 304 ) (1024 1568 304 ) (2048 1568 304 ) (2048 1024 304 ) 
4 24 42 (1024 1584 144 ) (1024 1584 304 ) (1024 1824 304 ) (1024 1824 144 ) 
4 24 43 (1024 1824 64 ) (1024 1584 64 ) (1024 1584 140 ) (1024 1824 140 ) 
4 24 41 (1024 2048 304 ) (1024 2048 64 ) (1024 1824 64 ) (1024 1824 304 ) 
4 24 28 (1104 1584 144 ) (1104 1584 64 ) (1248 1584 64 ) (1248 1584 144 ) 
4 24 27 (1408 1584 64 ) (1024 1584 64 ) (1024 1728 64 ) (1408 1728 64 ) 
4 24 26 (1280 1728 64 ) (1024 1728 64 ) (1024 1920 64 ) (1280 1920 64 ) 
4 24 25 (1024 2048 64 ) (1408 2048 64 ) (1408 1920 64 ) (1024 1920 64 ) 
4 25 41 (1024 2048 64 ) (1024 2048 0 ) (1024 1920 0 ) (1024 1920 64 ) 
4 25 26 (1024 1920 0 ) (1280 1920 0 ) (1280 1920 64 ) (1024 1920 64 ) 
4 26 43 (1024 1824 0 ) (1024 1728 0 ) (1024 1728 64 ) (1024 1824 64 ) 
4 26 41 (1024 1920 0 ) (1024 1824 0 ) (1024 1824 64 ) (1024 1920 64 ) 
4 26 27 (1024 1728 0 ) (1280 1728 0 ) (1280 1728 64 ) (1024 1728 64 ) 
4 27 43 (1024 1728 0 ) (1024 1584 0 ) (1024 1584 64 ) (1024 1728 64 ) 
4 27 28 (1104 1584 0 ) (1248 1584 0 ) (1248 1584 64 ) (1104 1584 64 ) 
4 28 29 (1104 1568 0 ) (1248 1568 0 ) (1248 1568 144 ) (1104 1568 144 ) 
4 29 67 (2048 1024 0 ) (2048 1024 304 ) (1024 1024 304 ) (1024 1024 0 ) 
4 29 52 (1024 1568 0 ) (1024 1024 0 ) (1024 1024 304 ) (1024 1568 304 ) 
4 29 30 (2048 1024 0 ) (1024 1024 0 ) (1024 1568 0 ) (2048 1568 0 ) 
4 30 67 (2048 1024 -64 ) (2048 1024 0 ) (1024 1024 0 ) (1024 1024 -64 ) 
4 30 61 (1024 1568 -64 ) (1024 1024 -64 ) (1024 1024 0 ) (1024 1568 0 ) 
4 30 31 (1024 1024 -64 ) (1024 1568 -64 ) (2048 1568 -64 ) (2048 1024 -64 ) 
4 31 67 (2048 1024 -132 ) (2048 1024 -64 ) (1024 1024 -64 ) (1024 1024 -132 ) 
4 31 66 (1024 2048 -64 ) (1024 2048 -132 ) (1024 1024 -132 ) (1024 1024 -64 ) 
4 32 172 (0 1024 448 ) (0 1024 670 ) (0 1474.666626 670 ) (0 1376 448 ) 
4 32 73 (1024 1024 448 ) (1024 1024 670 ) (581.333374 1024 670 ) (384 1024 448 ) 
4 32 68 (581.333374 1024 670 ) (0 1024 670 ) (0 1024 448 ) (384 1024 448 ) 
5 32 38 (128 1376 448 ) (0 1376 448 ) (0 1474.667603 670 ) (186.666672 1474.667603 670 ) (256 1440 592 ) 
4 32 37 (1024 1474.667725 670 ) (1024 1376 448 ) (384 1376 448 ) (186.666672 1474.667603 670 ) 
4 32 35 (1024 1024 448 ) (384 1024 448 ) (384 1375.998047 448 ) (1024 1375.998047 448 ) 
4 32 34 (0 1296 448 ) (0 1375.998047 448 ) (160 1375.998047 448 ) (160 1296 448 ) 
4 32 33 (384 1024 448 ) (0 1024 448 ) (0 1296 448 ) (384 1296 448 ) 
4 33 172 (0 1024 304 ) (0 1024 448 ) (0 1296 448 ) (0 1216 304 ) 
4 33 70 (0 1024 416 ) (0 1024 304 ) (256 1024 304 ) (355.555542 1024 416 ) 
4 33 68 (384 1024 448 ) (0 1024 448 ) (0 1024 416 ) (355.555542 1024 416 ) 
4 33 59 (256 1024 304 ) (32 1024 304 ) (32 1216 304 ) (256 1216 304 ) 
4 33 60 (32 1024 304 ) (0 1024 304 ) (0 1216 304 ) (32 1216 304 ) 
4 33 34 (32 1216 304 ) (0 1216 304 ) (0 1296 448 ) (160 1296 448 ) 
4 34 172 (0 1296 448 ) (0 1376 448 ) (0 1312 304 ) (0 1216 304 ) 
4 34 60 (0 1216 304 ) (0 1312 304 ) (32 1312 304 ) (32 1216 304 ) 
3 34 38 (0 1312 304 ) (0 1376 448 ) (128 1376 448 ) 
4 35 73 (1024 1024 304 ) (1024 1024 448 ) (384 1024 448 ) (512 1024 304 ) 
4 35 52 (1024 1024 304 ) (512 1024 304 ) (512 1312 304 ) (1024 1312 304 ) 
4 35 37 (1024 1376 448 ) (1024 1312 304 ) (512 1312 304 ) (384 1376 448 ) 
3 36 40 (255.998962 2048 591.998840 ) (480 2048 340 ) (255.998962 1824.001099 591.998840 ) 
5 36 39 (186.664063 1893.333374 670 ) (186.664063 2048 670 ) (255.998962 2048 591.998840 ) (255.998962 1824.001099 591.998840 ) (255.997879 1824 592 ) 
3 36 38 (186.664063 1754.666748 670 ) (186.664063 1893.333374 670 ) (255.997879 1824 592 ) 
4 36 37 (186.671875 1754.667969 670 ) (256.004578 1824 592 ) (1024 1824 592 ) (1024 1754.667969 670 ) 
4 37 52 (1024 1568 304 ) (1024 1312 304 ) (512 1312 304 ) (512 1568 304 ) 
5 37 38 (255.998962 1439.992676 591.998840 ) (186.664063 1474.660156 670 ) (186.664063 1754.666748 670 ) (255.997879 1824 592 ) (255.998962 1823.998901 591.998840 ) 
4 38 172 (0 1568 304 ) (0 1312 304 ) (0 1474.666626 670 ) (0 1893.333374 670 ) 
4 38 39 (186.664063 1893.335938 670 ) (255.998688 1824.001343 591.998535 ) (0 1568.002563 304 ) (0 1893.335938 670 ) 
4 39 172 (0 2048 670 ) (0 2048 304 ) (0 1568 304 ) (0 1893.333374 670 ) 
3 39 40 (256 1824 592 ) (32 2048 340 ) (256 2048 592 ) 
4 41 44 (896 1824 144 ) (896 1824 304 ) (896 2048 304 ) (896 2048 144 ) 
4 41 45 (896 2048 0 ) (896 1824 0 ) (896 1824 140 ) (896 2048 140 ) 
4 41 42 (896 1824 304 ) (896 1824 144 ) (1024 1824 144 ) (1024 1824 304 ) 
4 41 43 (896 1824 140 ) (896 1824 0 ) (1024 1824 0 ) (1024 1824 140 ) 
4 42 44 (896 1584 144 ) (896 1584 304 ) (896 1824 304 ) (896 1824 144 ) 
4 43 51 (896 1584 0 ) (944 1584 0 ) (944 1584 140 ) (896 1584 140 ) 
4 43 45 (896 1824 0 ) (896 1584 0 ) (896 1584 140 ) (896 1824 140 ) 
4 44 48 (640 1584 144 ) (640 1584 304 ) (640 1968 304 ) (640 1968 144 ) 
4 44 46 (640 1968 304 ) (640 2048 304 ) (640 2048 144 ) (640 1968 144 ) 
4 45 51 (800 1584 0 ) (896 1584 0 ) (896 1584 140 ) (800 1584 140 ) 
4 45 48 (640 1968 0 ) (640 1584 0 ) (640 1584 140 ) (640 1968 140 ) 
4 45 47 (640 2048 0 ) (640 1968 0 ) (640 1968 140 ) (640 2048 140 ) 
4 46 49 (512 1968 304 ) (512 1968 144 ) (624 1968 144 ) (624 1968 304 ) 
4 46 48 (624 1968 144 ) (640 1968 144 ) (640 1968 304 ) (624 1968 304 ) 
4 47 50 (512 1968 140 ) (512 1968 0 ) (624 1968 0 ) (624 1968 140 ) 
4 47 48 (624 1968 0 ) (640 1968 0 ) (640 1968 140 ) (624 1968 140 ) 
3 48 50 (624 1968 140 ) (624 1968 0 ) (624 1688 0 ) 
5 48 49 (624 1968 304 ) (624 1968 144 ) (624 1680 0 ) (624 1584 0 ) (624 1584 304 ) 
4 51 52 (800 1568 0 ) (944 1568 0 ) (944 1568 144 ) (800 1568 144 ) 
4 52 131 (1024 1024 0 ) (1024 1024 144 ) (512 1024 144 ) (512 1024 0 ) 
4 52 84 (1024 1024 144 ) (1024 1024 272 ) (512 1024 272 ) (512 1024 144 ) 
4 52 77 (1024 1024 272 ) (1024 1024 304 ) (512 1024 304 ) (512 1024 272 ) 
4 52 61 (1024 1568 0 ) (1024 1024 0 ) (512 1024 0 ) (512 1568 0 ) 
4 52 53 (512 1200 0 ) (512 1024 0 ) (512 1024 272 ) (512 1200 272 ) 
4 53 131 (260 1024 144 ) (260 1024 0 ) (512 1024 0 ) (512 1024 144 ) 
4 53 85 (260 1024 272 ) (260 1024 144 ) (512 1024 144 ) (512 1024 272 ) 
4 53 62 (512 1024 0 ) (260 1024 0 ) (260 1200 0 ) (512 1200 0 ) 
3 53 58 (260 1024 254.545471 ) (260 1024 272 ) (260 1088 272 ) 
3 53 56 (260 1088 272 ) (260 1160 272 ) (260 1160 252.363632 ) 
4 53 57 (260 1160 0 ) (260 1088 0 ) (260 1088 96 ) (260 1160 96 ) 
4 53 55 (260 1160 252.363632 ) (260 1160 272 ) (260 1169.454468 272 ) (260 1176 248 ) 
3 53 54 (260 1200 272 ) (260 1200 160 ) (260 1169.454468 272 ) 
3 54 59 (256 1169.454468 272 ) (256 1200 272 ) (256 1200 160 ) 
4 54 55 (260 1176 248 ) (260 1169.453979 272 ) (256 1169.453979 272 ) (256 1176 248 ) 
4 55 59 (256 1160 252.363632 ) (256 1160 272 ) (256 1169.454468 272 ) (256 1176 248 ) 
4 55 56 (260 1160 252.363632 ) (260 1160 272 ) (256 1160 272 ) (256 1160 252.363632 ) 
3 56 59 (256 1088 272 ) (256 1160 272 ) (256 1160 252.363632 ) 
4 57 59 (256 1160 0 ) (256 1088 0 ) (256 1088 96 ) (256 1160 96 ) 
4 58 87 (256 1024 272 ) (256 1024 254.545456 ) (260 1024 254.545471 ) (260 1024 272 ) 
3 58 59 (256 1024 254.545471 ) (256 1024 272 ) (256 1088 272 ) 
4 59 140 (64 1024 0 ) (80 1024 0 ) (80 1024 144 ) (64 1024 144 ) 
4 59 139 (80 1024 0 ) (240 1024 0 ) (240 1024 144 ) (80 1024 144 ) 
4 59 138 (240 1024 0 ) (256 1024 0 ) (256 1024 144 ) (240 1024 144 ) 
4 59 142 (32 1024 144 ) (32 1024 0 ) (64 1024 0 ) (64 1024 144 ) 
4 59 88 (64 1024 144 ) (256 1024 144 ) (256 1024 272 ) (64 1024 272 ) 
4 59 95 (32 1024 272 ) (32 1024 144 ) (64 1024 144 ) (64 1024 272 ) 
4 59 78 (256 1024 304 ) (32 1024 304 ) (32 1024 272 ) (256 1024 272 ) 
4 59 64 (256 1024 0 ) (32 1024 0 ) (32 1216 0 ) (256 1216 0 ) 
4 59 60 (32 1216 0 ) (32 1024 0 ) (32 1024 304 ) (32 1216 304 ) 
4 60 172 (0 1024 0 ) (0 1024 304 ) (0 1312 304 ) (0 1312 0 ) 
4 60 142 (0 1024 144 ) (0 1024 0 ) (32 1024 0 ) (32 1024 144 ) 
4 60 95 (0 1024 272 ) (0 1024 144 ) (32 1024 144 ) (32 1024 272 ) 
4 60 78 (32 1024 304 ) (0 1024 304 ) (0 1024 272 ) (32 1024 272 ) 
4 60 65 (32 1024 0 ) (0 1024 0 ) (0 1312 0 ) (32 1312 0 ) 
4 61 164 (1024 1024 -64 ) (1024 1024 0 ) (512 1024 0 ) (512 1024 -64 ) 
4 61 66 (1024 1024 -64 ) (512 1024 -64 ) (512 1568 -64 ) (1024 1568 -64 ) 
4 61 62 (512 1200 -64 ) (512 1024 -64 ) (512 1024 0 ) (512 1200 0 ) 
4 62 164 (512 1024 0 ) (260 1024 0 ) (260 1024 -64 ) (512 1024 -64 ) 
4 62 66 (512 1024 -64 ) (260 1024 -64 ) (260 1200 -64 ) (512 1200 -64 ) 
4 62 63 (260 1200 -32 ) (260 1200 -64 ) (260 1024 -64 ) (260 1024 -32 ) 
4 63 165 (256 1024 -32 ) (256 1024 -64 ) (260 1024 -64 ) (260 1024 -32 ) 
4 63 66 (260 1024 -64 ) (256 1024 -64 ) (256 1200 -64 ) (260 1200 -64 ) 
4 63 64 (256 1200 -64 ) (256 1024 -64 ) (256 1024 -32 ) (256 1200 -32 ) 
4 64 167 (256 1024 0 ) (64 1024 0 ) (64 1024 -64 ) (256 1024 -64 ) 
4 64 168 (64 1024 0 ) (32 1024 0 ) (32 1024 -64 ) (64 1024 -64 ) 
4 64 66 (256 1024 -64 ) (32 1024 -64 ) (32 1216 -64 ) (256 1216 -64 ) 
4 64 65 (32 1216 -64 ) (32 1024 -64 ) (32 1024 0 ) (32 1216 0 ) 
4 65 172 (0 1024 -64 ) (0 1024 0 ) (0 1312 0 ) (0 1312 -64 ) 
4 65 168 (32 1024 0 ) (0 1024 0 ) (0 1024 -64 ) (32 1024 -64 ) 
4 65 66 (32 1024 -64 ) (0 1024 -64 ) (0 1312 -64 ) (32 1312 -64 ) 
4 66 172 (0 1024 -132 ) (0 1024 -64 ) (0 2048 -64 ) (0 2048 -132 ) 
4 66 170 (1024 1024 -132 ) (1024 1024 -64 ) (0 1024 -64 ) (0 1024 -132 ) 
4 67 175 (2048 0 -132 ) (2048 0 670 ) (1024 0 670 ) (1024 0 -132 ) 
4 67 170 (1024 1024 -64 ) (1024 1024 -132 ) (1024 0 -132 ) (1024 0 -64 ) 
4 67 169 (1024 768 -64 ) (1024 0 -64 ) (1024 0 0 ) (1024 768 0 ) 
4 67 166 (1024 976 -64 ) (1024 768 -64 ) (1024 768 0 ) (1024 976 0 ) 
4 67 164 (1024 1024 0 ) (1024 1024 -64 ) (1024 976 -64 ) (1024 976 0 ) 
4 67 145 (1024 752 0 ) (1024 0 0 ) (1024 0 144 ) (1024 752 144 ) 
4 67 143 (1024 768 0 ) (1024 752 0 ) (1024 752 144 ) (1024 768 144 ) 
4 67 133 (1024 976 0 ) (1024 768 0 ) (1024 768 128 ) (1024 976 128 ) 
4 67 132 (1024 768 128 ) (1024 768 144 ) (1024 976 144 ) (1024 976 128 ) 
4 67 131 (1024 1024 144 ) (1024 1024 0 ) (1024 976 0 ) (1024 976 144 ) 
4 67 107 (1024 576 144 ) (1024 0 144 ) (1024 0 304 ) (1024 576 304 ) 
4 67 98 (1024 752 144 ) (1024 576 144 ) (1024 576 304 ) (1024 752 304 ) 
4 67 96 (1024 768 144 ) (1024 752 144 ) (1024 752 304 ) (1024 768 304 ) 
4 67 84 (1024 1024 272 ) (1024 1024 144 ) (1024 768 144 ) (1024 768 272 ) 
4 67 79 (1024 976 272 ) (1024 768 272 ) (1024 768 304 ) (1024 976 304 ) 
4 67 77 (1024 1024 304 ) (1024 1024 272 ) (1024 976 272 ) (1024 976 304 ) 
4 67 75 (1024 768 304 ) (1024 0 304 ) (1024 0 670 ) (1024 605.333313 670 ) 
4 67 73 (1024 1024 670 ) (1024 1024 304 ) (1024 768 304 ) (1024 605.333313 670 ) 
4 68 173 (0 605.333313 670 ) (0 1024 670 ) (0 1024 416 ) (0 718.222229 416 ) 
4 68 75 (384 704 448 ) (581.333374 605.333008 670 ) (325.333344 605.333008 670 ) (256 640 592 ) 
4 68 74 (325.333344 605.333008 670 ) (0 605.333008 670 ) (0 718.221680 416 ) (99.555557 718.221680 416 ) 
4 68 73 (581.332031 605.333984 670 ) (384 704 448 ) (384 1024 448 ) (581.332031 1024 670 ) 
4 68 72 (355.554688 880 416 ) (355.554688 848 416 ) (176 848 416 ) (176 880 416 ) 
4 68 71 (144 848 416 ) (0 848 416 ) (0 880 416 ) (144 880 416 ) 
4 68 70 (0 1024 416 ) (355.554688 1024 416 ) (355.554688 880 416 ) (0 880 416 ) 
4 68 69 (355.554688 848 416 ) (355.554688 718.222656 416 ) (0 718.222656 416 ) (0 848 416 ) 
4 69 173 (0 785.777771 304 ) (0 768 304 ) (0 718.222229 416 ) (0 848 416 ) 
4 69 81 (0 768 304 ) (0 785.777710 304 ) (238.222214 785.777710 304 ) (238.222214 768 304 ) 
4 69 80 (238.222214 785.777710 304 ) (256 785.777710 304 ) (256 768 304 ) (238.222214 768 304 ) 
3 69 74 (0 768 304 ) (99.555542 718.221680 416 ) (0 718.221680 416 ) 
4 69 72 (176 848.001953 416 ) (355.554688 848.001953 416 ) (256 785.779724 304 ) (238.222229 785.779724 304 ) 
4 69 71 (0 848.001953 416 ) (144 848.001953 416 ) (81.777771 785.779724 304 ) (0 785.779724 304 ) 
4 70 173 (0 1024 416 ) (0 1024 304 ) (0 942.222168 304 ) (0 880 416 ) 
4 70 82 (0 942.222168 304 ) (0 976 304 ) (238.222214 976 304 ) (238.222214 942.222168 304 ) 
4 70 80 (238.222214 976 304 ) (256 976 304 ) (256 942.222168 304 ) (238.222214 942.222168 304 ) 
4 70 78 (0 976 304 ) (0 1024 304 ) (256 1024 304 ) (256 976 304 ) 
4 70 72 (238.222214 942.222656 304 ) (255.996094 942.222656 304 ) (355.554688 880 416 ) (176 880 416 ) 
4 70 71 (0 942.222656 304 ) (81.777771 942.222656 304 ) (144 880 416 ) (0 880 416 ) 
4 71 173 (0 942.222168 304 ) (0 785.777771 304 ) (0 848 416 ) (0 880 416 ) 
4 71 83 (0 785.777710 304 ) (0 942.222168 304 ) (81.777779 942.222168 304 ) (81.777771 785.777710 304 ) 
4 72 80 (238.222229 942.222168 304 ) (256 942.222168 304 ) (256 785.777710 304 ) (238.222214 785.777710 304 ) 
4 73 79 (1024 976 304 ) (1024 768 304 ) (512 768 304 ) (512 976 304 ) 
4 73 77 (512 1024 304 ) (1024 1024 304 ) (1024 976 304 ) (512 976 304 ) 
5 73 75 (512 768 304 ) (1024 768 304 ) (1024 605.333008 670 ) (581.333374 605.333008 670 ) (384 704 448 ) 
4 74 186 (16 0 670 ) (0 0 670 ) (0 0 304 ) (16 0 322 ) 
4 74 180 (32 0 670 ) (16 0 670 ) (16 0 322 ) (32 0 340 ) 
3 74 177 (325.333313 0 670 ) (32 0 670 ) (32 0 340 ) 
4 74 173 (0 0 304 ) (0 0 670 ) (0 605.333313 670 ) (0 768 304 ) 
3 74 76 (-0.003876 0 304 ) (256 128 592.001038 ) (256 0 592.001038 ) 
4 74 75 (256 640 592.001038 ) (325.332031 605.333984 670 ) (325.332031 0 670 ) (256 0 592.001038 ) 
4 75 177 (400 0 670 ) (325.333313 0 670 ) (256 0 592 ) (400 0 430 ) 
5 75 176 (1024 0 304 ) (1024 0 670 ) (400 0 670 ) (400 0 430 ) (512 0 304 ) 
4 75 107 (1024 0 304 ) (512 0 304 ) (512 576 304 ) (1024 576 304 ) 
4 75 98 (512 576 304 ) (512 752 304 ) (1024 752 304 ) (1024 576 304 ) 
4 75 96 (512 752 304 ) (512 768 304 ) (1024 768 304 ) (1024 752 304 ) 
3 75 76 (256 0 592 ) (256 128 592 ) (512 0 304 ) 
3 76 186 (16 0 322 ) (0 0 304 ) (16 0 304 ) 
4 76 180 (32 0 340 ) (16 0 322 ) (16 0 304 ) (32 0 304 ) 
5 76 177 (256 0 592 ) (32 0 340 ) (32 0 304 ) (400 0 304 ) (400 0 430 ) 
3 76 176 (400 0 304 ) (512 0 304 ) (400 0 430 ) 
4 77 84 (512 1024 272 ) (1024 1024 272 ) (1024 976 272 ) (512 976 272 ) 
4 77 79 (512 976 272 ) (1024 976 272 ) (1024 976 304 ) (512 976 304 ) 
4 78 173 (0 976 304 ) (0 1024 304 ) (0 1024 272 ) (0 976 272 ) 
4 78 88 (64 1024 272 ) (256 1024 272 ) (256 976 272 ) (64 976 272 ) 
4 78 95 (0 976 272 ) (0 1024 272 ) (64 1024 272 ) (64 976 272 ) 
4 78 82 (0 976 272 ) (256 976 272 ) (238.222214 976 304 ) (0 976 304 ) 
3 78 80 (256 976 272 ) (256 976 304 ) (238.222214 976 304 ) 
4 79 96 (1024 768 272 ) (1024 768 304 ) (512 768 304 ) (512 768 272 ) 
4 79 84 (1024 768 272 ) (512 768 272 ) (512 976 272 ) (1024 976 272 ) 
4 80 82 (238.222656 976 304 ) (256.001953 976 272 ) (256.001953 960 272 ) (238.222900 942.222229 304 ) 
3 80 81 (256.001953 768 272 ) (238.224167 768 304 ) (238.224045 785.777771 304 ) 
3 81 173 (0 768 304 ) (0 785.777771 304 ) (0 768 272 ) 
4 81 83 (64 768 272 ) (0 768 272 ) (0 785.777100 304 ) (81.777779 785.777100 304 ) 
4 82 173 (0 942.222229 304 ) (0 976 304 ) (0 976 272 ) (0 960 272 ) 
4 82 88 (64 976 272 ) (256 976 272 ) (256 960 272 ) (64 960 272 ) 
4 82 95 (0 960 272 ) (0 976 272 ) (64 976 272 ) (64 960 272 ) 
4 82 83 (0 960 272 ) (64 960 272 ) (81.777771 942.222534 304 ) (0 942.222534 304 ) 
4 83 173 (0 785.777771 304 ) (0 942.222229 304 ) (0 960 272 ) (0 768 272 ) 
4 83 95 (64 768 272 ) (0 768 272 ) (0 960 272 ) (64 960 272 ) 
4 84 132 (1024 976 144 ) (1024 768 144 ) (512 768 144 ) (512 976 144 ) 
4 84 131 (1024 1024 144 ) (1024 976 144 ) (512 976 144 ) (512 1024 144 ) 
4 84 96 (512 768 144 ) (1024 768 144 ) (1024 768 272 ) (512 768 272 ) 
4 84 85 (512 1024 144 ) (512 976 144 ) (512 976 272 ) (512 1024 272 ) 
4 85 131 (260 976 144 ) (260 1024 144 ) (512 1024 144 ) (512 976 144 ) 
4 85 87 (260 1000 248 ) (260 1006.545410 272 ) (260 1024 272 ) (260 1024 254.545456 ) 
3 85 86 (260 976 160 ) (260 976 272 ) (260 1006.545410 272 ) 
3 86 88 (256 976 160 ) (256 976 272 ) (256 1006.545410 272 ) 
4 86 87 (260 1006.544922 272 ) (260 1000 248 ) (256 999.998291 248 ) (256 1006.543884 272 ) 
4 87 88 (256 1000 248 ) (256 1006.545410 272 ) (256 1024 272 ) (256 1024 254.545456 ) 
4 88 140 (64 960 144 ) (64 1024 144 ) (80 1024 144 ) (80 960 144 ) 
4 88 139 (80 1024 144 ) (240 1024 144 ) (240 960 144 ) (80 960 144 ) 
4 88 138 (240 1024 144 ) (256 1024 144 ) (256 960 144 ) (240 960 144 ) 
4 88 90 (180 960 176 ) (180 960 256 ) (140 960 256 ) (140 960 176 ) 
4 88 95 (64 1024 144 ) (64 960 144 ) (64 960 272 ) (64 1024 272 ) 
4 89 91 (180 944 144 ) (180 784 144 ) (180 784 272 ) (180 944 272 ) 
4 90 91 (140 944 256 ) (140 944 176 ) (180 944 176 ) (180 944 256 ) 
4 91 94 (140 784 144 ) (160 784 144 ) (160 784 256 ) (140 784 256 ) 
4 91 92 (140 944 144 ) (140 784 144 ) (140 784 272 ) (140 944 272 ) 
4 92 94 (96 784 144 ) (140 784 144 ) (140 784 256 ) (96 784 256 ) 
4 92 93 (80 844 176 ) (80 844 256 ) (80 884 256 ) (80 884 176 ) 
4 93 95 (64 844 176 ) (64 844 256 ) (64 884 256 ) (64 884 176 ) 
4 94 97 (96 768 144 ) (160 768 144 ) (160 768 256 ) (96 768 256 ) 
4 95 173 (0 1024 272 ) (0 1024 144 ) (0 768 144 ) (0 768 272 ) 
4 95 142 (64 768 144 ) (0 768 144 ) (0 1024 144 ) (64 1024 144 ) 
4 96 143 (1024 768 144 ) (1024 752 144 ) (512 752 144 ) (512 768 144 ) 
4 96 98 (512 752 144 ) (1024 752 144 ) (1024 752 304 ) (512 752 304 ) 
4 97 104 (160 752 160 ) (160 752 272 ) (128 752 272 ) (128 752 160 ) 
4 97 105 (128 752 272 ) (96 752 272 ) (96 752 160 ) (128 752 160 ) 
4 98 145 (1024 752 144 ) (1024 576 144 ) (512 576 144 ) (512 752 144 ) 
4 98 107 (512 576 144 ) (1024 576 144 ) (1024 576 304 ) (512 576 304 ) 
4 98 99 (512 640 208 ) (512 640 288 ) (512 680 288 ) (512 680 208 ) 
4 99 101 (496 640 208 ) (496 640 288 ) (496 680 288 ) (496 680 208 ) 
4 100 101 (192 704 160 ) (496 704 160 ) (496 704 304 ) (192 704 304 ) 
4 101 103 (192 640 160 ) (496 640 160 ) (496 640 304 ) (192 640 304 ) 
4 101 102 (192 704 272 ) (192 704 160 ) (192 640 160 ) (192 640 272 ) 
4 102 104 (176 704 160 ) (176 640 160 ) (176 640 272 ) (176 704 272 ) 
4 104 105 (128 752 304 ) (128 752 160 ) (128 592 160 ) (128 592 304 ) 
4 105 120 (128 576 304 ) (16 576 304 ) (16 576 160 ) (128 576 160 ) 
4 105 106 (16 640 208 ) (16 640 288 ) (16 680 288 ) (16 680 208 ) 
4 106 173 (0 680 288 ) (0 680 208 ) (0 640 208 ) (0 640 288 ) 
4 107 176 (1024 0 144 ) (1024 0 304 ) (512 0 304 ) (512 0 144 ) 
4 107 145 (1024 576 144 ) (1024 0 144 ) (512 0 144 ) (512 576 144 ) 
4 107 108 (512 456 208 ) (512 456 288 ) (512 496 288 ) (512 496 208 ) 
4 108 116 (496 456 208 ) (496 456 288 ) (496 496 288 ) (496 496 208 ) 
4 109 116 (496 512 164 ) (496 512 304 ) (268 512 304 ) (268 512 164 ) 
4 109 114 (276 512 164 ) (268 512 164 ) (268 544 164 ) (276 544 164 ) 
4 109 113 (496 512 164 ) (276 512 164 ) (276 576 164 ) (496 576 164 ) 
4 109 110 (268 576 208 ) (268 576 164 ) (268 556 164 ) (268 556 208 ) 
4 109 111 (268 556 164 ) (268 512 164 ) (268 512 304 ) (268 556 304 ) 
4 110 111 (196 556 208 ) (196 556 164 ) (268 556 164 ) (268 556 208 ) 
4 110 112 (196 576 208 ) (196 576 164 ) (196 556 164 ) (196 556 208 ) 
4 111 116 (268 512 304 ) (196 512 304 ) (196 512 164 ) (268 512 164 ) 
4 111 114 (268 512 164 ) (196 512 164 ) (196 544 164 ) (268 544 164 ) 
4 111 112 (196 556 164 ) (196 512 164 ) (196 512 304 ) (196 556 304 ) 
4 112 116 (196 512 304 ) (188 512 304 ) (188 512 164 ) (196 512 164 ) 
4 112 115 (188 576 304 ) (188 576 164 ) (188 512 164 ) (188 512 304 ) 
4 112 114 (196 512 164 ) (188 512 164 ) (188 544 164 ) (196 544 164 ) 
4 113 116 (276 512 160 ) (496 512 160 ) (496 512 164 ) (276 512 164 ) 
4 113 114 (276 544 160 ) (276 512 160 ) (276 512 164 ) (276 544 164 ) 
4 114 116 (188 512 160 ) (276 512 160 ) (276 512 164 ) (188 512 164 ) 
4 114 115 (188 544 160 ) (188 512 160 ) (188 512 164 ) (188 544 164 ) 
4 115 116 (144 512 160 ) (188 512 160 ) (188 512 304 ) (144 512 304 ) 
4 116 118 (144 448 160 ) (496 448 160 ) (496 448 304 ) (144 448 304 ) 
4 116 117 (144 512 272 ) (144 512 160 ) (144 448 160 ) (144 448 272 ) 
4 117 120 (128 512 160 ) (128 448 160 ) (128 448 272 ) (128 512 272 ) 
4 119 127 (160 16 160 ) (200 16 160 ) (200 16 220 ) (160 16 220 ) 
4 119 126 (312 16 160 ) (352 16 160 ) (352 16 220 ) (312 16 220 ) 
4 119 122 (496 16 160 ) (128 16 160 ) (128 176 160 ) (496 176 160 ) 
4 119 121 (128 176 160 ) (128 256 160 ) (496 256 160 ) (496 176 160 ) 
4 119 120 (128 368 160 ) (128 16 160 ) (128 16 304 ) (128 368 304 ) 
4 120 130 (16 88 208 ) (16 88 288 ) (16 128 288 ) (16 128 208 ) 
4 120 129 (16 272 208 ) (16 272 288 ) (16 312 288 ) (16 312 208 ) 
4 120 128 (16 456 208 ) (16 456 288 ) (16 496 288 ) (16 496 208 ) 
4 120 125 (112 16 160 ) (16 16 160 ) (16 160 160 ) (112 160 160 ) 
4 120 123 (112 128 160 ) (112 176 160 ) (124 176 160 ) (124 128 160 ) 
4 120 124 (124 16 160 ) (112 16 160 ) (112 128 160 ) (124 128 160 ) 
4 120 122 (128 16 160 ) (124 16 160 ) (124 176 160 ) (128 176 160 ) 
4 120 121 (124 256 160 ) (128 256 160 ) (128 176 160 ) (124 176 160 ) 
4 121 152 (128 256 144 ) (208 256 144 ) (208 176 144 ) (128 176 144 ) 
4 121 150 (208 256 144 ) (272 256 144 ) (272 176 144 ) (208 176 144 ) 
4 121 153 (124 256 144 ) (128 256 144 ) (128 176 144 ) (124 176 144 ) 
4 121 147 (272 256 144 ) (496 256 144 ) (496 176 144 ) (272 176 144 ) 
4 121 122 (496 176 144 ) (496 176 160 ) (124 176 160 ) (124 176 144 ) 
4 122 156 (376 124 144 ) (376 112 144 ) (128 112 144 ) (128 124 144 ) 
4 122 155 (128 176 144 ) (376 176 144 ) (376 124 144 ) (128 124 144 ) 
4 122 157 (376 112 144 ) (376 16 144 ) (128 16 144 ) (128 112 144 ) 
4 122 154 (376 176 144 ) (496 176 144 ) (496 16 144 ) (376 16 144 ) 
4 122 158 (124 176 144 ) (128 176 144 ) (128 16 144 ) (124 16 144 ) 
4 122 127 (160 16 144 ) (200 16 144 ) (200 16 160 ) (160 16 160 ) 
4 122 126 (312 16 144 ) (352 16 144 ) (352 16 160 ) (312 16 160 ) 
3 122 123 (124 176 160 ) (124 128 148 ) (124 128 160 ) 
4 122 124 (124 128 144 ) (124 16 144 ) (124 16 160 ) (124 128 160 ) 
4 123 125 (112 160 156 ) (112 128 148 ) (112 128 160 ) (112 160 160 ) 
4 123 124 (112 128 160 ) (112 128 148 ) (124 128 148 ) (124 128 160 ) 
4 124 159 (124 128 144 ) (124 16 144 ) (112 16 144 ) (112 128 144 ) 
4 124 125 (112 128 144 ) (112 16 144 ) (112 16 160 ) (112 128 160 ) 
4 125 161 (16 16 144 ) (16 112 144 ) (112 112 144 ) (112 16 144 ) 
4 125 160 (16 112 144 ) (16 160 144 ) (112 160 144 ) (112 112 144 ) 
4 126 177 (312 0 220 ) (312 0 144 ) (352 0 144 ) (352 0 220 ) 
4 127 177 (160 0 220 ) (160 0 144 ) (200 0 144 ) (200 0 220 ) 
4 128 173 (0 496 288 ) (0 496 208 ) (0 456 208 ) (0 456 288 ) 
4 129 173 (0 312 288 ) (0 312 208 ) (0 272 208 ) (0 272 288 ) 
4 130 173 (0 128 288 ) (0 128 208 ) (0 88 208 ) (0 88 288 ) 
4 131 164 (260 1024 0 ) (1024 1024 0 ) (1024 976 0 ) (260 976 0 ) 
4 131 135 (352 976 0 ) (416 976 0 ) (416 976 112 ) (352 976 112 ) 
4 131 133 (512 976 0 ) (1024 976 0 ) (1024 976 128 ) (512 976 128 ) 
4 131 132 (1024 976 128 ) (1024 976 144 ) (512 976 144 ) (512 976 128 ) 
4 132 143 (1024 768 128 ) (1024 768 144 ) (512 768 144 ) (512 768 128 ) 
4 132 133 (1024 768 128 ) (512 768 128 ) (512 976 128 ) (1024 976 128 ) 
4 133 166 (1024 976 0 ) (1024 768 0 ) (512 768 0 ) (512 976 0 ) 
4 133 143 (512 768 0 ) (1024 768 0 ) (1024 768 128 ) (512 768 128 ) 
4 134 144 (416 768 0 ) (480 768 0 ) (480 768 112 ) (416 768 112 ) 
4 134 136 (416 768 0 ) (416 768 128 ) (416 960 128 ) (416 960 0 ) 
4 135 136 (352 960 112 ) (352 960 0 ) (416 960 0 ) (416 960 112 ) 
4 136 137 (352 768 0 ) (352 768 128 ) (352 960 128 ) (352 960 0 ) 
4 138 167 (240 1024 0 ) (256 1024 0 ) (256 960 0 ) (240 960 0 ) 
4 138 139 (240 1024 0 ) (240 960 0 ) (240 960 144 ) (240 1024 144 ) 
4 139 167 (80 1024 0 ) (240 1024 0 ) (240 960 0 ) (80 960 0 ) 
4 139 140 (80 1024 0 ) (80 960 0 ) (80 960 144 ) (80 1024 144 ) 
4 140 167 (64 1024 0 ) (80 1024 0 ) (80 960 0 ) (64 960 0 ) 
4 140 142 (64 1024 0 ) (64 960 0 ) (64 960 144 ) (64 1024 144 ) 
4 141 142 (64 848 24 ) (64 848 60 ) (64 880 60 ) (64 880 24 ) 
4 142 173 (0 768 144 ) (0 1024 144 ) (0 1024 0 ) (0 768 0 ) 
4 142 168 (0 768 0 ) (0 1024 0 ) (64 1024 0 ) (64 768 0 ) 
4 143 169 (512 768 0 ) (1024 768 0 ) (1024 752 0 ) (512 752 0 ) 
4 143 145 (512 752 0 ) (1024 752 0 ) (1024 752 144 ) (512 752 144 ) 
4 144 147 (416 752 0 ) (480 752 0 ) (480 752 112 ) (416 752 112 ) 
4 145 176 (1024 0 0 ) (1024 0 144 ) (512 0 144 ) (512 0 0 ) 
4 145 169 (1024 0 0 ) (512 0 0 ) (512 752 0 ) (1024 752 0 ) 
5 145 146 (512 312 0 ) (512 200 0 ) (512 200 96 ) (512 256 124 ) (512 312 96 ) 
5 146 147 (496 312 0 ) (496 200 0 ) (496 200 96 ) (496 256 124 ) (496 312 96 ) 
4 147 155 (272 176 0 ) (376 176 0 ) (376 176 144 ) (272 176 144 ) 
4 147 154 (376 176 0 ) (496 176 0 ) (496 176 144 ) (376 176 144 ) 
4 147 150 (272 560 0 ) (272 176 0 ) (272 176 144 ) (272 560 144 ) 
4 147 148 (272 696 0 ) (272 632 0 ) (272 632 112 ) (272 696 112 ) 
4 148 149 (256 696 0 ) (256 632 0 ) (256 632 112 ) (256 696 112 ) 
4 150 155 (208 176 0 ) (272 176 0 ) (272 176 144 ) (208 176 144 ) 
4 150 151 (208 560 88 ) (208 560 0 ) (208 536 0 ) (208 536 88 ) 
4 150 152 (208 536 0 ) (208 176 0 ) (208 176 144 ) (208 536 144 ) 
4 151 152 (128 536 88 ) (128 536 0 ) (208 536 0 ) (208 536 88 ) 
4 151 153 (128 560 88 ) (128 560 0 ) (128 536 0 ) (128 536 88 ) 
4 152 155 (128 176 0 ) (208 176 0 ) (208 176 144 ) (128 176 144 ) 
4 152 153 (128 536 0 ) (128 176 0 ) (128 176 144 ) (128 536 144 ) 
4 153 163 (16 272 48 ) (16 272 128 ) (16 312 128 ) (16 312 48 ) 
4 153 162 (16 456 48 ) (16 456 128 ) (16 496 128 ) (16 496 48 ) 
4 153 158 (124 176 0 ) (128 176 0 ) (128 176 144 ) (124 176 144 ) 
4 154 156 (376 112 4 ) (376 112 144 ) (376 124 144 ) (376 124 4 ) 
4 154 155 (376 176 144 ) (376 176 0 ) (376 124 0 ) (376 124 144 ) 
4 154 157 (376 112 0 ) (376 16 0 ) (376 16 144 ) (376 112 144 ) 
4 155 156 (128 124 144 ) (128 124 128 ) (376 124 4 ) (376 124 144 ) 
4 155 158 (128 176 144 ) (128 176 0 ) (128 124 0 ) (128 124 144 ) 
4 156 158 (128 112 128 ) (128 112 144 ) (128 124 144 ) (128 124 128 ) 
4 156 157 (128 112 144 ) (128 112 128 ) (376 112 4 ) (376 112 144 ) 
4 157 158 (128 112 0 ) (128 16 0 ) (128 16 144 ) (128 112 144 ) 
4 158 159 (124 128 0 ) (124 16 0 ) (124 16 144 ) (124 128 144 ) 
4 159 161 (112 16 128 ) (112 16 144 ) (112 112 144 ) (112 112 128 ) 
4 159 160 (112 128 0 ) (112 112 0 ) (112 112 144 ) (112 128 144 ) 
4 160 161 (16 112 144 ) (16 112 128 ) (112 112 128 ) (112 112 144 ) 
4 162 173 (0 496 128 ) (0 496 48 ) (0 456 48 ) (0 456 128 ) 
4 163 173 (0 312 128 ) (0 312 48 ) (0 272 48 ) (0 272 128 ) 
4 164 170 (1024 1024 -64 ) (1024 976 -64 ) (260 976 -64 ) (260 1024 -64 ) 
4 164 166 (512 976 -64 ) (1024 976 -64 ) (1024 976 0 ) (512 976 0 ) 
4 164 165 (260 1024 -64 ) (260 976 -64 ) (260 976 -32 ) (260 1024 -32 ) 
4 165 170 (260 976 -64 ) (256 976 -64 ) (256 1024 -64 ) (260 1024 -64 ) 
4 165 167 (256 1024 -64 ) (256 976 -64 ) (256 976 -32 ) (256 1024 -32 ) 
4 166 170 (1024 976 -64 ) (1024 768 -64 ) (512 768 -64 ) (512 976 -64 ) 
4 166 169 (512 768 -64 ) (1024 768 -64 ) (1024 768 0 ) (512 768 0 ) 
4 167 170 (64 960 -64 ) (64 1024 -64 ) (256 1024 -64 ) (256 960 -64 ) 
4 167 168 (64 1024 -64 ) (64 960 -64 ) (64 960 0 ) (64 1024 0 ) 
4 168 173 (0 768 0 ) (0 1024 0 ) (0 1024 -64 ) (0 768 -64 ) 
4 168 170 (64 768 -64 ) (0 768 -64 ) (0 1024 -64 ) (64 1024 -64 ) 
4 169 187 (1024 0 -64 ) (1024 0 -32 ) (512 0 -32 ) (512 0 -64 ) 
4 169 176 (1024 0 -32 ) (1024 0 0 ) (512 0 0 ) (512 0 -32 ) 
4 169 170 (1024 768 -64 ) (1024 0 -64 ) (512 0 -64 ) (512 768 -64 ) 
4 170 187 (1024 0 -132 ) (1024 0 -64 ) (0 0 -64 ) (0 0 -132 ) 
4 170 173 (0 0 -132 ) (0 0 -64 ) (0 1024 -64 ) (0 1024 -132 ) 
4 171 172 (0 2048 -132 ) (0 2048 670 ) (-590 2048 670 ) (-590 2048 -132 ) 
4 172 173 (0 1024 -132 ) (0 1024 670 ) (-590 1024 670 ) (-590 1024 -132 ) 
4 173 188 (0 0 -132 ) (0 0 670 ) (-590 0 670 ) (-590 0 -132 ) 
4 174 175 (2048 -886 670 ) (2048 0 670 ) (2048 0 -132 ) (2048 -886 -132 ) 
4 175 187 (1024 0 -32 ) (1024 0 -132 ) (1024 -886 -132 ) (1024 -886 -32 ) 
4 175 176 (1024 -886 670 ) (1024 0 670 ) (1024 0 -32 ) (1024 -886 -32 ) 
4 176 187 (1024 0 -32 ) (1024 -886 -32 ) (400 -886 -32 ) (400 0 -32 ) 
4 176 178 (400 -512 128 ) (400 -512 670 ) (400 -496 670 ) (400 -496 128 ) 
4 176 177 (400 0 -32 ) (400 -496 -32 ) (400 -496 670 ) (400 0 670 ) 
4 176 179 (400 -512 -32 ) (400 -886 -32 ) (400 -886 670 ) (400 -512 670 ) 
4 177 187 (32 -496 -32 ) (32 0 -32 ) (400 0 -32 ) (400 -496 -32 ) 
3 177 184 (32 -480 128 ) (32 -448 128 ) (32 -448 80 ) 
5 177 183 (32 -448 48 ) (32 -448 128 ) (32 -320 128 ) (32 -320 16 ) (32 -416 16 ) 
4 177 182 (32 -320 48 ) (32 -320 128 ) (32 -288 128 ) (32 -288 80 ) 
4 177 181 (32 -288 96 ) (32 -288 128 ) (32 -256 128 ) (32 -256 112 ) 
4 177 180 (32 0 670 ) (32 0 128 ) (32 -496 128 ) (32 -496 670 ) 
4 177 178 (400 -496 128 ) (400 -496 670 ) (32 -496 670 ) (32 -496 128 ) 
4 178 180 (32 -512 128 ) (32 -512 670 ) (32 -496 670 ) (32 -496 128 ) 
4 178 179 (400 -512 128 ) (400 -512 670 ) (32 -512 670 ) (32 -512 128 ) 
4 179 187 (400 -886 -32 ) (32 -886 -32 ) (32 -512 -32 ) (400 -512 -32 ) 
4 179 185 (32 -512 -32 ) (32 -886 -32 ) (32 -886 128 ) (32 -512 128 ) 
4 179 180 (32 -886 128 ) (32 -886 670 ) (32 -512 670 ) (32 -512 128 ) 
4 180 186 (16 -886 670 ) (16 0 670 ) (16 0 128 ) (16 -886 128 ) 
4 180 185 (16 -886 128 ) (16 -512 128 ) (32 -512 128 ) (32 -886 128 ) 
4 180 184 (16 -480 128 ) (16 -448 128 ) (32 -448 128 ) (32 -480 128 ) 
4 180 183 (16 -448 128 ) (16 -320 128 ) (32 -320 128 ) (32 -448 128 ) 
4 180 182 (16 -320 128 ) (16 -288 128 ) (32 -288 128 ) (32 -320 128 ) 
4 180 181 (16 -288 128 ) (16 -256 128 ) (32 -256 128 ) (32 -288 128 ) 
4 181 186 (16 -288 96 ) (16 -288 128 ) (16 -256 128 ) (16 -256 112 ) 
4 181 182 (32 -288 96 ) (32 -288 128 ) (16 -288 128 ) (16 -288 96 ) 
4 182 186 (16 -320 48 ) (16 -320 128 ) (16 -288 128 ) (16 -288 80 ) 
4 182 183 (32 -320 48 ) (32 -320 128 ) (16 -320 128 ) (16 -320 48 ) 
5 183 186 (16 -448 48 ) (16 -448 128 ) (16 -320 128 ) (16 -320 16 ) (16 -416 16 ) 
4 183 184 (32 -448 80 ) (32 -448 128 ) (16 -448 128 ) (16 -448 80 ) 
3 184 186 (16 -480 128 ) (16 -448 128 ) (16 -448 80 ) 
4 185 187 (16 -886 -32 ) (16 -512 -32 ) (32 -512 -32 ) (32 -886 -32 ) 
4 185 186 (16 -512 -32 ) (16 -886 -32 ) (16 -886 128 ) (16 -512 128 ) 
4 186 188 (0 0 670 ) (0 0 -32 ) (0 -886 -32 ) (0 -886 670 ) 
4 186 187 (0 -886 -32 ) (0 0 -32 ) (16 0 -32 ) (16 -886 -32 ) 
4 187 188 (0 0 -32 ) (0 0 -132 ) (0 -886 -132 ) (0 -886 -32 ) 
