PRT1
423
899
4 0 2 (7168 9216 -256 ) (7168 9216 2304 ) (6144 9216 2304 ) (6144 9216 -256 ) 
4 0 1 (6144 9216 -256 ) (6144 9216 2304 ) (6144 10240 2304 ) (6144 10240 -256 ) 
4 1 6 (5120 9216 -256 ) (5120 9216 2304 ) (5120 10240 2304 ) (5120 10240 -256 ) 
4 1 3 (6144 9216 -256 ) (6144 9216 2304 ) (5120 9216 2304 ) (5120 9216 -256 ) 
4 2 4 (7168 8192 -256 ) (7168 8192 2304 ) (6144 8192 2304 ) (6144 8192 -256 ) 
4 2 3 (6144 8192 -256 ) (6144 8192 2304 ) (6144 9216 2304 ) (6144 9216 -256 ) 
4 3 8 (5120 8192 -256 ) (5120 8192 2304 ) (5120 9216 2304 ) (5120 9216 -256 ) 
4 3 5 (5120 8192 2304 ) (5120 8192 -256 ) (6144 8192 -256 ) (6144 8192 2304 ) 
4 4 18 (7168 7168 -256 ) (7168 7168 2304 ) (6144 7168 2304 ) (6144 7168 -256 ) 
4 4 5 (6144 8192 2304 ) (6144 8192 -256 ) (6144 7168 -256 ) (6144 7168 2304 ) 
4 5 19 (6144 7168 -256 ) (6144 7168 2304 ) (5120 7168 2304 ) (5120 7168 -256 ) 
4 5 10 (5120 7168 -256 ) (5120 7168 2304 ) (5120 8192 2304 ) (5120 8192 -256 ) 
4 6 8 (5120 9216 -256 ) (5120 9216 2304 ) (4096 9216 2304 ) (4096 9216 -256 ) 
4 6 7 (4096 9216 -256 ) (4096 9216 2304 ) (4096 10240 2304 ) (4096 10240 -256 ) 
4 7 12 (3072 9216 -256 ) (3072 9216 2304 ) (3072 10240 2304 ) (3072 10240 -256 ) 
4 7 9 (4096 9216 -256 ) (4096 9216 2304 ) (3072 9216 2304 ) (3072 9216 -256 ) 
4 8 10 (5120 8192 -256 ) (5120 8192 2304 ) (4096 8192 2304 ) (4096 8192 -256 ) 
4 8 9 (4096 8192 -256 ) (4096 8192 2304 ) (4096 9216 2304 ) (4096 9216 -256 ) 
4 9 14 (3072 8192 -256 ) (3072 8192 2304 ) (3072 9216 2304 ) (3072 9216 -256 ) 
4 9 11 (3072 8192 2304 ) (3072 8192 -256 ) (4096 8192 -256 ) (4096 8192 2304 ) 
4 10 30 (5120 7168 -256 ) (5120 7168 2304 ) (4096 7168 2304 ) (4096 7168 -256 ) 
4 10 11 (4096 8192 2304 ) (4096 8192 -256 ) (4096 7168 -256 ) (4096 7168 2304 ) 
4 11 31 (4096 7168 -256 ) (4096 7168 2304 ) (3072 7168 2304 ) (3072 7168 -256 ) 
4 11 16 (3072 7168 -256 ) (3072 7168 2304 ) (3072 8192 2304 ) (3072 8192 -256 ) 
4 12 14 (3072 9216 -256 ) (3072 9216 2304 ) (2048 9216 2304 ) (2048 9216 -256 ) 
4 12 13 (2048 9216 -256 ) (2048 9216 2304 ) (2048 10240 2304 ) (2048 10240 -256 ) 
4 13 76 (1024 9216 -256 ) (1024 9216 2304 ) (1024 10240 2304 ) (1024 10240 -256 ) 
4 13 15 (2048 9216 -256 ) (2048 9216 2304 ) (1024 9216 2304 ) (1024 9216 -256 ) 
4 14 16 (3072 8192 -256 ) (3072 8192 2304 ) (2048 8192 2304 ) (2048 8192 -256 ) 
4 14 15 (2048 8192 -256 ) (2048 8192 2304 ) (2048 9216 2304 ) (2048 9216 -256 ) 
4 15 78 (1024 8192 -256 ) (1024 8192 2304 ) (1024 9216 2304 ) (1024 9216 -256 ) 
4 15 17 (1024 8192 2304 ) (1024 8192 -256 ) (2048 8192 -256 ) (2048 8192 2304 ) 
4 16 58 (3072 7168 -256 ) (3072 7168 2304 ) (2048 7168 2304 ) (2048 7168 -256 ) 
4 16 17 (2048 8192 2304 ) (2048 8192 -256 ) (2048 7168 -256 ) (2048 7168 2304 ) 
4 17 80 (1024 7168 -256 ) (1024 7168 2304 ) (1024 8192 2304 ) (1024 8192 -256 ) 
4 17 59 (2048 7168 -256 ) (2048 7168 2304 ) (1024 7168 2304 ) (1024 7168 -256 ) 
4 18 20 (7168 6144 -256 ) (7168 6144 2304 ) (6144 6144 2304 ) (6144 6144 -256 ) 
4 18 19 (6144 7168 2304 ) (6144 7168 -256 ) (6144 6144 -256 ) (6144 6144 2304 ) 
4 19 30 (5120 7168 2304 ) (5120 7168 -256 ) (5120 6144 -256 ) (5120 6144 2304 ) 
4 19 21 (6144 6144 -256 ) (6144 6144 2304 ) (5120 6144 2304 ) (5120 6144 -256 ) 
4 20 22 (7168 5120 -256 ) (7168 5120 2304 ) (6144 5120 2304 ) (6144 5120 -256 ) 
4 20 21 (6144 5120 -256 ) (6144 5120 2304 ) (6144 6144 2304 ) (6144 6144 -256 ) 
4 21 32 (5120 5120 -256 ) (5120 5120 2304 ) (5120 6144 2304 ) (5120 6144 -256 ) 
4 21 23 (5120 5120 2304 ) (5120 5120 -256 ) (6144 5120 -256 ) (6144 5120 2304 ) 
4 22 24 (7168 4096 -256 ) (7168 4096 2304 ) (6144 4096 2304 ) (6144 4096 -256 ) 
4 22 23 (6144 5120 2304 ) (6144 5120 -256 ) (6144 4096 -256 ) (6144 4096 2304 ) 
4 23 56 (5120 4096 -256 ) (5120 4096 -22 ) (5120 5120 -22 ) (5120 5120 -256 ) 
4 23 52 (5120 4096 -22 ) (5120 4096 -6 ) (5120 5120 -6 ) (5120 5120 -22 ) 
4 23 35 (5120 4096 -6 ) (5120 4096 138 ) (5120 5120 138 ) (5120 5120 -6 ) 
4 23 34 (5120 4096 138 ) (5120 4096 2304 ) (5120 5120 2304 ) (5120 5120 138 ) 
4 23 25 (6144 4096 -256 ) (6144 4096 2304 ) (5120 4096 2304 ) (5120 4096 -256 ) 
4 24 26 (7168 3072 -256 ) (7168 3072 2304 ) (6144 3072 2304 ) (6144 3072 -256 ) 
4 24 25 (6144 4096 2304 ) (6144 4096 -256 ) (6144 3072 -256 ) (6144 3072 2304 ) 
4 25 64 (5120 3072 -256 ) (5120 3072 2304 ) (5120 4096 2304 ) (5120 4096 -256 ) 
4 25 27 (6144 3072 -256 ) (6144 3072 2304 ) (5120 3072 2304 ) (5120 3072 -256 ) 
4 26 28 (7168 2048 -256 ) (7168 2048 2304 ) (6144 2048 2304 ) (6144 2048 -256 ) 
4 26 27 (6144 2048 -256 ) (6144 2048 2304 ) (6144 3072 2304 ) (6144 3072 -256 ) 
4 27 66 (5120 2048 -256 ) (5120 2048 2304 ) (5120 3072 2304 ) (5120 3072 -256 ) 
4 27 29 (5120 2048 2304 ) (5120 2048 -256 ) (6144 2048 -256 ) (6144 2048 2304 ) 
4 28 148 (7168 1024 -256 ) (7168 1024 2304 ) (6144 1024 2304 ) (6144 1024 -256 ) 
4 28 29 (6144 2048 2304 ) (6144 2048 -256 ) (6144 1024 -256 ) (6144 1024 2304 ) 
4 29 149 (6144 1024 -256 ) (6144 1024 2304 ) (5120 1024 2304 ) (5120 1024 -256 ) 
4 29 68 (5120 1024 -256 ) (5120 1024 2304 ) (5120 2048 2304 ) (5120 2048 -256 ) 
4 30 32 (5120 6144 -256 ) (5120 6144 2304 ) (4096 6144 2304 ) (4096 6144 -256 ) 
4 30 31 (4096 7168 2304 ) (4096 7168 -256 ) (4096 6144 -256 ) (4096 6144 2304 ) 
4 31 58 (3072 7168 2304 ) (3072 7168 -256 ) (3072 6144 -256 ) (3072 6144 2304 ) 
4 31 33 (4096 6144 -256 ) (4096 6144 2304 ) (3072 6144 2304 ) (3072 6144 -256 ) 
4 32 56 (5120 5120 -256 ) (5120 5120 -22 ) (4096 5120 -22 ) (4096 5120 -256 ) 
4 32 53 (5088 5120 -6 ) (4768 5120 -6 ) (4768 5120 -22 ) (5088 5120 -22 ) 
4 32 55 (4768 5120 -6 ) (4096 5120 -6 ) (4096 5120 -22 ) (4768 5120 -22 ) 
4 32 52 (5120 5120 -22 ) (5120 5120 -6 ) (5088 5120 -6 ) (5088 5120 -22 ) 
4 32 45 (4784 5120 138 ) (4768 5120 138 ) (4768 5120 -6 ) (4784 5120 -6 ) 
4 32 47 (4768 5120 138 ) (4096 5120 138 ) (4096 5120 -6 ) (4768 5120 -6 ) 
4 32 42 (5072 5120 138 ) (4784 5120 138 ) (4784 5120 -6 ) (5072 5120 -6 ) 
4 32 36 (5088 5120 138 ) (5072 5120 138 ) (5072 5120 -6 ) (5088 5120 -6 ) 
4 32 35 (5120 5120 -6 ) (5120 5120 138 ) (5088 5120 138 ) (5088 5120 -6 ) 
4 32 34 (5120 5120 138 ) (5120 5120 2304 ) (4096 5120 2304 ) (4096 5120 138 ) 
4 32 33 (4096 5120 -256 ) (4096 5120 2304 ) (4096 6144 2304 ) (4096 6144 -256 ) 
4 33 60 (3072 5120 -256 ) (3072 5120 2304 ) (3072 6144 2304 ) (3072 6144 -256 ) 
4 33 57 (3072 5120 2304 ) (3072 5120 -256 ) (4096 5120 -256 ) (4096 5120 2304 ) 
4 34 64 (5120 4096 138 ) (5120 4096 2304 ) (4096 4096 2304 ) (4096 4096 138 ) 
4 34 57 (4096 5120 2304 ) (4096 5120 138 ) (4096 4096 138 ) (4096 4096 2304 ) 
4 34 50 (4768 4200 138 ) (4096 4200 138 ) (4096 4216 138 ) (4768 4216 138 ) 
4 34 51 (5072 4200 138 ) (5072 4096 138 ) (4096 4096 138 ) (4096 4200 138 ) 
4 34 49 (4768 4216 138 ) (4096 4216 138 ) (4096 4328 138 ) (4768 4328 138 ) 
4 34 45 (4768 5120 138 ) (4784 5120 138 ) (4784 4712 138 ) (4768 4712 138 ) 
4 34 47 (4096 5120 138 ) (4768 5120 138 ) (4768 4328 138 ) (4096 4328 138 ) 
4 34 42 (4784 5120 138 ) (5072 5120 138 ) (5072 4712 138 ) (4784 4712 138 ) 
4 34 41 (5088 4200 138 ) (5088 4096 138 ) (5072 4096 138 ) (5072 4200 138 ) 
4 34 36 (5072 5120 138 ) (5088 5120 138 ) (5088 4712 138 ) (5072 4712 138 ) 
4 34 35 (5088 5120 138 ) (5120 5120 138 ) (5120 4096 138 ) (5088 4096 138 ) 
4 35 64 (5120 4096 -6 ) (5120 4096 138 ) (5088 4096 138 ) (5088 4096 -6 ) 
4 35 52 (5120 4096 -6 ) (5088 4096 -6 ) (5088 5120 -6 ) (5120 5120 -6 ) 
4 35 41 (5088 4200 -6 ) (5088 4096 -6 ) (5088 4096 138 ) (5088 4200 138 ) 
4 35 40 (5088 4242 58 ) (5088 4242 86 ) (5088 4286 86 ) (5088 4286 58 ) 
4 35 39 (5088 4420 -6 ) (5088 4364 -6 ) (5088 4364 106 ) (5088 4420 106 ) 
4 35 38 (5088 4468 26 ) (5088 4468 102 ) (5088 4508 102 ) (5088 4508 26 ) 
4 35 37 (5088 4596 26 ) (5088 4596 102 ) (5088 4636 102 ) (5088 4636 26 ) 
4 35 36 (5088 5120 -6 ) (5088 4712 -6 ) (5088 4712 138 ) (5088 5120 138 ) 
4 36 53 (5072 4712 -6 ) (5072 5120 -6 ) (5088 5120 -6 ) (5088 4712 -6 ) 
4 36 42 (5072 5120 -6 ) (5072 4712 -6 ) (5072 4712 138 ) (5072 5120 138 ) 
4 37 43 (5072 4596 26 ) (5072 4596 102 ) (5072 4636 102 ) (5072 4636 26 ) 
4 38 43 (5072 4468 26 ) (5072 4468 102 ) (5072 4508 102 ) (5072 4508 26 ) 
4 39 43 (5072 4420 -6 ) (5072 4364 -6 ) (5072 4364 106 ) (5072 4420 106 ) 
4 40 48 (5072 4242 58 ) (5072 4242 86 ) (5072 4286 86 ) (5072 4286 58 ) 
4 41 64 (5088 4096 138 ) (5072 4096 138 ) (5072 4096 -6 ) (5088 4096 -6 ) 
4 41 54 (5088 4096 -6 ) (5072 4096 -6 ) (5072 4200 -6 ) (5088 4200 -6 ) 
4 41 51 (5072 4200 -6 ) (5072 4096 -6 ) (5072 4096 138 ) (5072 4200 138 ) 
4 42 53 (4784 5120 -6 ) (5072 5120 -6 ) (5072 4712 -6 ) (4784 4712 -6 ) 
4 42 45 (4784 5120 -6 ) (4784 4712 -6 ) (4784 4712 138 ) (4784 5120 138 ) 
4 43 46 (4784 4584 -6 ) (4784 4520 -6 ) (4784 4520 106 ) (4784 4584 106 ) 
4 43 44 (4864 4344 -6 ) (4928 4344 -6 ) (4928 4344 106 ) (4864 4344 106 ) 
4 44 48 (4864 4328 -6 ) (4928 4328 -6 ) (4928 4328 106 ) (4864 4328 106 ) 
4 45 53 (4768 5120 -6 ) (4784 5120 -6 ) (4784 4712 -6 ) (4768 4712 -6 ) 
4 45 47 (4768 5120 -6 ) (4768 4712 -6 ) (4768 4712 138 ) (4768 5120 138 ) 
4 46 47 (4768 4584 -6 ) (4768 4520 -6 ) (4768 4520 106 ) (4768 4584 106 ) 
4 47 57 (4096 5120 138 ) (4096 5120 -6 ) (4096 4328 -6 ) (4096 4328 138 ) 
4 47 55 (4096 4328 -6 ) (4096 5120 -6 ) (4768 5120 -6 ) (4768 4328 -6 ) 
4 47 49 (4096 4328 -6 ) (4768 4328 -6 ) (4768 4328 138 ) (4096 4328 138 ) 
4 49 57 (4096 4328 -6 ) (4096 4216 -6 ) (4096 4216 138 ) (4096 4328 138 ) 
4 49 55 (4096 4216 -6 ) (4096 4328 -6 ) (4768 4328 -6 ) (4768 4216 -6 ) 
4 49 50 (4096 4216 -6 ) (4768 4216 -6 ) (4768 4216 138 ) (4096 4216 138 ) 
4 50 57 (4096 4216 -6 ) (4096 4200 -6 ) (4096 4200 138 ) (4096 4216 138 ) 
4 50 55 (4096 4200 -6 ) (4096 4216 -6 ) (4768 4216 -6 ) (4768 4200 -6 ) 
4 50 51 (4096 4200 -6 ) (4768 4200 -6 ) (4768 4200 138 ) (4096 4200 138 ) 
4 51 64 (5072 4096 138 ) (4096 4096 138 ) (4096 4096 -6 ) (5072 4096 -6 ) 
4 51 57 (4096 4200 -6 ) (4096 4096 -6 ) (4096 4096 138 ) (4096 4200 138 ) 
4 51 54 (5072 4096 -6 ) (4768 4096 -6 ) (4768 4200 -6 ) (5072 4200 -6 ) 
4 51 55 (4768 4096 -6 ) (4096 4096 -6 ) (4096 4200 -6 ) (4768 4200 -6 ) 
4 52 64 (5120 4096 -22 ) (5120 4096 -6 ) (5088 4096 -6 ) (5088 4096 -22 ) 
4 52 56 (5088 5120 -22 ) (5120 5120 -22 ) (5120 4096 -22 ) (5088 4096 -22 ) 
4 52 53 (5088 5120 -22 ) (5088 4712 -22 ) (5088 4712 -6 ) (5088 5120 -6 ) 
4 52 54 (5088 4200 -22 ) (5088 4096 -22 ) (5088 4096 -6 ) (5088 4200 -6 ) 
4 53 56 (4768 5120 -22 ) (5088 5120 -22 ) (5088 4712 -22 ) (4768 4712 -22 ) 
4 53 55 (4768 5120 -22 ) (4768 4712 -22 ) (4768 4712 -6 ) (4768 5120 -6 ) 
4 54 64 (5088 4096 -6 ) (4768 4096 -6 ) (4768 4096 -22 ) (5088 4096 -22 ) 
4 54 56 (5088 4200 -22 ) (5088 4096 -22 ) (4768 4096 -22 ) (4768 4200 -22 ) 
4 54 55 (4768 4200 -22 ) (4768 4096 -22 ) (4768 4096 -6 ) (4768 4200 -6 ) 
4 55 64 (4768 4096 -6 ) (4096 4096 -6 ) (4096 4096 -22 ) (4768 4096 -22 ) 
4 55 57 (4096 5120 -6 ) (4096 5120 -22 ) (4096 4096 -22 ) (4096 4096 -6 ) 
4 55 56 (4096 5120 -22 ) (4768 5120 -22 ) (4768 4096 -22 ) (4096 4096 -22 ) 
4 56 64 (5120 4096 -256 ) (5120 4096 -22 ) (4096 4096 -22 ) (4096 4096 -256 ) 
4 56 57 (4096 5120 -22 ) (4096 5120 -256 ) (4096 4096 -256 ) (4096 4096 -22 ) 
4 57 65 (4096 4096 -256 ) (4096 4096 2304 ) (3072 4096 2304 ) (3072 4096 -256 ) 
4 57 62 (3072 4096 -256 ) (3072 4096 2304 ) (3072 5120 2304 ) (3072 5120 -256 ) 
4 58 60 (3072 6144 -256 ) (3072 6144 2304 ) (2048 6144 2304 ) (2048 6144 -256 ) 
4 58 59 (2048 7168 2304 ) (2048 7168 -256 ) (2048 6144 -256 ) (2048 6144 2304 ) 
4 59 100 (1024 6144 -256 ) (1024 6144 2304 ) (1024 7168 2304 ) (1024 7168 -256 ) 
4 59 61 (2048 6144 -256 ) (2048 6144 2304 ) (1024 6144 2304 ) (1024 6144 -256 ) 
4 60 62 (3072 5120 -256 ) (3072 5120 2304 ) (2048 5120 2304 ) (2048 5120 -256 ) 
4 60 61 (2048 5120 -256 ) (2048 5120 2304 ) (2048 6144 2304 ) (2048 6144 -256 ) 
4 61 102 (1024 5120 -256 ) (1024 5120 2304 ) (1024 6144 2304 ) (1024 6144 -256 ) 
4 61 63 (1024 5120 2304 ) (1024 5120 -256 ) (2048 5120 -256 ) (2048 5120 2304 ) 
4 62 70 (3072 4096 -256 ) (3072 4096 2304 ) (2048 4096 2304 ) (2048 4096 -256 ) 
4 62 63 (2048 5120 2304 ) (2048 5120 -256 ) (2048 4096 -256 ) (2048 4096 2304 ) 
4 63 104 (1024 4096 -256 ) (1024 4096 2304 ) (1024 5120 2304 ) (1024 5120 -256 ) 
4 63 71 (2048 4096 -256 ) (2048 4096 2304 ) (1024 4096 2304 ) (1024 4096 -256 ) 
4 64 66 (5120 3072 -256 ) (5120 3072 2304 ) (4096 3072 2304 ) (4096 3072 -256 ) 
4 64 65 (4096 4096 2304 ) (4096 4096 -256 ) (4096 3072 -256 ) (4096 3072 2304 ) 
4 65 70 (3072 4096 2304 ) (3072 4096 -256 ) (3072 3072 -256 ) (3072 3072 2304 ) 
4 65 67 (4096 3072 -256 ) (4096 3072 2304 ) (3072 3072 2304 ) (3072 3072 -256 ) 
4 66 68 (5120 2048 -256 ) (5120 2048 2304 ) (4096 2048 2304 ) (4096 2048 -256 ) 
4 66 67 (4096 2048 -256 ) (4096 2048 2304 ) (4096 3072 2304 ) (4096 3072 -256 ) 
4 67 72 (3072 2048 -256 ) (3072 2048 2304 ) (3072 3072 2304 ) (3072 3072 -256 ) 
4 67 69 (3072 2048 2304 ) (3072 2048 -256 ) (4096 2048 -256 ) (4096 2048 2304 ) 
4 68 160 (5120 1024 -256 ) (5120 1024 2304 ) (4096 1024 2304 ) (4096 1024 -256 ) 
4 68 69 (4096 2048 2304 ) (4096 2048 -256 ) (4096 1024 -256 ) (4096 1024 2304 ) 
4 69 161 (4096 1024 -256 ) (4096 1024 2304 ) (3072 1024 2304 ) (3072 1024 -256 ) 
4 69 74 (3072 1024 -256 ) (3072 1024 2304 ) (3072 2048 2304 ) (3072 2048 -256 ) 
4 70 72 (3072 3072 -256 ) (3072 3072 2304 ) (2048 3072 2304 ) (2048 3072 -256 ) 
4 70 71 (2048 4096 2304 ) (2048 4096 -256 ) (2048 3072 -256 ) (2048 3072 2304 ) 
4 71 112 (1024 3072 -256 ) (1024 3072 2304 ) (1024 4096 2304 ) (1024 4096 -256 ) 
4 71 73 (2048 3072 -256 ) (2048 3072 2304 ) (1024 3072 2304 ) (1024 3072 -256 ) 
4 72 74 (3072 2048 -256 ) (3072 2048 2304 ) (2048 2048 2304 ) (2048 2048 -256 ) 
4 72 73 (2048 2048 -256 ) (2048 2048 2304 ) (2048 3072 2304 ) (2048 3072 -256 ) 
4 73 114 (1024 2048 -256 ) (1024 2048 2304 ) (1024 3072 2304 ) (1024 3072 -256 ) 
4 73 75 (1024 2048 2304 ) (1024 2048 -256 ) (2048 2048 -256 ) (2048 2048 2304 ) 
4 74 166 (3072 1024 -256 ) (3072 1024 2304 ) (2048 1024 2304 ) (2048 1024 -256 ) 
4 74 75 (2048 2048 2304 ) (2048 2048 -256 ) (2048 1024 -256 ) (2048 1024 2304 ) 
4 75 167 (2048 1024 -256 ) (2048 1024 2304 ) (1024 1024 2304 ) (1024 1024 -256 ) 
4 75 116 (1024 1024 -256 ) (1024 1024 2304 ) (1024 2048 2304 ) (1024 2048 -256 ) 
4 76 78 (1024 9216 -256 ) (1024 9216 2304 ) (0 9216 2304 ) (0 9216 -256 ) 
4 76 77 (0 9216 -256 ) (0 9216 2304 ) (0 10240 2304 ) (0 10240 -256 ) 
4 77 82 (-1024 9216 -256 ) (-1024 9216 2304 ) (-1024 10240 2304 ) (-1024 10240 -256 ) 
4 77 79 (0 9216 -256 ) (0 9216 2304 ) (-1024 9216 2304 ) (-1024 9216 -256 ) 
4 78 80 (1024 8192 -256 ) (1024 8192 2304 ) (0 8192 2304 ) (0 8192 -256 ) 
4 78 79 (0 8192 -256 ) (0 8192 2304 ) (0 9216 2304 ) (0 9216 -256 ) 
4 79 84 (-1024 8192 -256 ) (-1024 8192 2304 ) (-1024 9216 2304 ) (-1024 9216 -256 ) 
4 79 81 (-1024 8192 2304 ) (-1024 8192 -256 ) (0 8192 -256 ) (0 8192 2304 ) 
4 80 100 (1024 7168 -256 ) (1024 7168 2304 ) (0 7168 2304 ) (0 7168 -256 ) 
4 80 81 (0 8192 2304 ) (0 8192 -256 ) (0 7168 -256 ) (0 7168 2304 ) 
4 81 101 (0 7168 -256 ) (0 7168 2304 ) (-1024 7168 2304 ) (-1024 7168 -256 ) 
4 81 86 (-1024 7168 -256 ) (-1024 7168 2304 ) (-1024 8192 2304 ) (-1024 8192 -256 ) 
4 82 84 (-1024 9216 -256 ) (-1024 9216 2304 ) (-2048 9216 2304 ) (-2048 9216 -256 ) 
4 82 83 (-2048 9216 -256 ) (-2048 9216 2304 ) (-2048 10240 2304 ) (-2048 10240 -256 ) 
4 83 88 (-3072 9216 -256 ) (-3072 9216 2304 ) (-3072 10240 2304 ) (-3072 10240 -256 ) 
4 83 85 (-2048 9216 -256 ) (-2048 9216 2304 ) (-3072 9216 2304 ) (-3072 9216 -256 ) 
4 84 86 (-1024 8192 -256 ) (-1024 8192 2304 ) (-2048 8192 2304 ) (-2048 8192 -256 ) 
4 84 85 (-2048 8192 -256 ) (-2048 8192 2304 ) (-2048 9216 2304 ) (-2048 9216 -256 ) 
4 85 90 (-3072 8192 -256 ) (-3072 8192 2304 ) (-3072 9216 2304 ) (-3072 9216 -256 ) 
4 85 87 (-3072 8192 2304 ) (-3072 8192 -256 ) (-2048 8192 -256 ) (-2048 8192 2304 ) 
4 86 106 (-1024 7168 -256 ) (-1024 7168 2304 ) (-2048 7168 2304 ) (-2048 7168 -256 ) 
4 86 87 (-2048 8192 2304 ) (-2048 8192 -256 ) (-2048 7168 -256 ) (-2048 7168 2304 ) 
4 87 107 (-2048 7168 -256 ) (-2048 7168 2304 ) (-3072 7168 2304 ) (-3072 7168 -256 ) 
4 87 92 (-3072 7168 -256 ) (-3072 7168 2304 ) (-3072 8192 2304 ) (-3072 8192 -256 ) 
4 88 90 (-3072 9216 -256 ) (-3072 9216 2304 ) (-4096 9216 2304 ) (-4096 9216 -256 ) 
4 88 89 (-4096 9216 -256 ) (-4096 9216 2304 ) (-4096 10240 2304 ) (-4096 10240 -256 ) 
4 89 94 (-5120 9216 -256 ) (-5120 9216 2304 ) (-5120 10240 2304 ) (-5120 10240 -256 ) 
4 89 91 (-4096 9216 -256 ) (-4096 9216 2304 ) (-5120 9216 2304 ) (-5120 9216 -256 ) 
4 90 92 (-3072 8192 -256 ) (-3072 8192 2304 ) (-4096 8192 2304 ) (-4096 8192 -256 ) 
4 90 91 (-4096 8192 -256 ) (-4096 8192 2304 ) (-4096 9216 2304 ) (-4096 9216 -256 ) 
4 91 96 (-5120 8192 -256 ) (-5120 8192 2304 ) (-5120 9216 2304 ) (-5120 9216 -256 ) 
4 91 93 (-5120 8192 2304 ) (-5120 8192 -256 ) (-4096 8192 -256 ) (-4096 8192 2304 ) 
4 92 124 (-3072 7168 -256 ) (-3072 7168 2304 ) (-4096 7168 2304 ) (-4096 7168 -256 ) 
4 92 93 (-4096 8192 2304 ) (-4096 8192 -256 ) (-4096 7168 -256 ) (-4096 7168 2304 ) 
4 93 125 (-4096 7168 -256 ) (-4096 7168 2304 ) (-5120 7168 2304 ) (-5120 7168 -256 ) 
4 93 97 (-5120 7168 -256 ) (-5120 7168 2304 ) (-5120 8192 2304 ) (-5120 8192 -256 ) 
4 94 96 (-5120 9216 -256 ) (-5120 9216 2304 ) (-6144 9216 2304 ) (-6144 9216 -256 ) 
4 94 95 (-6144 9216 -256 ) (-6144 9216 2304 ) (-6144 10240 2304 ) (-6144 10240 -256 ) 
4 95 98 (-6144 9216 -256 ) (-6144 9216 2304 ) (-6656 9216 2304 ) (-6656 9216 -256 ) 
4 96 98 (-6144 9216 2304 ) (-6144 9216 -256 ) (-6144 8192 -256 ) (-6144 8192 2304 ) 
4 96 97 (-5120 8192 -256 ) (-5120 8192 2304 ) (-6144 8192 2304 ) (-6144 8192 -256 ) 
4 97 130 (-5120 7168 -256 ) (-5120 7168 2304 ) (-6144 7168 2304 ) (-6144 7168 -256 ) 
4 97 99 (-6144 7168 -256 ) (-6144 7168 2304 ) (-6144 8192 2304 ) (-6144 8192 -256 ) 
4 98 99 (-6144 8192 -256 ) (-6144 8192 2304 ) (-6656 8192 2304 ) (-6656 8192 -256 ) 
4 99 131 (-6144 7168 -256 ) (-6144 7168 2304 ) (-6656 7168 2304 ) (-6656 7168 -256 ) 
4 100 102 (1024 6144 -256 ) (1024 6144 2304 ) (0 6144 2304 ) (0 6144 -256 ) 
4 100 101 (0 7168 2304 ) (0 7168 -256 ) (0 6144 -256 ) (0 6144 2304 ) 
4 101 106 (-1024 7168 2304 ) (-1024 7168 -256 ) (-1024 6144 -256 ) (-1024 6144 2304 ) 
4 101 103 (0 6144 -256 ) (0 6144 2304 ) (-1024 6144 2304 ) (-1024 6144 -256 ) 
4 102 104 (1024 5120 -256 ) (1024 5120 2304 ) (0 5120 2304 ) (0 5120 -256 ) 
4 102 103 (0 5120 -256 ) (0 5120 2304 ) (0 6144 2304 ) (0 6144 -256 ) 
4 103 108 (-1024 5120 -256 ) (-1024 5120 2304 ) (-1024 6144 2304 ) (-1024 6144 -256 ) 
4 103 105 (-1024 5120 2304 ) (-1024 5120 -256 ) (0 5120 -256 ) (0 5120 2304 ) 
4 104 112 (1024 4096 -256 ) (1024 4096 2304 ) (0 4096 2304 ) (0 4096 -256 ) 
4 104 105 (0 5120 2304 ) (0 5120 -256 ) (0 4096 -256 ) (0 4096 2304 ) 
4 105 113 (0 4096 -256 ) (0 4096 2304 ) (-1024 4096 2304 ) (-1024 4096 -256 ) 
4 105 110 (-1024 4096 -256 ) (-1024 4096 2304 ) (-1024 5120 2304 ) (-1024 5120 -256 ) 
4 106 108 (-1024 6144 -256 ) (-1024 6144 2304 ) (-2048 6144 2304 ) (-2048 6144 -256 ) 
4 106 107 (-2048 7168 2304 ) (-2048 7168 -256 ) (-2048 6144 -256 ) (-2048 6144 2304 ) 
4 107 124 (-3072 7168 2304 ) (-3072 7168 -256 ) (-3072 6144 -256 ) (-3072 6144 2304 ) 
4 107 109 (-2048 6144 -256 ) (-2048 6144 2304 ) (-3072 6144 2304 ) (-3072 6144 -256 ) 
4 108 110 (-1024 5120 -256 ) (-1024 5120 2304 ) (-2048 5120 2304 ) (-2048 5120 -256 ) 
4 108 109 (-2048 5120 -256 ) (-2048 5120 2304 ) (-2048 6144 2304 ) (-2048 6144 -256 ) 
4 109 126 (-3072 5120 -256 ) (-3072 5120 2304 ) (-3072 6144 2304 ) (-3072 6144 -256 ) 
4 109 111 (-3072 5120 2304 ) (-3072 5120 -256 ) (-2048 5120 -256 ) (-2048 5120 2304 ) 
4 110 118 (-1024 4096 -256 ) (-1024 4096 2304 ) (-2048 4096 2304 ) (-2048 4096 -256 ) 
4 110 111 (-2048 5120 2304 ) (-2048 5120 -256 ) (-2048 4096 -256 ) (-2048 4096 2304 ) 
4 111 128 (-3072 4096 -256 ) (-3072 4096 2304 ) (-3072 5120 2304 ) (-3072 5120 -256 ) 
4 111 119 (-2048 4096 -256 ) (-2048 4096 2304 ) (-3072 4096 2304 ) (-3072 4096 -256 ) 
4 112 114 (1024 3072 -256 ) (1024 3072 2304 ) (0 3072 2304 ) (0 3072 -256 ) 
4 112 113 (0 4096 2304 ) (0 4096 -256 ) (0 3072 -256 ) (0 3072 2304 ) 
4 113 118 (-1024 4096 2304 ) (-1024 4096 -256 ) (-1024 3072 -256 ) (-1024 3072 2304 ) 
4 113 115 (0 3072 -256 ) (0 3072 2304 ) (-1024 3072 2304 ) (-1024 3072 -256 ) 
4 114 116 (1024 2048 -256 ) (1024 2048 2304 ) (0 2048 2304 ) (0 2048 -256 ) 
4 114 115 (0 2048 -256 ) (0 2048 2304 ) (0 3072 2304 ) (0 3072 -256 ) 
4 115 120 (-1024 2048 -256 ) (-1024 2048 2304 ) (-1024 3072 2304 ) (-1024 3072 -256 ) 
4 115 117 (-1024 2048 2304 ) (-1024 2048 -256 ) (0 2048 -256 ) (0 2048 2304 ) 
4 116 214 (1024 1024 -256 ) (1024 1024 2304 ) (0 1024 2304 ) (0 1024 -256 ) 
4 116 117 (0 2048 2304 ) (0 2048 -256 ) (0 1024 -256 ) (0 1024 2304 ) 
4 117 215 (0 1024 -256 ) (0 1024 2304 ) (-1024 1024 2304 ) (-1024 1024 -256 ) 
4 117 122 (-1024 1024 -256 ) (-1024 1024 2304 ) (-1024 2048 2304 ) (-1024 2048 -256 ) 
4 118 120 (-1024 3072 -256 ) (-1024 3072 2304 ) (-2048 3072 2304 ) (-2048 3072 -256 ) 
4 118 119 (-2048 4096 2304 ) (-2048 4096 -256 ) (-2048 3072 -256 ) (-2048 3072 2304 ) 
4 119 136 (-3072 3072 -256 ) (-3072 3072 2304 ) (-3072 4096 2304 ) (-3072 4096 -256 ) 
4 119 121 (-2048 3072 -256 ) (-2048 3072 2304 ) (-3072 3072 2304 ) (-3072 3072 -256 ) 
4 120 122 (-1024 2048 -256 ) (-1024 2048 2304 ) (-2048 2048 2304 ) (-2048 2048 -256 ) 
4 120 121 (-2048 2048 -256 ) (-2048 2048 2304 ) (-2048 3072 2304 ) (-2048 3072 -256 ) 
4 121 138 (-3072 2048 -256 ) (-3072 2048 2304 ) (-3072 3072 2304 ) (-3072 3072 -256 ) 
4 121 123 (-3072 2048 2304 ) (-3072 2048 -256 ) (-2048 2048 -256 ) (-2048 2048 2304 ) 
4 122 220 (-1024 1024 -256 ) (-1024 1024 2304 ) (-2048 1024 2304 ) (-2048 1024 -256 ) 
4 122 123 (-2048 2048 2304 ) (-2048 2048 -256 ) (-2048 1024 -256 ) (-2048 1024 2304 ) 
4 123 221 (-2048 1024 -256 ) (-2048 1024 2304 ) (-3072 1024 2304 ) (-3072 1024 -256 ) 
4 123 140 (-3072 1024 -256 ) (-3072 1024 2304 ) (-3072 2048 2304 ) (-3072 2048 -256 ) 
4 124 126 (-3072 6144 -256 ) (-3072 6144 2304 ) (-4096 6144 2304 ) (-4096 6144 -256 ) 
4 124 125 (-4096 7168 2304 ) (-4096 7168 -256 ) (-4096 6144 -256 ) (-4096 6144 2304 ) 
4 125 130 (-5120 7168 2304 ) (-5120 7168 -256 ) (-5120 6144 -256 ) (-5120 6144 2304 ) 
4 125 127 (-4096 6144 -256 ) (-4096 6144 2304 ) (-5120 6144 2304 ) (-5120 6144 -256 ) 
4 126 128 (-3072 5120 -256 ) (-3072 5120 2304 ) (-4096 5120 2304 ) (-4096 5120 -256 ) 
4 126 127 (-4096 5120 -256 ) (-4096 5120 2304 ) (-4096 6144 2304 ) (-4096 6144 -256 ) 
4 127 132 (-5120 5120 -256 ) (-5120 5120 2304 ) (-5120 6144 2304 ) (-5120 6144 -256 ) 
4 127 129 (-5120 5120 2304 ) (-5120 5120 -256 ) (-4096 5120 -256 ) (-4096 5120 2304 ) 
4 128 136 (-3072 4096 -256 ) (-3072 4096 2304 ) (-4096 4096 2304 ) (-4096 4096 -256 ) 
4 128 129 (-4096 5120 2304 ) (-4096 5120 -256 ) (-4096 4096 -256 ) (-4096 4096 2304 ) 
4 129 137 (-4096 4096 -256 ) (-4096 4096 2304 ) (-5120 4096 2304 ) (-5120 4096 -256 ) 
4 129 133 (-5120 4096 -256 ) (-5120 4096 2304 ) (-5120 5120 2304 ) (-5120 5120 -256 ) 
4 130 132 (-5120 6144 -256 ) (-5120 6144 2304 ) (-6144 6144 2304 ) (-6144 6144 -256 ) 
4 130 131 (-6144 7168 2304 ) (-6144 7168 -256 ) (-6144 6144 -256 ) (-6144 6144 2304 ) 
4 131 134 (-6144 6144 -256 ) (-6144 6144 2304 ) (-6656 6144 2304 ) (-6656 6144 -256 ) 
4 132 134 (-6144 6144 2304 ) (-6144 6144 -256 ) (-6144 5120 -256 ) (-6144 5120 2304 ) 
4 132 133 (-5120 5120 -256 ) (-5120 5120 2304 ) (-6144 5120 2304 ) (-6144 5120 -256 ) 
4 133 142 (-5120 4096 -256 ) (-5120 4096 2304 ) (-6144 4096 2304 ) (-6144 4096 -256 ) 
4 133 135 (-6144 4096 -256 ) (-6144 4096 2304 ) (-6144 5120 2304 ) (-6144 5120 -256 ) 
4 134 135 (-6144 5120 -256 ) (-6144 5120 2304 ) (-6656 5120 2304 ) (-6656 5120 -256 ) 
4 135 143 (-6144 4096 -256 ) (-6144 4096 2304 ) (-6656 4096 2304 ) (-6656 4096 -256 ) 
4 136 138 (-3072 3072 -256 ) (-3072 3072 2304 ) (-4096 3072 2304 ) (-4096 3072 -256 ) 
4 136 137 (-4096 4096 2304 ) (-4096 4096 -256 ) (-4096 3072 -256 ) (-4096 3072 2304 ) 
4 137 142 (-5120 4096 2304 ) (-5120 4096 -256 ) (-5120 3072 -256 ) (-5120 3072 2304 ) 
4 137 139 (-4096 3072 -256 ) (-4096 3072 2304 ) (-5120 3072 2304 ) (-5120 3072 -256 ) 
4 138 140 (-3072 2048 -256 ) (-3072 2048 2304 ) (-4096 2048 2304 ) (-4096 2048 -256 ) 
4 138 139 (-4096 2048 -256 ) (-4096 2048 2304 ) (-4096 3072 2304 ) (-4096 3072 -256 ) 
4 139 144 (-5120 2048 -256 ) (-5120 2048 2304 ) (-5120 3072 2304 ) (-5120 3072 -256 ) 
4 139 141 (-5120 2048 2304 ) (-5120 2048 -256 ) (-4096 2048 -256 ) (-4096 2048 2304 ) 
4 140 333 (-3072 1024 -256 ) (-3072 1024 2304 ) (-4096 1024 2304 ) (-4096 1024 -256 ) 
4 140 141 (-4096 2048 2304 ) (-4096 2048 -256 ) (-4096 1024 -256 ) (-4096 1024 2304 ) 
4 141 334 (-4096 1024 -256 ) (-4096 1024 2304 ) (-5120 1024 2304 ) (-5120 1024 -256 ) 
4 141 145 (-5120 1024 -256 ) (-5120 1024 2304 ) (-5120 2048 2304 ) (-5120 2048 -256 ) 
4 142 144 (-5120 3072 -256 ) (-5120 3072 2304 ) (-6144 3072 2304 ) (-6144 3072 -256 ) 
4 142 143 (-6144 4096 2304 ) (-6144 4096 -256 ) (-6144 3072 -256 ) (-6144 3072 2304 ) 
4 143 146 (-6144 3072 -256 ) (-6144 3072 2304 ) (-6656 3072 2304 ) (-6656 3072 -256 ) 
4 144 146 (-6144 3072 2304 ) (-6144 3072 -256 ) (-6144 2048 -256 ) (-6144 2048 2304 ) 
4 144 145 (-5120 2048 -256 ) (-5120 2048 2304 ) (-6144 2048 2304 ) (-6144 2048 -256 ) 
4 145 339 (-5120 1024 -256 ) (-5120 1024 2304 ) (-6144 1024 2304 ) (-6144 1024 -256 ) 
4 145 147 (-6144 1024 -256 ) (-6144 1024 2304 ) (-6144 2048 2304 ) (-6144 2048 -256 ) 
4 146 147 (-6144 2048 -256 ) (-6144 2048 2304 ) (-6656 2048 2304 ) (-6656 2048 -256 ) 
4 147 340 (-6144 1024 -256 ) (-6144 1024 2304 ) (-6656 1024 2304 ) (-6656 1024 -256 ) 
4 148 150 (7168 0 -256 ) (7168 0 2304 ) (6144 0 2304 ) (6144 0 -256 ) 
4 148 149 (6144 1024 2304 ) (6144 1024 -256 ) (6144 0 -256 ) (6144 0 2304 ) 
4 149 160 (5120 1024 2304 ) (5120 1024 -256 ) (5120 0 -256 ) (5120 0 2304 ) 
4 149 151 (6144 0 -256 ) (6144 0 2304 ) (5120 0 2304 ) (5120 0 -256 ) 
4 150 152 (7168 -1024 -256 ) (7168 -1024 2304 ) (6144 -1024 2304 ) (6144 -1024 -256 ) 
4 150 151 (6144 -1024 -256 ) (6144 -1024 2304 ) (6144 0 2304 ) (6144 0 -256 ) 
4 151 162 (5120 -1024 -256 ) (5120 -1024 2304 ) (5120 0 2304 ) (5120 0 -256 ) 
4 151 153 (5120 -1024 2304 ) (5120 -1024 -256 ) (6144 -1024 -256 ) (6144 -1024 2304 ) 
4 152 154 (7168 -2048 -256 ) (7168 -2048 2304 ) (6144 -2048 2304 ) (6144 -2048 -256 ) 
4 152 153 (6144 -1024 2304 ) (6144 -1024 -256 ) (6144 -2048 -256 ) (6144 -2048 2304 ) 
4 153 164 (5120 -2048 -256 ) (5120 -2048 2304 ) (5120 -1024 2304 ) (5120 -1024 -256 ) 
4 153 155 (6144 -2048 -256 ) (6144 -2048 2304 ) (5120 -2048 2304 ) (5120 -2048 -256 ) 
4 154 156 (7168 -3072 -256 ) (7168 -3072 2304 ) (6144 -3072 2304 ) (6144 -3072 -256 ) 
4 154 155 (6144 -2048 2304 ) (6144 -2048 -256 ) (6144 -3072 -256 ) (6144 -3072 2304 ) 
4 155 172 (5120 -3072 -256 ) (5120 -3072 2304 ) (5120 -2048 2304 ) (5120 -2048 -256 ) 
4 155 157 (6144 -3072 -256 ) (6144 -3072 2304 ) (5120 -3072 2304 ) (5120 -3072 -256 ) 
4 156 158 (7168 -4096 -256 ) (7168 -4096 2304 ) (6144 -4096 2304 ) (6144 -4096 -256 ) 
4 156 157 (6144 -4096 -256 ) (6144 -4096 2304 ) (6144 -3072 2304 ) (6144 -3072 -256 ) 
4 157 174 (5120 -4096 -256 ) (5120 -4096 2304 ) (5120 -3072 2304 ) (5120 -3072 -256 ) 
4 157 159 (5120 -4096 2304 ) (5120 -4096 -256 ) (6144 -4096 -256 ) (6144 -4096 2304 ) 
4 158 184 (7168 -5120 -256 ) (7168 -5120 2304 ) (6144 -5120 2304 ) (6144 -5120 -256 ) 
4 158 159 (6144 -4096 2304 ) (6144 -4096 -256 ) (6144 -5120 -256 ) (6144 -5120 2304 ) 
4 159 185 (6144 -5120 -256 ) (6144 -5120 2304 ) (5120 -5120 2304 ) (5120 -5120 -256 ) 
4 159 176 (5120 -5120 -256 ) (5120 -5120 2304 ) (5120 -4096 2304 ) (5120 -4096 -256 ) 
4 160 162 (5120 0 -256 ) (5120 0 2304 ) (4096 0 2304 ) (4096 0 -256 ) 
4 160 161 (4096 1024 2304 ) (4096 1024 -256 ) (4096 0 -256 ) (4096 0 2304 ) 
4 161 166 (3072 1024 2304 ) (3072 1024 -256 ) (3072 0 -256 ) (3072 0 2304 ) 
4 161 163 (4096 0 -256 ) (4096 0 2304 ) (3072 0 2304 ) (3072 0 -256 ) 
4 162 164 (5120 -1024 -256 ) (5120 -1024 2304 ) (4096 -1024 2304 ) (4096 -1024 -256 ) 
4 162 163 (4096 -1024 -256 ) (4096 -1024 2304 ) (4096 0 2304 ) (4096 0 -256 ) 
4 163 168 (3072 -1024 -256 ) (3072 -1024 2304 ) (3072 0 2304 ) (3072 0 -256 ) 
4 163 165 (3072 -1024 2304 ) (3072 -1024 -256 ) (4096 -1024 -256 ) (4096 -1024 2304 ) 
4 164 172 (5120 -2048 -256 ) (5120 -2048 2304 ) (4096 -2048 2304 ) (4096 -2048 -256 ) 
4 164 165 (4096 -1024 2304 ) (4096 -1024 -256 ) (4096 -2048 -256 ) (4096 -2048 2304 ) 
4 165 173 (4096 -2048 -256 ) (4096 -2048 2304 ) (3072 -2048 2304 ) (3072 -2048 -256 ) 
4 165 170 (3072 -2048 -256 ) (3072 -2048 2304 ) (3072 -1024 2304 ) (3072 -1024 -256 ) 
4 166 168 (3072 0 -256 ) (3072 0 2304 ) (2048 0 2304 ) (2048 0 -256 ) 
4 166 167 (2048 1024 2304 ) (2048 1024 -256 ) (2048 0 -256 ) (2048 0 2304 ) 
4 167 214 (1024 1024 2304 ) (1024 1024 -256 ) (1024 0 -256 ) (1024 0 2304 ) 
4 167 169 (2048 0 -256 ) (2048 0 2304 ) (1024 0 2304 ) (1024 0 -256 ) 
4 168 170 (3072 -1024 -256 ) (3072 -1024 2304 ) (2048 -1024 2304 ) (2048 -1024 -256 ) 
4 168 169 (2048 -1024 -256 ) (2048 -1024 2304 ) (2048 0 2304 ) (2048 0 -256 ) 
4 169 216 (1024 -1024 -256 ) (1024 -1024 2304 ) (1024 0 2304 ) (1024 0 -256 ) 
4 169 171 (1024 -1024 2304 ) (1024 -1024 -256 ) (2048 -1024 -256 ) (2048 -1024 2304 ) 
4 170 178 (3072 -2048 -256 ) (3072 -2048 2304 ) (2048 -2048 2304 ) (2048 -2048 -256 ) 
4 170 171 (2048 -1024 2304 ) (2048 -1024 -256 ) (2048 -2048 -256 ) (2048 -2048 2304 ) 
4 171 218 (1024 -2048 -256 ) (1024 -2048 2304 ) (1024 -1024 2304 ) (1024 -1024 -256 ) 
4 171 179 (2048 -2048 -256 ) (2048 -2048 2304 ) (1024 -2048 2304 ) (1024 -2048 -256 ) 
4 172 174 (5120 -3072 -256 ) (5120 -3072 2304 ) (4096 -3072 2304 ) (4096 -3072 -256 ) 
4 172 173 (4096 -2048 2304 ) (4096 -2048 -256 ) (4096 -3072 -256 ) (4096 -3072 2304 ) 
4 173 178 (3072 -2048 2304 ) (3072 -2048 -256 ) (3072 -3072 -256 ) (3072 -3072 2304 ) 
4 173 175 (4096 -3072 -256 ) (4096 -3072 2304 ) (3072 -3072 2304 ) (3072 -3072 -256 ) 
4 174 176 (5120 -4096 -256 ) (5120 -4096 2304 ) (4096 -4096 2304 ) (4096 -4096 -256 ) 
4 174 175 (4096 -4096 -256 ) (4096 -4096 2304 ) (4096 -3072 2304 ) (4096 -3072 -256 ) 
4 175 180 (3072 -4096 -256 ) (3072 -4096 2304 ) (3072 -3072 2304 ) (3072 -3072 -256 ) 
4 175 177 (3072 -4096 2304 ) (3072 -4096 -256 ) (4096 -4096 -256 ) (4096 -4096 2304 ) 
4 176 194 (5120 -5120 -256 ) (5120 -5120 2304 ) (4096 -5120 2304 ) (4096 -5120 -256 ) 
4 176 177 (4096 -4096 2304 ) (4096 -4096 -256 ) (4096 -5120 -256 ) (4096 -5120 2304 ) 
4 177 195 (4096 -5120 -256 ) (4096 -5120 2304 ) (3072 -5120 2304 ) (3072 -5120 -256 ) 
4 177 182 (3072 -5120 -256 ) (3072 -5120 2304 ) (3072 -4096 2304 ) (3072 -4096 -256 ) 
4 178 180 (3072 -3072 -256 ) (3072 -3072 2304 ) (2048 -3072 2304 ) (2048 -3072 -256 ) 
4 178 179 (2048 -2048 2304 ) (2048 -2048 -256 ) (2048 -3072 -256 ) (2048 -3072 2304 ) 
4 179 226 (1024 -3072 -256 ) (1024 -3072 2304 ) (1024 -2048 2304 ) (1024 -2048 -256 ) 
4 179 181 (2048 -3072 -256 ) (2048 -3072 2304 ) (1024 -3072 2304 ) (1024 -3072 -256 ) 
4 180 182 (3072 -4096 -256 ) (3072 -4096 2304 ) (2048 -4096 2304 ) (2048 -4096 -256 ) 
4 180 181 (2048 -4096 -256 ) (2048 -4096 2304 ) (2048 -3072 2304 ) (2048 -3072 -256 ) 
4 181 228 (1024 -4096 -256 ) (1024 -4096 2304 ) (1024 -3072 2304 ) (1024 -3072 -256 ) 
4 181 183 (1024 -4096 2304 ) (1024 -4096 -256 ) (2048 -4096 -256 ) (2048 -4096 2304 ) 
4 182 200 (3072 -5120 -256 ) (3072 -5120 2304 ) (2048 -5120 2304 ) (2048 -5120 -256 ) 
4 182 183 (2048 -4096 2304 ) (2048 -4096 -256 ) (2048 -5120 -256 ) (2048 -5120 2304 ) 
4 183 230 (1024 -5120 -256 ) (1024 -5120 2304 ) (1024 -4096 2304 ) (1024 -4096 -256 ) 
4 183 201 (2048 -5120 -256 ) (2048 -5120 2304 ) (1024 -5120 2304 ) (1024 -5120 -256 ) 
4 184 186 (7168 -6144 -256 ) (7168 -6144 2304 ) (6144 -6144 2304 ) (6144 -6144 -256 ) 
4 184 185 (6144 -5120 2304 ) (6144 -5120 -256 ) (6144 -6144 -256 ) (6144 -6144 2304 ) 
4 185 194 (5120 -5120 2304 ) (5120 -5120 -256 ) (5120 -6144 -256 ) (5120 -6144 2304 ) 
4 185 187 (6144 -6144 -256 ) (6144 -6144 2304 ) (5120 -6144 2304 ) (5120 -6144 -256 ) 
4 186 188 (7168 -7168 -256 ) (7168 -7168 2304 ) (6144 -7168 2304 ) (6144 -7168 -256 ) 
4 186 187 (6144 -7168 -256 ) (6144 -7168 2304 ) (6144 -6144 2304 ) (6144 -6144 -256 ) 
4 187 196 (5120 -7168 -256 ) (5120 -7168 2304 ) (5120 -6144 2304 ) (5120 -6144 -256 ) 
4 187 189 (5120 -7168 2304 ) (5120 -7168 -256 ) (6144 -7168 -256 ) (6144 -7168 2304 ) 
4 188 190 (7168 -8192 -256 ) (7168 -8192 2304 ) (6144 -8192 2304 ) (6144 -8192 -256 ) 
4 188 189 (6144 -7168 2304 ) (6144 -7168 -256 ) (6144 -8192 -256 ) (6144 -8192 2304 ) 
4 189 198 (5120 -8192 -256 ) (5120 -8192 2304 ) (5120 -7168 2304 ) (5120 -7168 -256 ) 
4 189 191 (6144 -8192 -256 ) (6144 -8192 2304 ) (5120 -8192 2304 ) (5120 -8192 -256 ) 
4 190 192 (7168 -9216 -256 ) (7168 -9216 2304 ) (6144 -9216 2304 ) (6144 -9216 -256 ) 
4 190 191 (6144 -8192 2304 ) (6144 -8192 -256 ) (6144 -9216 -256 ) (6144 -9216 2304 ) 
4 191 206 (5120 -9216 -256 ) (5120 -9216 2304 ) (5120 -8192 2304 ) (5120 -8192 -256 ) 
4 191 193 (6144 -9216 -256 ) (6144 -9216 2304 ) (5120 -9216 2304 ) (5120 -9216 -256 ) 
4 192 193 (6144 -9728 -256 ) (6144 -9728 2304 ) (6144 -9216 2304 ) (6144 -9216 -256 ) 
4 193 208 (5120 -9728 -256 ) (5120 -9728 2304 ) (5120 -9216 2304 ) (5120 -9216 -256 ) 
4 194 196 (5120 -6144 -256 ) (5120 -6144 2304 ) (4096 -6144 2304 ) (4096 -6144 -256 ) 
4 194 195 (4096 -5120 2304 ) (4096 -5120 -256 ) (4096 -6144 -256 ) (4096 -6144 2304 ) 
4 195 200 (3072 -5120 2304 ) (3072 -5120 -256 ) (3072 -6144 -256 ) (3072 -6144 2304 ) 
4 195 197 (4096 -6144 -256 ) (4096 -6144 2304 ) (3072 -6144 2304 ) (3072 -6144 -256 ) 
4 196 198 (5120 -7168 -256 ) (5120 -7168 2304 ) (4096 -7168 2304 ) (4096 -7168 -256 ) 
4 196 197 (4096 -7168 -256 ) (4096 -7168 2304 ) (4096 -6144 2304 ) (4096 -6144 -256 ) 
4 197 202 (3072 -7168 -256 ) (3072 -7168 2304 ) (3072 -6144 2304 ) (3072 -6144 -256 ) 
4 197 199 (3072 -7168 2304 ) (3072 -7168 -256 ) (4096 -7168 -256 ) (4096 -7168 2304 ) 
4 198 206 (5120 -8192 -256 ) (5120 -8192 2304 ) (4096 -8192 2304 ) (4096 -8192 -256 ) 
4 198 199 (4096 -7168 2304 ) (4096 -7168 -256 ) (4096 -8192 -256 ) (4096 -8192 2304 ) 
4 199 207 (4096 -8192 -256 ) (4096 -8192 2304 ) (3072 -8192 2304 ) (3072 -8192 -256 ) 
4 199 204 (3072 -8192 -256 ) (3072 -8192 2304 ) (3072 -7168 2304 ) (3072 -7168 -256 ) 
4 200 202 (3072 -6144 -256 ) (3072 -6144 2304 ) (2048 -6144 2304 ) (2048 -6144 -256 ) 
4 200 201 (2048 -5120 2304 ) (2048 -5120 -256 ) (2048 -6144 -256 ) (2048 -6144 2304 ) 
4 201 383 (1024 -6144 -256 ) (1024 -6144 2304 ) (1024 -5120 2304 ) (1024 -5120 -256 ) 
4 201 203 (2048 -6144 -256 ) (2048 -6144 2304 ) (1024 -6144 2304 ) (1024 -6144 -256 ) 
4 202 204 (3072 -7168 -256 ) (3072 -7168 2304 ) (2048 -7168 2304 ) (2048 -7168 -256 ) 
4 202 203 (2048 -7168 -256 ) (2048 -7168 2304 ) (2048 -6144 2304 ) (2048 -6144 -256 ) 
4 203 385 (1024 -7168 -256 ) (1024 -7168 2304 ) (1024 -6144 2304 ) (1024 -6144 -256 ) 
4 203 205 (1024 -7168 2304 ) (1024 -7168 -256 ) (2048 -7168 -256 ) (2048 -7168 2304 ) 
4 204 210 (3072 -8192 -256 ) (3072 -8192 2304 ) (2048 -8192 2304 ) (2048 -8192 -256 ) 
4 204 205 (2048 -7168 2304 ) (2048 -7168 -256 ) (2048 -8192 -256 ) (2048 -8192 2304 ) 
4 205 387 (1024 -8192 -256 ) (1024 -8192 2304 ) (1024 -7168 2304 ) (1024 -7168 -256 ) 
4 205 211 (2048 -8192 -256 ) (2048 -8192 2304 ) (1024 -8192 2304 ) (1024 -8192 -256 ) 
4 206 208 (5120 -9216 -256 ) (5120 -9216 2304 ) (4096 -9216 2304 ) (4096 -9216 -256 ) 
4 206 207 (4096 -8192 2304 ) (4096 -8192 -256 ) (4096 -9216 -256 ) (4096 -9216 2304 ) 
4 207 210 (3072 -8192 2304 ) (3072 -8192 -256 ) (3072 -9216 -256 ) (3072 -9216 2304 ) 
4 207 209 (4096 -9216 -256 ) (4096 -9216 2304 ) (3072 -9216 2304 ) (3072 -9216 -256 ) 
4 208 209 (4096 -9728 -256 ) (4096 -9728 2304 ) (4096 -9216 2304 ) (4096 -9216 -256 ) 
4 209 212 (3072 -9728 -256 ) (3072 -9728 2304 ) (3072 -9216 2304 ) (3072 -9216 -256 ) 
4 210 212 (3072 -9216 -256 ) (3072 -9216 2304 ) (2048 -9216 2304 ) (2048 -9216 -256 ) 
4 210 211 (2048 -8192 2304 ) (2048 -8192 -256 ) (2048 -9216 -256 ) (2048 -9216 2304 ) 
4 211 395 (1024 -9216 -256 ) (1024 -9216 2304 ) (1024 -8192 2304 ) (1024 -8192 -256 ) 
4 211 213 (2048 -9216 -256 ) (2048 -9216 2304 ) (1024 -9216 2304 ) (1024 -9216 -256 ) 
4 212 213 (2048 -9728 -256 ) (2048 -9728 2304 ) (2048 -9216 2304 ) (2048 -9216 -256 ) 
4 213 397 (1024 -9728 -256 ) (1024 -9728 2304 ) (1024 -9216 2304 ) (1024 -9216 -256 ) 
4 214 216 (1024 0 -256 ) (1024 0 2304 ) (0 0 2304 ) (0 0 -256 ) 
4 214 215 (0 1024 2304 ) (0 1024 -256 ) (0 0 -256 ) (0 0 2304 ) 
4 215 220 (-1024 1024 2304 ) (-1024 1024 -256 ) (-1024 0 -256 ) (-1024 0 2304 ) 
4 215 217 (0 0 -256 ) (0 0 2304 ) (-1024 0 2304 ) (-1024 0 -256 ) 
4 216 218 (1024 -1024 -256 ) (1024 -1024 2304 ) (0 -1024 2304 ) (0 -1024 -256 ) 
4 216 217 (0 -1024 -256 ) (0 -1024 2304 ) (0 0 2304 ) (0 0 -256 ) 
4 217 222 (-1024 -1024 -256 ) (-1024 -1024 2304 ) (-1024 0 2304 ) (-1024 0 -256 ) 
4 217 219 (-1024 -1024 2304 ) (-1024 -1024 -256 ) (0 -1024 -256 ) (0 -1024 2304 ) 
4 218 226 (1024 -2048 -256 ) (1024 -2048 2304 ) (0 -2048 2304 ) (0 -2048 -256 ) 
4 218 219 (0 -1024 2304 ) (0 -1024 -256 ) (0 -2048 -256 ) (0 -2048 2304 ) 
4 219 227 (0 -2048 -256 ) (0 -2048 2304 ) (-1024 -2048 2304 ) (-1024 -2048 -256 ) 
4 219 224 (-1024 -2048 -256 ) (-1024 -2048 2304 ) (-1024 -1024 2304 ) (-1024 -1024 -256 ) 
4 220 222 (-1024 0 -256 ) (-1024 0 2304 ) (-2048 0 2304 ) (-2048 0 -256 ) 
4 220 221 (-2048 1024 2304 ) (-2048 1024 -256 ) (-2048 0 -256 ) (-2048 0 2304 ) 
4 221 333 (-3072 1024 2304 ) (-3072 1024 -256 ) (-3072 0 -256 ) (-3072 0 2304 ) 
4 221 223 (-2048 0 -256 ) (-2048 0 2304 ) (-3072 0 2304 ) (-3072 0 -256 ) 
4 222 224 (-1024 -1024 -256 ) (-1024 -1024 2304 ) (-2048 -1024 2304 ) (-2048 -1024 -256 ) 
4 222 223 (-2048 -1024 -256 ) (-2048 -1024 2304 ) (-2048 0 2304 ) (-2048 0 -256 ) 
4 223 335 (-3072 -1024 -256 ) (-3072 -1024 2304 ) (-3072 0 2304 ) (-3072 0 -256 ) 
4 223 225 (-3072 -1024 2304 ) (-3072 -1024 -256 ) (-2048 -1024 -256 ) (-2048 -1024 2304 ) 
4 224 246 (-1024 -2048 -256 ) (-1024 -2048 0 ) (-1440 -2048 0 ) (-1440 -2048 -256 ) 
4 224 239 (-1024 -2048 0 ) (-1024 -2048 304 ) (-1440 -2048 304 ) (-1440 -2048 0 ) 
4 224 236 (-1024 -2048 304 ) (-1024 -2048 320 ) (-1440 -2048 320 ) (-1440 -2048 304 ) 
4 224 233 (-1680 -2048 2304 ) (-2048 -2048 2304 ) (-2048 -2048 320 ) (-1680 -2048 320 ) 
4 224 232 (-1024 -2048 320 ) (-1024 -2048 2304 ) (-1680 -2048 2304 ) (-1680 -2048 320 ) 
4 224 225 (-2048 -1024 2304 ) (-2048 -1024 -256 ) (-2048 -2048 -256 ) (-2048 -2048 2304 ) 
4 225 337 (-3072 -2048 -256 ) (-3072 -2048 2304 ) (-3072 -1024 2304 ) (-3072 -1024 -256 ) 
4 225 310 (-2560 -2048 0 ) (-2752 -2048 0 ) (-2752 -2048 -256 ) (-2560 -2048 -256 ) 
4 225 308 (-2208 -2048 0 ) (-2560 -2048 0 ) (-2560 -2048 -256 ) (-2208 -2048 -256 ) 
4 225 301 (-3064 -2048 128 ) (-3064 -2048 48 ) (-3024 -2048 48 ) (-3024 -2048 128 ) 
4 225 289 (-2736 -2048 144 ) (-2752 -2048 144 ) (-2752 -2048 0 ) (-2736 -2048 0 ) 
4 225 284 (-2208 -2048 144 ) (-2736 -2048 144 ) (-2736 -2048 0 ) (-2208 -2048 0 ) 
4 225 271 (-3064 -2048 288 ) (-3064 -2048 208 ) (-3024 -2048 208 ) (-3024 -2048 288 ) 
4 225 270 (-2880 -2048 288 ) (-2880 -2048 208 ) (-2840 -2048 208 ) (-2840 -2048 288 ) 
4 225 260 (-2560 -2048 272 ) (-2752 -2048 272 ) (-2752 -2048 144 ) (-2560 -2048 144 ) 
4 225 258 (-2208 -2048 272 ) (-2560 -2048 272 ) (-2560 -2048 144 ) (-2208 -2048 144 ) 
4 225 255 (-2304 -2048 304 ) (-2752 -2048 304 ) (-2752 -2048 272 ) (-2304 -2048 272 ) 
4 225 254 (-2208 -2048 304 ) (-2304 -2048 304 ) (-2304 -2048 272 ) (-2208 -2048 272 ) 
4 225 252 (-2304 -2048 320 ) (-2752 -2048 320 ) (-2752 -2048 304 ) (-2304 -2048 304 ) 
4 225 251 (-2208 -2048 320 ) (-2304 -2048 320 ) (-2304 -2048 304 ) (-2208 -2048 304 ) 
4 225 248 (-2048 -2048 320 ) (-2048 -2048 2304 ) (-3072 -2048 2304 ) (-3072 -2048 320 ) 
4 226 228 (1024 -3072 -256 ) (1024 -3072 2304 ) (0 -3072 2304 ) (0 -3072 -256 ) 
4 226 227 (0 -2048 2304 ) (0 -2048 -256 ) (0 -3072 -256 ) (0 -3072 2304 ) 
4 227 246 (-1024 -2048 0 ) (-1024 -2048 -256 ) (-1024 -3072 -256 ) (-1024 -3072 0 ) 
4 227 239 (-1024 -2048 304 ) (-1024 -2048 0 ) (-1024 -3072 0 ) (-1024 -3072 304 ) 
4 227 237 (-1024 -2560 304 ) (-1024 -3072 304 ) (-1024 -3072 320 ) (-1024 -2560 320 ) 
4 227 236 (-1024 -2048 320 ) (-1024 -2048 304 ) (-1024 -2560 304 ) (-1024 -2560 320 ) 
4 227 234 (-1024 -2320 320 ) (-1024 -3072 320 ) (-1024 -3072 2304 ) (-1024 -2320 2304 ) 
4 227 232 (-1024 -2048 2304 ) (-1024 -2048 320 ) (-1024 -2320 320 ) (-1024 -2320 2304 ) 
4 227 229 (0 -3072 -256 ) (0 -3072 2304 ) (-1024 -3072 2304 ) (-1024 -3072 -256 ) 
4 228 230 (1024 -4096 -256 ) (1024 -4096 2304 ) (0 -4096 2304 ) (0 -4096 -256 ) 
4 228 229 (0 -4096 -256 ) (0 -4096 2304 ) (0 -3072 2304 ) (0 -3072 -256 ) 
4 229 328 (-1024 -4096 -256 ) (-1024 -4096 0 ) (-1024 -3072 0 ) (-1024 -3072 -256 ) 
4 229 326 (-1024 -4096 0 ) (-1024 -4096 304 ) (-1024 -3584 304 ) (-1024 -3584 0 ) 
4 229 319 (-1024 -3584 304 ) (-1024 -3072 304 ) (-1024 -3072 0 ) (-1024 -3584 0 ) 
4 229 317 (-1024 -4096 304 ) (-1024 -4096 320 ) (-1024 -3072 320 ) (-1024 -3072 304 ) 
4 229 314 (-1024 -4096 320 ) (-1024 -4096 2304 ) (-1024 -3072 2304 ) (-1024 -3072 320 ) 
4 229 231 (-1024 -4096 2304 ) (-1024 -4096 -256 ) (0 -4096 -256 ) (0 -4096 2304 ) 
4 230 383 (1024 -5120 -256 ) (1024 -5120 2304 ) (0 -5120 2304 ) (0 -5120 -256 ) 
4 230 231 (0 -4096 2304 ) (0 -4096 -256 ) (0 -5120 -256 ) (0 -5120 2304 ) 
4 231 384 (0 -5120 -256 ) (0 -5120 2304 ) (-1024 -5120 2304 ) (-1024 -5120 -256 ) 
4 231 331 (-1024 -5120 -256 ) (-1024 -5120 2304 ) (-1024 -4096 2304 ) (-1024 -4096 -256 ) 
4 232 236 (-1440 -2048 320 ) (-1024 -2048 320 ) (-1024 -2320 320 ) (-1440 -2320 320 ) 
4 232 234 (-1680 -2320 320 ) (-1024 -2320 320 ) (-1024 -2320 2304 ) (-1680 -2320 2304 ) 
4 232 233 (-1680 -2048 320 ) (-1680 -2288 320 ) (-1680 -2288 2304 ) (-1680 -2048 2304 ) 
4 233 248 (-2048 -2048 2304 ) (-2048 -2048 320 ) (-2048 -2288 320 ) (-2048 -2288 2304 ) 
4 234 314 (-1024 -3072 320 ) (-1024 -3072 2304 ) (-1680 -3072 2304 ) (-1680 -3072 320 ) 
4 234 237 (-1024 -2560 320 ) (-1024 -3072 320 ) (-1440 -3072 320 ) (-1440 -2560 320 ) 
4 234 236 (-1440 -2320 320 ) (-1024 -2320 320 ) (-1024 -2560 320 ) (-1440 -2560 320 ) 
4 235 316 (-1712 -3072 2304 ) (-2048 -3072 2304 ) (-2048 -3072 320 ) (-1712 -3072 320 ) 
4 235 250 (-2048 -2320 320 ) (-2048 -3072 320 ) (-2048 -3072 2304 ) (-2048 -2320 2304 ) 
4 235 238 (-2048 -3072 320 ) (-2048 -2560 320 ) (-1952 -2560 320 ) (-1952 -3072 320 ) 
4 236 239 (-1440 -2048 304 ) (-1024 -2048 304 ) (-1024 -2560 304 ) (-1440 -2560 304 ) 
4 236 237 (-1440 -2560 304 ) (-1024 -2560 304 ) (-1024 -2560 320 ) (-1440 -2560 320 ) 
4 237 317 (-1024 -3072 304 ) (-1024 -3072 320 ) (-1440 -3072 320 ) (-1440 -3072 304 ) 
4 237 239 (-1024 -3072 304 ) (-1440 -3072 304 ) (-1440 -2560 304 ) (-1024 -2560 304 ) 
4 238 318 (-1952 -3072 320 ) (-2048 -3072 320 ) (-2048 -3072 304 ) (-1952 -3072 304 ) 
4 238 253 (-2048 -2560 304 ) (-2048 -3072 304 ) (-2048 -3072 320 ) (-2048 -2560 320 ) 
4 238 245 (-1952 -3072 304 ) (-2048 -3072 304 ) (-2048 -2560 304 ) (-1952 -2560 304 ) 
4 239 319 (-1024 -3072 0 ) (-1024 -3072 304 ) (-1440 -3072 304 ) (-1440 -3072 0 ) 
4 239 246 (-1440 -2048 0 ) (-1024 -2048 0 ) (-1024 -3072 0 ) (-1440 -3072 0 ) 
4 239 241 (-1440 -2976 0 ) (-1440 -3040 0 ) (-1440 -3040 112 ) (-1440 -2976 112 ) 
4 239 240 (-1440 -2744 0 ) (-1440 -2888 0 ) (-1440 -2888 144 ) (-1440 -2744 144 ) 
4 240 243 (-1456 -2848 0 ) (-1456 -2888 0 ) (-1456 -2888 144 ) (-1456 -2848 144 ) 
4 240 242 (-1456 -2744 0 ) (-1456 -2848 0 ) (-1456 -2848 144 ) (-1456 -2744 144 ) 
4 241 243 (-1456 -2976 0 ) (-1456 -3040 0 ) (-1456 -3040 112 ) (-1456 -2976 112 ) 
4 242 243 (-1936 -2848 0 ) (-1456 -2848 0 ) (-1456 -2848 304 ) (-1936 -2848 304 ) 
4 243 321 (-1936 -3072 64 ) (-1936 -3072 0 ) (-1456 -3072 0 ) (-1456 -3072 64 ) 
4 243 320 (-1456 -3072 304 ) (-1936 -3072 304 ) (-1936 -3072 64 ) (-1456 -3072 64 ) 
4 243 244 (-1936 -2848 144 ) (-1936 -2848 0 ) (-1936 -2992 0 ) (-1936 -2992 144 ) 
4 244 245 (-1952 -2848 0 ) (-1952 -2992 0 ) (-1952 -2992 144 ) (-1952 -2848 144 ) 
4 245 325 (-1952 -3072 304 ) (-2048 -3072 304 ) (-2048 -3072 0 ) (-1952 -3072 0 ) 
4 245 290 (-2048 -2560 0 ) (-2048 -3072 0 ) (-2048 -3072 144 ) (-2048 -2560 144 ) 
4 245 267 (-2048 -3072 144 ) (-2048 -3072 304 ) (-2048 -2560 304 ) (-2048 -2560 144 ) 
4 245 247 (-2048 -3072 0 ) (-2048 -2560 0 ) (-1952 -2560 0 ) (-1952 -3072 0 ) 
4 246 328 (-1024 -3072 -256 ) (-1024 -3072 0 ) (-1440 -3072 0 ) (-1440 -3072 -256 ) 
4 247 329 (-1952 -3072 -256 ) (-1952 -3072 0 ) (-2048 -3072 0 ) (-2048 -3072 -256 ) 
4 247 312 (-2048 -2560 -256 ) (-2048 -3072 -256 ) (-2048 -3072 0 ) (-2048 -2560 0 ) 
4 248 345 (-3072 -2288 2304 ) (-3072 -2048 2304 ) (-3072 -2048 320 ) (-3072 -2288 320 ) 
4 248 252 (-2304 -2288 320 ) (-2752 -2288 320 ) (-2752 -2048 320 ) (-2304 -2048 320 ) 
4 248 251 (-2304 -2080 320 ) (-2304 -2048 320 ) (-2208 -2048 320 ) (-2208 -2080 320 ) 
4 248 249 (-2872 -2288 320 ) (-2088 -2288 320 ) (-2088 -2288 2304 ) (-2872 -2288 2304 ) 
4 249 252 (-2752 -2304 320 ) (-2752 -2288 320 ) (-2304 -2288 320 ) (-2304 -2304 320 ) 
4 249 250 (-2872 -2320 320 ) (-2088 -2320 320 ) (-2088 -2320 2304 ) (-2872 -2320 2304 ) 
4 250 346 (-3072 -3072 320 ) (-3072 -3072 2304 ) (-3072 -2320 2304 ) (-3072 -2320 320 ) 
4 250 330 (-2048 -3072 320 ) (-2048 -3072 2304 ) (-3072 -3072 2304 ) (-3072 -3072 320 ) 
4 250 253 (-2048 -2560 320 ) (-2048 -3072 320 ) (-3072 -3072 320 ) (-3072 -2560 320 ) 
4 251 254 (-2304 -2048 304 ) (-2208 -2048 304 ) (-2208 -2080 304 ) (-2304 -2080 304 ) 
4 251 252 (-2304 -2048 304 ) (-2304 -2080 304 ) (-2304 -2080 320 ) (-2304 -2048 320 ) 
4 252 257 (-2560 -2304 304 ) (-2752 -2304 304 ) (-2752 -2112 304 ) (-2560 -2112 304 ) 
4 252 256 (-2304 -2112 304 ) (-2304 -2304 304 ) (-2560 -2304 304 ) (-2560 -2112 304 ) 
4 252 255 (-2752 -2048 304 ) (-2304 -2048 304 ) (-2304 -2112 304 ) (-2752 -2112 304 ) 
4 253 349 (-3072 -3072 304 ) (-3072 -3072 320 ) (-3072 -2560 320 ) (-3072 -2560 304 ) 
4 253 330 (-2048 -3072 304 ) (-2048 -3072 320 ) (-3072 -3072 320 ) (-3072 -3072 304 ) 
4 253 283 (-2768 -3072 304 ) (-3072 -3072 304 ) (-3072 -2560 304 ) (-2768 -2560 304 ) 
4 253 269 (-2752 -3072 304 ) (-2768 -3072 304 ) (-2768 -2560 304 ) (-2752 -2560 304 ) 
4 253 267 (-2048 -3072 304 ) (-2752 -3072 304 ) (-2752 -2560 304 ) (-2048 -2560 304 ) 
4 254 258 (-2304 -2080 272 ) (-2304 -2048 272 ) (-2208 -2048 272 ) (-2208 -2080 272 ) 
4 254 255 (-2304 -2048 272 ) (-2304 -2080 272 ) (-2304 -2080 304 ) (-2304 -2048 304 ) 
4 255 260 (-2752 -2112 272 ) (-2752 -2048 272 ) (-2560 -2048 272 ) (-2560 -2112 272 ) 
4 255 259 (-2304 -2080 272 ) (-2304 -2112 272 ) (-2560 -2112 272 ) (-2560 -2080 272 ) 
4 255 258 (-2560 -2048 272 ) (-2304 -2048 272 ) (-2304 -2080 272 ) (-2560 -2080 272 ) 
4 255 257 (-2752 -2112 304 ) (-2752 -2112 288 ) (-2560 -2112 288 ) (-2560 -2112 304 ) 
4 255 256 (-2560 -2112 272 ) (-2304 -2112 272 ) (-2304 -2112 304 ) (-2560 -2112 304 ) 
4 256 266 (-2544 -2304 272 ) (-2320 -2304 272 ) (-2320 -2304 304 ) (-2544 -2304 304 ) 
4 256 259 (-2304 -2304 272 ) (-2560 -2304 272 ) (-2560 -2112 272 ) (-2304 -2112 272 ) 
4 256 257 (-2560 -2112 304 ) (-2560 -2112 288 ) (-2560 -2304 288 ) (-2560 -2304 304 ) 
4 258 284 (-2560 -2080 144 ) (-2560 -2048 144 ) (-2208 -2048 144 ) (-2208 -2080 144 ) 
4 258 260 (-2560 -2048 144 ) (-2560 -2080 144 ) (-2560 -2080 272 ) (-2560 -2048 272 ) 
4 258 259 (-2560 -2080 272 ) (-2560 -2080 144 ) (-2304 -2080 144 ) (-2304 -2080 272 ) 
4 259 288 (-2304 -2304 144 ) (-2560 -2304 144 ) (-2560 -2128 144 ) (-2304 -2128 144 ) 
4 259 286 (-2560 -2128 144 ) (-2560 -2112 144 ) (-2304 -2112 144 ) (-2304 -2128 144 ) 
4 259 285 (-2560 -2112 144 ) (-2560 -2080 144 ) (-2304 -2080 144 ) (-2304 -2112 144 ) 
4 259 266 (-2544 -2304 144 ) (-2320 -2304 144 ) (-2320 -2304 272 ) (-2544 -2304 272 ) 
4 259 262 (-2560 -2228 176 ) (-2560 -2228 256 ) (-2560 -2188 256 ) (-2560 -2188 176 ) 
4 259 260 (-2560 -2080 144 ) (-2560 -2112 144 ) (-2560 -2112 272 ) (-2560 -2080 272 ) 
4 260 289 (-2752 -2112 144 ) (-2752 -2048 144 ) (-2736 -2048 144 ) (-2736 -2112 144 ) 
4 260 285 (-2560 -2080 144 ) (-2560 -2112 144 ) (-2736 -2112 144 ) (-2736 -2080 144 ) 
4 260 284 (-2736 -2048 144 ) (-2560 -2048 144 ) (-2560 -2080 144 ) (-2736 -2080 144 ) 
4 260 261 (-2676 -2112 256 ) (-2676 -2112 176 ) (-2636 -2112 176 ) (-2636 -2112 256 ) 
4 261 263 (-2636 -2128 176 ) (-2636 -2128 256 ) (-2676 -2128 256 ) (-2676 -2128 176 ) 
4 262 263 (-2576 -2228 176 ) (-2576 -2228 256 ) (-2576 -2188 256 ) (-2576 -2188 176 ) 
4 263 265 (-2736 -2144 144 ) (-2736 -2208 144 ) (-2736 -2208 256 ) (-2736 -2144 256 ) 
4 263 264 (-2736 -2228 272 ) (-2736 -2228 144 ) (-2576 -2228 144 ) (-2576 -2228 272 ) 
4 265 268 (-2752 -2144 144 ) (-2752 -2208 144 ) (-2752 -2208 256 ) (-2752 -2144 256 ) 
4 266 291 (-2320 -2560 144 ) (-2544 -2560 144 ) (-2544 -2304 144 ) (-2320 -2304 144 ) 
4 266 267 (-2544 -2560 144 ) (-2320 -2560 144 ) (-2320 -2560 304 ) (-2544 -2560 304 ) 
4 267 330 (-2048 -3072 144 ) (-2048 -3072 304 ) (-2752 -3072 304 ) (-2752 -3072 144 ) 
4 267 293 (-2544 -3072 144 ) (-2752 -3072 144 ) (-2752 -2560 144 ) (-2544 -2560 144 ) 
4 267 292 (-2208 -3072 144 ) (-2544 -3072 144 ) (-2544 -2560 144 ) (-2208 -2560 144 ) 
4 267 290 (-2048 -2560 144 ) (-2048 -3072 144 ) (-2208 -3072 144 ) (-2208 -2560 144 ) 
4 267 269 (-2752 -2560 144 ) (-2752 -3072 144 ) (-2752 -3072 304 ) (-2752 -2560 304 ) 
4 268 273 (-2768 -2208 160 ) (-2768 -2208 272 ) (-2768 -2176 272 ) (-2768 -2176 160 ) 
4 268 272 (-2768 -2176 272 ) (-2768 -2144 272 ) (-2768 -2144 160 ) (-2768 -2176 160 ) 
4 269 330 (-2752 -3072 304 ) (-2768 -3072 304 ) (-2768 -3072 144 ) (-2752 -3072 144 ) 
4 269 300 (-2752 -3072 144 ) (-2768 -3072 144 ) (-2768 -2560 144 ) (-2752 -2560 144 ) 
4 269 283 (-2768 -2560 144 ) (-2768 -3072 144 ) (-2768 -3072 304 ) (-2768 -2560 304 ) 
4 270 272 (-2840 -2064 208 ) (-2840 -2064 288 ) (-2880 -2064 288 ) (-2880 -2064 208 ) 
4 271 272 (-3024 -2064 208 ) (-3024 -2064 288 ) (-3064 -2064 288 ) (-3064 -2064 208 ) 
4 272 352 (-3072 -2176 304 ) (-3072 -2064 304 ) (-3072 -2064 160 ) (-3072 -2176 160 ) 
4 272 275 (-3072 -2176 160 ) (-3008 -2176 160 ) (-3008 -2176 272 ) (-3072 -2176 272 ) 
4 272 273 (-2928 -2176 160 ) (-2768 -2176 160 ) (-2768 -2176 304 ) (-2928 -2176 304 ) 
4 273 277 (-2880 -2224 160 ) (-2816 -2224 160 ) (-2816 -2224 272 ) (-2880 -2224 272 ) 
4 274 280 (-3008 -2224 160 ) (-2944 -2224 160 ) (-2944 -2224 304 ) (-3008 -2224 304 ) 
4 274 276 (-3008 -2192 160 ) (-3008 -2224 160 ) (-3008 -2224 304 ) (-3008 -2192 304 ) 
4 275 276 (-3072 -2192 160 ) (-3008 -2192 160 ) (-3008 -2192 272 ) (-3072 -2192 272 ) 
4 276 353 (-3072 -2224 304 ) (-3072 -2192 304 ) (-3072 -2192 160 ) (-3072 -2224 160 ) 
4 276 280 (-3072 -2224 160 ) (-3008 -2224 160 ) (-3008 -2224 304 ) (-3072 -2224 304 ) 
4 277 278 (-2880 -2240 272 ) (-2880 -2240 160 ) (-2816 -2240 160 ) (-2816 -2240 272 ) 
4 278 281 (-2880 -2544 288 ) (-2880 -2544 208 ) (-2840 -2544 208 ) (-2840 -2544 288 ) 
4 278 279 (-2880 -2240 160 ) (-2880 -2544 160 ) (-2880 -2544 304 ) (-2880 -2240 304 ) 
4 280 353 (-3072 -2544 304 ) (-3072 -2224 304 ) (-3072 -2224 160 ) (-3072 -2544 160 ) 
4 280 282 (-3064 -2544 288 ) (-3064 -2544 208 ) (-3024 -2544 208 ) (-3024 -2544 288 ) 
4 281 283 (-2840 -2560 208 ) (-2840 -2560 288 ) (-2880 -2560 288 ) (-2880 -2560 208 ) 
4 282 283 (-3024 -2560 208 ) (-3024 -2560 288 ) (-3064 -2560 288 ) (-3064 -2560 208 ) 
4 283 356 (-3072 -3072 144 ) (-3072 -3072 304 ) (-3072 -2560 304 ) (-3072 -2560 144 ) 
4 283 330 (-2768 -3072 304 ) (-3072 -3072 304 ) (-3072 -3072 144 ) (-2768 -3072 144 ) 
4 283 307 (-2768 -3072 144 ) (-3072 -3072 144 ) (-3072 -2560 144 ) (-2768 -2560 144 ) 
4 284 310 (-2736 -2048 0 ) (-2560 -2048 0 ) (-2560 -2080 0 ) (-2736 -2080 0 ) 
4 284 308 (-2560 -2048 0 ) (-2208 -2048 0 ) (-2208 -2080 0 ) (-2560 -2080 0 ) 
4 284 289 (-2736 -2048 0 ) (-2736 -2080 0 ) (-2736 -2080 144 ) (-2736 -2048 144 ) 
4 284 285 (-2736 -2080 144 ) (-2736 -2080 0 ) (-2304 -2080 0 ) (-2304 -2080 144 ) 
4 285 310 (-2560 -2112 0 ) (-2736 -2112 0 ) (-2736 -2080 0 ) (-2560 -2080 0 ) 
4 285 309 (-2304 -2112 0 ) (-2560 -2112 0 ) (-2560 -2080 0 ) (-2304 -2080 0 ) 
4 285 289 (-2736 -2080 0 ) (-2736 -2112 0 ) (-2736 -2112 144 ) (-2736 -2080 144 ) 
4 285 287 (-2640 -2112 24 ) (-2640 -2112 60 ) (-2672 -2112 60 ) (-2672 -2112 24 ) 
4 285 286 (-2560 -2112 0 ) (-2304 -2112 0 ) (-2304 -2112 144 ) (-2560 -2112 144 ) 
4 286 309 (-2304 -2128 0 ) (-2560 -2128 0 ) (-2560 -2112 0 ) (-2304 -2112 0 ) 
4 286 288 (-2560 -2128 0 ) (-2304 -2128 0 ) (-2304 -2128 144 ) (-2560 -2128 144 ) 
4 288 309 (-2304 -2304 0 ) (-2560 -2304 0 ) (-2560 -2128 0 ) (-2304 -2128 0 ) 
4 288 291 (-2544 -2304 0 ) (-2320 -2304 0 ) (-2320 -2304 144 ) (-2544 -2304 144 ) 
4 289 310 (-2752 -2112 0 ) (-2752 -2048 0 ) (-2736 -2048 0 ) (-2736 -2112 0 ) 
4 290 330 (-2048 -3072 0 ) (-2048 -3072 144 ) (-2208 -3072 144 ) (-2208 -3072 0 ) 
4 290 312 (-2048 -3072 0 ) (-2208 -3072 0 ) (-2208 -2560 0 ) (-2048 -2560 0 ) 
4 290 292 (-2208 -2560 0 ) (-2208 -3072 0 ) (-2208 -3072 144 ) (-2208 -2560 144 ) 
4 291 311 (-2544 -2560 0 ) (-2544 -2304 0 ) (-2320 -2304 0 ) (-2320 -2560 0 ) 
4 291 295 (-2544 -2400 0 ) (-2544 -2464 0 ) (-2544 -2464 112 ) (-2544 -2400 112 ) 
4 291 292 (-2544 -2560 144 ) (-2544 -2560 0 ) (-2320 -2560 0 ) (-2320 -2560 144 ) 
4 292 330 (-2208 -3072 144 ) (-2544 -3072 144 ) (-2544 -3072 0 ) (-2208 -3072 0 ) 
4 292 312 (-2208 -3072 0 ) (-2544 -3072 0 ) (-2544 -2560 0 ) (-2208 -2560 0 ) 
4 292 298 (-2544 -2560 0 ) (-2544 -3072 0 ) (-2544 -3072 128 ) (-2544 -2560 128 ) 
4 292 293 (-2544 -3072 128 ) (-2544 -3072 144 ) (-2544 -2560 144 ) (-2544 -2560 128 ) 
4 293 330 (-2544 -3072 144 ) (-2752 -3072 144 ) (-2752 -3072 128 ) (-2544 -3072 128 ) 
4 293 300 (-2752 -3072 128 ) (-2752 -3072 144 ) (-2752 -2560 144 ) (-2752 -2560 128 ) 
4 293 298 (-2752 -3072 128 ) (-2752 -2560 128 ) (-2544 -2560 128 ) (-2544 -3072 128 ) 
4 294 296 (-2560 -2400 128 ) (-2752 -2400 128 ) (-2752 -2400 0 ) (-2560 -2400 0 ) 
4 295 296 (-2560 -2400 112 ) (-2560 -2400 0 ) (-2560 -2464 0 ) (-2560 -2464 112 ) 
4 296 297 (-2560 -2464 128 ) (-2752 -2464 128 ) (-2752 -2464 0 ) (-2560 -2464 0 ) 
4 297 299 (-2752 -2464 0 ) (-2752 -2528 0 ) (-2752 -2528 112 ) (-2752 -2464 112 ) 
4 298 330 (-2752 -3072 128 ) (-2752 -3072 0 ) (-2544 -3072 0 ) (-2544 -3072 128 ) 
4 298 312 (-2544 -3072 0 ) (-2752 -3072 0 ) (-2752 -2560 0 ) (-2544 -2560 0 ) 
4 298 300 (-2752 -2560 0 ) (-2752 -3072 0 ) (-2752 -3072 128 ) (-2752 -2560 128 ) 
4 299 306 (-2768 -2464 0 ) (-2768 -2528 0 ) (-2768 -2528 112 ) (-2768 -2464 112 ) 
4 300 330 (-2752 -3072 144 ) (-2768 -3072 144 ) (-2768 -3072 0 ) (-2752 -3072 0 ) 
4 300 313 (-2752 -3072 0 ) (-2768 -3072 0 ) (-2768 -2560 0 ) (-2752 -2560 0 ) 
4 300 307 (-2768 -2560 0 ) (-2768 -3072 0 ) (-2768 -3072 144 ) (-2768 -2560 144 ) 
4 301 305 (-3024 -2064 48 ) (-3024 -2064 128 ) (-3064 -2064 128 ) (-3064 -2064 48 ) 
4 302 304 (-2888 -2064 144 ) (-2888 -2064 0 ) (-2888 -2304 0 ) (-2888 -2304 144 ) 
4 302 303 (-2888 -2304 112 ) (-2888 -2304 0 ) (-2824 -2304 0 ) (-2824 -2304 112 ) 
4 303 306 (-2888 -2320 0 ) (-2824 -2320 0 ) (-2824 -2320 112 ) (-2888 -2320 112 ) 
4 305 361 (-3072 -2320 144 ) (-3072 -2064 144 ) (-3072 -2064 0 ) (-3072 -2320 0 ) 
4 305 306 (-3072 -2320 0 ) (-2960 -2320 0 ) (-2960 -2320 144 ) (-3072 -2320 144 ) 
4 306 361 (-3072 -2544 144 ) (-3072 -2320 144 ) (-3072 -2320 0 ) (-3072 -2544 0 ) 
4 307 362 (-3072 -3072 0 ) (-3072 -3072 144 ) (-3072 -2560 144 ) (-3072 -2560 0 ) 
4 307 330 (-2768 -3072 144 ) (-3072 -3072 144 ) (-3072 -3072 0 ) (-2768 -3072 0 ) 
4 307 313 (-2768 -3072 0 ) (-3072 -3072 0 ) (-3072 -2560 0 ) (-2768 -2560 0 ) 
4 308 310 (-2560 -2048 -256 ) (-2560 -2080 -256 ) (-2560 -2080 0 ) (-2560 -2048 0 ) 
4 308 309 (-2560 -2080 0 ) (-2560 -2080 -256 ) (-2304 -2080 -256 ) (-2304 -2080 0 ) 
4 309 311 (-2544 -2304 -256 ) (-2320 -2304 -256 ) (-2320 -2304 0 ) (-2544 -2304 0 ) 
4 309 310 (-2560 -2080 -256 ) (-2560 -2112 -256 ) (-2560 -2112 0 ) (-2560 -2080 0 ) 
4 311 312 (-2544 -2560 -256 ) (-2320 -2560 -256 ) (-2320 -2560 0 ) (-2544 -2560 0 ) 
4 312 330 (-2048 -3072 -256 ) (-2048 -3072 0 ) (-2752 -3072 0 ) (-2752 -3072 -256 ) 
4 312 313 (-2752 -3072 -256 ) (-2752 -3072 0 ) (-2752 -2560 0 ) (-2752 -2560 -256 ) 
4 313 371 (-3072 -3072 -256 ) (-3072 -3072 0 ) (-3072 -2560 0 ) (-3072 -2560 -256 ) 
4 313 330 (-2752 -3072 -256 ) (-2752 -3072 0 ) (-3072 -3072 0 ) (-3072 -3072 -256 ) 
4 314 331 (-1024 -4096 320 ) (-1024 -4096 2304 ) (-1680 -4096 2304 ) (-1680 -4096 320 ) 
4 314 317 (-1440 -3072 320 ) (-1024 -3072 320 ) (-1024 -4096 320 ) (-1440 -4096 320 ) 
4 314 315 (-1680 -3976 320 ) (-1680 -4096 320 ) (-1680 -4096 2304 ) (-1680 -3976 2304 ) 
4 315 331 (-1680 -4096 2304 ) (-1712 -4096 2304 ) (-1712 -4096 320 ) (-1680 -4096 320 ) 
4 315 316 (-1712 -3976 320 ) (-1712 -4096 320 ) (-1712 -4096 2304 ) (-1712 -3976 2304 ) 
4 316 331 (-1712 -4096 2304 ) (-2048 -4096 2304 ) (-2048 -4096 320 ) (-1712 -4096 320 ) 
4 316 330 (-2048 -4096 320 ) (-2048 -4096 2304 ) (-2048 -3072 2304 ) (-2048 -3072 320 ) 
4 316 318 (-2048 -4096 320 ) (-2048 -3072 320 ) (-1952 -3072 320 ) (-1952 -4096 320 ) 
4 317 331 (-1024 -4096 304 ) (-1024 -4096 320 ) (-1440 -4096 320 ) (-1440 -4096 304 ) 
4 317 326 (-1024 -4096 304 ) (-1440 -4096 304 ) (-1440 -3584 304 ) (-1024 -3584 304 ) 
4 317 319 (-1440 -3584 304 ) (-1440 -3072 304 ) (-1024 -3072 304 ) (-1024 -3584 304 ) 
4 318 331 (-1952 -4096 320 ) (-2048 -4096 320 ) (-2048 -4096 304 ) (-1952 -4096 304 ) 
4 318 330 (-2048 -4096 304 ) (-2048 -4096 320 ) (-2048 -3072 320 ) (-2048 -3072 304 ) 
4 318 327 (-1952 -4096 304 ) (-2048 -4096 304 ) (-2048 -3584 304 ) (-1952 -3584 304 ) 
4 318 325 (-2048 -3584 304 ) (-2048 -3072 304 ) (-1952 -3072 304 ) (-1952 -3584 304 ) 
4 319 328 (-1440 -3072 0 ) (-1024 -3072 0 ) (-1024 -3584 0 ) (-1440 -3584 0 ) 
4 319 326 (-1440 -3584 0 ) (-1024 -3584 0 ) (-1024 -3584 304 ) (-1440 -3584 304 ) 
4 320 324 (-1936 -3152 144 ) (-1936 -3152 64 ) (-1936 -3296 64 ) (-1936 -3296 144 ) 
4 320 322 (-1600 -3328 64 ) (-1456 -3328 64 ) (-1456 -3456 64 ) (-1600 -3456 64 ) 
4 320 323 (-1936 -3456 64 ) (-1936 -3328 64 ) (-1792 -3328 64 ) (-1792 -3456 64 ) 
4 320 321 (-1936 -3328 64 ) (-1936 -3072 64 ) (-1456 -3072 64 ) (-1456 -3328 64 ) 
4 321 324 (-1936 -3152 0 ) (-1936 -3296 0 ) (-1936 -3296 64 ) (-1936 -3152 64 ) 
4 321 322 (-1456 -3328 0 ) (-1456 -3328 64 ) (-1600 -3328 64 ) (-1600 -3328 0 ) 
4 321 323 (-1792 -3328 64 ) (-1936 -3328 64 ) (-1936 -3328 0 ) (-1792 -3328 0 ) 
4 324 325 (-1952 -3152 0 ) (-1952 -3296 0 ) (-1952 -3296 144 ) (-1952 -3152 144 ) 
4 325 330 (-2048 -3584 304 ) (-2048 -3072 304 ) (-2048 -3072 0 ) (-2048 -3584 0 ) 
4 325 329 (-2048 -3584 0 ) (-2048 -3072 0 ) (-1952 -3072 0 ) (-1952 -3584 0 ) 
4 325 327 (-2048 -3584 0 ) (-1952 -3584 0 ) (-1952 -3584 304 ) (-2048 -3584 304 ) 
4 326 331 (-1024 -4096 0 ) (-1024 -4096 304 ) (-1440 -4096 304 ) (-1440 -4096 0 ) 
4 326 328 (-1440 -3584 0 ) (-1024 -3584 0 ) (-1024 -4096 0 ) (-1440 -4096 0 ) 
4 327 331 (-1952 -4096 304 ) (-2048 -4096 304 ) (-2048 -4096 0 ) (-1952 -4096 0 ) 
4 327 330 (-2048 -4096 0 ) (-2048 -4096 304 ) (-2048 -3584 304 ) (-2048 -3584 0 ) 
4 327 329 (-2048 -4096 0 ) (-2048 -3584 0 ) (-1952 -3584 0 ) (-1952 -4096 0 ) 
4 328 331 (-1024 -4096 -256 ) (-1024 -4096 0 ) (-1440 -4096 0 ) (-1440 -4096 -256 ) 
4 329 331 (-1952 -4096 0 ) (-2048 -4096 0 ) (-2048 -4096 -256 ) (-1952 -4096 -256 ) 
4 329 330 (-2048 -4096 -256 ) (-2048 -4096 0 ) (-2048 -3072 0 ) (-2048 -3072 -256 ) 
4 330 373 (-3072 -4096 -256 ) (-3072 -4096 2304 ) (-3072 -3072 2304 ) (-3072 -3072 -256 ) 
4 330 332 (-3072 -4096 2304 ) (-3072 -4096 -256 ) (-2048 -4096 -256 ) (-2048 -4096 2304 ) 
4 331 389 (-1024 -5120 -256 ) (-1024 -5120 2304 ) (-2048 -5120 2304 ) (-2048 -5120 -256 ) 
4 331 332 (-2048 -4096 2304 ) (-2048 -4096 -256 ) (-2048 -5120 -256 ) (-2048 -5120 2304 ) 
4 332 390 (-2048 -5120 -256 ) (-2048 -5120 2304 ) (-3072 -5120 2304 ) (-3072 -5120 -256 ) 
4 332 375 (-3072 -5120 -256 ) (-3072 -5120 2304 ) (-3072 -4096 2304 ) (-3072 -4096 -256 ) 
4 333 335 (-3072 0 -256 ) (-3072 0 2304 ) (-4096 0 2304 ) (-4096 0 -256 ) 
4 333 334 (-4096 1024 2304 ) (-4096 1024 -256 ) (-4096 0 -256 ) (-4096 0 2304 ) 
4 334 339 (-5120 1024 2304 ) (-5120 1024 -256 ) (-5120 0 -256 ) (-5120 0 2304 ) 
4 334 336 (-4096 0 -256 ) (-4096 0 2304 ) (-5120 0 2304 ) (-5120 0 -256 ) 
4 335 337 (-3072 -1024 -256 ) (-3072 -1024 2304 ) (-4096 -1024 2304 ) (-4096 -1024 -256 ) 
4 335 336 (-4096 -1024 -256 ) (-4096 -1024 2304 ) (-4096 0 2304 ) (-4096 0 -256 ) 
4 336 341 (-5120 -1024 -256 ) (-5120 -1024 2304 ) (-5120 0 2304 ) (-5120 0 -256 ) 
4 336 338 (-5120 -1024 2304 ) (-5120 -1024 -256 ) (-4096 -1024 -256 ) (-4096 -1024 2304 ) 
4 337 370 (-3520 -2048 0 ) (-4096 -2048 0 ) (-4096 -2048 -256 ) (-3520 -2048 -256 ) 
4 337 368 (-3520 -2048 144 ) (-4096 -2048 144 ) (-4096 -2048 0 ) (-3520 -2048 0 ) 
4 337 363 (-3248 -2048 128 ) (-3248 -2048 48 ) (-3208 -2048 48 ) (-3208 -2048 128 ) 
4 337 360 (-3520 -2048 304 ) (-4096 -2048 304 ) (-4096 -2048 144 ) (-3520 -2048 144 ) 
4 337 351 (-3432 -2048 288 ) (-3432 -2048 208 ) (-3392 -2048 208 ) (-3392 -2048 288 ) 
4 337 350 (-3248 -2048 288 ) (-3248 -2048 208 ) (-3208 -2048 208 ) (-3208 -2048 288 ) 
4 337 348 (-3520 -2048 320 ) (-4096 -2048 320 ) (-4096 -2048 304 ) (-3520 -2048 304 ) 
4 337 345 (-3072 -2048 320 ) (-3072 -2048 2304 ) (-3400 -2048 2304 ) (-3400 -2048 320 ) 
4 337 347 (-3400 -2048 2304 ) (-4096 -2048 2304 ) (-4096 -2048 320 ) (-3400 -2048 320 ) 
4 337 338 (-4096 -1024 2304 ) (-4096 -1024 -256 ) (-4096 -2048 -256 ) (-4096 -2048 2304 ) 
4 338 372 (-4096 -2048 -256 ) (-4096 -2048 2304 ) (-5120 -2048 2304 ) (-5120 -2048 -256 ) 
4 338 342 (-5120 -2048 -256 ) (-5120 -2048 2304 ) (-5120 -1024 2304 ) (-5120 -1024 -256 ) 
4 339 341 (-5120 0 -256 ) (-5120 0 2304 ) (-6144 0 2304 ) (-6144 0 -256 ) 
4 339 340 (-6144 1024 2304 ) (-6144 1024 -256 ) (-6144 0 -256 ) (-6144 0 2304 ) 
4 340 343 (-6144 0 -256 ) (-6144 0 2304 ) (-6656 0 2304 ) (-6656 0 -256 ) 
4 341 343 (-6144 0 2304 ) (-6144 0 -256 ) (-6144 -1024 -256 ) (-6144 -1024 2304 ) 
4 341 342 (-5120 -1024 -256 ) (-5120 -1024 2304 ) (-6144 -1024 2304 ) (-6144 -1024 -256 ) 
4 342 377 (-5120 -2048 -256 ) (-5120 -2048 2304 ) (-6144 -2048 2304 ) (-6144 -2048 -256 ) 
4 342 344 (-6144 -2048 -256 ) (-6144 -2048 2304 ) (-6144 -1024 2304 ) (-6144 -1024 -256 ) 
4 343 344 (-6144 -1024 -256 ) (-6144 -1024 2304 ) (-6656 -1024 2304 ) (-6656 -1024 -256 ) 
4 344 378 (-6144 -2048 -256 ) (-6144 -2048 2304 ) (-6656 -2048 2304 ) (-6656 -2048 -256 ) 
4 345 347 (-3400 -2048 320 ) (-3400 -2288 320 ) (-3400 -2288 2304 ) (-3400 -2048 2304 ) 
4 346 373 (-3072 -3072 320 ) (-3072 -3072 2304 ) (-3400 -3072 2304 ) (-3400 -3072 320 ) 
4 346 349 (-3072 -2560 320 ) (-3072 -3072 320 ) (-3400 -3072 320 ) (-3400 -2560 320 ) 
4 346 347 (-3400 -2320 320 ) (-3400 -3072 320 ) (-3400 -3072 2304 ) (-3400 -2320 2304 ) 
4 347 373 (-3400 -3072 2304 ) (-4096 -3072 2304 ) (-4096 -3072 320 ) (-3400 -3072 320 ) 
4 347 372 (-4096 -2048 2304 ) (-4096 -2048 320 ) (-4096 -3072 320 ) (-4096 -3072 2304 ) 
4 347 348 (-4096 -2560 320 ) (-4096 -2048 320 ) (-3520 -2048 320 ) (-3520 -2560 320 ) 
4 347 349 (-4096 -3072 320 ) (-4096 -2560 320 ) (-3400 -2560 320 ) (-3400 -3072 320 ) 
4 348 372 (-4096 -2048 320 ) (-4096 -2048 304 ) (-4096 -2560 304 ) (-4096 -2560 320 ) 
4 348 360 (-4096 -2560 304 ) (-4096 -2048 304 ) (-3520 -2048 304 ) (-3520 -2560 304 ) 
4 348 349 (-4096 -2560 304 ) (-3520 -2560 304 ) (-3520 -2560 320 ) (-4096 -2560 320 ) 
4 349 373 (-3072 -3072 304 ) (-3072 -3072 320 ) (-4096 -3072 320 ) (-4096 -3072 304 ) 
4 349 372 (-4096 -2560 304 ) (-4096 -3072 304 ) (-4096 -3072 320 ) (-4096 -2560 320 ) 
4 349 359 (-3520 -2560 304 ) (-3504 -2560 304 ) (-3504 -3072 304 ) (-3520 -3072 304 ) 
4 349 360 (-4096 -3072 304 ) (-4096 -2560 304 ) (-3520 -2560 304 ) (-3520 -3072 304 ) 
4 349 356 (-3504 -2560 304 ) (-3072 -2560 304 ) (-3072 -3072 304 ) (-3504 -3072 304 ) 
4 350 352 (-3208 -2064 208 ) (-3208 -2064 288 ) (-3248 -2064 288 ) (-3248 -2064 208 ) 
4 351 352 (-3392 -2064 208 ) (-3392 -2064 288 ) (-3432 -2064 288 ) (-3432 -2064 208 ) 
4 352 355 (-3504 -2176 160 ) (-3504 -2064 160 ) (-3264 -2064 160 ) (-3264 -2176 160 ) 
4 352 354 (-3504 -2176 304 ) (-3504 -2176 160 ) (-3152 -2176 160 ) (-3152 -2176 304 ) 
4 354 358 (-3504 -2360 220 ) (-3504 -2360 160 ) (-3504 -2400 160 ) (-3504 -2400 220 ) 
4 354 357 (-3504 -2208 220 ) (-3504 -2208 160 ) (-3504 -2248 160 ) (-3504 -2248 220 ) 
4 354 355 (-3264 -2544 160 ) (-3504 -2544 160 ) (-3504 -2176 160 ) (-3264 -2176 160 ) 
4 355 365 (-3504 -2544 144 ) (-3504 -2064 144 ) (-3264 -2064 144 ) (-3264 -2544 144 ) 
4 355 358 (-3504 -2360 144 ) (-3504 -2400 144 ) (-3504 -2400 160 ) (-3504 -2360 160 ) 
4 355 357 (-3504 -2208 144 ) (-3504 -2248 144 ) (-3504 -2248 160 ) (-3504 -2208 160 ) 
4 356 373 (-3072 -3072 144 ) (-3072 -3072 304 ) (-3504 -3072 304 ) (-3504 -3072 144 ) 
4 356 367 (-3248 -3072 144 ) (-3504 -3072 144 ) (-3504 -2560 144 ) (-3248 -2560 144 ) 
4 356 364 (-3208 -3072 144 ) (-3248 -3072 144 ) (-3248 -2560 144 ) (-3208 -2560 144 ) 
4 356 362 (-3072 -3072 144 ) (-3208 -3072 144 ) (-3208 -2560 144 ) (-3072 -2560 144 ) 
4 356 359 (-3504 -2560 144 ) (-3504 -3072 144 ) (-3504 -3072 304 ) (-3504 -2560 304 ) 
4 357 360 (-3520 -2208 144 ) (-3520 -2248 144 ) (-3520 -2248 220 ) (-3520 -2208 220 ) 
4 358 360 (-3520 -2360 144 ) (-3520 -2400 144 ) (-3520 -2400 220 ) (-3520 -2360 220 ) 
4 359 373 (-3504 -3072 304 ) (-3520 -3072 304 ) (-3520 -3072 144 ) (-3504 -3072 144 ) 
4 359 369 (-3504 -3072 144 ) (-3520 -3072 144 ) (-3520 -2560 144 ) (-3504 -2560 144 ) 
4 359 360 (-3520 -2560 144 ) (-3520 -3072 144 ) (-3520 -3072 304 ) (-3520 -2560 304 ) 
4 360 373 (-3520 -3072 304 ) (-4096 -3072 304 ) (-4096 -3072 144 ) (-3520 -3072 144 ) 
4 360 372 (-4096 -2048 304 ) (-4096 -2048 144 ) (-4096 -3072 144 ) (-4096 -3072 304 ) 
4 360 368 (-4096 -2560 144 ) (-4096 -2048 144 ) (-3520 -2048 144 ) (-3520 -2560 144 ) 
4 360 369 (-3520 -3072 144 ) (-4096 -3072 144 ) (-4096 -2560 144 ) (-3520 -2560 144 ) 
4 361 364 (-3208 -2064 0 ) (-3208 -2544 0 ) (-3208 -2544 144 ) (-3208 -2064 144 ) 
4 362 373 (-3072 -3072 0 ) (-3072 -3072 144 ) (-3208 -3072 144 ) (-3208 -3072 0 ) 
4 362 371 (-3072 -2560 0 ) (-3072 -3072 0 ) (-3208 -3072 0 ) (-3208 -2560 0 ) 
4 362 364 (-3208 -2560 0 ) (-3208 -3072 0 ) (-3208 -3072 144 ) (-3208 -2560 144 ) 
4 363 364 (-3248 -2064 128 ) (-3248 -2064 48 ) (-3208 -2064 48 ) (-3208 -2064 128 ) 
4 364 373 (-3208 -3072 144 ) (-3248 -3072 144 ) (-3248 -3072 0 ) (-3208 -3072 0 ) 
4 364 371 (-3208 -2560 0 ) (-3208 -3072 0 ) (-3248 -3072 0 ) (-3248 -2560 0 ) 
4 364 366 (-3248 -2544 0 ) (-3248 -2560 0 ) (-3248 -2560 144 ) (-3248 -2544 144 ) 
4 364 367 (-3248 -2560 0 ) (-3248 -3072 0 ) (-3248 -3072 144 ) (-3248 -2560 144 ) 
4 364 365 (-3248 -2064 0 ) (-3248 -2544 0 ) (-3248 -2544 144 ) (-3248 -2064 144 ) 
4 365 366 (-3320 -2544 0 ) (-3248 -2544 0 ) (-3248 -2544 144 ) (-3320 -2544 144 ) 
4 366 367 (-3320 -2560 0 ) (-3248 -2560 0 ) (-3248 -2560 144 ) (-3320 -2560 144 ) 
4 367 373 (-3248 -3072 144 ) (-3504 -3072 144 ) (-3504 -3072 0 ) (-3248 -3072 0 ) 
4 367 371 (-3248 -2560 0 ) (-3248 -3072 0 ) (-3504 -3072 0 ) (-3504 -2560 0 ) 
4 367 369 (-3504 -2560 0 ) (-3504 -3072 0 ) (-3504 -3072 144 ) (-3504 -2560 144 ) 
4 368 372 (-4096 -2048 144 ) (-4096 -2048 0 ) (-4096 -2560 0 ) (-4096 -2560 144 ) 
4 368 370 (-4096 -2560 0 ) (-4096 -2048 0 ) (-3520 -2048 0 ) (-3520 -2560 0 ) 
4 368 369 (-4096 -2560 0 ) (-3520 -2560 0 ) (-3520 -2560 144 ) (-4096 -2560 144 ) 
4 369 373 (-3504 -3072 144 ) (-4096 -3072 144 ) (-4096 -3072 0 ) (-3504 -3072 0 ) 
4 369 372 (-4096 -2560 0 ) (-4096 -3072 0 ) (-4096 -3072 144 ) (-4096 -2560 144 ) 
4 369 371 (-4096 -3072 0 ) (-4096 -2560 0 ) (-3504 -2560 0 ) (-3504 -3072 0 ) 
4 370 372 (-4096 -2048 0 ) (-4096 -2048 -256 ) (-4096 -2560 -256 ) (-4096 -2560 0 ) 
4 370 371 (-4096 -2560 -256 ) (-3520 -2560 -256 ) (-3520 -2560 0 ) (-4096 -2560 0 ) 
4 371 373 (-3072 -3072 -256 ) (-3072 -3072 0 ) (-4096 -3072 0 ) (-4096 -3072 -256 ) 
4 371 372 (-4096 -2560 -256 ) (-4096 -3072 -256 ) (-4096 -3072 0 ) (-4096 -2560 0 ) 
4 372 377 (-5120 -2048 2304 ) (-5120 -2048 -256 ) (-5120 -3072 -256 ) (-5120 -3072 2304 ) 
4 372 374 (-4096 -3072 -256 ) (-4096 -3072 2304 ) (-5120 -3072 2304 ) (-5120 -3072 -256 ) 
4 373 375 (-3072 -4096 -256 ) (-3072 -4096 2304 ) (-4096 -4096 2304 ) (-4096 -4096 -256 ) 
4 373 374 (-4096 -4096 -256 ) (-4096 -4096 2304 ) (-4096 -3072 2304 ) (-4096 -3072 -256 ) 
4 374 379 (-5120 -4096 -256 ) (-5120 -4096 2304 ) (-5120 -3072 2304 ) (-5120 -3072 -256 ) 
4 374 376 (-5120 -4096 2304 ) (-5120 -4096 -256 ) (-4096 -4096 -256 ) (-4096 -4096 2304 ) 
4 375 403 (-3072 -5120 -256 ) (-3072 -5120 2304 ) (-4096 -5120 2304 ) (-4096 -5120 -256 ) 
4 375 376 (-4096 -4096 2304 ) (-4096 -4096 -256 ) (-4096 -5120 -256 ) (-4096 -5120 2304 ) 
4 376 404 (-4096 -5120 -256 ) (-4096 -5120 2304 ) (-5120 -5120 2304 ) (-5120 -5120 -256 ) 
4 376 380 (-5120 -5120 -256 ) (-5120 -5120 2304 ) (-5120 -4096 2304 ) (-5120 -4096 -256 ) 
4 377 379 (-5120 -3072 -256 ) (-5120 -3072 2304 ) (-6144 -3072 2304 ) (-6144 -3072 -256 ) 
4 377 378 (-6144 -2048 2304 ) (-6144 -2048 -256 ) (-6144 -3072 -256 ) (-6144 -3072 2304 ) 
4 378 381 (-6144 -3072 -256 ) (-6144 -3072 2304 ) (-6656 -3072 2304 ) (-6656 -3072 -256 ) 
4 379 381 (-6144 -3072 2304 ) (-6144 -3072 -256 ) (-6144 -4096 -256 ) (-6144 -4096 2304 ) 
4 379 380 (-5120 -4096 -256 ) (-5120 -4096 2304 ) (-6144 -4096 2304 ) (-6144 -4096 -256 ) 
4 380 409 (-5120 -5120 -256 ) (-5120 -5120 2304 ) (-6144 -5120 2304 ) (-6144 -5120 -256 ) 
4 380 382 (-6144 -5120 -256 ) (-6144 -5120 2304 ) (-6144 -4096 2304 ) (-6144 -4096 -256 ) 
4 381 382 (-6144 -4096 -256 ) (-6144 -4096 2304 ) (-6656 -4096 2304 ) (-6656 -4096 -256 ) 
4 382 410 (-6144 -5120 -256 ) (-6144 -5120 2304 ) (-6656 -5120 2304 ) (-6656 -5120 -256 ) 
4 383 385 (1024 -6144 -256 ) (1024 -6144 2304 ) (0 -6144 2304 ) (0 -6144 -256 ) 
4 383 384 (0 -5120 2304 ) (0 -5120 -256 ) (0 -6144 -256 ) (0 -6144 2304 ) 
4 384 389 (-1024 -5120 2304 ) (-1024 -5120 -256 ) (-1024 -6144 -256 ) (-1024 -6144 2304 ) 
4 384 386 (0 -6144 -256 ) (0 -6144 2304 ) (-1024 -6144 2304 ) (-1024 -6144 -256 ) 
4 385 387 (1024 -7168 -256 ) (1024 -7168 2304 ) (0 -7168 2304 ) (0 -7168 -256 ) 
4 385 386 (0 -7168 -256 ) (0 -7168 2304 ) (0 -6144 2304 ) (0 -6144 -256 ) 
4 386 391 (-1024 -7168 -256 ) (-1024 -7168 2304 ) (-1024 -6144 2304 ) (-1024 -6144 -256 ) 
4 386 388 (-1024 -7168 2304 ) (-1024 -7168 -256 ) (0 -7168 -256 ) (0 -7168 2304 ) 
4 387 395 (1024 -8192 -256 ) (1024 -8192 2304 ) (0 -8192 2304 ) (0 -8192 -256 ) 
4 387 388 (0 -7168 2304 ) (0 -7168 -256 ) (0 -8192 -256 ) (0 -8192 2304 ) 
4 388 396 (0 -8192 -256 ) (0 -8192 2304 ) (-1024 -8192 2304 ) (-1024 -8192 -256 ) 
4 388 393 (-1024 -8192 -256 ) (-1024 -8192 2304 ) (-1024 -7168 2304 ) (-1024 -7168 -256 ) 
4 389 391 (-1024 -6144 -256 ) (-1024 -6144 2304 ) (-2048 -6144 2304 ) (-2048 -6144 -256 ) 
4 389 390 (-2048 -5120 2304 ) (-2048 -5120 -256 ) (-2048 -6144 -256 ) (-2048 -6144 2304 ) 
4 390 403 (-3072 -5120 2304 ) (-3072 -5120 -256 ) (-3072 -6144 -256 ) (-3072 -6144 2304 ) 
4 390 392 (-2048 -6144 -256 ) (-2048 -6144 2304 ) (-3072 -6144 2304 ) (-3072 -6144 -256 ) 
4 391 393 (-1024 -7168 -256 ) (-1024 -7168 2304 ) (-2048 -7168 2304 ) (-2048 -7168 -256 ) 
4 391 392 (-2048 -7168 -256 ) (-2048 -7168 2304 ) (-2048 -6144 2304 ) (-2048 -6144 -256 ) 
4 392 405 (-3072 -7168 -256 ) (-3072 -7168 2304 ) (-3072 -6144 2304 ) (-3072 -6144 -256 ) 
4 392 394 (-3072 -7168 2304 ) (-3072 -7168 -256 ) (-2048 -7168 -256 ) (-2048 -7168 2304 ) 
4 393 399 (-1024 -8192 -256 ) (-1024 -8192 2304 ) (-2048 -8192 2304 ) (-2048 -8192 -256 ) 
4 393 394 (-2048 -7168 2304 ) (-2048 -7168 -256 ) (-2048 -8192 -256 ) (-2048 -8192 2304 ) 
4 394 407 (-3072 -8192 -256 ) (-3072 -8192 2304 ) (-3072 -7168 2304 ) (-3072 -7168 -256 ) 
4 394 400 (-2048 -8192 -256 ) (-2048 -8192 2304 ) (-3072 -8192 2304 ) (-3072 -8192 -256 ) 
4 395 397 (1024 -9216 -256 ) (1024 -9216 2304 ) (0 -9216 2304 ) (0 -9216 -256 ) 
4 395 396 (0 -8192 2304 ) (0 -8192 -256 ) (0 -9216 -256 ) (0 -9216 2304 ) 
4 396 399 (-1024 -8192 2304 ) (-1024 -8192 -256 ) (-1024 -9216 -256 ) (-1024 -9216 2304 ) 
4 396 398 (0 -9216 -256 ) (0 -9216 2304 ) (-1024 -9216 2304 ) (-1024 -9216 -256 ) 
4 397 398 (0 -9728 -256 ) (0 -9728 2304 ) (0 -9216 2304 ) (0 -9216 -256 ) 
4 398 401 (-1024 -9728 -256 ) (-1024 -9728 2304 ) (-1024 -9216 2304 ) (-1024 -9216 -256 ) 
4 399 401 (-1024 -9216 -256 ) (-1024 -9216 2304 ) (-2048 -9216 2304 ) (-2048 -9216 -256 ) 
4 399 400 (-2048 -8192 2304 ) (-2048 -8192 -256 ) (-2048 -9216 -256 ) (-2048 -9216 2304 ) 
4 400 415 (-3072 -9216 -256 ) (-3072 -9216 2304 ) (-3072 -8192 2304 ) (-3072 -8192 -256 ) 
4 400 402 (-2048 -9216 -256 ) (-2048 -9216 2304 ) (-3072 -9216 2304 ) (-3072 -9216 -256 ) 
4 401 402 (-2048 -9728 -256 ) (-2048 -9728 2304 ) (-2048 -9216 2304 ) (-2048 -9216 -256 ) 
4 402 417 (-3072 -9728 -256 ) (-3072 -9728 2304 ) (-3072 -9216 2304 ) (-3072 -9216 -256 ) 
4 403 405 (-3072 -6144 -256 ) (-3072 -6144 2304 ) (-4096 -6144 2304 ) (-4096 -6144 -256 ) 
4 403 404 (-4096 -5120 2304 ) (-4096 -5120 -256 ) (-4096 -6144 -256 ) (-4096 -6144 2304 ) 
4 404 409 (-5120 -5120 2304 ) (-5120 -5120 -256 ) (-5120 -6144 -256 ) (-5120 -6144 2304 ) 
4 404 406 (-4096 -6144 -256 ) (-4096 -6144 2304 ) (-5120 -6144 2304 ) (-5120 -6144 -256 ) 
4 405 407 (-3072 -7168 -256 ) (-3072 -7168 2304 ) (-4096 -7168 2304 ) (-4096 -7168 -256 ) 
4 405 406 (-4096 -7168 -256 ) (-4096 -7168 2304 ) (-4096 -6144 2304 ) (-4096 -6144 -256 ) 
4 406 411 (-5120 -7168 -256 ) (-5120 -7168 2304 ) (-5120 -6144 2304 ) (-5120 -6144 -256 ) 
4 406 408 (-5120 -7168 2304 ) (-5120 -7168 -256 ) (-4096 -7168 -256 ) (-4096 -7168 2304 ) 
4 407 415 (-3072 -8192 -256 ) (-3072 -8192 2304 ) (-4096 -8192 2304 ) (-4096 -8192 -256 ) 
4 407 408 (-4096 -7168 2304 ) (-4096 -7168 -256 ) (-4096 -8192 -256 ) (-4096 -8192 2304 ) 
4 408 416 (-4096 -8192 -256 ) (-4096 -8192 2304 ) (-5120 -8192 2304 ) (-5120 -8192 -256 ) 
4 408 412 (-5120 -8192 -256 ) (-5120 -8192 2304 ) (-5120 -7168 2304 ) (-5120 -7168 -256 ) 
4 409 411 (-5120 -6144 -256 ) (-5120 -6144 2304 ) (-6144 -6144 2304 ) (-6144 -6144 -256 ) 
4 409 410 (-6144 -5120 2304 ) (-6144 -5120 -256 ) (-6144 -6144 -256 ) (-6144 -6144 2304 ) 
4 410 413 (-6144 -6144 -256 ) (-6144 -6144 2304 ) (-6656 -6144 2304 ) (-6656 -6144 -256 ) 
4 411 413 (-6144 -6144 2304 ) (-6144 -6144 -256 ) (-6144 -7168 -256 ) (-6144 -7168 2304 ) 
4 411 412 (-5120 -7168 -256 ) (-5120 -7168 2304 ) (-6144 -7168 2304 ) (-6144 -7168 -256 ) 
4 412 419 (-5120 -8192 -256 ) (-5120 -8192 2304 ) (-6144 -8192 2304 ) (-6144 -8192 -256 ) 
4 412 414 (-6144 -8192 -256 ) (-6144 -8192 2304 ) (-6144 -7168 2304 ) (-6144 -7168 -256 ) 
4 413 414 (-6144 -7168 -256 ) (-6144 -7168 2304 ) (-6656 -7168 2304 ) (-6656 -7168 -256 ) 
4 414 420 (-6144 -8192 -256 ) (-6144 -8192 2304 ) (-6656 -8192 2304 ) (-6656 -8192 -256 ) 
4 415 417 (-3072 -9216 -256 ) (-3072 -9216 2304 ) (-4096 -9216 2304 ) (-4096 -9216 -256 ) 
4 415 416 (-4096 -8192 2304 ) (-4096 -8192 -256 ) (-4096 -9216 -256 ) (-4096 -9216 2304 ) 
4 416 419 (-5120 -8192 2304 ) (-5120 -8192 -256 ) (-5120 -9216 -256 ) (-5120 -9216 2304 ) 
4 416 418 (-4096 -9216 -256 ) (-4096 -9216 2304 ) (-5120 -9216 2304 ) (-5120 -9216 -256 ) 
4 417 418 (-4096 -9728 -256 ) (-4096 -9728 2304 ) (-4096 -9216 2304 ) (-4096 -9216 -256 ) 
4 418 421 (-5120 -9728 -256 ) (-5120 -9728 2304 ) (-5120 -9216 2304 ) (-5120 -9216 -256 ) 
4 419 421 (-5120 -9216 -256 ) (-5120 -9216 2304 ) (-6144 -9216 2304 ) (-6144 -9216 -256 ) 
4 419 420 (-6144 -8192 2304 ) (-6144 -8192 -256 ) (-6144 -9216 -256 ) (-6144 -9216 2304 ) 
4 420 422 (-6144 -9216 -256 ) (-6144 -9216 2304 ) (-6656 -9216 2304 ) (-6656 -9216 -256 ) 
4 421 422 (-6144 -9216 2304 ) (-6144 -9216 -256 ) (-6144 -9728 -256 ) (-6144 -9728 2304 ) 
