PRT1
407
838
4 0 2 (7168 9216 -256 ) (7168 9216 2304 ) (6144 9216 2304 ) (6144 9216 -256 ) 
4 0 1 (6144 9216 -256 ) (6144 9216 2304 ) (6144 10240 2304 ) (6144 10240 -256 ) 
4 1 6 (5120 9216 -256 ) (5120 9216 2304 ) (5120 10240 2304 ) (5120 10240 -256 ) 
4 1 3 (6144 9216 -256 ) (6144 9216 2304 ) (5120 9216 2304 ) (5120 9216 -256 ) 
4 2 4 (7168 8192 -256 ) (7168 8192 2304 ) (6144 8192 2304 ) (6144 8192 -256 ) 
4 2 3 (6144 8192 -256 ) (6144 8192 2304 ) (6144 9216 2304 ) (6144 9216 -256 ) 
4 3 8 (5120 8192 -256 ) (5120 8192 2304 ) (5120 9216 2304 ) (5120 9216 -256 ) 
4 3 5 (5120 8192 2304 ) (5120 8192 -256 ) (6144 8192 -256 ) (6144 8192 2304 ) 
4 4 18 (7168 7168 -256 ) (7168 7168 2304 ) (6144 7168 2304 ) (6144 7168 -256 ) 
4 4 5 (6144 8192 2304 ) (6144 8192 -256 ) (6144 7168 -256 ) (6144 7168 2304 ) 
4 5 19 (6144 7168 -256 ) (6144 7168 2304 ) (5120 7168 2304 ) (5120 7168 -256 ) 
4 5 10 (5120 7168 -256 ) (5120 7168 2304 ) (5120 8192 2304 ) (5120 8192 -256 ) 
4 6 8 (5120 9216 -256 ) (5120 9216 2304 ) (4096 9216 2304 ) (4096 9216 -256 ) 
4 6 7 (4096 9216 -256 ) (4096 9216 2304 ) (4096 10240 2304 ) (4096 10240 -256 ) 
4 7 12 (3072 9216 -256 ) (3072 9216 2304 ) (3072 10240 2304 ) (3072 10240 -256 ) 
4 7 9 (4096 9216 -256 ) (4096 9216 2304 ) (3072 9216 2304 ) (3072 9216 -256 ) 
4 8 10 (5120 8192 -256 ) (5120 8192 2304 ) (4096 8192 2304 ) (4096 8192 -256 ) 
4 8 9 (4096 8192 -256 ) (4096 8192 2304 ) (4096 9216 2304 ) (4096 9216 -256 ) 
4 9 14 (3072 8192 -256 ) (3072 8192 2304 ) (3072 9216 2304 ) (3072 9216 -256 ) 
4 9 11 (3072 8192 2304 ) (3072 8192 -256 ) (4096 8192 -256 ) (4096 8192 2304 ) 
4 10 30 (5120 7168 -256 ) (5120 7168 2304 ) (4096 7168 2304 ) (4096 7168 -256 ) 
4 10 11 (4096 8192 2304 ) (4096 8192 -256 ) (4096 7168 -256 ) (4096 7168 2304 ) 
4 11 31 (4096 7168 -256 ) (4096 7168 2304 ) (3072 7168 2304 ) (3072 7168 -256 ) 
4 11 16 (3072 7168 -256 ) (3072 7168 2304 ) (3072 8192 2304 ) (3072 8192 -256 ) 
4 12 14 (3072 9216 -256 ) (3072 9216 2304 ) (2048 9216 2304 ) (2048 9216 -256 ) 
4 12 13 (2048 9216 -256 ) (2048 9216 2304 ) (2048 10240 2304 ) (2048 10240 -256 ) 
4 13 54 (1024 9216 -256 ) (1024 9216 2304 ) (1024 10240 2304 ) (1024 10240 -256 ) 
4 13 15 (2048 9216 -256 ) (2048 9216 2304 ) (1024 9216 2304 ) (1024 9216 -256 ) 
4 14 16 (3072 8192 -256 ) (3072 8192 2304 ) (2048 8192 2304 ) (2048 8192 -256 ) 
4 14 15 (2048 8192 -256 ) (2048 8192 2304 ) (2048 9216 2304 ) (2048 9216 -256 ) 
4 15 56 (1024 8192 -256 ) (1024 8192 2304 ) (1024 9216 2304 ) (1024 9216 -256 ) 
4 15 17 (1024 8192 2304 ) (1024 8192 -256 ) (2048 8192 -256 ) (2048 8192 2304 ) 
4 16 36 (3072 7168 -256 ) (3072 7168 2304 ) (2048 7168 2304 ) (2048 7168 -256 ) 
4 16 17 (2048 8192 2304 ) (2048 8192 -256 ) (2048 7168 -256 ) (2048 7168 2304 ) 
4 17 58 (1024 7168 -256 ) (1024 7168 2304 ) (1024 8192 2304 ) (1024 8192 -256 ) 
4 17 37 (2048 7168 -256 ) (2048 7168 2304 ) (1024 7168 2304 ) (1024 7168 -256 ) 
4 18 20 (7168 6144 -256 ) (7168 6144 2304 ) (6144 6144 2304 ) (6144 6144 -256 ) 
4 18 19 (6144 7168 2304 ) (6144 7168 -256 ) (6144 6144 -256 ) (6144 6144 2304 ) 
4 19 30 (5120 7168 2304 ) (5120 7168 -256 ) (5120 6144 -256 ) (5120 6144 2304 ) 
4 19 21 (6144 6144 -256 ) (6144 6144 2304 ) (5120 6144 2304 ) (5120 6144 -256 ) 
4 20 22 (7168 5120 -256 ) (7168 5120 2304 ) (6144 5120 2304 ) (6144 5120 -256 ) 
4 20 21 (6144 5120 -256 ) (6144 5120 2304 ) (6144 6144 2304 ) (6144 6144 -256 ) 
4 21 32 (5120 5120 -256 ) (5120 5120 2304 ) (5120 6144 2304 ) (5120 6144 -256 ) 
4 21 23 (5120 5120 2304 ) (5120 5120 -256 ) (6144 5120 -256 ) (6144 5120 2304 ) 
4 22 24 (7168 4096 -256 ) (7168 4096 2304 ) (6144 4096 2304 ) (6144 4096 -256 ) 
4 22 23 (6144 5120 2304 ) (6144 5120 -256 ) (6144 4096 -256 ) (6144 4096 2304 ) 
4 23 34 (5120 4096 -256 ) (5120 4096 2304 ) (5120 5120 2304 ) (5120 5120 -256 ) 
4 23 25 (6144 4096 -256 ) (6144 4096 2304 ) (5120 4096 2304 ) (5120 4096 -256 ) 
4 24 26 (7168 3072 -256 ) (7168 3072 2304 ) (6144 3072 2304 ) (6144 3072 -256 ) 
4 24 25 (6144 4096 2304 ) (6144 4096 -256 ) (6144 3072 -256 ) (6144 3072 2304 ) 
4 25 42 (5120 3072 -256 ) (5120 3072 2304 ) (5120 4096 2304 ) (5120 4096 -256 ) 
4 25 27 (6144 3072 -256 ) (6144 3072 2304 ) (5120 3072 2304 ) (5120 3072 -256 ) 
4 26 28 (7168 2048 -256 ) (7168 2048 2304 ) (6144 2048 2304 ) (6144 2048 -256 ) 
4 26 27 (6144 2048 -256 ) (6144 2048 2304 ) (6144 3072 2304 ) (6144 3072 -256 ) 
4 27 44 (5120 2048 -256 ) (5120 2048 2304 ) (5120 3072 2304 ) (5120 3072 -256 ) 
4 27 29 (5120 2048 2304 ) (5120 2048 -256 ) (6144 2048 -256 ) (6144 2048 2304 ) 
4 28 126 (7168 1024 -256 ) (7168 1024 2304 ) (6144 1024 2304 ) (6144 1024 -256 ) 
4 28 29 (6144 2048 2304 ) (6144 2048 -256 ) (6144 1024 -256 ) (6144 1024 2304 ) 
4 29 127 (6144 1024 -256 ) (6144 1024 2304 ) (5120 1024 2304 ) (5120 1024 -256 ) 
4 29 46 (5120 1024 -256 ) (5120 1024 2304 ) (5120 2048 2304 ) (5120 2048 -256 ) 
4 30 32 (5120 6144 -256 ) (5120 6144 2304 ) (4096 6144 2304 ) (4096 6144 -256 ) 
4 30 31 (4096 7168 2304 ) (4096 7168 -256 ) (4096 6144 -256 ) (4096 6144 2304 ) 
4 31 36 (3072 7168 2304 ) (3072 7168 -256 ) (3072 6144 -256 ) (3072 6144 2304 ) 
4 31 33 (4096 6144 -256 ) (4096 6144 2304 ) (3072 6144 2304 ) (3072 6144 -256 ) 
4 32 34 (5120 5120 -256 ) (5120 5120 2304 ) (4096 5120 2304 ) (4096 5120 -256 ) 
4 32 33 (4096 5120 -256 ) (4096 5120 2304 ) (4096 6144 2304 ) (4096 6144 -256 ) 
4 33 38 (3072 5120 -256 ) (3072 5120 2304 ) (3072 6144 2304 ) (3072 6144 -256 ) 
4 33 35 (3072 5120 2304 ) (3072 5120 -256 ) (4096 5120 -256 ) (4096 5120 2304 ) 
4 34 42 (5120 4096 -256 ) (5120 4096 2304 ) (4096 4096 2304 ) (4096 4096 -256 ) 
4 34 35 (4096 5120 2304 ) (4096 5120 -256 ) (4096 4096 -256 ) (4096 4096 2304 ) 
4 35 43 (4096 4096 -256 ) (4096 4096 2304 ) (3072 4096 2304 ) (3072 4096 -256 ) 
4 35 40 (3072 4096 -256 ) (3072 4096 2304 ) (3072 5120 2304 ) (3072 5120 -256 ) 
4 36 38 (3072 6144 -256 ) (3072 6144 2304 ) (2048 6144 2304 ) (2048 6144 -256 ) 
4 36 37 (2048 7168 2304 ) (2048 7168 -256 ) (2048 6144 -256 ) (2048 6144 2304 ) 
4 37 78 (1024 6144 -256 ) (1024 6144 2304 ) (1024 7168 2304 ) (1024 7168 -256 ) 
4 37 39 (2048 6144 -256 ) (2048 6144 2304 ) (1024 6144 2304 ) (1024 6144 -256 ) 
4 38 40 (3072 5120 -256 ) (3072 5120 2304 ) (2048 5120 2304 ) (2048 5120 -256 ) 
4 38 39 (2048 5120 -256 ) (2048 5120 2304 ) (2048 6144 2304 ) (2048 6144 -256 ) 
4 39 80 (1024 5120 -256 ) (1024 5120 2304 ) (1024 6144 2304 ) (1024 6144 -256 ) 
4 39 41 (1024 5120 2304 ) (1024 5120 -256 ) (2048 5120 -256 ) (2048 5120 2304 ) 
4 40 48 (3072 4096 -256 ) (3072 4096 2304 ) (2048 4096 2304 ) (2048 4096 -256 ) 
4 40 41 (2048 5120 2304 ) (2048 5120 -256 ) (2048 4096 -256 ) (2048 4096 2304 ) 
4 41 82 (1024 4096 -256 ) (1024 4096 2304 ) (1024 5120 2304 ) (1024 5120 -256 ) 
4 41 49 (2048 4096 -256 ) (2048 4096 2304 ) (1024 4096 2304 ) (1024 4096 -256 ) 
4 42 44 (5120 3072 -256 ) (5120 3072 2304 ) (4096 3072 2304 ) (4096 3072 -256 ) 
4 42 43 (4096 4096 2304 ) (4096 4096 -256 ) (4096 3072 -256 ) (4096 3072 2304 ) 
4 43 48 (3072 4096 2304 ) (3072 4096 -256 ) (3072 3072 -256 ) (3072 3072 2304 ) 
4 43 45 (4096 3072 -256 ) (4096 3072 2304 ) (3072 3072 2304 ) (3072 3072 -256 ) 
4 44 46 (5120 2048 -256 ) (5120 2048 2304 ) (4096 2048 2304 ) (4096 2048 -256 ) 
4 44 45 (4096 2048 -256 ) (4096 2048 2304 ) (4096 3072 2304 ) (4096 3072 -256 ) 
4 45 50 (3072 2048 -256 ) (3072 2048 2304 ) (3072 3072 2304 ) (3072 3072 -256 ) 
4 45 47 (3072 2048 2304 ) (3072 2048 -256 ) (4096 2048 -256 ) (4096 2048 2304 ) 
4 46 138 (5120 1024 -256 ) (5120 1024 2304 ) (4096 1024 2304 ) (4096 1024 -256 ) 
4 46 47 (4096 2048 2304 ) (4096 2048 -256 ) (4096 1024 -256 ) (4096 1024 2304 ) 
4 47 139 (4096 1024 -256 ) (4096 1024 2304 ) (3072 1024 2304 ) (3072 1024 -256 ) 
4 47 52 (3072 1024 -256 ) (3072 1024 2304 ) (3072 2048 2304 ) (3072 2048 -256 ) 
4 48 50 (3072 3072 -256 ) (3072 3072 2304 ) (2048 3072 2304 ) (2048 3072 -256 ) 
4 48 49 (2048 4096 2304 ) (2048 4096 -256 ) (2048 3072 -256 ) (2048 3072 2304 ) 
4 49 90 (1024 3072 -256 ) (1024 3072 2304 ) (1024 4096 2304 ) (1024 4096 -256 ) 
4 49 51 (2048 3072 -256 ) (2048 3072 2304 ) (1024 3072 2304 ) (1024 3072 -256 ) 
4 50 52 (3072 2048 -256 ) (3072 2048 2304 ) (2048 2048 2304 ) (2048 2048 -256 ) 
4 50 51 (2048 2048 -256 ) (2048 2048 2304 ) (2048 3072 2304 ) (2048 3072 -256 ) 
4 51 92 (1024 2048 -256 ) (1024 2048 2304 ) (1024 3072 2304 ) (1024 3072 -256 ) 
4 51 53 (1024 2048 2304 ) (1024 2048 -256 ) (2048 2048 -256 ) (2048 2048 2304 ) 
4 52 144 (3072 1024 -256 ) (3072 1024 2304 ) (2048 1024 2304 ) (2048 1024 -256 ) 
4 52 53 (2048 2048 2304 ) (2048 2048 -256 ) (2048 1024 -256 ) (2048 1024 2304 ) 
4 53 145 (2048 1024 -256 ) (2048 1024 2304 ) (1024 1024 2304 ) (1024 1024 -256 ) 
4 53 94 (1024 1024 -256 ) (1024 1024 2304 ) (1024 2048 2304 ) (1024 2048 -256 ) 
4 54 56 (1024 9216 -256 ) (1024 9216 2304 ) (0 9216 2304 ) (0 9216 -256 ) 
4 54 55 (0 9216 -256 ) (0 9216 2304 ) (0 10240 2304 ) (0 10240 -256 ) 
4 55 60 (-1024 9216 -256 ) (-1024 9216 2304 ) (-1024 10240 2304 ) (-1024 10240 -256 ) 
4 55 57 (0 9216 -256 ) (0 9216 2304 ) (-1024 9216 2304 ) (-1024 9216 -256 ) 
4 56 58 (1024 8192 -256 ) (1024 8192 2304 ) (0 8192 2304 ) (0 8192 -256 ) 
4 56 57 (0 8192 -256 ) (0 8192 2304 ) (0 9216 2304 ) (0 9216 -256 ) 
4 57 62 (-1024 8192 -256 ) (-1024 8192 2304 ) (-1024 9216 2304 ) (-1024 9216 -256 ) 
4 57 59 (-1024 8192 2304 ) (-1024 8192 -256 ) (0 8192 -256 ) (0 8192 2304 ) 
4 58 78 (1024 7168 -256 ) (1024 7168 2304 ) (0 7168 2304 ) (0 7168 -256 ) 
4 58 59 (0 8192 2304 ) (0 8192 -256 ) (0 7168 -256 ) (0 7168 2304 ) 
4 59 79 (0 7168 -256 ) (0 7168 2304 ) (-1024 7168 2304 ) (-1024 7168 -256 ) 
4 59 64 (-1024 7168 -256 ) (-1024 7168 2304 ) (-1024 8192 2304 ) (-1024 8192 -256 ) 
4 60 62 (-1024 9216 -256 ) (-1024 9216 2304 ) (-2048 9216 2304 ) (-2048 9216 -256 ) 
4 60 61 (-2048 9216 -256 ) (-2048 9216 2304 ) (-2048 10240 2304 ) (-2048 10240 -256 ) 
4 61 66 (-3072 9216 -256 ) (-3072 9216 2304 ) (-3072 10240 2304 ) (-3072 10240 -256 ) 
4 61 63 (-2048 9216 -256 ) (-2048 9216 2304 ) (-3072 9216 2304 ) (-3072 9216 -256 ) 
4 62 64 (-1024 8192 -256 ) (-1024 8192 2304 ) (-2048 8192 2304 ) (-2048 8192 -256 ) 
4 62 63 (-2048 8192 -256 ) (-2048 8192 2304 ) (-2048 9216 2304 ) (-2048 9216 -256 ) 
4 63 68 (-3072 8192 -256 ) (-3072 8192 2304 ) (-3072 9216 2304 ) (-3072 9216 -256 ) 
4 63 65 (-3072 8192 2304 ) (-3072 8192 -256 ) (-2048 8192 -256 ) (-2048 8192 2304 ) 
4 64 84 (-1024 7168 -256 ) (-1024 7168 2304 ) (-2048 7168 2304 ) (-2048 7168 -256 ) 
4 64 65 (-2048 8192 2304 ) (-2048 8192 -256 ) (-2048 7168 -256 ) (-2048 7168 2304 ) 
4 65 85 (-2048 7168 -256 ) (-2048 7168 2304 ) (-3072 7168 2304 ) (-3072 7168 -256 ) 
4 65 70 (-3072 7168 -256 ) (-3072 7168 2304 ) (-3072 8192 2304 ) (-3072 8192 -256 ) 
4 66 68 (-3072 9216 -256 ) (-3072 9216 2304 ) (-4096 9216 2304 ) (-4096 9216 -256 ) 
4 66 67 (-4096 9216 -256 ) (-4096 9216 2304 ) (-4096 10240 2304 ) (-4096 10240 -256 ) 
4 67 72 (-5120 9216 -256 ) (-5120 9216 2304 ) (-5120 10240 2304 ) (-5120 10240 -256 ) 
4 67 69 (-4096 9216 -256 ) (-4096 9216 2304 ) (-5120 9216 2304 ) (-5120 9216 -256 ) 
4 68 70 (-3072 8192 -256 ) (-3072 8192 2304 ) (-4096 8192 2304 ) (-4096 8192 -256 ) 
4 68 69 (-4096 8192 -256 ) (-4096 8192 2304 ) (-4096 9216 2304 ) (-4096 9216 -256 ) 
4 69 74 (-5120 8192 -256 ) (-5120 8192 2304 ) (-5120 9216 2304 ) (-5120 9216 -256 ) 
4 69 71 (-5120 8192 2304 ) (-5120 8192 -256 ) (-4096 8192 -256 ) (-4096 8192 2304 ) 
4 70 102 (-3072 7168 -256 ) (-3072 7168 2304 ) (-4096 7168 2304 ) (-4096 7168 -256 ) 
4 70 71 (-4096 8192 2304 ) (-4096 8192 -256 ) (-4096 7168 -256 ) (-4096 7168 2304 ) 
4 71 103 (-4096 7168 -256 ) (-4096 7168 2304 ) (-5120 7168 2304 ) (-5120 7168 -256 ) 
4 71 75 (-5120 7168 -256 ) (-5120 7168 2304 ) (-5120 8192 2304 ) (-5120 8192 -256 ) 
4 72 74 (-5120 9216 -256 ) (-5120 9216 2304 ) (-6144 9216 2304 ) (-6144 9216 -256 ) 
4 72 73 (-6144 9216 -256 ) (-6144 9216 2304 ) (-6144 10240 2304 ) (-6144 10240 -256 ) 
4 73 76 (-6144 9216 -256 ) (-6144 9216 2304 ) (-6656 9216 2304 ) (-6656 9216 -256 ) 
4 74 76 (-6144 9216 2304 ) (-6144 9216 -256 ) (-6144 8192 -256 ) (-6144 8192 2304 ) 
4 74 75 (-5120 8192 -256 ) (-5120 8192 2304 ) (-6144 8192 2304 ) (-6144 8192 -256 ) 
4 75 108 (-5120 7168 -256 ) (-5120 7168 2304 ) (-6144 7168 2304 ) (-6144 7168 -256 ) 
4 75 77 (-6144 7168 -256 ) (-6144 7168 2304 ) (-6144 8192 2304 ) (-6144 8192 -256 ) 
4 76 77 (-6144 8192 -256 ) (-6144 8192 2304 ) (-6656 8192 2304 ) (-6656 8192 -256 ) 
4 77 109 (-6144 7168 -256 ) (-6144 7168 2304 ) (-6656 7168 2304 ) (-6656 7168 -256 ) 
4 78 80 (1024 6144 -256 ) (1024 6144 2304 ) (0 6144 2304 ) (0 6144 -256 ) 
4 78 79 (0 7168 2304 ) (0 7168 -256 ) (0 6144 -256 ) (0 6144 2304 ) 
4 79 84 (-1024 7168 2304 ) (-1024 7168 -256 ) (-1024 6144 -256 ) (-1024 6144 2304 ) 
4 79 81 (0 6144 -256 ) (0 6144 2304 ) (-1024 6144 2304 ) (-1024 6144 -256 ) 
4 80 82 (1024 5120 -256 ) (1024 5120 2304 ) (0 5120 2304 ) (0 5120 -256 ) 
4 80 81 (0 5120 -256 ) (0 5120 2304 ) (0 6144 2304 ) (0 6144 -256 ) 
4 81 86 (-1024 5120 -256 ) (-1024 5120 2304 ) (-1024 6144 2304 ) (-1024 6144 -256 ) 
4 81 83 (-1024 5120 2304 ) (-1024 5120 -256 ) (0 5120 -256 ) (0 5120 2304 ) 
4 82 90 (1024 4096 -256 ) (1024 4096 2304 ) (0 4096 2304 ) (0 4096 -256 ) 
4 82 83 (0 5120 2304 ) (0 5120 -256 ) (0 4096 -256 ) (0 4096 2304 ) 
4 83 91 (0 4096 -256 ) (0 4096 2304 ) (-1024 4096 2304 ) (-1024 4096 -256 ) 
4 83 88 (-1024 4096 -256 ) (-1024 4096 2304 ) (-1024 5120 2304 ) (-1024 5120 -256 ) 
4 84 86 (-1024 6144 -256 ) (-1024 6144 2304 ) (-2048 6144 2304 ) (-2048 6144 -256 ) 
4 84 85 (-2048 7168 2304 ) (-2048 7168 -256 ) (-2048 6144 -256 ) (-2048 6144 2304 ) 
4 85 102 (-3072 7168 2304 ) (-3072 7168 -256 ) (-3072 6144 -256 ) (-3072 6144 2304 ) 
4 85 87 (-2048 6144 -256 ) (-2048 6144 2304 ) (-3072 6144 2304 ) (-3072 6144 -256 ) 
4 86 88 (-1024 5120 -256 ) (-1024 5120 2304 ) (-2048 5120 2304 ) (-2048 5120 -256 ) 
4 86 87 (-2048 5120 -256 ) (-2048 5120 2304 ) (-2048 6144 2304 ) (-2048 6144 -256 ) 
4 87 104 (-3072 5120 -256 ) (-3072 5120 2304 ) (-3072 6144 2304 ) (-3072 6144 -256 ) 
4 87 89 (-3072 5120 2304 ) (-3072 5120 -256 ) (-2048 5120 -256 ) (-2048 5120 2304 ) 
4 88 96 (-1024 4096 -256 ) (-1024 4096 2304 ) (-2048 4096 2304 ) (-2048 4096 -256 ) 
4 88 89 (-2048 5120 2304 ) (-2048 5120 -256 ) (-2048 4096 -256 ) (-2048 4096 2304 ) 
4 89 106 (-3072 4096 -256 ) (-3072 4096 2304 ) (-3072 5120 2304 ) (-3072 5120 -256 ) 
4 89 97 (-2048 4096 -256 ) (-2048 4096 2304 ) (-3072 4096 2304 ) (-3072 4096 -256 ) 
4 90 92 (1024 3072 -256 ) (1024 3072 2304 ) (0 3072 2304 ) (0 3072 -256 ) 
4 90 91 (0 4096 2304 ) (0 4096 -256 ) (0 3072 -256 ) (0 3072 2304 ) 
4 91 96 (-1024 4096 2304 ) (-1024 4096 -256 ) (-1024 3072 -256 ) (-1024 3072 2304 ) 
4 91 93 (0 3072 -256 ) (0 3072 2304 ) (-1024 3072 2304 ) (-1024 3072 -256 ) 
4 92 94 (1024 2048 -256 ) (1024 2048 2304 ) (0 2048 2304 ) (0 2048 -256 ) 
4 92 93 (0 2048 -256 ) (0 2048 2304 ) (0 3072 2304 ) (0 3072 -256 ) 
4 93 98 (-1024 2048 -256 ) (-1024 2048 2304 ) (-1024 3072 2304 ) (-1024 3072 -256 ) 
4 93 95 (-1024 2048 2304 ) (-1024 2048 -256 ) (0 2048 -256 ) (0 2048 2304 ) 
4 94 192 (1024 1024 -256 ) (1024 1024 2304 ) (0 1024 2304 ) (0 1024 -256 ) 
4 94 95 (0 2048 2304 ) (0 2048 -256 ) (0 1024 -256 ) (0 1024 2304 ) 
4 95 193 (0 1024 -256 ) (0 1024 2304 ) (-1024 1024 2304 ) (-1024 1024 -256 ) 
4 95 100 (-1024 1024 -256 ) (-1024 1024 2304 ) (-1024 2048 2304 ) (-1024 2048 -256 ) 
4 96 98 (-1024 3072 -256 ) (-1024 3072 2304 ) (-2048 3072 2304 ) (-2048 3072 -256 ) 
4 96 97 (-2048 4096 2304 ) (-2048 4096 -256 ) (-2048 3072 -256 ) (-2048 3072 2304 ) 
4 97 114 (-3072 3072 -256 ) (-3072 3072 2304 ) (-3072 4096 2304 ) (-3072 4096 -256 ) 
4 97 99 (-2048 3072 -256 ) (-2048 3072 2304 ) (-3072 3072 2304 ) (-3072 3072 -256 ) 
4 98 100 (-1024 2048 -256 ) (-1024 2048 2304 ) (-2048 2048 2304 ) (-2048 2048 -256 ) 
4 98 99 (-2048 2048 -256 ) (-2048 2048 2304 ) (-2048 3072 2304 ) (-2048 3072 -256 ) 
4 99 116 (-3072 2048 -256 ) (-3072 2048 2304 ) (-3072 3072 2304 ) (-3072 3072 -256 ) 
4 99 101 (-3072 2048 2304 ) (-3072 2048 -256 ) (-2048 2048 -256 ) (-2048 2048 2304 ) 
4 100 198 (-1024 1024 -256 ) (-1024 1024 2304 ) (-2048 1024 2304 ) (-2048 1024 -256 ) 
4 100 101 (-2048 2048 2304 ) (-2048 2048 -256 ) (-2048 1024 -256 ) (-2048 1024 2304 ) 
4 101 199 (-2048 1024 -256 ) (-2048 1024 2304 ) (-3072 1024 2304 ) (-3072 1024 -256 ) 
4 101 118 (-3072 1024 -256 ) (-3072 1024 2304 ) (-3072 2048 2304 ) (-3072 2048 -256 ) 
4 102 104 (-3072 6144 -256 ) (-3072 6144 2304 ) (-4096 6144 2304 ) (-4096 6144 -256 ) 
4 102 103 (-4096 7168 2304 ) (-4096 7168 -256 ) (-4096 6144 -256 ) (-4096 6144 2304 ) 
4 103 108 (-5120 7168 2304 ) (-5120 7168 -256 ) (-5120 6144 -256 ) (-5120 6144 2304 ) 
4 103 105 (-4096 6144 -256 ) (-4096 6144 2304 ) (-5120 6144 2304 ) (-5120 6144 -256 ) 
4 104 106 (-3072 5120 -256 ) (-3072 5120 2304 ) (-4096 5120 2304 ) (-4096 5120 -256 ) 
4 104 105 (-4096 5120 -256 ) (-4096 5120 2304 ) (-4096 6144 2304 ) (-4096 6144 -256 ) 
4 105 110 (-5120 5120 -256 ) (-5120 5120 2304 ) (-5120 6144 2304 ) (-5120 6144 -256 ) 
4 105 107 (-5120 5120 2304 ) (-5120 5120 -256 ) (-4096 5120 -256 ) (-4096 5120 2304 ) 
4 106 114 (-3072 4096 -256 ) (-3072 4096 2304 ) (-4096 4096 2304 ) (-4096 4096 -256 ) 
4 106 107 (-4096 5120 2304 ) (-4096 5120 -256 ) (-4096 4096 -256 ) (-4096 4096 2304 ) 
4 107 115 (-4096 4096 -256 ) (-4096 4096 2304 ) (-5120 4096 2304 ) (-5120 4096 -256 ) 
4 107 111 (-5120 4096 -256 ) (-5120 4096 2304 ) (-5120 5120 2304 ) (-5120 5120 -256 ) 
4 108 110 (-5120 6144 -256 ) (-5120 6144 2304 ) (-6144 6144 2304 ) (-6144 6144 -256 ) 
4 108 109 (-6144 7168 2304 ) (-6144 7168 -256 ) (-6144 6144 -256 ) (-6144 6144 2304 ) 
4 109 112 (-6144 6144 -256 ) (-6144 6144 2304 ) (-6656 6144 2304 ) (-6656 6144 -256 ) 
4 110 112 (-6144 6144 2304 ) (-6144 6144 -256 ) (-6144 5120 -256 ) (-6144 5120 2304 ) 
4 110 111 (-5120 5120 -256 ) (-5120 5120 2304 ) (-6144 5120 2304 ) (-6144 5120 -256 ) 
4 111 120 (-5120 4096 -256 ) (-5120 4096 2304 ) (-6144 4096 2304 ) (-6144 4096 -256 ) 
4 111 113 (-6144 4096 -256 ) (-6144 4096 2304 ) (-6144 5120 2304 ) (-6144 5120 -256 ) 
4 112 113 (-6144 5120 -256 ) (-6144 5120 2304 ) (-6656 5120 2304 ) (-6656 5120 -256 ) 
4 113 121 (-6144 4096 -256 ) (-6144 4096 2304 ) (-6656 4096 2304 ) (-6656 4096 -256 ) 
4 114 116 (-3072 3072 -256 ) (-3072 3072 2304 ) (-4096 3072 2304 ) (-4096 3072 -256 ) 
4 114 115 (-4096 4096 2304 ) (-4096 4096 -256 ) (-4096 3072 -256 ) (-4096 3072 2304 ) 
4 115 120 (-5120 4096 2304 ) (-5120 4096 -256 ) (-5120 3072 -256 ) (-5120 3072 2304 ) 
4 115 117 (-4096 3072 -256 ) (-4096 3072 2304 ) (-5120 3072 2304 ) (-5120 3072 -256 ) 
4 116 118 (-3072 2048 -256 ) (-3072 2048 2304 ) (-4096 2048 2304 ) (-4096 2048 -256 ) 
4 116 117 (-4096 2048 -256 ) (-4096 2048 2304 ) (-4096 3072 2304 ) (-4096 3072 -256 ) 
4 117 122 (-5120 2048 -256 ) (-5120 2048 2304 ) (-5120 3072 2304 ) (-5120 3072 -256 ) 
4 117 119 (-5120 2048 2304 ) (-5120 2048 -256 ) (-4096 2048 -256 ) (-4096 2048 2304 ) 
4 118 316 (-3072 1024 -256 ) (-3072 1024 2304 ) (-4096 1024 2304 ) (-4096 1024 -256 ) 
4 118 119 (-4096 2048 2304 ) (-4096 2048 -256 ) (-4096 1024 -256 ) (-4096 1024 2304 ) 
4 119 317 (-4096 1024 -256 ) (-4096 1024 2304 ) (-5120 1024 2304 ) (-5120 1024 -256 ) 
4 119 123 (-5120 1024 -256 ) (-5120 1024 2304 ) (-5120 2048 2304 ) (-5120 2048 -256 ) 
4 120 122 (-5120 3072 -256 ) (-5120 3072 2304 ) (-6144 3072 2304 ) (-6144 3072 -256 ) 
4 120 121 (-6144 4096 2304 ) (-6144 4096 -256 ) (-6144 3072 -256 ) (-6144 3072 2304 ) 
4 121 124 (-6144 3072 -256 ) (-6144 3072 2304 ) (-6656 3072 2304 ) (-6656 3072 -256 ) 
4 122 124 (-6144 3072 2304 ) (-6144 3072 -256 ) (-6144 2048 -256 ) (-6144 2048 2304 ) 
4 122 123 (-5120 2048 -256 ) (-5120 2048 2304 ) (-6144 2048 2304 ) (-6144 2048 -256 ) 
4 123 322 (-5120 1024 -256 ) (-5120 1024 2304 ) (-6144 1024 2304 ) (-6144 1024 -256 ) 
4 123 125 (-6144 1024 -256 ) (-6144 1024 2304 ) (-6144 2048 2304 ) (-6144 2048 -256 ) 
4 124 125 (-6144 2048 -256 ) (-6144 2048 2304 ) (-6656 2048 2304 ) (-6656 2048 -256 ) 
4 125 323 (-6144 1024 -256 ) (-6144 1024 2304 ) (-6656 1024 2304 ) (-6656 1024 -256 ) 
4 126 128 (7168 0 -256 ) (7168 0 2304 ) (6144 0 2304 ) (6144 0 -256 ) 
4 126 127 (6144 1024 2304 ) (6144 1024 -256 ) (6144 0 -256 ) (6144 0 2304 ) 
4 127 138 (5120 1024 2304 ) (5120 1024 -256 ) (5120 0 -256 ) (5120 0 2304 ) 
4 127 129 (6144 0 -256 ) (6144 0 2304 ) (5120 0 2304 ) (5120 0 -256 ) 
4 128 130 (7168 -1024 -256 ) (7168 -1024 2304 ) (6144 -1024 2304 ) (6144 -1024 -256 ) 
4 128 129 (6144 -1024 -256 ) (6144 -1024 2304 ) (6144 0 2304 ) (6144 0 -256 ) 
4 129 140 (5120 -1024 -256 ) (5120 -1024 2304 ) (5120 0 2304 ) (5120 0 -256 ) 
4 129 131 (5120 -1024 2304 ) (5120 -1024 -256 ) (6144 -1024 -256 ) (6144 -1024 2304 ) 
4 130 132 (7168 -2048 -256 ) (7168 -2048 2304 ) (6144 -2048 2304 ) (6144 -2048 -256 ) 
4 130 131 (6144 -1024 2304 ) (6144 -1024 -256 ) (6144 -2048 -256 ) (6144 -2048 2304 ) 
4 131 142 (5120 -2048 -256 ) (5120 -2048 2304 ) (5120 -1024 2304 ) (5120 -1024 -256 ) 
4 131 133 (6144 -2048 -256 ) (6144 -2048 2304 ) (5120 -2048 2304 ) (5120 -2048 -256 ) 
4 132 134 (7168 -3072 -256 ) (7168 -3072 2304 ) (6144 -3072 2304 ) (6144 -3072 -256 ) 
4 132 133 (6144 -2048 2304 ) (6144 -2048 -256 ) (6144 -3072 -256 ) (6144 -3072 2304 ) 
4 133 150 (5120 -3072 -256 ) (5120 -3072 2304 ) (5120 -2048 2304 ) (5120 -2048 -256 ) 
4 133 135 (6144 -3072 -256 ) (6144 -3072 2304 ) (5120 -3072 2304 ) (5120 -3072 -256 ) 
4 134 136 (7168 -4096 -256 ) (7168 -4096 2304 ) (6144 -4096 2304 ) (6144 -4096 -256 ) 
4 134 135 (6144 -4096 -256 ) (6144 -4096 2304 ) (6144 -3072 2304 ) (6144 -3072 -256 ) 
4 135 152 (5120 -4096 -256 ) (5120 -4096 2304 ) (5120 -3072 2304 ) (5120 -3072 -256 ) 
4 135 137 (5120 -4096 2304 ) (5120 -4096 -256 ) (6144 -4096 -256 ) (6144 -4096 2304 ) 
4 136 162 (7168 -5120 -256 ) (7168 -5120 2304 ) (6144 -5120 2304 ) (6144 -5120 -256 ) 
4 136 137 (6144 -4096 2304 ) (6144 -4096 -256 ) (6144 -5120 -256 ) (6144 -5120 2304 ) 
4 137 163 (6144 -5120 -256 ) (6144 -5120 2304 ) (5120 -5120 2304 ) (5120 -5120 -256 ) 
4 137 154 (5120 -5120 -256 ) (5120 -5120 2304 ) (5120 -4096 2304 ) (5120 -4096 -256 ) 
4 138 140 (5120 0 -256 ) (5120 0 2304 ) (4096 0 2304 ) (4096 0 -256 ) 
4 138 139 (4096 1024 2304 ) (4096 1024 -256 ) (4096 0 -256 ) (4096 0 2304 ) 
4 139 144 (3072 1024 2304 ) (3072 1024 -256 ) (3072 0 -256 ) (3072 0 2304 ) 
4 139 141 (4096 0 -256 ) (4096 0 2304 ) (3072 0 2304 ) (3072 0 -256 ) 
4 140 142 (5120 -1024 -256 ) (5120 -1024 2304 ) (4096 -1024 2304 ) (4096 -1024 -256 ) 
4 140 141 (4096 -1024 -256 ) (4096 -1024 2304 ) (4096 0 2304 ) (4096 0 -256 ) 
4 141 146 (3072 -1024 -256 ) (3072 -1024 2304 ) (3072 0 2304 ) (3072 0 -256 ) 
4 141 143 (3072 -1024 2304 ) (3072 -1024 -256 ) (4096 -1024 -256 ) (4096 -1024 2304 ) 
4 142 150 (5120 -2048 -256 ) (5120 -2048 2304 ) (4096 -2048 2304 ) (4096 -2048 -256 ) 
4 142 143 (4096 -1024 2304 ) (4096 -1024 -256 ) (4096 -2048 -256 ) (4096 -2048 2304 ) 
4 143 151 (4096 -2048 -256 ) (4096 -2048 2304 ) (3072 -2048 2304 ) (3072 -2048 -256 ) 
4 143 148 (3072 -2048 -256 ) (3072 -2048 2304 ) (3072 -1024 2304 ) (3072 -1024 -256 ) 
4 144 146 (3072 0 -256 ) (3072 0 2304 ) (2048 0 2304 ) (2048 0 -256 ) 
4 144 145 (2048 1024 2304 ) (2048 1024 -256 ) (2048 0 -256 ) (2048 0 2304 ) 
4 145 192 (1024 1024 2304 ) (1024 1024 -256 ) (1024 0 -256 ) (1024 0 2304 ) 
4 145 147 (2048 0 -256 ) (2048 0 2304 ) (1024 0 2304 ) (1024 0 -256 ) 
4 146 148 (3072 -1024 -256 ) (3072 -1024 2304 ) (2048 -1024 2304 ) (2048 -1024 -256 ) 
4 146 147 (2048 -1024 -256 ) (2048 -1024 2304 ) (2048 0 2304 ) (2048 0 -256 ) 
4 147 194 (1024 -1024 -256 ) (1024 -1024 2304 ) (1024 0 2304 ) (1024 0 -256 ) 
4 147 149 (1024 -1024 2304 ) (1024 -1024 -256 ) (2048 -1024 -256 ) (2048 -1024 2304 ) 
4 148 156 (3072 -2048 -256 ) (3072 -2048 2304 ) (2048 -2048 2304 ) (2048 -2048 -256 ) 
4 148 149 (2048 -1024 2304 ) (2048 -1024 -256 ) (2048 -2048 -256 ) (2048 -2048 2304 ) 
4 149 196 (1024 -2048 -256 ) (1024 -2048 2304 ) (1024 -1024 2304 ) (1024 -1024 -256 ) 
4 149 157 (2048 -2048 -256 ) (2048 -2048 2304 ) (1024 -2048 2304 ) (1024 -2048 -256 ) 
4 150 152 (5120 -3072 -256 ) (5120 -3072 2304 ) (4096 -3072 2304 ) (4096 -3072 -256 ) 
4 150 151 (4096 -2048 2304 ) (4096 -2048 -256 ) (4096 -3072 -256 ) (4096 -3072 2304 ) 
4 151 156 (3072 -2048 2304 ) (3072 -2048 -256 ) (3072 -3072 -256 ) (3072 -3072 2304 ) 
4 151 153 (4096 -3072 -256 ) (4096 -3072 2304 ) (3072 -3072 2304 ) (3072 -3072 -256 ) 
4 152 154 (5120 -4096 -256 ) (5120 -4096 2304 ) (4096 -4096 2304 ) (4096 -4096 -256 ) 
4 152 153 (4096 -4096 -256 ) (4096 -4096 2304 ) (4096 -3072 2304 ) (4096 -3072 -256 ) 
4 153 158 (3072 -4096 -256 ) (3072 -4096 2304 ) (3072 -3072 2304 ) (3072 -3072 -256 ) 
4 153 155 (3072 -4096 2304 ) (3072 -4096 -256 ) (4096 -4096 -256 ) (4096 -4096 2304 ) 
4 154 172 (5120 -5120 -256 ) (5120 -5120 2304 ) (4096 -5120 2304 ) (4096 -5120 -256 ) 
4 154 155 (4096 -4096 2304 ) (4096 -4096 -256 ) (4096 -5120 -256 ) (4096 -5120 2304 ) 
4 155 173 (4096 -5120 -256 ) (4096 -5120 2304 ) (3072 -5120 2304 ) (3072 -5120 -256 ) 
4 155 160 (3072 -5120 -256 ) (3072 -5120 2304 ) (3072 -4096 2304 ) (3072 -4096 -256 ) 
4 156 158 (3072 -3072 -256 ) (3072 -3072 2304 ) (2048 -3072 2304 ) (2048 -3072 -256 ) 
4 156 157 (2048 -2048 2304 ) (2048 -2048 -256 ) (2048 -3072 -256 ) (2048 -3072 2304 ) 
4 157 204 (1024 -3072 -256 ) (1024 -3072 2304 ) (1024 -2048 2304 ) (1024 -2048 -256 ) 
4 157 159 (2048 -3072 -256 ) (2048 -3072 2304 ) (1024 -3072 2304 ) (1024 -3072 -256 ) 
4 158 160 (3072 -4096 -256 ) (3072 -4096 2304 ) (2048 -4096 2304 ) (2048 -4096 -256 ) 
4 158 159 (2048 -4096 -256 ) (2048 -4096 2304 ) (2048 -3072 2304 ) (2048 -3072 -256 ) 
4 159 206 (1024 -4096 -256 ) (1024 -4096 2304 ) (1024 -3072 2304 ) (1024 -3072 -256 ) 
4 159 161 (1024 -4096 2304 ) (1024 -4096 -256 ) (2048 -4096 -256 ) (2048 -4096 2304 ) 
4 160 178 (3072 -5120 -256 ) (3072 -5120 2304 ) (2048 -5120 2304 ) (2048 -5120 -256 ) 
4 160 161 (2048 -4096 2304 ) (2048 -4096 -256 ) (2048 -5120 -256 ) (2048 -5120 2304 ) 
4 161 208 (1024 -5120 -256 ) (1024 -5120 2304 ) (1024 -4096 2304 ) (1024 -4096 -256 ) 
4 161 179 (2048 -5120 -256 ) (2048 -5120 2304 ) (1024 -5120 2304 ) (1024 -5120 -256 ) 
4 162 164 (7168 -6144 -256 ) (7168 -6144 2304 ) (6144 -6144 2304 ) (6144 -6144 -256 ) 
4 162 163 (6144 -5120 2304 ) (6144 -5120 -256 ) (6144 -6144 -256 ) (6144 -6144 2304 ) 
4 163 172 (5120 -5120 2304 ) (5120 -5120 -256 ) (5120 -6144 -256 ) (5120 -6144 2304 ) 
4 163 165 (6144 -6144 -256 ) (6144 -6144 2304 ) (5120 -6144 2304 ) (5120 -6144 -256 ) 
4 164 166 (7168 -7168 -256 ) (7168 -7168 2304 ) (6144 -7168 2304 ) (6144 -7168 -256 ) 
4 164 165 (6144 -7168 -256 ) (6144 -7168 2304 ) (6144 -6144 2304 ) (6144 -6144 -256 ) 
4 165 174 (5120 -7168 -256 ) (5120 -7168 2304 ) (5120 -6144 2304 ) (5120 -6144 -256 ) 
4 165 167 (5120 -7168 2304 ) (5120 -7168 -256 ) (6144 -7168 -256 ) (6144 -7168 2304 ) 
4 166 168 (7168 -8192 -256 ) (7168 -8192 2304 ) (6144 -8192 2304 ) (6144 -8192 -256 ) 
4 166 167 (6144 -7168 2304 ) (6144 -7168 -256 ) (6144 -8192 -256 ) (6144 -8192 2304 ) 
4 167 176 (5120 -8192 -256 ) (5120 -8192 2304 ) (5120 -7168 2304 ) (5120 -7168 -256 ) 
4 167 169 (6144 -8192 -256 ) (6144 -8192 2304 ) (5120 -8192 2304 ) (5120 -8192 -256 ) 
4 168 170 (7168 -9216 -256 ) (7168 -9216 2304 ) (6144 -9216 2304 ) (6144 -9216 -256 ) 
4 168 169 (6144 -8192 2304 ) (6144 -8192 -256 ) (6144 -9216 -256 ) (6144 -9216 2304 ) 
4 169 184 (5120 -9216 -256 ) (5120 -9216 2304 ) (5120 -8192 2304 ) (5120 -8192 -256 ) 
4 169 171 (6144 -9216 -256 ) (6144 -9216 2304 ) (5120 -9216 2304 ) (5120 -9216 -256 ) 
4 170 171 (6144 -9728 -256 ) (6144 -9728 2304 ) (6144 -9216 2304 ) (6144 -9216 -256 ) 
4 171 186 (5120 -9728 -256 ) (5120 -9728 2304 ) (5120 -9216 2304 ) (5120 -9216 -256 ) 
4 172 174 (5120 -6144 -256 ) (5120 -6144 2304 ) (4096 -6144 2304 ) (4096 -6144 -256 ) 
4 172 173 (4096 -5120 2304 ) (4096 -5120 -256 ) (4096 -6144 -256 ) (4096 -6144 2304 ) 
4 173 178 (3072 -5120 2304 ) (3072 -5120 -256 ) (3072 -6144 -256 ) (3072 -6144 2304 ) 
4 173 175 (4096 -6144 -256 ) (4096 -6144 2304 ) (3072 -6144 2304 ) (3072 -6144 -256 ) 
4 174 176 (5120 -7168 -256 ) (5120 -7168 2304 ) (4096 -7168 2304 ) (4096 -7168 -256 ) 
4 174 175 (4096 -7168 -256 ) (4096 -7168 2304 ) (4096 -6144 2304 ) (4096 -6144 -256 ) 
4 175 180 (3072 -7168 -256 ) (3072 -7168 2304 ) (3072 -6144 2304 ) (3072 -6144 -256 ) 
4 175 177 (3072 -7168 2304 ) (3072 -7168 -256 ) (4096 -7168 -256 ) (4096 -7168 2304 ) 
4 176 184 (5120 -8192 -256 ) (5120 -8192 2304 ) (4096 -8192 2304 ) (4096 -8192 -256 ) 
4 176 177 (4096 -7168 2304 ) (4096 -7168 -256 ) (4096 -8192 -256 ) (4096 -8192 2304 ) 
4 177 185 (4096 -8192 -256 ) (4096 -8192 2304 ) (3072 -8192 2304 ) (3072 -8192 -256 ) 
4 177 182 (3072 -8192 -256 ) (3072 -8192 2304 ) (3072 -7168 2304 ) (3072 -7168 -256 ) 
4 178 180 (3072 -6144 -256 ) (3072 -6144 2304 ) (2048 -6144 2304 ) (2048 -6144 -256 ) 
4 178 179 (2048 -5120 2304 ) (2048 -5120 -256 ) (2048 -6144 -256 ) (2048 -6144 2304 ) 
4 179 367 (1024 -6144 -256 ) (1024 -6144 2304 ) (1024 -5120 2304 ) (1024 -5120 -256 ) 
4 179 181 (2048 -6144 -256 ) (2048 -6144 2304 ) (1024 -6144 2304 ) (1024 -6144 -256 ) 
4 180 182 (3072 -7168 -256 ) (3072 -7168 2304 ) (2048 -7168 2304 ) (2048 -7168 -256 ) 
4 180 181 (2048 -7168 -256 ) (2048 -7168 2304 ) (2048 -6144 2304 ) (2048 -6144 -256 ) 
4 181 369 (1024 -7168 -256 ) (1024 -7168 2304 ) (1024 -6144 2304 ) (1024 -6144 -256 ) 
4 181 183 (1024 -7168 2304 ) (1024 -7168 -256 ) (2048 -7168 -256 ) (2048 -7168 2304 ) 
4 182 188 (3072 -8192 -256 ) (3072 -8192 2304 ) (2048 -8192 2304 ) (2048 -8192 -256 ) 
4 182 183 (2048 -7168 2304 ) (2048 -7168 -256 ) (2048 -8192 -256 ) (2048 -8192 2304 ) 
4 183 371 (1024 -8192 -256 ) (1024 -8192 2304 ) (1024 -7168 2304 ) (1024 -7168 -256 ) 
4 183 189 (2048 -8192 -256 ) (2048 -8192 2304 ) (1024 -8192 2304 ) (1024 -8192 -256 ) 
4 184 186 (5120 -9216 -256 ) (5120 -9216 2304 ) (4096 -9216 2304 ) (4096 -9216 -256 ) 
4 184 185 (4096 -8192 2304 ) (4096 -8192 -256 ) (4096 -9216 -256 ) (4096 -9216 2304 ) 
4 185 188 (3072 -8192 2304 ) (3072 -8192 -256 ) (3072 -9216 -256 ) (3072 -9216 2304 ) 
4 185 187 (4096 -9216 -256 ) (4096 -9216 2304 ) (3072 -9216 2304 ) (3072 -9216 -256 ) 
4 186 187 (4096 -9728 -256 ) (4096 -9728 2304 ) (4096 -9216 2304 ) (4096 -9216 -256 ) 
4 187 190 (3072 -9728 -256 ) (3072 -9728 2304 ) (3072 -9216 2304 ) (3072 -9216 -256 ) 
4 188 190 (3072 -9216 -256 ) (3072 -9216 2304 ) (2048 -9216 2304 ) (2048 -9216 -256 ) 
4 188 189 (2048 -8192 2304 ) (2048 -8192 -256 ) (2048 -9216 -256 ) (2048 -9216 2304 ) 
4 189 379 (1024 -9216 -256 ) (1024 -9216 2304 ) (1024 -8192 2304 ) (1024 -8192 -256 ) 
4 189 191 (2048 -9216 -256 ) (2048 -9216 2304 ) (1024 -9216 2304 ) (1024 -9216 -256 ) 
4 190 191 (2048 -9728 -256 ) (2048 -9728 2304 ) (2048 -9216 2304 ) (2048 -9216 -256 ) 
4 191 381 (1024 -9728 -256 ) (1024 -9728 2304 ) (1024 -9216 2304 ) (1024 -9216 -256 ) 
4 192 194 (1024 0 -256 ) (1024 0 2304 ) (0 0 2304 ) (0 0 -256 ) 
4 192 193 (0 1024 2304 ) (0 1024 -256 ) (0 0 -256 ) (0 0 2304 ) 
4 193 198 (-1024 1024 2304 ) (-1024 1024 -256 ) (-1024 0 -256 ) (-1024 0 2304 ) 
4 193 195 (0 0 -256 ) (0 0 2304 ) (-1024 0 2304 ) (-1024 0 -256 ) 
4 194 196 (1024 -1024 -256 ) (1024 -1024 2304 ) (0 -1024 2304 ) (0 -1024 -256 ) 
4 194 195 (0 -1024 -256 ) (0 -1024 2304 ) (0 0 2304 ) (0 0 -256 ) 
4 195 200 (-1024 -1024 -256 ) (-1024 -1024 2304 ) (-1024 0 2304 ) (-1024 0 -256 ) 
4 195 197 (-1024 -1024 2304 ) (-1024 -1024 -256 ) (0 -1024 -256 ) (0 -1024 2304 ) 
4 196 204 (1024 -2048 -256 ) (1024 -2048 2304 ) (0 -2048 2304 ) (0 -2048 -256 ) 
4 196 197 (0 -1024 2304 ) (0 -1024 -256 ) (0 -2048 -256 ) (0 -2048 2304 ) 
4 197 205 (0 -2048 -256 ) (0 -2048 2304 ) (-1024 -2048 2304 ) (-1024 -2048 -256 ) 
4 197 202 (-1024 -2048 -256 ) (-1024 -2048 2304 ) (-1024 -1024 2304 ) (-1024 -1024 -256 ) 
4 198 200 (-1024 0 -256 ) (-1024 0 2304 ) (-2048 0 2304 ) (-2048 0 -256 ) 
4 198 199 (-2048 1024 2304 ) (-2048 1024 -256 ) (-2048 0 -256 ) (-2048 0 2304 ) 
4 199 316 (-3072 1024 2304 ) (-3072 1024 -256 ) (-3072 0 -256 ) (-3072 0 2304 ) 
4 199 201 (-2048 0 -256 ) (-2048 0 2304 ) (-3072 0 2304 ) (-3072 0 -256 ) 
4 200 202 (-1024 -1024 -256 ) (-1024 -1024 2304 ) (-2048 -1024 2304 ) (-2048 -1024 -256 ) 
4 200 201 (-2048 -1024 -256 ) (-2048 -1024 2304 ) (-2048 0 2304 ) (-2048 0 -256 ) 
4 201 318 (-3072 -1024 -256 ) (-3072 -1024 2304 ) (-3072 0 2304 ) (-3072 0 -256 ) 
4 201 203 (-3072 -1024 2304 ) (-3072 -1024 -256 ) (-2048 -1024 -256 ) (-2048 -1024 2304 ) 
4 202 225 (-1024 -2048 -256 ) (-1024 -2048 0 ) (-1440 -2048 0 ) (-1440 -2048 -256 ) 
4 202 217 (-1024 -2048 0 ) (-1024 -2048 304 ) (-1440 -2048 304 ) (-1440 -2048 0 ) 
4 202 214 (-1024 -2048 304 ) (-1024 -2048 320 ) (-1440 -2048 320 ) (-1440 -2048 304 ) 
4 202 210 (-1024 -2048 320 ) (-1024 -2048 2304 ) (-2048 -2048 2304 ) (-2048 -2048 320 ) 
4 202 203 (-2048 -1024 2304 ) (-2048 -1024 -256 ) (-2048 -2048 -256 ) (-2048 -2048 2304 ) 
4 203 320 (-3072 -2048 -256 ) (-3072 -2048 2304 ) (-3072 -1024 2304 ) (-3072 -1024 -256 ) 
4 203 292 (-2560 -2048 0 ) (-2752 -2048 0 ) (-2752 -2048 -256 ) (-2560 -2048 -256 ) 
4 203 290 (-2208 -2048 0 ) (-2560 -2048 0 ) (-2560 -2048 -256 ) (-2208 -2048 -256 ) 
4 203 282 (-3064 -2048 128 ) (-3064 -2048 48 ) (-3024 -2048 48 ) (-3024 -2048 128 ) 
4 203 270 (-2736 -2048 144 ) (-2752 -2048 144 ) (-2752 -2048 0 ) (-2736 -2048 0 ) 
4 203 265 (-2208 -2048 144 ) (-2736 -2048 144 ) (-2736 -2048 0 ) (-2208 -2048 0 ) 
4 203 251 (-3064 -2048 288 ) (-3064 -2048 208 ) (-3024 -2048 208 ) (-3024 -2048 288 ) 
4 203 250 (-2880 -2048 288 ) (-2880 -2048 208 ) (-2840 -2048 208 ) (-2840 -2048 288 ) 
4 203 239 (-2560 -2048 272 ) (-2752 -2048 272 ) (-2752 -2048 144 ) (-2560 -2048 144 ) 
4 203 237 (-2208 -2048 272 ) (-2560 -2048 272 ) (-2560 -2048 144 ) (-2208 -2048 144 ) 
4 203 234 (-2304 -2048 304 ) (-2752 -2048 304 ) (-2752 -2048 272 ) (-2304 -2048 272 ) 
4 203 233 (-2208 -2048 304 ) (-2304 -2048 304 ) (-2304 -2048 272 ) (-2208 -2048 272 ) 
4 203 231 (-2304 -2048 320 ) (-2752 -2048 320 ) (-2752 -2048 304 ) (-2304 -2048 304 ) 
4 203 230 (-2208 -2048 320 ) (-2304 -2048 320 ) (-2304 -2048 304 ) (-2208 -2048 304 ) 
4 203 227 (-2048 -2048 320 ) (-2048 -2048 2304 ) (-3072 -2048 2304 ) (-3072 -2048 320 ) 
4 204 206 (1024 -3072 -256 ) (1024 -3072 2304 ) (0 -3072 2304 ) (0 -3072 -256 ) 
4 204 205 (0 -2048 2304 ) (0 -2048 -256 ) (0 -3072 -256 ) (0 -3072 2304 ) 
4 205 225 (-1024 -2048 0 ) (-1024 -2048 -256 ) (-1024 -3072 -256 ) (-1024 -3072 0 ) 
4 205 217 (-1024 -2048 304 ) (-1024 -2048 0 ) (-1024 -3072 0 ) (-1024 -3072 304 ) 
4 205 215 (-1024 -2560 304 ) (-1024 -3072 304 ) (-1024 -3072 320 ) (-1024 -2560 320 ) 
4 205 214 (-1024 -2048 320 ) (-1024 -2048 304 ) (-1024 -2560 304 ) (-1024 -2560 320 ) 
4 205 212 (-1024 -2320 320 ) (-1024 -3072 320 ) (-1024 -3072 2304 ) (-1024 -2320 2304 ) 
4 205 211 (-1024 -2288 320 ) (-1024 -2320 320 ) (-1024 -2320 2304 ) (-1024 -2288 2304 ) 
4 205 210 (-1024 -2048 2304 ) (-1024 -2048 320 ) (-1024 -2288 320 ) (-1024 -2288 2304 ) 
4 205 207 (0 -3072 -256 ) (0 -3072 2304 ) (-1024 -3072 2304 ) (-1024 -3072 -256 ) 
4 206 208 (1024 -4096 -256 ) (1024 -4096 2304 ) (0 -4096 2304 ) (0 -4096 -256 ) 
4 206 207 (0 -4096 -256 ) (0 -4096 2304 ) (0 -3072 2304 ) (0 -3072 -256 ) 
4 207 311 (-1024 -4096 -256 ) (-1024 -4096 0 ) (-1024 -3072 0 ) (-1024 -3072 -256 ) 
4 207 309 (-1024 -4096 0 ) (-1024 -4096 304 ) (-1024 -3584 304 ) (-1024 -3584 0 ) 
4 207 301 (-1024 -3584 304 ) (-1024 -3072 304 ) (-1024 -3072 0 ) (-1024 -3584 0 ) 
4 207 299 (-1024 -4096 304 ) (-1024 -4096 320 ) (-1024 -3072 320 ) (-1024 -3072 304 ) 
4 207 296 (-1024 -3976 2304 ) (-1024 -3072 2304 ) (-1024 -3072 320 ) (-1024 -3976 320 ) 
4 207 298 (-1024 -4096 320 ) (-1024 -4096 2304 ) (-1024 -3976 2304 ) (-1024 -3976 320 ) 
4 207 209 (-1024 -4096 2304 ) (-1024 -4096 -256 ) (0 -4096 -256 ) (0 -4096 2304 ) 
4 208 367 (1024 -5120 -256 ) (1024 -5120 2304 ) (0 -5120 2304 ) (0 -5120 -256 ) 
4 208 209 (0 -4096 2304 ) (0 -4096 -256 ) (0 -5120 -256 ) (0 -5120 2304 ) 
4 209 368 (0 -5120 -256 ) (0 -5120 2304 ) (-1024 -5120 2304 ) (-1024 -5120 -256 ) 
4 209 314 (-1024 -5120 -256 ) (-1024 -5120 2304 ) (-1024 -4096 2304 ) (-1024 -4096 -256 ) 
4 210 227 (-2048 -2048 2304 ) (-2048 -2048 320 ) (-2048 -2288 320 ) (-2048 -2288 2304 ) 
4 210 214 (-1440 -2048 320 ) (-1024 -2048 320 ) (-1024 -2288 320 ) (-1440 -2288 320 ) 
4 210 211 (-1680 -2288 320 ) (-1024 -2288 320 ) (-1024 -2288 2304 ) (-1680 -2288 2304 ) 
4 211 214 (-1440 -2288 320 ) (-1024 -2288 320 ) (-1024 -2320 320 ) (-1440 -2320 320 ) 
4 211 212 (-1680 -2320 320 ) (-1024 -2320 320 ) (-1024 -2320 2304 ) (-1680 -2320 2304 ) 
4 212 296 (-1024 -3072 320 ) (-1024 -3072 2304 ) (-1680 -3072 2304 ) (-1680 -3072 320 ) 
4 212 215 (-1024 -2560 320 ) (-1024 -3072 320 ) (-1440 -3072 320 ) (-1440 -2560 320 ) 
4 212 214 (-1440 -2320 320 ) (-1024 -2320 320 ) (-1024 -2560 320 ) (-1440 -2560 320 ) 
4 213 297 (-1712 -3072 2304 ) (-2048 -3072 2304 ) (-2048 -3072 320 ) (-1712 -3072 320 ) 
4 213 229 (-2048 -2320 320 ) (-2048 -3072 320 ) (-2048 -3072 2304 ) (-2048 -2320 2304 ) 
4 213 216 (-2048 -3072 320 ) (-2048 -2560 320 ) (-1952 -2560 320 ) (-1952 -3072 320 ) 
4 214 217 (-1440 -2048 304 ) (-1024 -2048 304 ) (-1024 -2560 304 ) (-1440 -2560 304 ) 
4 214 215 (-1440 -2560 304 ) (-1024 -2560 304 ) (-1024 -2560 320 ) (-1440 -2560 320 ) 
4 215 299 (-1024 -3072 304 ) (-1024 -3072 320 ) (-1440 -3072 320 ) (-1440 -3072 304 ) 
4 215 217 (-1024 -3072 304 ) (-1440 -3072 304 ) (-1440 -2560 304 ) (-1024 -2560 304 ) 
4 216 300 (-1952 -3072 320 ) (-2048 -3072 320 ) (-2048 -3072 304 ) (-1952 -3072 304 ) 
4 216 232 (-2048 -2560 304 ) (-2048 -3072 304 ) (-2048 -3072 320 ) (-2048 -2560 320 ) 
4 216 224 (-1952 -3072 304 ) (-2048 -3072 304 ) (-2048 -2560 304 ) (-1952 -2560 304 ) 
4 217 301 (-1024 -3072 0 ) (-1024 -3072 304 ) (-1440 -3072 304 ) (-1440 -3072 0 ) 
4 217 225 (-1440 -2048 0 ) (-1024 -2048 0 ) (-1024 -3072 0 ) (-1440 -3072 0 ) 
4 217 219 (-1440 -2976 0 ) (-1440 -3040 0 ) (-1440 -3040 112 ) (-1440 -2976 112 ) 
4 217 218 (-1440 -2744 0 ) (-1440 -2888 0 ) (-1440 -2888 144 ) (-1440 -2744 144 ) 
4 218 221 (-1456 -2848 0 ) (-1456 -2888 0 ) (-1456 -2888 144 ) (-1456 -2848 144 ) 
4 218 220 (-1456 -2744 0 ) (-1456 -2848 0 ) (-1456 -2848 144 ) (-1456 -2744 144 ) 
4 219 223 (-1456 -2992 0 ) (-1456 -3040 0 ) (-1456 -3040 112 ) (-1456 -2992 112 ) 
4 219 221 (-1456 -2976 0 ) (-1456 -2992 0 ) (-1456 -2992 112 ) (-1456 -2976 112 ) 
4 220 221 (-1936 -2848 0 ) (-1456 -2848 0 ) (-1456 -2848 304 ) (-1936 -2848 304 ) 
4 221 223 (-1936 -2992 0 ) (-1456 -2992 0 ) (-1456 -2992 304 ) (-1936 -2992 304 ) 
4 221 222 (-1936 -2848 144 ) (-1936 -2848 0 ) (-1936 -2992 0 ) (-1936 -2992 144 ) 
4 222 224 (-1952 -2848 0 ) (-1952 -2992 0 ) (-1952 -2992 144 ) (-1952 -2848 144 ) 
4 223 302 (-1456 -3072 304 ) (-1936 -3072 304 ) (-1936 -3072 0 ) (-1456 -3072 0 ) 
4 224 308 (-1952 -3072 304 ) (-2048 -3072 304 ) (-2048 -3072 0 ) (-1952 -3072 0 ) 
4 224 271 (-2048 -2560 0 ) (-2048 -3072 0 ) (-2048 -3072 144 ) (-2048 -2560 144 ) 
4 224 247 (-2048 -3072 144 ) (-2048 -3072 304 ) (-2048 -2560 304 ) (-2048 -2560 144 ) 
4 224 226 (-2048 -3072 0 ) (-2048 -2560 0 ) (-1952 -2560 0 ) (-1952 -3072 0 ) 
4 225 311 (-1024 -3072 -256 ) (-1024 -3072 0 ) (-1440 -3072 0 ) (-1440 -3072 -256 ) 
4 226 312 (-1952 -3072 -256 ) (-1952 -3072 0 ) (-2048 -3072 0 ) (-2048 -3072 -256 ) 
4 226 294 (-2048 -2560 -256 ) (-2048 -3072 -256 ) (-2048 -3072 0 ) (-2048 -2560 0 ) 
4 227 328 (-3072 -2288 2304 ) (-3072 -2048 2304 ) (-3072 -2048 320 ) (-3072 -2288 320 ) 
4 227 231 (-2304 -2288 320 ) (-2752 -2288 320 ) (-2752 -2048 320 ) (-2304 -2048 320 ) 
4 227 230 (-2304 -2080 320 ) (-2304 -2048 320 ) (-2208 -2048 320 ) (-2208 -2080 320 ) 
4 227 228 (-2872 -2288 320 ) (-2088 -2288 320 ) (-2088 -2288 2304 ) (-2872 -2288 2304 ) 
4 228 231 (-2752 -2304 320 ) (-2752 -2288 320 ) (-2304 -2288 320 ) (-2304 -2304 320 ) 
4 228 229 (-2872 -2320 320 ) (-2088 -2320 320 ) (-2088 -2320 2304 ) (-2872 -2320 2304 ) 
4 229 330 (-3072 -3072 320 ) (-3072 -3072 2304 ) (-3072 -2320 2304 ) (-3072 -2320 320 ) 
4 229 313 (-2048 -3072 320 ) (-2048 -3072 2304 ) (-3072 -3072 2304 ) (-3072 -3072 320 ) 
4 229 232 (-2048 -2560 320 ) (-2048 -3072 320 ) (-3072 -3072 320 ) (-3072 -2560 320 ) 
4 230 233 (-2304 -2048 304 ) (-2208 -2048 304 ) (-2208 -2080 304 ) (-2304 -2080 304 ) 
4 230 231 (-2304 -2048 304 ) (-2304 -2080 304 ) (-2304 -2080 320 ) (-2304 -2048 320 ) 
4 231 236 (-2560 -2304 304 ) (-2752 -2304 304 ) (-2752 -2112 304 ) (-2560 -2112 304 ) 
4 231 235 (-2304 -2112 304 ) (-2304 -2304 304 ) (-2560 -2304 304 ) (-2560 -2112 304 ) 
4 231 234 (-2752 -2048 304 ) (-2304 -2048 304 ) (-2304 -2112 304 ) (-2752 -2112 304 ) 
4 232 332 (-3072 -3072 304 ) (-3072 -3072 320 ) (-3072 -2560 320 ) (-3072 -2560 304 ) 
4 232 313 (-2048 -3072 304 ) (-2048 -3072 320 ) (-3072 -3072 320 ) (-3072 -3072 304 ) 
4 232 264 (-2768 -3072 304 ) (-3072 -3072 304 ) (-3072 -2560 304 ) (-2768 -2560 304 ) 
4 232 249 (-2752 -3072 304 ) (-2768 -3072 304 ) (-2768 -2560 304 ) (-2752 -2560 304 ) 
4 232 247 (-2048 -3072 304 ) (-2752 -3072 304 ) (-2752 -2560 304 ) (-2048 -2560 304 ) 
4 233 237 (-2304 -2080 272 ) (-2304 -2048 272 ) (-2208 -2048 272 ) (-2208 -2080 272 ) 
4 233 234 (-2304 -2048 272 ) (-2304 -2080 272 ) (-2304 -2080 304 ) (-2304 -2048 304 ) 
4 234 239 (-2752 -2112 272 ) (-2752 -2048 272 ) (-2560 -2048 272 ) (-2560 -2112 272 ) 
4 234 238 (-2304 -2080 272 ) (-2304 -2112 272 ) (-2560 -2112 272 ) (-2560 -2080 272 ) 
4 234 237 (-2560 -2048 272 ) (-2304 -2048 272 ) (-2304 -2080 272 ) (-2560 -2080 272 ) 
4 234 236 (-2752 -2112 304 ) (-2752 -2112 288 ) (-2560 -2112 288 ) (-2560 -2112 304 ) 
4 234 235 (-2560 -2112 272 ) (-2304 -2112 272 ) (-2304 -2112 304 ) (-2560 -2112 304 ) 
4 235 246 (-2544 -2304 272 ) (-2320 -2304 272 ) (-2320 -2304 304 ) (-2544 -2304 304 ) 
4 235 238 (-2304 -2304 272 ) (-2560 -2304 272 ) (-2560 -2112 272 ) (-2304 -2112 272 ) 
4 235 236 (-2560 -2112 304 ) (-2560 -2112 288 ) (-2560 -2304 288 ) (-2560 -2304 304 ) 
4 237 265 (-2560 -2080 144 ) (-2560 -2048 144 ) (-2208 -2048 144 ) (-2208 -2080 144 ) 
4 237 239 (-2560 -2048 144 ) (-2560 -2080 144 ) (-2560 -2080 272 ) (-2560 -2048 272 ) 
4 237 238 (-2560 -2080 272 ) (-2560 -2080 144 ) (-2304 -2080 144 ) (-2304 -2080 272 ) 
4 238 269 (-2304 -2304 144 ) (-2560 -2304 144 ) (-2560 -2128 144 ) (-2304 -2128 144 ) 
4 238 267 (-2560 -2128 144 ) (-2560 -2112 144 ) (-2304 -2112 144 ) (-2304 -2128 144 ) 
4 238 266 (-2560 -2112 144 ) (-2560 -2080 144 ) (-2304 -2080 144 ) (-2304 -2112 144 ) 
4 238 246 (-2544 -2304 144 ) (-2320 -2304 144 ) (-2320 -2304 272 ) (-2544 -2304 272 ) 
4 238 242 (-2560 -2228 176 ) (-2560 -2228 256 ) (-2560 -2188 256 ) (-2560 -2188 176 ) 
4 238 239 (-2560 -2080 144 ) (-2560 -2112 144 ) (-2560 -2112 272 ) (-2560 -2080 272 ) 
4 239 270 (-2752 -2112 144 ) (-2752 -2048 144 ) (-2736 -2048 144 ) (-2736 -2112 144 ) 
4 239 266 (-2560 -2080 144 ) (-2560 -2112 144 ) (-2736 -2112 144 ) (-2736 -2080 144 ) 
4 239 265 (-2736 -2048 144 ) (-2560 -2048 144 ) (-2560 -2080 144 ) (-2736 -2080 144 ) 
4 239 240 (-2676 -2112 256 ) (-2676 -2112 176 ) (-2636 -2112 176 ) (-2636 -2112 256 ) 
4 240 241 (-2636 -2128 176 ) (-2636 -2128 256 ) (-2676 -2128 256 ) (-2676 -2128 176 ) 
4 241 245 (-2736 -2144 144 ) (-2736 -2188 144 ) (-2736 -2188 256 ) (-2736 -2144 256 ) 
4 241 243 (-2736 -2188 272 ) (-2736 -2188 144 ) (-2576 -2188 144 ) (-2576 -2188 272 ) 
4 242 243 (-2576 -2188 256 ) (-2576 -2188 176 ) (-2576 -2228 176 ) (-2576 -2228 256 ) 
4 243 245 (-2736 -2188 144 ) (-2736 -2208 144 ) (-2736 -2208 256 ) (-2736 -2188 256 ) 
4 243 244 (-2736 -2228 272 ) (-2736 -2228 144 ) (-2576 -2228 144 ) (-2576 -2228 272 ) 
4 245 248 (-2752 -2144 144 ) (-2752 -2208 144 ) (-2752 -2208 256 ) (-2752 -2144 256 ) 
4 246 272 (-2320 -2560 144 ) (-2544 -2560 144 ) (-2544 -2304 144 ) (-2320 -2304 144 ) 
4 246 247 (-2544 -2560 144 ) (-2320 -2560 144 ) (-2320 -2560 304 ) (-2544 -2560 304 ) 
4 247 313 (-2048 -3072 144 ) (-2048 -3072 304 ) (-2752 -3072 304 ) (-2752 -3072 144 ) 
4 247 274 (-2544 -3072 144 ) (-2752 -3072 144 ) (-2752 -2560 144 ) (-2544 -2560 144 ) 
4 247 273 (-2208 -3072 144 ) (-2544 -3072 144 ) (-2544 -2560 144 ) (-2208 -2560 144 ) 
4 247 271 (-2048 -2560 144 ) (-2048 -3072 144 ) (-2208 -3072 144 ) (-2208 -2560 144 ) 
4 247 249 (-2752 -2560 144 ) (-2752 -3072 144 ) (-2752 -3072 304 ) (-2752 -2560 304 ) 
4 248 253 (-2768 -2208 160 ) (-2768 -2208 272 ) (-2768 -2176 272 ) (-2768 -2176 160 ) 
4 248 252 (-2768 -2176 272 ) (-2768 -2144 272 ) (-2768 -2144 160 ) (-2768 -2176 160 ) 
4 249 313 (-2752 -3072 304 ) (-2768 -3072 304 ) (-2768 -3072 144 ) (-2752 -3072 144 ) 
4 249 281 (-2752 -3072 144 ) (-2768 -3072 144 ) (-2768 -2560 144 ) (-2752 -2560 144 ) 
4 249 264 (-2768 -2560 144 ) (-2768 -3072 144 ) (-2768 -3072 304 ) (-2768 -2560 304 ) 
4 250 252 (-2840 -2064 208 ) (-2840 -2064 288 ) (-2880 -2064 288 ) (-2880 -2064 208 ) 
4 251 252 (-3024 -2064 208 ) (-3024 -2064 288 ) (-3064 -2064 288 ) (-3064 -2064 208 ) 
4 252 335 (-3072 -2176 304 ) (-3072 -2064 304 ) (-3072 -2064 160 ) (-3072 -2176 160 ) 
4 252 255 (-3072 -2176 160 ) (-3008 -2176 160 ) (-3008 -2176 272 ) (-3072 -2176 272 ) 
4 252 253 (-2928 -2176 160 ) (-2768 -2176 160 ) (-2768 -2176 304 ) (-2928 -2176 304 ) 
4 253 258 (-2880 -2224 160 ) (-2816 -2224 160 ) (-2816 -2224 272 ) (-2880 -2224 272 ) 
4 254 261 (-3008 -2224 160 ) (-2944 -2224 160 ) (-2944 -2224 304 ) (-3008 -2224 304 ) 
4 254 256 (-3008 -2192 160 ) (-3008 -2224 160 ) (-3008 -2224 304 ) (-3008 -2192 304 ) 
4 255 256 (-3072 -2192 160 ) (-3008 -2192 160 ) (-3008 -2192 272 ) (-3072 -2192 272 ) 
4 256 336 (-3072 -2224 304 ) (-3072 -2192 304 ) (-3072 -2192 160 ) (-3072 -2224 160 ) 
4 256 261 (-3072 -2224 160 ) (-3008 -2224 160 ) (-3008 -2224 304 ) (-3072 -2224 304 ) 
4 257 259 (-2816 -2240 160 ) (-2816 -2544 160 ) (-2816 -2544 304 ) (-2816 -2240 304 ) 
4 258 259 (-2880 -2240 272 ) (-2880 -2240 160 ) (-2816 -2240 160 ) (-2816 -2240 272 ) 
4 259 262 (-2880 -2544 288 ) (-2880 -2544 208 ) (-2840 -2544 208 ) (-2840 -2544 288 ) 
4 259 260 (-2880 -2240 160 ) (-2880 -2544 160 ) (-2880 -2544 304 ) (-2880 -2240 304 ) 
4 261 336 (-3072 -2544 304 ) (-3072 -2224 304 ) (-3072 -2224 160 ) (-3072 -2544 160 ) 
4 261 263 (-3064 -2544 288 ) (-3064 -2544 208 ) (-3024 -2544 208 ) (-3024 -2544 288 ) 
4 262 264 (-2840 -2560 208 ) (-2840 -2560 288 ) (-2880 -2560 288 ) (-2880 -2560 208 ) 
4 263 264 (-3024 -2560 208 ) (-3024 -2560 288 ) (-3064 -2560 288 ) (-3064 -2560 208 ) 
4 264 340 (-3072 -3072 144 ) (-3072 -3072 304 ) (-3072 -2560 304 ) (-3072 -2560 144 ) 
4 264 313 (-2768 -3072 304 ) (-3072 -3072 304 ) (-3072 -3072 144 ) (-2768 -3072 144 ) 
4 264 289 (-2768 -3072 144 ) (-3072 -3072 144 ) (-3072 -2560 144 ) (-2768 -2560 144 ) 
4 265 292 (-2736 -2048 0 ) (-2560 -2048 0 ) (-2560 -2080 0 ) (-2736 -2080 0 ) 
4 265 290 (-2560 -2048 0 ) (-2208 -2048 0 ) (-2208 -2080 0 ) (-2560 -2080 0 ) 
4 265 270 (-2736 -2048 0 ) (-2736 -2080 0 ) (-2736 -2080 144 ) (-2736 -2048 144 ) 
4 265 266 (-2736 -2080 144 ) (-2736 -2080 0 ) (-2304 -2080 0 ) (-2304 -2080 144 ) 
4 266 292 (-2560 -2112 0 ) (-2736 -2112 0 ) (-2736 -2080 0 ) (-2560 -2080 0 ) 
4 266 291 (-2304 -2112 0 ) (-2560 -2112 0 ) (-2560 -2080 0 ) (-2304 -2080 0 ) 
4 266 270 (-2736 -2080 0 ) (-2736 -2112 0 ) (-2736 -2112 144 ) (-2736 -2080 144 ) 
4 266 268 (-2640 -2112 24 ) (-2640 -2112 60 ) (-2672 -2112 60 ) (-2672 -2112 24 ) 
4 266 267 (-2560 -2112 0 ) (-2304 -2112 0 ) (-2304 -2112 144 ) (-2560 -2112 144 ) 
4 267 291 (-2304 -2128 0 ) (-2560 -2128 0 ) (-2560 -2112 0 ) (-2304 -2112 0 ) 
4 267 269 (-2560 -2128 0 ) (-2304 -2128 0 ) (-2304 -2128 144 ) (-2560 -2128 144 ) 
4 269 291 (-2304 -2304 0 ) (-2560 -2304 0 ) (-2560 -2128 0 ) (-2304 -2128 0 ) 
4 269 272 (-2544 -2304 0 ) (-2320 -2304 0 ) (-2320 -2304 144 ) (-2544 -2304 144 ) 
4 270 292 (-2752 -2112 0 ) (-2752 -2048 0 ) (-2736 -2048 0 ) (-2736 -2112 0 ) 
4 271 313 (-2048 -3072 0 ) (-2048 -3072 144 ) (-2208 -3072 144 ) (-2208 -3072 0 ) 
4 271 294 (-2048 -3072 0 ) (-2208 -3072 0 ) (-2208 -2560 0 ) (-2048 -2560 0 ) 
4 271 273 (-2208 -2560 0 ) (-2208 -3072 0 ) (-2208 -3072 144 ) (-2208 -2560 144 ) 
4 272 293 (-2544 -2560 0 ) (-2544 -2304 0 ) (-2320 -2304 0 ) (-2320 -2560 0 ) 
4 272 276 (-2544 -2400 0 ) (-2544 -2464 0 ) (-2544 -2464 112 ) (-2544 -2400 112 ) 
4 272 273 (-2544 -2560 144 ) (-2544 -2560 0 ) (-2320 -2560 0 ) (-2320 -2560 144 ) 
4 273 313 (-2208 -3072 144 ) (-2544 -3072 144 ) (-2544 -3072 0 ) (-2208 -3072 0 ) 
4 273 294 (-2208 -3072 0 ) (-2544 -3072 0 ) (-2544 -2560 0 ) (-2208 -2560 0 ) 
4 273 279 (-2544 -2560 0 ) (-2544 -3072 0 ) (-2544 -3072 128 ) (-2544 -2560 128 ) 
4 273 274 (-2544 -3072 128 ) (-2544 -3072 144 ) (-2544 -2560 144 ) (-2544 -2560 128 ) 
4 274 313 (-2544 -3072 144 ) (-2752 -3072 144 ) (-2752 -3072 128 ) (-2544 -3072 128 ) 
4 274 281 (-2752 -3072 128 ) (-2752 -3072 144 ) (-2752 -2560 144 ) (-2752 -2560 128 ) 
4 274 279 (-2752 -3072 128 ) (-2752 -2560 128 ) (-2544 -2560 128 ) (-2544 -3072 128 ) 
4 275 277 (-2560 -2400 128 ) (-2752 -2400 128 ) (-2752 -2400 0 ) (-2560 -2400 0 ) 
4 276 277 (-2560 -2400 112 ) (-2560 -2400 0 ) (-2560 -2464 0 ) (-2560 -2464 112 ) 
4 277 278 (-2560 -2464 128 ) (-2752 -2464 128 ) (-2752 -2464 0 ) (-2560 -2464 0 ) 
4 278 280 (-2752 -2464 0 ) (-2752 -2528 0 ) (-2752 -2528 112 ) (-2752 -2464 112 ) 
4 279 313 (-2752 -3072 128 ) (-2752 -3072 0 ) (-2544 -3072 0 ) (-2544 -3072 128 ) 
4 279 294 (-2544 -3072 0 ) (-2752 -3072 0 ) (-2752 -2560 0 ) (-2544 -2560 0 ) 
4 279 281 (-2752 -2560 0 ) (-2752 -3072 0 ) (-2752 -3072 128 ) (-2752 -2560 128 ) 
4 280 288 (-2768 -2464 0 ) (-2768 -2528 0 ) (-2768 -2528 112 ) (-2768 -2464 112 ) 
4 281 313 (-2752 -3072 144 ) (-2768 -3072 144 ) (-2768 -3072 0 ) (-2752 -3072 0 ) 
4 281 295 (-2752 -3072 0 ) (-2768 -3072 0 ) (-2768 -2560 0 ) (-2752 -2560 0 ) 
4 281 289 (-2768 -2560 0 ) (-2768 -3072 0 ) (-2768 -3072 144 ) (-2768 -2560 144 ) 
4 282 287 (-3024 -2064 48 ) (-3024 -2064 128 ) (-3064 -2064 128 ) (-3064 -2064 48 ) 
4 283 284 (-2824 -2064 144 ) (-2824 -2064 0 ) (-2824 -2304 0 ) (-2824 -2304 144 ) 
4 284 286 (-2888 -2064 144 ) (-2888 -2064 0 ) (-2888 -2304 0 ) (-2888 -2304 144 ) 
4 284 285 (-2888 -2304 112 ) (-2888 -2304 0 ) (-2824 -2304 0 ) (-2824 -2304 112 ) 
4 285 288 (-2888 -2320 0 ) (-2824 -2320 0 ) (-2824 -2320 112 ) (-2888 -2320 112 ) 
4 287 345 (-3072 -2320 144 ) (-3072 -2064 144 ) (-3072 -2064 0 ) (-3072 -2320 0 ) 
4 287 288 (-3072 -2320 0 ) (-2960 -2320 0 ) (-2960 -2320 144 ) (-3072 -2320 144 ) 
4 288 345 (-3072 -2544 144 ) (-3072 -2320 144 ) (-3072 -2320 0 ) (-3072 -2544 0 ) 
4 289 346 (-3072 -3072 0 ) (-3072 -3072 144 ) (-3072 -2560 144 ) (-3072 -2560 0 ) 
4 289 313 (-2768 -3072 144 ) (-3072 -3072 144 ) (-3072 -3072 0 ) (-2768 -3072 0 ) 
4 289 295 (-2768 -3072 0 ) (-3072 -3072 0 ) (-3072 -2560 0 ) (-2768 -2560 0 ) 
4 290 292 (-2560 -2048 -256 ) (-2560 -2080 -256 ) (-2560 -2080 0 ) (-2560 -2048 0 ) 
4 290 291 (-2560 -2080 0 ) (-2560 -2080 -256 ) (-2304 -2080 -256 ) (-2304 -2080 0 ) 
4 291 293 (-2544 -2304 -256 ) (-2320 -2304 -256 ) (-2320 -2304 0 ) (-2544 -2304 0 ) 
4 291 292 (-2560 -2080 -256 ) (-2560 -2112 -256 ) (-2560 -2112 0 ) (-2560 -2080 0 ) 
4 293 294 (-2544 -2560 -256 ) (-2320 -2560 -256 ) (-2320 -2560 0 ) (-2544 -2560 0 ) 
4 294 313 (-2048 -3072 -256 ) (-2048 -3072 0 ) (-2752 -3072 0 ) (-2752 -3072 -256 ) 
4 294 295 (-2752 -3072 -256 ) (-2752 -3072 0 ) (-2752 -2560 0 ) (-2752 -2560 -256 ) 
4 295 355 (-3072 -3072 -256 ) (-3072 -3072 0 ) (-3072 -2560 0 ) (-3072 -2560 -256 ) 
4 295 313 (-2752 -3072 -256 ) (-2752 -3072 0 ) (-3072 -3072 0 ) (-3072 -3072 -256 ) 
4 296 299 (-1440 -3072 320 ) (-1024 -3072 320 ) (-1024 -3976 320 ) (-1440 -3976 320 ) 
4 296 298 (-1680 -3976 320 ) (-1024 -3976 320 ) (-1024 -3976 2304 ) (-1680 -3976 2304 ) 
4 297 313 (-2048 -3976 2304 ) (-2048 -3072 2304 ) (-2048 -3072 320 ) (-2048 -3976 320 ) 
4 297 300 (-2048 -3976 320 ) (-2048 -3072 320 ) (-1952 -3072 320 ) (-1952 -3976 320 ) 
4 297 298 (-2048 -3976 320 ) (-1712 -3976 320 ) (-1712 -3976 2304 ) (-2048 -3976 2304 ) 
4 298 314 (-1024 -4096 320 ) (-1024 -4096 2304 ) (-2048 -4096 2304 ) (-2048 -4096 320 ) 
4 298 313 (-2048 -4096 320 ) (-2048 -4096 2304 ) (-2048 -3976 2304 ) (-2048 -3976 320 ) 
4 298 299 (-1440 -3976 320 ) (-1024 -3976 320 ) (-1024 -4096 320 ) (-1440 -4096 320 ) 
4 298 300 (-2048 -4096 320 ) (-2048 -3976 320 ) (-1952 -3976 320 ) (-1952 -4096 320 ) 
4 299 314 (-1024 -4096 304 ) (-1024 -4096 320 ) (-1440 -4096 320 ) (-1440 -4096 304 ) 
4 299 309 (-1024 -4096 304 ) (-1440 -4096 304 ) (-1440 -3584 304 ) (-1024 -3584 304 ) 
4 299 301 (-1440 -3584 304 ) (-1440 -3072 304 ) (-1024 -3072 304 ) (-1024 -3584 304 ) 
4 300 314 (-1952 -4096 320 ) (-2048 -4096 320 ) (-2048 -4096 304 ) (-1952 -4096 304 ) 
4 300 313 (-2048 -4096 304 ) (-2048 -4096 320 ) (-2048 -3072 320 ) (-2048 -3072 304 ) 
4 300 310 (-1952 -4096 304 ) (-2048 -4096 304 ) (-2048 -3584 304 ) (-1952 -3584 304 ) 
4 300 308 (-2048 -3584 304 ) (-2048 -3072 304 ) (-1952 -3072 304 ) (-1952 -3584 304 ) 
4 301 311 (-1440 -3072 0 ) (-1024 -3072 0 ) (-1024 -3584 0 ) (-1440 -3584 0 ) 
4 301 309 (-1440 -3584 0 ) (-1024 -3584 0 ) (-1024 -3584 304 ) (-1440 -3584 304 ) 
4 302 307 (-1936 -3152 0 ) (-1936 -3296 0 ) (-1936 -3296 144 ) (-1936 -3152 144 ) 
4 302 304 (-1600 -3328 64 ) (-1600 -3328 304 ) (-1792 -3328 304 ) (-1792 -3328 64 ) 
4 302 303 (-1600 -3328 0 ) (-1456 -3328 0 ) (-1456 -3328 304 ) (-1600 -3328 304 ) 
4 302 305 (-1936 -3328 304 ) (-1936 -3328 0 ) (-1792 -3328 0 ) (-1792 -3328 304 ) 
4 303 306 (-1456 -3456 64 ) (-1456 -3456 304 ) (-1600 -3456 304 ) (-1600 -3456 64 ) 
4 303 304 (-1600 -3328 304 ) (-1600 -3328 64 ) (-1600 -3456 64 ) (-1600 -3456 304 ) 
4 304 306 (-1600 -3456 64 ) (-1600 -3456 304 ) (-1792 -3456 304 ) (-1792 -3456 64 ) 
4 304 305 (-1792 -3328 304 ) (-1792 -3328 64 ) (-1792 -3456 64 ) (-1792 -3456 304 ) 
4 305 306 (-1936 -3456 304 ) (-1936 -3456 64 ) (-1792 -3456 64 ) (-1792 -3456 304 ) 
4 307 308 (-1952 -3152 0 ) (-1952 -3296 0 ) (-1952 -3296 144 ) (-1952 -3152 144 ) 
4 308 313 (-2048 -3584 304 ) (-2048 -3072 304 ) (-2048 -3072 0 ) (-2048 -3584 0 ) 
4 308 312 (-2048 -3584 0 ) (-2048 -3072 0 ) (-1952 -3072 0 ) (-1952 -3584 0 ) 
4 308 310 (-2048 -3584 0 ) (-1952 -3584 0 ) (-1952 -3584 304 ) (-2048 -3584 304 ) 
4 309 314 (-1024 -4096 0 ) (-1024 -4096 304 ) (-1440 -4096 304 ) (-1440 -4096 0 ) 
4 309 311 (-1440 -3584 0 ) (-1024 -3584 0 ) (-1024 -4096 0 ) (-1440 -4096 0 ) 
4 310 314 (-1952 -4096 304 ) (-2048 -4096 304 ) (-2048 -4096 0 ) (-1952 -4096 0 ) 
4 310 313 (-2048 -4096 0 ) (-2048 -4096 304 ) (-2048 -3584 304 ) (-2048 -3584 0 ) 
4 310 312 (-2048 -4096 0 ) (-2048 -3584 0 ) (-1952 -3584 0 ) (-1952 -4096 0 ) 
4 311 314 (-1024 -4096 -256 ) (-1024 -4096 0 ) (-1440 -4096 0 ) (-1440 -4096 -256 ) 
4 312 314 (-1952 -4096 0 ) (-2048 -4096 0 ) (-2048 -4096 -256 ) (-1952 -4096 -256 ) 
4 312 313 (-2048 -4096 -256 ) (-2048 -4096 0 ) (-2048 -3072 0 ) (-2048 -3072 -256 ) 
4 313 357 (-3072 -4096 -256 ) (-3072 -4096 2304 ) (-3072 -3072 2304 ) (-3072 -3072 -256 ) 
4 313 315 (-3072 -4096 2304 ) (-3072 -4096 -256 ) (-2048 -4096 -256 ) (-2048 -4096 2304 ) 
4 314 373 (-1024 -5120 -256 ) (-1024 -5120 2304 ) (-2048 -5120 2304 ) (-2048 -5120 -256 ) 
4 314 315 (-2048 -4096 2304 ) (-2048 -4096 -256 ) (-2048 -5120 -256 ) (-2048 -5120 2304 ) 
4 315 374 (-2048 -5120 -256 ) (-2048 -5120 2304 ) (-3072 -5120 2304 ) (-3072 -5120 -256 ) 
4 315 359 (-3072 -5120 -256 ) (-3072 -5120 2304 ) (-3072 -4096 2304 ) (-3072 -4096 -256 ) 
4 316 318 (-3072 0 -256 ) (-3072 0 2304 ) (-4096 0 2304 ) (-4096 0 -256 ) 
4 316 317 (-4096 1024 2304 ) (-4096 1024 -256 ) (-4096 0 -256 ) (-4096 0 2304 ) 
4 317 322 (-5120 1024 2304 ) (-5120 1024 -256 ) (-5120 0 -256 ) (-5120 0 2304 ) 
4 317 319 (-4096 0 -256 ) (-4096 0 2304 ) (-5120 0 2304 ) (-5120 0 -256 ) 
4 318 320 (-3072 -1024 -256 ) (-3072 -1024 2304 ) (-4096 -1024 2304 ) (-4096 -1024 -256 ) 
4 318 319 (-4096 -1024 -256 ) (-4096 -1024 2304 ) (-4096 0 2304 ) (-4096 0 -256 ) 
4 319 324 (-5120 -1024 -256 ) (-5120 -1024 2304 ) (-5120 0 2304 ) (-5120 0 -256 ) 
4 319 321 (-5120 -1024 2304 ) (-5120 -1024 -256 ) (-4096 -1024 -256 ) (-4096 -1024 2304 ) 
4 320 354 (-3520 -2048 0 ) (-4096 -2048 0 ) (-4096 -2048 -256 ) (-3520 -2048 -256 ) 
4 320 352 (-3520 -2048 144 ) (-4096 -2048 144 ) (-4096 -2048 0 ) (-3520 -2048 0 ) 
4 320 347 (-3248 -2048 128 ) (-3248 -2048 48 ) (-3208 -2048 48 ) (-3208 -2048 128 ) 
4 320 344 (-3520 -2048 304 ) (-4096 -2048 304 ) (-4096 -2048 144 ) (-3520 -2048 144 ) 
4 320 334 (-3432 -2048 288 ) (-3432 -2048 208 ) (-3392 -2048 208 ) (-3392 -2048 288 ) 
4 320 333 (-3248 -2048 288 ) (-3248 -2048 208 ) (-3208 -2048 208 ) (-3208 -2048 288 ) 
4 320 331 (-3520 -2048 320 ) (-4096 -2048 320 ) (-4096 -2048 304 ) (-3520 -2048 304 ) 
4 320 328 (-3072 -2048 320 ) (-3072 -2048 2304 ) (-4096 -2048 2304 ) (-4096 -2048 320 ) 
4 320 321 (-4096 -1024 2304 ) (-4096 -1024 -256 ) (-4096 -2048 -256 ) (-4096 -2048 2304 ) 
4 321 356 (-4096 -2048 -256 ) (-4096 -2048 2304 ) (-5120 -2048 2304 ) (-5120 -2048 -256 ) 
4 321 325 (-5120 -2048 -256 ) (-5120 -2048 2304 ) (-5120 -1024 2304 ) (-5120 -1024 -256 ) 
4 322 324 (-5120 0 -256 ) (-5120 0 2304 ) (-6144 0 2304 ) (-6144 0 -256 ) 
4 322 323 (-6144 1024 2304 ) (-6144 1024 -256 ) (-6144 0 -256 ) (-6144 0 2304 ) 
4 323 326 (-6144 0 -256 ) (-6144 0 2304 ) (-6656 0 2304 ) (-6656 0 -256 ) 
4 324 326 (-6144 0 2304 ) (-6144 0 -256 ) (-6144 -1024 -256 ) (-6144 -1024 2304 ) 
4 324 325 (-5120 -1024 -256 ) (-5120 -1024 2304 ) (-6144 -1024 2304 ) (-6144 -1024 -256 ) 
4 325 361 (-5120 -2048 -256 ) (-5120 -2048 2304 ) (-6144 -2048 2304 ) (-6144 -2048 -256 ) 
4 325 327 (-6144 -2048 -256 ) (-6144 -2048 2304 ) (-6144 -1024 2304 ) (-6144 -1024 -256 ) 
4 326 327 (-6144 -1024 -256 ) (-6144 -1024 2304 ) (-6656 -1024 2304 ) (-6656 -1024 -256 ) 
4 327 362 (-6144 -2048 -256 ) (-6144 -2048 2304 ) (-6656 -2048 2304 ) (-6656 -2048 -256 ) 
4 328 356 (-4096 -2048 2304 ) (-4096 -2048 320 ) (-4096 -2288 320 ) (-4096 -2288 2304 ) 
4 328 331 (-4096 -2288 320 ) (-4096 -2048 320 ) (-3520 -2048 320 ) (-3520 -2288 320 ) 
4 328 329 (-4096 -2288 320 ) (-3400 -2288 320 ) (-3400 -2288 2304 ) (-4096 -2288 2304 ) 
4 329 356 (-4096 -2288 320 ) (-4096 -2320 320 ) (-4096 -2320 2304 ) (-4096 -2288 2304 ) 
4 329 331 (-4096 -2320 320 ) (-4096 -2288 320 ) (-3520 -2288 320 ) (-3520 -2320 320 ) 
4 329 330 (-4096 -2320 320 ) (-3400 -2320 320 ) (-3400 -2320 2304 ) (-4096 -2320 2304 ) 
4 330 357 (-3072 -3072 320 ) (-3072 -3072 2304 ) (-4096 -3072 2304 ) (-4096 -3072 320 ) 
4 330 356 (-4096 -2320 320 ) (-4096 -3072 320 ) (-4096 -3072 2304 ) (-4096 -2320 2304 ) 
4 330 331 (-4096 -2560 320 ) (-4096 -2320 320 ) (-3520 -2320 320 ) (-3520 -2560 320 ) 
4 330 332 (-4096 -3072 320 ) (-4096 -2560 320 ) (-3072 -2560 320 ) (-3072 -3072 320 ) 
4 331 356 (-4096 -2048 320 ) (-4096 -2048 304 ) (-4096 -2560 304 ) (-4096 -2560 320 ) 
4 331 344 (-4096 -2560 304 ) (-4096 -2048 304 ) (-3520 -2048 304 ) (-3520 -2560 304 ) 
4 331 332 (-4096 -2560 304 ) (-3520 -2560 304 ) (-3520 -2560 320 ) (-4096 -2560 320 ) 
4 332 357 (-3072 -3072 304 ) (-3072 -3072 320 ) (-4096 -3072 320 ) (-4096 -3072 304 ) 
4 332 356 (-4096 -2560 304 ) (-4096 -3072 304 ) (-4096 -3072 320 ) (-4096 -2560 320 ) 
4 332 343 (-3520 -2560 304 ) (-3504 -2560 304 ) (-3504 -3072 304 ) (-3520 -3072 304 ) 
4 332 344 (-4096 -3072 304 ) (-4096 -2560 304 ) (-3520 -2560 304 ) (-3520 -3072 304 ) 
4 332 340 (-3504 -2560 304 ) (-3072 -2560 304 ) (-3072 -3072 304 ) (-3504 -3072 304 ) 
4 333 337 (-3208 -2064 208 ) (-3208 -2064 288 ) (-3248 -2064 288 ) (-3248 -2064 208 ) 
4 334 337 (-3392 -2064 208 ) (-3392 -2064 288 ) (-3432 -2064 288 ) (-3432 -2064 208 ) 
4 335 337 (-3136 -2064 304 ) (-3136 -2064 160 ) (-3136 -2176 160 ) (-3136 -2176 304 ) 
4 337 339 (-3504 -2176 160 ) (-3504 -2064 160 ) (-3264 -2064 160 ) (-3264 -2176 160 ) 
4 337 338 (-3504 -2176 304 ) (-3504 -2176 160 ) (-3152 -2176 160 ) (-3152 -2176 304 ) 
4 338 342 (-3504 -2360 220 ) (-3504 -2360 160 ) (-3504 -2400 160 ) (-3504 -2400 220 ) 
4 338 341 (-3504 -2208 220 ) (-3504 -2208 160 ) (-3504 -2248 160 ) (-3504 -2248 220 ) 
4 338 339 (-3264 -2544 160 ) (-3504 -2544 160 ) (-3504 -2176 160 ) (-3264 -2176 160 ) 
4 339 349 (-3504 -2544 144 ) (-3504 -2064 144 ) (-3264 -2064 144 ) (-3264 -2544 144 ) 
4 339 342 (-3504 -2360 144 ) (-3504 -2400 144 ) (-3504 -2400 160 ) (-3504 -2360 160 ) 
4 339 341 (-3504 -2208 144 ) (-3504 -2248 144 ) (-3504 -2248 160 ) (-3504 -2208 160 ) 
4 340 357 (-3072 -3072 144 ) (-3072 -3072 304 ) (-3504 -3072 304 ) (-3504 -3072 144 ) 
4 340 351 (-3248 -3072 144 ) (-3504 -3072 144 ) (-3504 -2560 144 ) (-3248 -2560 144 ) 
4 340 348 (-3208 -3072 144 ) (-3248 -3072 144 ) (-3248 -2560 144 ) (-3208 -2560 144 ) 
4 340 346 (-3072 -3072 144 ) (-3208 -3072 144 ) (-3208 -2560 144 ) (-3072 -2560 144 ) 
4 340 343 (-3504 -2560 144 ) (-3504 -3072 144 ) (-3504 -3072 304 ) (-3504 -2560 304 ) 
4 341 344 (-3520 -2208 144 ) (-3520 -2248 144 ) (-3520 -2248 220 ) (-3520 -2208 220 ) 
4 342 344 (-3520 -2360 144 ) (-3520 -2400 144 ) (-3520 -2400 220 ) (-3520 -2360 220 ) 
4 343 357 (-3504 -3072 304 ) (-3520 -3072 304 ) (-3520 -3072 144 ) (-3504 -3072 144 ) 
4 343 353 (-3504 -3072 144 ) (-3520 -3072 144 ) (-3520 -2560 144 ) (-3504 -2560 144 ) 
4 343 344 (-3520 -2560 144 ) (-3520 -3072 144 ) (-3520 -3072 304 ) (-3520 -2560 304 ) 
4 344 357 (-3520 -3072 304 ) (-4096 -3072 304 ) (-4096 -3072 144 ) (-3520 -3072 144 ) 
4 344 356 (-4096 -2048 304 ) (-4096 -2048 144 ) (-4096 -3072 144 ) (-4096 -3072 304 ) 
4 344 352 (-4096 -2560 144 ) (-4096 -2048 144 ) (-3520 -2048 144 ) (-3520 -2560 144 ) 
4 344 353 (-3520 -3072 144 ) (-4096 -3072 144 ) (-4096 -2560 144 ) (-3520 -2560 144 ) 
4 345 348 (-3208 -2064 0 ) (-3208 -2544 0 ) (-3208 -2544 144 ) (-3208 -2064 144 ) 
4 346 357 (-3072 -3072 0 ) (-3072 -3072 144 ) (-3208 -3072 144 ) (-3208 -3072 0 ) 
4 346 355 (-3072 -2560 0 ) (-3072 -3072 0 ) (-3208 -3072 0 ) (-3208 -2560 0 ) 
4 346 348 (-3208 -2560 0 ) (-3208 -3072 0 ) (-3208 -3072 144 ) (-3208 -2560 144 ) 
4 347 348 (-3248 -2064 128 ) (-3248 -2064 48 ) (-3208 -2064 48 ) (-3208 -2064 128 ) 
4 348 357 (-3208 -3072 144 ) (-3248 -3072 144 ) (-3248 -3072 0 ) (-3208 -3072 0 ) 
4 348 355 (-3208 -2560 0 ) (-3208 -3072 0 ) (-3248 -3072 0 ) (-3248 -2560 0 ) 
4 348 350 (-3248 -2544 0 ) (-3248 -2560 0 ) (-3248 -2560 144 ) (-3248 -2544 144 ) 
4 348 351 (-3248 -2560 0 ) (-3248 -3072 0 ) (-3248 -3072 144 ) (-3248 -2560 144 ) 
4 348 349 (-3248 -2064 0 ) (-3248 -2544 0 ) (-3248 -2544 144 ) (-3248 -2064 144 ) 
4 349 350 (-3320 -2544 0 ) (-3248 -2544 0 ) (-3248 -2544 144 ) (-3320 -2544 144 ) 
4 350 351 (-3320 -2560 0 ) (-3248 -2560 0 ) (-3248 -2560 144 ) (-3320 -2560 144 ) 
4 351 357 (-3248 -3072 144 ) (-3504 -3072 144 ) (-3504 -3072 0 ) (-3248 -3072 0 ) 
4 351 355 (-3248 -2560 0 ) (-3248 -3072 0 ) (-3504 -3072 0 ) (-3504 -2560 0 ) 
4 351 353 (-3504 -2560 0 ) (-3504 -3072 0 ) (-3504 -3072 144 ) (-3504 -2560 144 ) 
4 352 356 (-4096 -2048 144 ) (-4096 -2048 0 ) (-4096 -2560 0 ) (-4096 -2560 144 ) 
4 352 354 (-4096 -2560 0 ) (-4096 -2048 0 ) (-3520 -2048 0 ) (-3520 -2560 0 ) 
4 352 353 (-4096 -2560 0 ) (-3520 -2560 0 ) (-3520 -2560 144 ) (-4096 -2560 144 ) 
4 353 357 (-3504 -3072 144 ) (-4096 -3072 144 ) (-4096 -3072 0 ) (-3504 -3072 0 ) 
4 353 356 (-4096 -2560 0 ) (-4096 -3072 0 ) (-4096 -3072 144 ) (-4096 -2560 144 ) 
4 353 355 (-4096 -3072 0 ) (-4096 -2560 0 ) (-3504 -2560 0 ) (-3504 -3072 0 ) 
4 354 356 (-4096 -2048 0 ) (-4096 -2048 -256 ) (-4096 -2560 -256 ) (-4096 -2560 0 ) 
4 354 355 (-4096 -2560 -256 ) (-3520 -2560 -256 ) (-3520 -2560 0 ) (-4096 -2560 0 ) 
4 355 357 (-3072 -3072 -256 ) (-3072 -3072 0 ) (-4096 -3072 0 ) (-4096 -3072 -256 ) 
4 355 356 (-4096 -2560 -256 ) (-4096 -3072 -256 ) (-4096 -3072 0 ) (-4096 -2560 0 ) 
4 356 361 (-5120 -2048 2304 ) (-5120 -2048 -256 ) (-5120 -3072 -256 ) (-5120 -3072 2304 ) 
4 356 358 (-4096 -3072 -256 ) (-4096 -3072 2304 ) (-5120 -3072 2304 ) (-5120 -3072 -256 ) 
4 357 359 (-3072 -4096 -256 ) (-3072 -4096 2304 ) (-4096 -4096 2304 ) (-4096 -4096 -256 ) 
4 357 358 (-4096 -4096 -256 ) (-4096 -4096 2304 ) (-4096 -3072 2304 ) (-4096 -3072 -256 ) 
4 358 363 (-5120 -4096 -256 ) (-5120 -4096 2304 ) (-5120 -3072 2304 ) (-5120 -3072 -256 ) 
4 358 360 (-5120 -4096 2304 ) (-5120 -4096 -256 ) (-4096 -4096 -256 ) (-4096 -4096 2304 ) 
4 359 387 (-3072 -5120 -256 ) (-3072 -5120 2304 ) (-4096 -5120 2304 ) (-4096 -5120 -256 ) 
4 359 360 (-4096 -4096 2304 ) (-4096 -4096 -256 ) (-4096 -5120 -256 ) (-4096 -5120 2304 ) 
4 360 388 (-4096 -5120 -256 ) (-4096 -5120 2304 ) (-5120 -5120 2304 ) (-5120 -5120 -256 ) 
4 360 364 (-5120 -5120 -256 ) (-5120 -5120 2304 ) (-5120 -4096 2304 ) (-5120 -4096 -256 ) 
4 361 363 (-5120 -3072 -256 ) (-5120 -3072 2304 ) (-6144 -3072 2304 ) (-6144 -3072 -256 ) 
4 361 362 (-6144 -2048 2304 ) (-6144 -2048 -256 ) (-6144 -3072 -256 ) (-6144 -3072 2304 ) 
4 362 365 (-6144 -3072 -256 ) (-6144 -3072 2304 ) (-6656 -3072 2304 ) (-6656 -3072 -256 ) 
4 363 365 (-6144 -3072 2304 ) (-6144 -3072 -256 ) (-6144 -4096 -256 ) (-6144 -4096 2304 ) 
4 363 364 (-5120 -4096 -256 ) (-5120 -4096 2304 ) (-6144 -4096 2304 ) (-6144 -4096 -256 ) 
4 364 393 (-5120 -5120 -256 ) (-5120 -5120 2304 ) (-6144 -5120 2304 ) (-6144 -5120 -256 ) 
4 364 366 (-6144 -5120 -256 ) (-6144 -5120 2304 ) (-6144 -4096 2304 ) (-6144 -4096 -256 ) 
4 365 366 (-6144 -4096 -256 ) (-6144 -4096 2304 ) (-6656 -4096 2304 ) (-6656 -4096 -256 ) 
4 366 394 (-6144 -5120 -256 ) (-6144 -5120 2304 ) (-6656 -5120 2304 ) (-6656 -5120 -256 ) 
4 367 369 (1024 -6144 -256 ) (1024 -6144 2304 ) (0 -6144 2304 ) (0 -6144 -256 ) 
4 367 368 (0 -5120 2304 ) (0 -5120 -256 ) (0 -6144 -256 ) (0 -6144 2304 ) 
4 368 373 (-1024 -5120 2304 ) (-1024 -5120 -256 ) (-1024 -6144 -256 ) (-1024 -6144 2304 ) 
4 368 370 (0 -6144 -256 ) (0 -6144 2304 ) (-1024 -6144 2304 ) (-1024 -6144 -256 ) 
4 369 371 (1024 -7168 -256 ) (1024 -7168 2304 ) (0 -7168 2304 ) (0 -7168 -256 ) 
4 369 370 (0 -7168 -256 ) (0 -7168 2304 ) (0 -6144 2304 ) (0 -6144 -256 ) 
4 370 375 (-1024 -7168 -256 ) (-1024 -7168 2304 ) (-1024 -6144 2304 ) (-1024 -6144 -256 ) 
4 370 372 (-1024 -7168 2304 ) (-1024 -7168 -256 ) (0 -7168 -256 ) (0 -7168 2304 ) 
4 371 379 (1024 -8192 -256 ) (1024 -8192 2304 ) (0 -8192 2304 ) (0 -8192 -256 ) 
4 371 372 (0 -7168 2304 ) (0 -7168 -256 ) (0 -8192 -256 ) (0 -8192 2304 ) 
4 372 380 (0 -8192 -256 ) (0 -8192 2304 ) (-1024 -8192 2304 ) (-1024 -8192 -256 ) 
4 372 377 (-1024 -8192 -256 ) (-1024 -8192 2304 ) (-1024 -7168 2304 ) (-1024 -7168 -256 ) 
4 373 375 (-1024 -6144 -256 ) (-1024 -6144 2304 ) (-2048 -6144 2304 ) (-2048 -6144 -256 ) 
4 373 374 (-2048 -5120 2304 ) (-2048 -5120 -256 ) (-2048 -6144 -256 ) (-2048 -6144 2304 ) 
4 374 387 (-3072 -5120 2304 ) (-3072 -5120 -256 ) (-3072 -6144 -256 ) (-3072 -6144 2304 ) 
4 374 376 (-2048 -6144 -256 ) (-2048 -6144 2304 ) (-3072 -6144 2304 ) (-3072 -6144 -256 ) 
4 375 377 (-1024 -7168 -256 ) (-1024 -7168 2304 ) (-2048 -7168 2304 ) (-2048 -7168 -256 ) 
4 375 376 (-2048 -7168 -256 ) (-2048 -7168 2304 ) (-2048 -6144 2304 ) (-2048 -6144 -256 ) 
4 376 389 (-3072 -7168 -256 ) (-3072 -7168 2304 ) (-3072 -6144 2304 ) (-3072 -6144 -256 ) 
4 376 378 (-3072 -7168 2304 ) (-3072 -7168 -256 ) (-2048 -7168 -256 ) (-2048 -7168 2304 ) 
4 377 383 (-1024 -8192 -256 ) (-1024 -8192 2304 ) (-2048 -8192 2304 ) (-2048 -8192 -256 ) 
4 377 378 (-2048 -7168 2304 ) (-2048 -7168 -256 ) (-2048 -8192 -256 ) (-2048 -8192 2304 ) 
4 378 391 (-3072 -8192 -256 ) (-3072 -8192 2304 ) (-3072 -7168 2304 ) (-3072 -7168 -256 ) 
4 378 384 (-2048 -8192 -256 ) (-2048 -8192 2304 ) (-3072 -8192 2304 ) (-3072 -8192 -256 ) 
4 379 381 (1024 -9216 -256 ) (1024 -9216 2304 ) (0 -9216 2304 ) (0 -9216 -256 ) 
4 379 380 (0 -8192 2304 ) (0 -8192 -256 ) (0 -9216 -256 ) (0 -9216 2304 ) 
4 380 383 (-1024 -8192 2304 ) (-1024 -8192 -256 ) (-1024 -9216 -256 ) (-1024 -9216 2304 ) 
4 380 382 (0 -9216 -256 ) (0 -9216 2304 ) (-1024 -9216 2304 ) (-1024 -9216 -256 ) 
4 381 382 (0 -9728 -256 ) (0 -9728 2304 ) (0 -9216 2304 ) (0 -9216 -256 ) 
4 382 385 (-1024 -9728 -256 ) (-1024 -9728 2304 ) (-1024 -9216 2304 ) (-1024 -9216 -256 ) 
4 383 385 (-1024 -9216 -256 ) (-1024 -9216 2304 ) (-2048 -9216 2304 ) (-2048 -9216 -256 ) 
4 383 384 (-2048 -8192 2304 ) (-2048 -8192 -256 ) (-2048 -9216 -256 ) (-2048 -9216 2304 ) 
4 384 399 (-3072 -9216 -256 ) (-3072 -9216 2304 ) (-3072 -8192 2304 ) (-3072 -8192 -256 ) 
4 384 386 (-2048 -9216 -256 ) (-2048 -9216 2304 ) (-3072 -9216 2304 ) (-3072 -9216 -256 ) 
4 385 386 (-2048 -9728 -256 ) (-2048 -9728 2304 ) (-2048 -9216 2304 ) (-2048 -9216 -256 ) 
4 386 401 (-3072 -9728 -256 ) (-3072 -9728 2304 ) (-3072 -9216 2304 ) (-3072 -9216 -256 ) 
4 387 389 (-3072 -6144 -256 ) (-3072 -6144 2304 ) (-4096 -6144 2304 ) (-4096 -6144 -256 ) 
4 387 388 (-4096 -5120 2304 ) (-4096 -5120 -256 ) (-4096 -6144 -256 ) (-4096 -6144 2304 ) 
4 388 393 (-5120 -5120 2304 ) (-5120 -5120 -256 ) (-5120 -6144 -256 ) (-5120 -6144 2304 ) 
4 388 390 (-4096 -6144 -256 ) (-4096 -6144 2304 ) (-5120 -6144 2304 ) (-5120 -6144 -256 ) 
4 389 391 (-3072 -7168 -256 ) (-3072 -7168 2304 ) (-4096 -7168 2304 ) (-4096 -7168 -256 ) 
4 389 390 (-4096 -7168 -256 ) (-4096 -7168 2304 ) (-4096 -6144 2304 ) (-4096 -6144 -256 ) 
4 390 395 (-5120 -7168 -256 ) (-5120 -7168 2304 ) (-5120 -6144 2304 ) (-5120 -6144 -256 ) 
4 390 392 (-5120 -7168 2304 ) (-5120 -7168 -256 ) (-4096 -7168 -256 ) (-4096 -7168 2304 ) 
4 391 399 (-3072 -8192 -256 ) (-3072 -8192 2304 ) (-4096 -8192 2304 ) (-4096 -8192 -256 ) 
4 391 392 (-4096 -7168 2304 ) (-4096 -7168 -256 ) (-4096 -8192 -256 ) (-4096 -8192 2304 ) 
4 392 400 (-4096 -8192 -256 ) (-4096 -8192 2304 ) (-5120 -8192 2304 ) (-5120 -8192 -256 ) 
4 392 396 (-5120 -8192 -256 ) (-5120 -8192 2304 ) (-5120 -7168 2304 ) (-5120 -7168 -256 ) 
4 393 395 (-5120 -6144 -256 ) (-5120 -6144 2304 ) (-6144 -6144 2304 ) (-6144 -6144 -256 ) 
4 393 394 (-6144 -5120 2304 ) (-6144 -5120 -256 ) (-6144 -6144 -256 ) (-6144 -6144 2304 ) 
4 394 397 (-6144 -6144 -256 ) (-6144 -6144 2304 ) (-6656 -6144 2304 ) (-6656 -6144 -256 ) 
4 395 397 (-6144 -6144 2304 ) (-6144 -6144 -256 ) (-6144 -7168 -256 ) (-6144 -7168 2304 ) 
4 395 396 (-5120 -7168 -256 ) (-5120 -7168 2304 ) (-6144 -7168 2304 ) (-6144 -7168 -256 ) 
4 396 403 (-5120 -8192 -256 ) (-5120 -8192 2304 ) (-6144 -8192 2304 ) (-6144 -8192 -256 ) 
4 396 398 (-6144 -8192 -256 ) (-6144 -8192 2304 ) (-6144 -7168 2304 ) (-6144 -7168 -256 ) 
4 397 398 (-6144 -7168 -256 ) (-6144 -7168 2304 ) (-6656 -7168 2304 ) (-6656 -7168 -256 ) 
4 398 404 (-6144 -8192 -256 ) (-6144 -8192 2304 ) (-6656 -8192 2304 ) (-6656 -8192 -256 ) 
4 399 401 (-3072 -9216 -256 ) (-3072 -9216 2304 ) (-4096 -9216 2304 ) (-4096 -9216 -256 ) 
4 399 400 (-4096 -8192 2304 ) (-4096 -8192 -256 ) (-4096 -9216 -256 ) (-4096 -9216 2304 ) 
4 400 403 (-5120 -8192 2304 ) (-5120 -8192 -256 ) (-5120 -9216 -256 ) (-5120 -9216 2304 ) 
4 400 402 (-4096 -9216 -256 ) (-4096 -9216 2304 ) (-5120 -9216 2304 ) (-5120 -9216 -256 ) 
4 401 402 (-4096 -9728 -256 ) (-4096 -9728 2304 ) (-4096 -9216 2304 ) (-4096 -9216 -256 ) 
4 402 405 (-5120 -9728 -256 ) (-5120 -9728 2304 ) (-5120 -9216 2304 ) (-5120 -9216 -256 ) 
4 403 405 (-5120 -9216 -256 ) (-5120 -9216 2304 ) (-6144 -9216 2304 ) (-6144 -9216 -256 ) 
4 403 404 (-6144 -8192 2304 ) (-6144 -8192 -256 ) (-6144 -9216 -256 ) (-6144 -9216 2304 ) 
4 404 406 (-6144 -9216 -256 ) (-6144 -9216 2304 ) (-6656 -9216 2304 ) (-6656 -9216 -256 ) 
4 405 406 (-6144 -9216 2304 ) (-6144 -9216 -256 ) (-6144 -9728 -256 ) (-6144 -9728 2304 ) 
