


materialPath: C:\Games\steamapps\common\dayofinfamy\doi\materials
Loading d:\sourceengine\dayofinfamy\mapsrc\brecourt_manor\maps\brecourt5.vmf
Map revision 102
Brush 9919: bounds out of range
Brush 9919: bounds out of range
ConVarRef gpu_level doesn't point to an existing ConVar
Patching WVT material: maps/brecourt5/maps/terrain/blend_hr_dirt_grass_germany_02_nodetail_wvt_patch
Patching WVT material: maps/brecourt5/terrain/blend_hr_sandroad_grass_germany_02_wvt_patch
Patching WVT material: maps/brecourt5/maps/terrain/blend_hay_grass_germany_02_wvt_patch
Patching WVT material: maps/brecourt5/maps/terrain/blend_gravel_grass_germany_02_wvt_patch
fixing up env_cubemap materials on brush sides...
0...1...2...3...4...5...6...7...8...9...100...1...2...3...4...5...6...7...8...9...10Processing areas...done (0)
Building Faces...done (0)
Chop Details...done (0)
Find Visible Detail Sides...
Merged 104 detail faces...done (0)
Merging details...done (0)
FixTjuncs...
PruneNodes...
WriteBSP...
HashVec: point outside valid range


materialPath: C:\Games\steamapps\common\dayofinfamy\doi\materials
Loading d:\sourceengine\dayofinfamy\mapsrc\brecourt_manor\maps\brecourt5.vmf
Map revision 102
Brush 9919: bounds out of range
Brush 9919: bounds out of range
ConVarRef gpu_level doesn't point to an existing ConVar
Patching WVT material: maps/brecourt5/maps/terrain/blend_hr_dirt_grass_germany_02_nodetail_wvt_patch
Patching WVT material: maps/brecourt5/terrain/blend_hr_sandroad_grass_germany_02_wvt_patch
Patching WVT material: maps/brecourt5/maps/terrain/blend_hay_grass_germany_02_wvt_patch
Patching WVT material: maps/brecourt5/maps/terrain/blend_gravel_grass_germany_02_wvt_patch
fixing up env_cubemap materials on brush sides...
0...1...2...3...4...5...6...7...8...9...100...1...2...3...4...5...6...7...8...9...10Processing areas...done (0)
Building Faces...done (0)
Chop Details...done (0)
Find Visible Detail Sides...
Merged 104 detail faces...done (0)
Merging details...done (0)
FixTjuncs...
PruneNodes...
WriteBSP...
HashVec: point outside valid range


materialPath: C:\Games\steamapps\common\dayofinfamy\doi\materials
Loading d:\sourceengine\dayofinfamy\mapsrc\brecourt_manor\maps\brecourt5.vmf
Map revision 102
Brush 9919: bounds out of range
Brush 9919: bounds out of range
Patching WVT material: maps/brecourt5/maps/terrain/blend_hr_dirt_grass_germany_02_nodetail_wvt_patch
Patching WVT material: maps/brecourt5/terrain/blend_hr_sandroad_grass_germany_02_wvt_patch
Patching WVT material: maps/brecourt5/maps/terrain/blend_hay_grass_germany_02_wvt_patch
Patching WVT material: maps/brecourt5/maps/terrain/blend_gravel_grass_germany_02_wvt_patch
fixing up env_cubemap materials on brush sides...
0...1...2...3...4...5...6...7...8...9...100...1...2...3...4...5...6...7...8...9...10Processing areas...done (0)
Building Faces...done (0)
FixTjuncs...
PruneNodes...
WriteBSP...
HashVec: point outside valid range


materialPath: C:\Games\steamapps\common\dayofinfamy\doi\materials
Loading d:\sourceengine\dayofinfamy\mapsrc\brecourt_manor\maps\brecourt5.vmf
Map revision 102
Brush 9919: bounds out of range
Brush 9919: bounds out of range
ConVarRef gpu_level doesn't point to an existing ConVar
Patching WVT material: maps/brecourt5/maps/terrain/blend_hr_dirt_grass_germany_02_nodetail_wvt_patch
Patching WVT material: maps/brecourt5/terrain/blend_hr_sandroad_grass_germany_02_wvt_patch
Patching WVT material: maps/brecourt5/maps/terrain/blend_hay_grass_germany_02_wvt_patch
Patching WVT material: maps/brecourt5/maps/terrain/blend_gravel_grass_germany_02_wvt_patch
fixing up env_cubemap materials on brush sides...
0...1...2...3...4...5...6...7...8...9...100...1...2...3...4...5...6...7...8...9...10Processing areas...done (0)
Building Faces...done (0)
Chop Details...done (0)
Find Visible Detail Sides...
Merged 104 detail faces...done (0)
Merging details...done (0)
FixTjuncs...
PruneNodes...
WriteBSP...
HashVec: point outside valid range


materialPath: C:\Games\steamapps\common\dayofinfamy\doi\materials
Loading d:\sourceengine\dayofinfamy\mapsrc\brecourt_manor\maps\brecourt5.vmf
Map revision 102
fixing up env_cubemap materials on brush sides...
Finding displacement neighbors...
Finding lightmap sample positions...
Displacement Alpha : 0...1...2...3...4...5...6...7...8...9...10
Building Physics collision data...
done (0) (16 bytes)
Placing detail props : 0...1...2...3...4...5...6...7...8...9...10



materialPath: C:\Games\steamapps\common\dayofinfamy\doi\materials
Loading d:\sourceengine\dayofinfamy\mapsrc\brecourt_manor\maps\brecourt5.vmf
Map revision 102
Brush 9919: bounds out of range
Brush 9919: bounds out of range
ConVarRef gpu_level doesn't point to an existing ConVar
Patching WVT material: maps/brecourt5/maps/terrain/blend_hr_dirt_grass_germany_02_nodetail_wvt_patch
Patching WVT material: maps/brecourt5/terrain/blend_hr_sandroad_grass_germany_02_wvt_patch
Patching WVT material: maps/brecourt5/maps/terrain/blend_hay_grass_germany_02_wvt_patch
Patching WVT material: maps/brecourt5/maps/terrain/blend_gravel_grass_germany_02_wvt_patch
fixing up env_cubemap materials on brush sides...
0...1...2...3...4...5...6...7...8...9...100...1...2...3...4...5...6...7...8...9...10Processing areas...done (0)
Building Faces...done (0)
Chop Details...done (0)
Find Visible Detail Sides...
Merged 104 detail faces...done (0)
Merging details...done (0)
FixTjuncs...
PruneNodes...
WriteBSP...
HashVec: point outside valid range


materialPath: C:\Games\steamapps\common\dayofinfamy\doi\materials
Loading d:\sourceengine\dayofinfamy\mapsrc\brecourt_manor\maps\brecourt5.vmf
Map revision 103
ConVarRef gpu_level doesn't point to an existing ConVar
Patching WVT material: maps/brecourt5/maps/terrain/blend_hr_dirt_grass_germany_02_nodetail_wvt_patch
Patching WVT material: maps/brecourt5/terrain/blend_hr_sandroad_grass_germany_02_wvt_patch
Patching WVT material: maps/brecourt5/maps/terrain/blend_hay_grass_germany_02_wvt_patch
Patching WVT material: maps/brecourt5/maps/terrain/blend_gravel_grass_germany_02_wvt_patch
fixing up env_cubemap materials on brush sides...
0...1...2...3...4...5...6...7...8...9...100...1...2...3...4...5...6...7...8...9...10Processing areas...done (0)
Building Faces...done (0)
Chop Details...done (0)
Find Visible Detail Sides...
Merged 104 detail faces...done (0)
Merging details...done (0)
FixTjuncs...
PruneNodes...
WriteBSP...
NODRAW on terrain surface!
NODRAW on terrain surface!
done (0)
writing d:\sourceengine\dayofinfamy\mapsrc\brecourt_manor\maps\brecourt5.prt...Building visibility clusters...
done (0)
Finding displacement neighbors...
Found a displacement edge abutting multiple other edges.
Displacement A: Location: 5632.000000 -3712.000000 6650.738281
Displacement B: Location: 5376.000000 -2560.000000 0.000000
Finding lightmap sample positions...
Displacement Alpha : 0...1...2...3...4...5...6...7...8...9...10
Building Physics collision data...
done (0) (94666 bytes)
Error! prop_static using model "models/props_misc/mirror-1.mdl", which must be used on a dynamic entity (i.e. prop_physics). Deleted.
Error loading studio model "models/props_misc/mirror-1.mdl"!
Placing detail props : 0...1...2...3...4...5...6...7...8
Using default foliage group "foliagerenderingsystem" for grass materials that use unknown detail types.
...9...10
Compacting texture/material tables...
Reduced 1222 texinfos to 298
Reduced 52 texdatas to 48 (1516 bytes to 1237)
Writing d:\sourceengine\dayofinfamy\mapsrc\brecourt_manor\maps\brecourt5.bsp
2 seconds elapsed



12 threads
reading d:\sourceengine\dayofinfamy\mapsrc\brecourt_manor\maps\brecourt5.bsp
reading d:\sourceengine\dayofinfamy\mapsrc\brecourt_manor\maps\brecourt5.prt
 386 portalclusters
 798 numportals
0...1...2...3...4...5...6...7...8...9...10Optimized: 1304 visible clusters (0.00%)
Total clusters visible: 56346
Average clusters visible: 145
Building PAS...
Average clusters audible: 328
visdatasize:34619  compressed from 43232
writing d:\sourceengine\dayofinfamy\mapsrc\brecourt_manor\maps\brecourt5.bsp
0 seconds elapsed



[Reading texlights from 'lights.rad']
[6 texlights parsed from 'lights.rad']

Loading d:\sourceengine\dayofinfamy\mapsrc\brecourt_manor\maps\brecourt5.bsp
1117 faces
3195565 square feet [460161344.00 square inches]
182 Displacements
1837883 Square Feet [264655184.00 Square Inches]
1117 patches before subdivision
68699 patches after subdivision
18 direct lights
0...1...2...3...4...5...6...7...8...9...100...1...2...3...4...5...6...7...8...9...10transfers 2295498, max 430
transfer lists:  17.5 megs
0...1...2...3...4...5...6...7...8...9...10	Bounce #1 added RGB(18301, 16534, 8264)
0...1...2...3...4...5...6...7...8...9...10	Bounce #2 added RGB(1345, 1102, 422)
Build Patch/Sample Hash Table(s).....Done<0.0714 sec>
0...1...2...3...4...5...6...7...8...9...10FinalLightFace Done
0 of 0 (0% of) surface lights went in leaf ambient cubes.
0...1...2...3...4...5...6...7...8...9...10Writing leaf ambient...done
Ready to Finish

Object names       Objects/Maxobjs  Memory / Maxmem  Fullness 
------------       ---------------  ---------------  -------- 
models                   8/1024          384/49152    ( 0.8%) 
brushes                253/8192         3036/98304    ( 3.1%) 
brushsides            1791/65536       14328/524288   ( 2.7%) 
planes                1774/65536       35480/1310720  ( 2.7%) 
vertexes              2179/65536       26148/786432   ( 3.3%) 
nodes                 1194/65536       38208/2097152  ( 1.8%) 
texinfos               298/12288       21456/884736   ( 2.4%) 
texdata                 48/2048         1536/65536    ( 2.3%) 
dispinfos              182/0           32032/0        ( 0.0%) 
disp_verts           13622/0          272440/0        ( 0.0%) 
disp_tris            21376/0           42752/0        ( 0.0%) 
disp_multiblend          0/0               0/0        ( 0.0%) 
disp_lmsamples     2834244/0         2834244/0        ( 0.0%) 
faces                 1117/65536       62552/3670016  ( 1.7%) 
hdr faces                0/65536           0/3670016  ( 0.0%) 
origfaces              719/65536       40264/3670016  ( 1.1%) 
facebrushes             62/0             124/0        ( 0.0%) 
facebrushlists        1117/0            4468/0        ( 0.0%) 
leaves                1203/65536       38496/2097152  ( 1.8%) 
leaffaces             1045/65536        2090/131072   ( 1.6%) 
leafbrushes            913/65536        1826/131072   ( 1.4%) 
areas                    2/1024           16/8192     ( 0.2%) 
surfedges             7971/512000      31884/2048000  ( 1.6%) 
edges                 5353/256000      21412/1024000  ( 2.1%) 
LDR worldlights         18/8192         1800/819200   ( 0.2%) 
HDR worldlights          0/8192            0/819200   ( 0.0%) 
leafwaterdata            0/32768           0/393216   ( 0.0%) 
waterstrips            112/32768        1120/327680   ( 0.3%) 
waterverts               0/65536           0/786432   ( 0.0%) 
waterindices          2079/65536        4158/131072   ( 3.2%) 
cubemapsamples           0/1024            0/16384    ( 0.0%) 
overlays                32/1024        11264/360448   ( 3.1%) 
LDR lightdata         [variable]     6360164/0        ( 0.0%) 
HDR lightdata         [variable]           0/0        ( 0.0%) 
visdata               [variable]       34619/16777216 ( 0.2%) 
entdata               [variable]       13903/393216   ( 3.5%) 
LDR ambient table     1203/65536        4812/262144   ( 1.8%) 
HDR ambient table     1203/65536        4812/262144   ( 1.8%) 
LDR leaf ambient      4942/65536      138376/1835008  ( 7.5%) 
HDR leaf ambient      1203/65536       33684/1835008  ( 1.8%) 
occluders                0/0               0/0        ( 0.0%) 
occluder polygons        0/0               0/0        ( 0.0%) 
occluder vert ind        0/0               0/0        ( 0.0%) 
detail props          [variable]           1/12       ( 8.3%) 
static props          [variable]           1/35512    ( 0.0%) 
pakfile               [variable]        2239/0        ( 0.0%) 
physics               [variable]       94666/4194304  ( 2.3%) 
physics terrain       [variable]       12033/1048576  ( 1.1%) 

Level flags = 4

Total triangle count: 2886
Writing d:\sourceengine\dayofinfamy\mapsrc\brecourt_manor\maps\brecourt5.bsp
1 minute, 28 seconds elapsed



materialPath: C:\Games\steamapps\common\dayofinfamy\doi\materials
Loading d:\sourceengine\dayofinfamy\mapsrc\brecourt_manor\maps\brecourt5.vmf
Map revision 105
ConVarRef gpu_level doesn't point to an existing ConVar
Patching WVT material: maps/brecourt5/maps/terrain/blend_hr_dirt_grass_germany_02_nodetail_wvt_patch
Patching WVT material: maps/brecourt5/terrain/blend_hr_sandroad_grass_germany_02_wvt_patch
Patching WVT material: maps/brecourt5/maps/terrain/blend_hay_grass_germany_02_wvt_patch
Patching WVT material: maps/brecourt5/maps/terrain/blend_gravel_grass_germany_02_wvt_patch
fixing up env_cubemap materials on brush sides...
0...1...2...3...4...5...6...7...8...9...100...1...2...3...4...5...6...7...8...9...10Processing areas...done (0)
Building Faces...done (0)
Chop Details...done (0)
Find Visible Detail Sides...
Merged 104 detail faces...done (0)
Merging details...done (0)
FixTjuncs...
PruneNodes...
WriteBSP...
NODRAW on terrain surface!
NODRAW on terrain surface!
done (0)
writing d:\sourceengine\dayofinfamy\mapsrc\brecourt_manor\maps\brecourt5.prt...Building visibility clusters...
done (0)
Finding displacement neighbors...
Found a displacement edge abutting multiple other edges.
Displacement A: Location: 5632.000000 -3712.000000 2877.712891
Displacement B: Location: 5376.000000 -2560.000000 0.000000
Finding lightmap sample positions...
Displacement Alpha : 0...1...2...3...4...5...6...7...8...9...10
Building Physics collision data...
done (0) (94666 bytes)
Error! prop_static using model "models/props_misc/mirror-1.mdl", which must be used on a dynamic entity (i.e. prop_physics). Deleted.
Error loading studio model "models/props_misc/mirror-1.mdl"!
Placing detail props : 0...1...2...3...4...5...6...7...8
Using default foliage group "foliagerenderingsystem" for grass materials that use unknown detail types.
...9...10
Compacting texture/material tables...
Reduced 1222 texinfos to 298
Reduced 52 texdatas to 48 (1516 bytes to 1237)
Writing d:\sourceengine\dayofinfamy\mapsrc\brecourt_manor\maps\brecourt5.bsp
2 seconds elapsed



12 threads
reading d:\sourceengine\dayofinfamy\mapsrc\brecourt_manor\maps\brecourt5.bsp
reading d:\sourceengine\dayofinfamy\mapsrc\brecourt_manor\maps\brecourt5.prt
 386 portalclusters
 798 numportals
0...1...2...3...4...5...6...7...8...9...10Optimized: 1304 visible clusters (0.00%)
Total clusters visible: 56346
Average clusters visible: 145
Building PAS...
Average clusters audible: 328
visdatasize:34619  compressed from 43232
writing d:\sourceengine\dayofinfamy\mapsrc\brecourt_manor\maps\brecourt5.bsp
0 seconds elapsed



[Reading texlights from 'lights.rad']
[6 texlights parsed from 'lights.rad']

Loading d:\sourceengine\dayofinfamy\mapsrc\brecourt_manor\maps\brecourt5.bsp
1117 faces
3195565 square feet [460161344.00 square inches]
182 Displacements
1837883 Square Feet [264655184.00 Square Inches]
1117 patches before subdivision
68699 patches after subdivision
18 direct lights
0...1...2...3...4...5...6...7...8...9...100...1...2...3...4...5...6...7...8...9...10transfers 2295498, max 430
transfer lists:  17.5 megs
0...1...2...3...4...5...6...7...8...9...10	Bounce #1 added RGB(18301, 16534, 8264)
0...1...2...3...4...5...6...7...8...9...10	Bounce #2 added RGB(1345, 1102, 422)
Build Patch/Sample Hash Table(s).....Done<0.1366 sec>
0...1...2...3...4...5...6...7...8...9...10FinalLightFace Done
0 of 0 (0% of) surface lights went in leaf ambient cubes.
0...1...2...3...4...5...6...7...8...9...10Writing leaf ambient...done
Ready to Finish

Object names       Objects/Maxobjs  Memory / Maxmem  Fullness 
------------       ---------------  ---------------  -------- 
models                   8/1024          384/49152    ( 0.8%) 
brushes                253/8192         3036/98304    ( 3.1%) 
brushsides            1791/65536       14328/524288   ( 2.7%) 
planes                1774/65536       35480/1310720  ( 2.7%) 
vertexes              2179/65536       26148/786432   ( 3.3%) 
nodes                 1194/65536       38208/2097152  ( 1.8%) 
texinfos               298/12288       21456/884736   ( 2.4%) 
texdata                 48/2048         1536/65536    ( 2.3%) 
dispinfos              182/0           32032/0        ( 0.0%) 
disp_verts           13622/0          272440/0        ( 0.0%) 
disp_tris            21376/0           42752/0        ( 0.0%) 
disp_multiblend          0/0               0/0        ( 0.0%) 
disp_lmsamples     2834244/0         2834244/0        ( 0.0%) 
faces                 1117/65536       62552/3670016  ( 1.7%) 
hdr faces                0/65536           0/3670016  ( 0.0%) 
origfaces              719/65536       40264/3670016  ( 1.1%) 
facebrushes             62/0             124/0        ( 0.0%) 
facebrushlists        1117/0            4468/0        ( 0.0%) 
leaves                1203/65536       38496/2097152  ( 1.8%) 
leaffaces             1045/65536        2090/131072   ( 1.6%) 
leafbrushes            913/65536        1826/131072   ( 1.4%) 
areas                    2/1024           16/8192     ( 0.2%) 
surfedges             7971/512000      31884/2048000  ( 1.6%) 
edges                 5353/256000      21412/1024000  ( 2.1%) 
LDR worldlights         18/8192         1800/819200   ( 0.2%) 
HDR worldlights          0/8192            0/819200   ( 0.0%) 
leafwaterdata            0/32768           0/393216   ( 0.0%) 
waterstrips            112/32768        1120/327680   ( 0.3%) 
waterverts               0/65536           0/786432   ( 0.0%) 
waterindices          2079/65536        4158/131072   ( 3.2%) 
cubemapsamples           0/1024            0/16384    ( 0.0%) 
overlays                32/1024        11264/360448   ( 3.1%) 
LDR lightdata         [variable]     6360164/0        ( 0.0%) 
HDR lightdata         [variable]           0/0        ( 0.0%) 
visdata               [variable]       34619/16777216 ( 0.2%) 
entdata               [variable]       13903/393216   ( 3.5%) 
LDR ambient table     1203/65536        4812/262144   ( 1.8%) 
HDR ambient table     1203/65536        4812/262144   ( 1.8%) 
LDR leaf ambient      4942/65536      138376/1835008  ( 7.5%) 
HDR leaf ambient      1203/65536       33684/1835008  ( 1.8%) 
occluders                0/0               0/0        ( 0.0%) 
occluder polygons        0/0               0/0        ( 0.0%) 
occluder vert ind        0/0               0/0        ( 0.0%) 
detail props          [variable]           1/12       ( 8.3%) 
static props          [variable]           1/35512    ( 0.0%) 
pakfile               [variable]        2239/0        ( 0.0%) 
physics               [variable]       94666/4194304  ( 2.3%) 
physics terrain       [variable]       12033/1048576  ( 1.1%) 

Level flags = 4

Total triangle count: 2886
Writing d:\sourceengine\dayofinfamy\mapsrc\brecourt_manor\maps\brecourt5.bsp
1 minute, 27 seconds elapsed



materialPath: C:\Games\steamapps\common\dayofinfamy\doi\materials
Loading d:\sourceengine\dayofinfamy\mapsrc\brecourt_manor\maps\brecourt5.vmf
Map revision 110
ConVarRef gpu_level doesn't point to an existing ConVar
Patching WVT material: maps/brecourt5/maps/terrain/blend_hr_dirt_grass_germany_02_nodetail_wvt_patch
Patching WVT material: maps/brecourt5/terrain/blend_hr_sandroad_grass_germany_02_wvt_patch
Patching WVT material: maps/brecourt5/maps/terrain/blend_hay_grass_germany_02_wvt_patch
Patching WVT material: maps/brecourt5/maps/terrain/blend_gravel_grass_germany_02_wvt_patch
fixing up env_cubemap materials on brush sides...
0...1...2...3...4...5...6...7...8...9...100...1...2...3...4...5...6...7...8...9...10Processing areas...done (0)
Building Faces...done (0)
Chop Details...done (0)
Find Visible Detail Sides...
Merged 150 detail faces...done (0)
Merging details...done (0)
FixTjuncs...
PruneNodes...
WriteBSP...
NODRAW on terrain surface!
NODRAW on terrain surface!
done (0)
writing d:\sourceengine\dayofinfamy\mapsrc\brecourt_manor\maps\brecourt5.prt...Building visibility clusters...
done (0)
Finding displacement neighbors...
Found a displacement edge abutting multiple other edges.
Displacement A: Location: 5632.000000 -3712.000000 -15.000000
Displacement B: Location: 5376.000000 -2560.000000 -15.000000
Finding lightmap sample positions...
Displacement Alpha : 0...1...2...3...4...5...6...7...8...9...10
Building Physics collision data...
done (1) (95770 bytes)
Error! prop_static using model "models/props_misc/mirror-1.mdl", which must be used on a dynamic entity (i.e. prop_physics). Deleted.
Error loading studio model "models/props_misc/mirror-1.mdl"!
Placing detail props : 0...1...2...3...4...5...6...7...
Using default foliage group "foliagerenderingsystem" for grass materials that use unknown detail types.
8...9...10
Compacting texture/material tables...
Reduced 1262 texinfos to 302
Reduced 52 texdatas to 48 (1510 bytes to 1231)
Writing d:\sourceengine\dayofinfamy\mapsrc\brecourt_manor\maps\brecourt5.bsp
2 seconds elapsed



12 threads
reading d:\sourceengine\dayofinfamy\mapsrc\brecourt_manor\maps\brecourt5.bsp
reading d:\sourceengine\dayofinfamy\mapsrc\brecourt_manor\maps\brecourt5.prt
 408 portalclusters
 840 numportals
0...1...2...3...4...5...6...7...8...9...100...1...2...3...4...5...6...7...8...9...10Optimized: 754 visible clusters (0.00%)
Total clusters visible: 53980
Average clusters visible: 132
Building PAS...
Average clusters audible: 347
visdatasize:38045  compressed from 45696
writing d:\sourceengine\dayofinfamy\mapsrc\brecourt_manor\maps\brecourt5.bsp
0 seconds elapsed



[Reading texlights from 'lights.rad']
[6 texlights parsed from 'lights.rad']

Loading d:\sourceengine\dayofinfamy\mapsrc\brecourt_manor\maps\brecourt5.bsp
1133 faces
3246212 square feet [467454592.00 square inches]
205 Displacements
1868349 Square Feet [269042368.00 Square Inches]
1133 patches before subdivision
67001 patches after subdivision
19 direct lights
0...1...2...3...4...5...6...7...8...9...100...1...2...3...4...5...6...7...8...9...10transfers 2126672, max 429
transfer lists:  16.2 megs
0...1...2...3...4...5...6...7...8...9...10	Bounce #1 added RGB(28581, 23733, 10565)
0...1...2...3...4...5...6...7...8...9...10	Bounce #2 added RGB(2298, 1782, 600)
0...1...2...3...4...5...6...7...8...9...10	Bounce #3 added RGB(278, 202, 56)
0...1...2...3...4...5...6...7...8...9...10	Bounce #4 added RGB(43, 29, 7)
0...1...2...3...4...5...6...7...8...9...10	Bounce #5 added RGB(8, 5, 1)
0...1...2...3...4...5...6...7...8...9...10	Bounce #6 added RGB(2, 1, 0)
0...1...2...3...4...5...6...7...8...9...10	Bounce #7 added RGB(0, 0, 0)
Build Patch/Sample Hash Table(s).....Done<0.0000 sec>
0...1...2...3...4...5...6...7...8...9...10FinalLightFace Done
0 of 0 (0% of) surface lights went in leaf ambient cubes.
0...1...2...3...4...5...6...7...8...9...10Writing leaf ambient...done
Ready to Finish

Object names       Objects/Maxobjs  Memory / Maxmem  Fullness 
------------       ---------------  ---------------  -------- 
models                   8/1024          384/49152    ( 0.8%) 
brushes                256/8192         3072/98304    ( 3.1%) 
brushsides            1766/65536       14128/524288   ( 2.7%) 
planes                1762/65536       35240/1310720  ( 2.7%) 
vertexes              2251/65536       27012/786432   ( 3.4%) 
nodes                 1227/65536       39264/2097152  ( 1.9%) 
texinfos               302/12288       21744/884736   ( 2.5%) 
texdata                 48/2048         1536/65536    ( 2.3%) 
dispinfos              205/0           36080/0        ( 0.0%) 
disp_verts           14253/0          285060/0        ( 0.0%) 
disp_tris            22208/0           44416/0        ( 0.0%) 
disp_multiblend          0/0               0/0        ( 0.0%) 
disp_lmsamples     2918900/0         2918900/0        ( 0.0%) 
faces                 1133/65536       63448/3670016  ( 1.7%) 
hdr faces                0/65536           0/3670016  ( 0.0%) 
origfaces              732/65536       40992/3670016  ( 1.1%) 
facebrushes             62/0             124/0        ( 0.0%) 
facebrushlists        1133/0            4532/0        ( 0.0%) 
leaves                1236/65536       39552/2097152  ( 1.9%) 
leaffaces             1015/65536        2030/131072   ( 1.5%) 
leafbrushes           1222/65536        2444/131072   ( 1.9%) 
areas                    2/1024           16/8192     ( 0.2%) 
surfedges             8036/512000      32144/2048000  ( 1.6%) 
edges                 5389/256000      21556/1024000  ( 2.1%) 
LDR worldlights         19/8192         1900/819200   ( 0.2%) 
HDR worldlights          0/8192            0/819200   ( 0.0%) 
leafwaterdata            0/32768           0/393216   ( 0.0%) 
waterstrips             95/32768         950/327680   ( 0.3%) 
waterverts               0/65536           0/786432   ( 0.0%) 
waterindices          1746/65536        3492/131072   ( 2.7%) 
cubemapsamples           0/1024            0/16384    ( 0.0%) 
overlays                32/1024        11264/360448   ( 3.1%) 
LDR lightdata         [variable]     6394896/0        ( 0.0%) 
HDR lightdata         [variable]           0/0        ( 0.0%) 
visdata               [variable]       38045/16777216 ( 0.2%) 
entdata               [variable]       14211/393216   ( 3.6%) 
LDR ambient table     1236/65536        4944/262144   ( 1.9%) 
HDR ambient table     1236/65536        4944/262144   ( 1.9%) 
LDR leaf ambient      5269/65536      147532/1835008  ( 8.0%) 
HDR leaf ambient      1236/65536       34608/1835008  ( 1.9%) 
occluders                0/0               0/0        ( 0.0%) 
occluder polygons        0/0               0/0        ( 0.0%) 
occluder vert ind        0/0               0/0        ( 0.0%) 
detail props          [variable]           1/12       ( 8.3%) 
static props          [variable]           1/35492    ( 0.0%) 
pakfile               [variable]        2239/0        ( 0.0%) 
physics               [variable]       95770/4194304  ( 2.3%) 
physics terrain       [variable]       13770/1048576  ( 1.3%) 

Level flags = 4

Total triangle count: 2861
Writing d:\sourceengine\dayofinfamy\mapsrc\brecourt_manor\maps\brecourt5.bsp
2 minutes, 36 seconds elapsed
