PRT1
66
115
4 0 2 (1904 2048 528 ) (1024 2048 528 ) (1024 2048 -224 ) (1904 2048 -224 ) 
4 0 1 (1024 2992 -224 ) (1024 2048 -224 ) (1024 2048 528 ) (1024 2992 528 ) 
4 1 6 (0 2048 -224 ) (0 2048 528 ) (0 2992 528 ) (0 2992 -224 ) 
4 1 3 (1024 2048 -224 ) (1024 2048 528 ) (0 2048 528 ) (0 2048 -224 ) 
4 2 4 (1904 1024 528 ) (1024 1024 528 ) (1024 1024 -224 ) (1904 1024 -224 ) 
4 2 3 (1024 2048 528 ) (1024 2048 -224 ) (1024 1024 -224 ) (1024 1024 528 ) 
4 3 8 (0 1024 -224 ) (0 1024 528 ) (0 2048 528 ) (0 2048 -224 ) 
4 3 5 (1024 1024 -224 ) (1024 1024 528 ) (0 1024 528 ) (0 1024 -224 ) 
4 4 33 (1904 0 528 ) (1024 0 528 ) (1024 0 -224 ) (1904 0 -224 ) 
4 4 5 (1024 1024 528 ) (1024 1024 -224 ) (1024 0 -224 ) (1024 0 528 ) 
4 5 34 (1024 0 -224 ) (1024 0 528 ) (0 0 528 ) (0 0 -224 ) 
4 5 10 (0 0 -224 ) (0 0 528 ) (0 1024 528 ) (0 1024 -224 ) 
4 6 8 (0 2048 -224 ) (0 2048 528 ) (-1024 2048 528 ) (-1024 2048 -224 ) 
4 6 7 (-1024 2048 -224 ) (-1024 2048 528 ) (-1024 2992 528 ) (-1024 2992 -224 ) 
4 7 12 (-2048 2048 -224 ) (-2048 2048 528 ) (-2048 2992 528 ) (-2048 2992 -224 ) 
4 7 9 (-1024 2048 -224 ) (-1024 2048 528 ) (-2048 2048 528 ) (-2048 2048 -224 ) 
4 8 10 (0 1024 -224 ) (0 1024 528 ) (-1024 1024 528 ) (-1024 1024 -224 ) 
4 8 9 (-1024 1024 -224 ) (-1024 1024 528 ) (-1024 2048 528 ) (-1024 2048 -224 ) 
4 9 14 (-2048 1024 -224 ) (-2048 1024 528 ) (-2048 2048 528 ) (-2048 2048 -224 ) 
4 9 11 (-2048 1024 528 ) (-2048 1024 -224 ) (-1024 1024 -224 ) (-1024 1024 528 ) 
4 10 39 (0 0 -224 ) (0 0 528 ) (-1024 0 528 ) (-1024 0 -224 ) 
4 10 11 (-1024 1024 528 ) (-1024 1024 -224 ) (-1024 0 -224 ) (-1024 0 528 ) 
4 11 40 (-1024 0 -224 ) (-1024 0 528 ) (-2048 0 528 ) (-2048 0 -224 ) 
4 11 16 (-2048 0 -224 ) (-2048 0 528 ) (-2048 1024 528 ) (-2048 1024 -224 ) 
4 12 14 (-2048 2048 -224 ) (-2048 2048 528 ) (-3072 2048 528 ) (-3072 2048 -224 ) 
4 12 13 (-3072 2048 -224 ) (-3072 2048 528 ) (-3072 2992 528 ) (-3072 2992 -224 ) 
4 13 18 (-4096 2048 -224 ) (-4096 2048 528 ) (-4096 2992 528 ) (-4096 2992 -224 ) 
4 13 15 (-3072 2048 -224 ) (-3072 2048 528 ) (-4096 2048 528 ) (-4096 2048 -224 ) 
4 14 16 (-2048 1024 -224 ) (-2048 1024 528 ) (-3072 1024 528 ) (-3072 1024 -224 ) 
4 14 15 (-3072 1024 -224 ) (-3072 1024 528 ) (-3072 2048 528 ) (-3072 2048 -224 ) 
4 15 20 (-4096 1024 -224 ) (-4096 1024 528 ) (-4096 2048 528 ) (-4096 2048 -224 ) 
4 15 17 (-4096 1024 528 ) (-4096 1024 -224 ) (-3072 1024 -224 ) (-3072 1024 528 ) 
4 16 43 (-2048 0 -224 ) (-2048 0 528 ) (-3072 0 528 ) (-3072 0 -224 ) 
4 16 17 (-3072 1024 528 ) (-3072 1024 -224 ) (-3072 0 -224 ) (-3072 0 528 ) 
4 17 44 (-3072 0 -224 ) (-3072 0 528 ) (-4096 0 528 ) (-4096 0 -224 ) 
4 17 22 (-4096 0 -224 ) (-4096 0 528 ) (-4096 1024 528 ) (-4096 1024 -224 ) 
4 18 20 (-4096 2048 -224 ) (-4096 2048 528 ) (-5120 2048 528 ) (-5120 2048 -224 ) 
4 18 19 (-5120 2048 -224 ) (-5120 2048 528 ) (-5120 2992 528 ) (-5120 2992 -224 ) 
4 19 24 (-6144 2048 -224 ) (-6144 2048 528 ) (-6144 2992 528 ) (-6144 2992 -224 ) 
4 19 21 (-5120 2048 -224 ) (-5120 2048 528 ) (-6144 2048 528 ) (-6144 2048 -224 ) 
4 20 22 (-4096 1024 -224 ) (-4096 1024 528 ) (-5120 1024 528 ) (-5120 1024 -224 ) 
4 20 21 (-5120 1024 -224 ) (-5120 1024 528 ) (-5120 2048 528 ) (-5120 2048 -224 ) 
4 21 26 (-6144 1024 -224 ) (-6144 1024 528 ) (-6144 2048 528 ) (-6144 2048 -224 ) 
4 21 23 (-6144 1024 528 ) (-6144 1024 -224 ) (-5120 1024 -224 ) (-5120 1024 528 ) 
4 22 51 (-4096 0 -224 ) (-4096 0 528 ) (-5120 0 528 ) (-5120 0 -224 ) 
4 22 23 (-5120 1024 528 ) (-5120 1024 -224 ) (-5120 0 -224 ) (-5120 0 528 ) 
4 23 52 (-5120 0 -224 ) (-5120 0 528 ) (-6144 0 528 ) (-6144 0 -224 ) 
4 23 28 (-6144 0 -224 ) (-6144 0 528 ) (-6144 1024 528 ) (-6144 1024 -224 ) 
4 24 26 (-6144 2048 -224 ) (-6144 2048 528 ) (-7168 2048 528 ) (-7168 2048 -224 ) 
4 24 25 (-7168 2048 -224 ) (-7168 2048 528 ) (-7168 2992 528 ) (-7168 2992 -224 ) 
4 25 30 (-8192 2048 -224 ) (-8192 2048 528 ) (-8192 2992 528 ) (-8192 2992 -224 ) 
4 25 27 (-7168 2048 -224 ) (-7168 2048 528 ) (-8192 2048 528 ) (-8192 2048 -224 ) 
4 26 28 (-6144 1024 -224 ) (-6144 1024 528 ) (-7168 1024 528 ) (-7168 1024 -224 ) 
4 26 27 (-7168 1024 -224 ) (-7168 1024 528 ) (-7168 2048 528 ) (-7168 2048 -224 ) 
4 27 31 (-8192 1024 -224 ) (-8192 1024 528 ) (-8192 2048 528 ) (-8192 2048 -224 ) 
4 27 29 (-8192 1024 528 ) (-8192 1024 -224 ) (-7168 1024 -224 ) (-7168 1024 528 ) 
4 28 55 (-6144 0 -224 ) (-6144 0 528 ) (-7168 0 528 ) (-7168 0 -224 ) 
4 28 29 (-7168 1024 528 ) (-7168 1024 -224 ) (-7168 0 -224 ) (-7168 0 528 ) 
4 29 56 (-7168 0 -224 ) (-7168 0 528 ) (-8192 0 528 ) (-8192 0 -224 ) 
4 29 32 (-8192 0 -224 ) (-8192 0 528 ) (-8192 1024 528 ) (-8192 1024 -224 ) 
4 30 31 (-8192 2048 -224 ) (-8192 2048 528 ) (-9024 2048 528 ) (-9024 2048 -224 ) 
4 31 32 (-8192 1024 -224 ) (-8192 1024 528 ) (-9024 1024 528 ) (-9024 1024 -224 ) 
4 32 63 (-8192 0 -224 ) (-8192 0 528 ) (-9024 0 528 ) (-9024 0 -224 ) 
4 33 35 (1904 -1024 528 ) (1024 -1024 528 ) (1024 -1024 -224 ) (1904 -1024 -224 ) 
4 33 34 (1024 -1024 -224 ) (1024 -1024 528 ) (1024 0 528 ) (1024 0 -224 ) 
4 34 39 (0 0 528 ) (0 0 -224 ) (0 -1024 -224 ) (0 -1024 528 ) 
4 34 36 (0 -1024 528 ) (0 -1024 -224 ) (1024 -1024 -224 ) (1024 -1024 528 ) 
4 35 37 (1904 -2048 528 ) (1024 -2048 528 ) (1024 -2048 -224 ) (1904 -2048 -224 ) 
4 35 36 (1024 -1024 528 ) (1024 -1024 -224 ) (1024 -2048 -224 ) (1024 -2048 528 ) 
4 36 41 (0 -2048 -224 ) (0 -2048 528 ) (0 -1024 528 ) (0 -1024 -224 ) 
4 36 38 (0 -2048 528 ) (0 -2048 -224 ) (1024 -2048 -224 ) (1024 -2048 528 ) 
4 37 38 (1024 -2048 528 ) (1024 -2048 -224 ) (1024 -2960 -224 ) (1024 -2960 528 ) 
4 38 47 (0 -2960 528 ) (0 -2048 528 ) (0 -2048 -224 ) (0 -2960 -224 ) 
4 39 41 (0 -1024 -224 ) (0 -1024 528 ) (-1024 -1024 528 ) (-1024 -1024 -224 ) 
4 39 40 (-1024 0 528 ) (-1024 0 -224 ) (-1024 -1024 -224 ) (-1024 -1024 528 ) 
4 40 43 (-2048 0 528 ) (-2048 0 -224 ) (-2048 -1024 -224 ) (-2048 -1024 528 ) 
4 40 42 (-1024 -1024 -224 ) (-1024 -1024 528 ) (-2048 -1024 528 ) (-2048 -1024 -224 ) 
4 41 47 (0 -2048 -224 ) (0 -2048 528 ) (-1024 -2048 528 ) (-1024 -2048 -224 ) 
4 41 42 (-1024 -1024 528 ) (-1024 -1024 -224 ) (-1024 -2048 -224 ) (-1024 -2048 528 ) 
4 42 48 (-1024 -2048 -224 ) (-1024 -2048 528 ) (-2048 -2048 528 ) (-2048 -2048 -224 ) 
4 42 45 (-2048 -2048 -224 ) (-2048 -2048 528 ) (-2048 -1024 528 ) (-2048 -1024 -224 ) 
4 43 45 (-2048 -1024 -224 ) (-2048 -1024 528 ) (-3072 -1024 528 ) (-3072 -1024 -224 ) 
4 43 44 (-3072 0 528 ) (-3072 0 -224 ) (-3072 -1024 -224 ) (-3072 -1024 528 ) 
4 44 51 (-4096 0 528 ) (-4096 0 -224 ) (-4096 -1024 -224 ) (-4096 -1024 528 ) 
4 44 46 (-3072 -1024 -224 ) (-3072 -1024 528 ) (-4096 -1024 528 ) (-4096 -1024 -224 ) 
4 45 49 (-2048 -2048 -224 ) (-2048 -2048 528 ) (-3072 -2048 528 ) (-3072 -2048 -224 ) 
4 45 46 (-3072 -1024 528 ) (-3072 -1024 -224 ) (-3072 -2048 -224 ) (-3072 -2048 528 ) 
4 46 53 (-4096 -2048 -224 ) (-4096 -2048 528 ) (-4096 -1024 528 ) (-4096 -1024 -224 ) 
4 46 50 (-3072 -2048 -224 ) (-3072 -2048 528 ) (-4096 -2048 528 ) (-4096 -2048 -224 ) 
4 47 48 (-1024 -2048 528 ) (-1024 -2048 -224 ) (-1024 -2960 -224 ) (-1024 -2960 528 ) 
4 48 49 (-2048 -2048 528 ) (-2048 -2048 -224 ) (-2048 -2960 -224 ) (-2048 -2960 528 ) 
4 49 50 (-3072 -2048 528 ) (-3072 -2048 -224 ) (-3072 -2960 -224 ) (-3072 -2960 528 ) 
4 50 59 (-4096 -2960 528 ) (-4096 -2048 528 ) (-4096 -2048 -224 ) (-4096 -2960 -224 ) 
4 51 53 (-4096 -1024 -224 ) (-4096 -1024 528 ) (-5120 -1024 528 ) (-5120 -1024 -224 ) 
4 51 52 (-5120 0 528 ) (-5120 0 -224 ) (-5120 -1024 -224 ) (-5120 -1024 528 ) 
4 52 55 (-6144 0 528 ) (-6144 0 -224 ) (-6144 -1024 -224 ) (-6144 -1024 528 ) 
4 52 54 (-5120 -1024 -224 ) (-5120 -1024 528 ) (-6144 -1024 528 ) (-6144 -1024 -224 ) 
4 53 59 (-4096 -2048 -224 ) (-4096 -2048 528 ) (-5120 -2048 528 ) (-5120 -2048 -224 ) 
4 53 54 (-5120 -1024 528 ) (-5120 -1024 -224 ) (-5120 -2048 -224 ) (-5120 -2048 528 ) 
4 54 60 (-5120 -2048 -224 ) (-5120 -2048 528 ) (-6144 -2048 528 ) (-6144 -2048 -224 ) 
4 54 57 (-6144 -2048 -224 ) (-6144 -2048 528 ) (-6144 -1024 528 ) (-6144 -1024 -224 ) 
4 55 57 (-6144 -1024 -224 ) (-6144 -1024 528 ) (-7168 -1024 528 ) (-7168 -1024 -224 ) 
4 55 56 (-7168 0 528 ) (-7168 0 -224 ) (-7168 -1024 -224 ) (-7168 -1024 528 ) 
4 56 63 (-8192 0 528 ) (-8192 0 -224 ) (-8192 -1024 -224 ) (-8192 -1024 528 ) 
4 56 58 (-7168 -1024 -224 ) (-7168 -1024 528 ) (-8192 -1024 528 ) (-8192 -1024 -224 ) 
4 57 61 (-6144 -2048 -224 ) (-6144 -2048 528 ) (-7168 -2048 528 ) (-7168 -2048 -224 ) 
4 57 58 (-7168 -1024 528 ) (-7168 -1024 -224 ) (-7168 -2048 -224 ) (-7168 -2048 528 ) 
4 58 64 (-8192 -2048 -224 ) (-8192 -2048 528 ) (-8192 -1024 528 ) (-8192 -1024 -224 ) 
4 58 62 (-7168 -2048 -224 ) (-7168 -2048 528 ) (-8192 -2048 528 ) (-8192 -2048 -224 ) 
4 59 60 (-5120 -2048 528 ) (-5120 -2048 -224 ) (-5120 -2960 -224 ) (-5120 -2960 528 ) 
4 60 61 (-6144 -2048 528 ) (-6144 -2048 -224 ) (-6144 -2960 -224 ) (-6144 -2960 528 ) 
4 61 62 (-7168 -2048 528 ) (-7168 -2048 -224 ) (-7168 -2960 -224 ) (-7168 -2960 528 ) 
4 62 65 (-8192 -2960 528 ) (-8192 -2048 528 ) (-8192 -2048 -224 ) (-8192 -2960 -224 ) 
4 63 64 (-8192 -1024 -224 ) (-8192 -1024 528 ) (-9024 -1024 528 ) (-9024 -1024 -224 ) 
4 64 65 (-8192 -2048 -224 ) (-8192 -2048 528 ) (-9024 -2048 528 ) (-9024 -2048 -224 ) 
