PRT1
408
840
4 0 2 (7168 9216 -256 ) (7168 9216 2304 ) (6144 9216 2304 ) (6144 9216 -256 ) 
4 0 1 (6144 9216 -256 ) (6144 9216 2304 ) (6144 10240 2304 ) (6144 10240 -256 ) 
4 1 6 (5120 9216 -256 ) (5120 9216 2304 ) (5120 10240 2304 ) (5120 10240 -256 ) 
4 1 3 (6144 9216 -256 ) (6144 9216 2304 ) (5120 9216 2304 ) (5120 9216 -256 ) 
4 2 4 (7168 8192 -256 ) (7168 8192 2304 ) (6144 8192 2304 ) (6144 8192 -256 ) 
4 2 3 (6144 8192 -256 ) (6144 8192 2304 ) (6144 9216 2304 ) (6144 9216 -256 ) 
4 3 8 (5120 8192 -256 ) (5120 8192 2304 ) (5120 9216 2304 ) (5120 9216 -256 ) 
4 3 5 (5120 8192 2304 ) (5120 8192 -256 ) (6144 8192 -256 ) (6144 8192 2304 ) 
4 4 18 (7168 7168 -256 ) (7168 7168 2304 ) (6144 7168 2304 ) (6144 7168 -256 ) 
4 4 5 (6144 8192 2304 ) (6144 8192 -256 ) (6144 7168 -256 ) (6144 7168 2304 ) 
4 5 19 (6144 7168 -256 ) (6144 7168 2304 ) (5120 7168 2304 ) (5120 7168 -256 ) 
4 5 10 (5120 7168 -256 ) (5120 7168 2304 ) (5120 8192 2304 ) (5120 8192 -256 ) 
4 6 8 (5120 9216 -256 ) (5120 9216 2304 ) (4096 9216 2304 ) (4096 9216 -256 ) 
4 6 7 (4096 9216 -256 ) (4096 9216 2304 ) (4096 10240 2304 ) (4096 10240 -256 ) 
4 7 12 (3072 9216 -256 ) (3072 9216 2304 ) (3072 10240 2304 ) (3072 10240 -256 ) 
4 7 9 (4096 9216 -256 ) (4096 9216 2304 ) (3072 9216 2304 ) (3072 9216 -256 ) 
4 8 10 (5120 8192 -256 ) (5120 8192 2304 ) (4096 8192 2304 ) (4096 8192 -256 ) 
4 8 9 (4096 8192 -256 ) (4096 8192 2304 ) (4096 9216 2304 ) (4096 9216 -256 ) 
4 9 14 (3072 8192 -256 ) (3072 8192 2304 ) (3072 9216 2304 ) (3072 9216 -256 ) 
4 9 11 (3072 8192 2304 ) (3072 8192 -256 ) (4096 8192 -256 ) (4096 8192 2304 ) 
4 10 30 (5120 7168 -256 ) (5120 7168 2304 ) (4096 7168 2304 ) (4096 7168 -256 ) 
4 10 11 (4096 8192 2304 ) (4096 8192 -256 ) (4096 7168 -256 ) (4096 7168 2304 ) 
4 11 31 (4096 7168 -256 ) (4096 7168 2304 ) (3072 7168 2304 ) (3072 7168 -256 ) 
4 11 16 (3072 7168 -256 ) (3072 7168 2304 ) (3072 8192 2304 ) (3072 8192 -256 ) 
4 12 14 (3072 9216 -256 ) (3072 9216 2304 ) (2048 9216 2304 ) (2048 9216 -256 ) 
4 12 13 (2048 9216 -256 ) (2048 9216 2304 ) (2048 10240 2304 ) (2048 10240 -256 ) 
4 13 54 (1024 9216 -256 ) (1024 9216 2304 ) (1024 10240 2304 ) (1024 10240 -256 ) 
4 13 15 (2048 9216 -256 ) (2048 9216 2304 ) (1024 9216 2304 ) (1024 9216 -256 ) 
4 14 16 (3072 8192 -256 ) (3072 8192 2304 ) (2048 8192 2304 ) (2048 8192 -256 ) 
4 14 15 (2048 8192 -256 ) (2048 8192 2304 ) (2048 9216 2304 ) (2048 9216 -256 ) 
4 15 56 (1024 8192 -256 ) (1024 8192 2304 ) (1024 9216 2304 ) (1024 9216 -256 ) 
4 15 17 (1024 8192 2304 ) (1024 8192 -256 ) (2048 8192 -256 ) (2048 8192 2304 ) 
4 16 36 (3072 7168 -256 ) (3072 7168 2304 ) (2048 7168 2304 ) (2048 7168 -256 ) 
4 16 17 (2048 8192 2304 ) (2048 8192 -256 ) (2048 7168 -256 ) (2048 7168 2304 ) 
4 17 58 (1024 7168 -256 ) (1024 7168 2304 ) (1024 8192 2304 ) (1024 8192 -256 ) 
4 17 37 (2048 7168 -256 ) (2048 7168 2304 ) (1024 7168 2304 ) (1024 7168 -256 ) 
4 18 20 (7168 6144 -256 ) (7168 6144 2304 ) (6144 6144 2304 ) (6144 6144 -256 ) 
4 18 19 (6144 7168 2304 ) (6144 7168 -256 ) (6144 6144 -256 ) (6144 6144 2304 ) 
4 19 30 (5120 7168 2304 ) (5120 7168 -256 ) (5120 6144 -256 ) (5120 6144 2304 ) 
4 19 21 (6144 6144 -256 ) (6144 6144 2304 ) (5120 6144 2304 ) (5120 6144 -256 ) 
4 20 22 (7168 5120 -256 ) (7168 5120 2304 ) (6144 5120 2304 ) (6144 5120 -256 ) 
4 20 21 (6144 5120 -256 ) (6144 5120 2304 ) (6144 6144 2304 ) (6144 6144 -256 ) 
4 21 32 (5120 5120 -256 ) (5120 5120 2304 ) (5120 6144 2304 ) (5120 6144 -256 ) 
4 21 23 (5120 5120 2304 ) (5120 5120 -256 ) (6144 5120 -256 ) (6144 5120 2304 ) 
4 22 24 (7168 4096 -256 ) (7168 4096 2304 ) (6144 4096 2304 ) (6144 4096 -256 ) 
4 22 23 (6144 5120 2304 ) (6144 5120 -256 ) (6144 4096 -256 ) (6144 4096 2304 ) 
4 23 34 (5120 4096 -256 ) (5120 4096 2304 ) (5120 5120 2304 ) (5120 5120 -256 ) 
4 23 25 (6144 4096 -256 ) (6144 4096 2304 ) (5120 4096 2304 ) (5120 4096 -256 ) 
4 24 26 (7168 3072 -256 ) (7168 3072 2304 ) (6144 3072 2304 ) (6144 3072 -256 ) 
4 24 25 (6144 4096 2304 ) (6144 4096 -256 ) (6144 3072 -256 ) (6144 3072 2304 ) 
4 25 42 (5120 3072 -256 ) (5120 3072 2304 ) (5120 4096 2304 ) (5120 4096 -256 ) 
4 25 27 (6144 3072 -256 ) (6144 3072 2304 ) (5120 3072 2304 ) (5120 3072 -256 ) 
4 26 28 (7168 2048 -256 ) (7168 2048 2304 ) (6144 2048 2304 ) (6144 2048 -256 ) 
4 26 27 (6144 2048 -256 ) (6144 2048 2304 ) (6144 3072 2304 ) (6144 3072 -256 ) 
4 27 44 (5120 2048 -256 ) (5120 2048 2304 ) (5120 3072 2304 ) (5120 3072 -256 ) 
4 27 29 (5120 2048 2304 ) (5120 2048 -256 ) (6144 2048 -256 ) (6144 2048 2304 ) 
4 28 126 (7168 1024 -256 ) (7168 1024 2304 ) (6144 1024 2304 ) (6144 1024 -256 ) 
4 28 29 (6144 2048 2304 ) (6144 2048 -256 ) (6144 1024 -256 ) (6144 1024 2304 ) 
4 29 127 (6144 1024 -256 ) (6144 1024 2304 ) (5120 1024 2304 ) (5120 1024 -256 ) 
4 29 46 (5120 1024 -256 ) (5120 1024 2304 ) (5120 2048 2304 ) (5120 2048 -256 ) 
4 30 32 (5120 6144 -256 ) (5120 6144 2304 ) (4096 6144 2304 ) (4096 6144 -256 ) 
4 30 31 (4096 7168 2304 ) (4096 7168 -256 ) (4096 6144 -256 ) (4096 6144 2304 ) 
4 31 36 (3072 7168 2304 ) (3072 7168 -256 ) (3072 6144 -256 ) (3072 6144 2304 ) 
4 31 33 (4096 6144 -256 ) (4096 6144 2304 ) (3072 6144 2304 ) (3072 6144 -256 ) 
4 32 34 (5120 5120 -256 ) (5120 5120 2304 ) (4096 5120 2304 ) (4096 5120 -256 ) 
4 32 33 (4096 5120 -256 ) (4096 5120 2304 ) (4096 6144 2304 ) (4096 6144 -256 ) 
4 33 38 (3072 5120 -256 ) (3072 5120 2304 ) (3072 6144 2304 ) (3072 6144 -256 ) 
4 33 35 (3072 5120 2304 ) (3072 5120 -256 ) (4096 5120 -256 ) (4096 5120 2304 ) 
4 34 42 (5120 4096 -256 ) (5120 4096 2304 ) (4096 4096 2304 ) (4096 4096 -256 ) 
4 34 35 (4096 5120 2304 ) (4096 5120 -256 ) (4096 4096 -256 ) (4096 4096 2304 ) 
4 35 43 (4096 4096 -256 ) (4096 4096 2304 ) (3072 4096 2304 ) (3072 4096 -256 ) 
4 35 40 (3072 4096 -256 ) (3072 4096 2304 ) (3072 5120 2304 ) (3072 5120 -256 ) 
4 36 38 (3072 6144 -256 ) (3072 6144 2304 ) (2048 6144 2304 ) (2048 6144 -256 ) 
4 36 37 (2048 7168 2304 ) (2048 7168 -256 ) (2048 6144 -256 ) (2048 6144 2304 ) 
4 37 78 (1024 6144 -256 ) (1024 6144 2304 ) (1024 7168 2304 ) (1024 7168 -256 ) 
4 37 39 (2048 6144 -256 ) (2048 6144 2304 ) (1024 6144 2304 ) (1024 6144 -256 ) 
4 38 40 (3072 5120 -256 ) (3072 5120 2304 ) (2048 5120 2304 ) (2048 5120 -256 ) 
4 38 39 (2048 5120 -256 ) (2048 5120 2304 ) (2048 6144 2304 ) (2048 6144 -256 ) 
4 39 80 (1024 5120 -256 ) (1024 5120 2304 ) (1024 6144 2304 ) (1024 6144 -256 ) 
4 39 41 (1024 5120 2304 ) (1024 5120 -256 ) (2048 5120 -256 ) (2048 5120 2304 ) 
4 40 48 (3072 4096 -256 ) (3072 4096 2304 ) (2048 4096 2304 ) (2048 4096 -256 ) 
4 40 41 (2048 5120 2304 ) (2048 5120 -256 ) (2048 4096 -256 ) (2048 4096 2304 ) 
4 41 82 (1024 4096 -256 ) (1024 4096 2304 ) (1024 5120 2304 ) (1024 5120 -256 ) 
4 41 49 (2048 4096 -256 ) (2048 4096 2304 ) (1024 4096 2304 ) (1024 4096 -256 ) 
4 42 44 (5120 3072 -256 ) (5120 3072 2304 ) (4096 3072 2304 ) (4096 3072 -256 ) 
4 42 43 (4096 4096 2304 ) (4096 4096 -256 ) (4096 3072 -256 ) (4096 3072 2304 ) 
4 43 48 (3072 4096 2304 ) (3072 4096 -256 ) (3072 3072 -256 ) (3072 3072 2304 ) 
4 43 45 (4096 3072 -256 ) (4096 3072 2304 ) (3072 3072 2304 ) (3072 3072 -256 ) 
4 44 46 (5120 2048 -256 ) (5120 2048 2304 ) (4096 2048 2304 ) (4096 2048 -256 ) 
4 44 45 (4096 2048 -256 ) (4096 2048 2304 ) (4096 3072 2304 ) (4096 3072 -256 ) 
4 45 50 (3072 2048 -256 ) (3072 2048 2304 ) (3072 3072 2304 ) (3072 3072 -256 ) 
4 45 47 (3072 2048 2304 ) (3072 2048 -256 ) (4096 2048 -256 ) (4096 2048 2304 ) 
4 46 138 (5120 1024 -256 ) (5120 1024 2304 ) (4096 1024 2304 ) (4096 1024 -256 ) 
4 46 47 (4096 2048 2304 ) (4096 2048 -256 ) (4096 1024 -256 ) (4096 1024 2304 ) 
4 47 139 (4096 1024 -256 ) (4096 1024 2304 ) (3072 1024 2304 ) (3072 1024 -256 ) 
4 47 52 (3072 1024 -256 ) (3072 1024 2304 ) (3072 2048 2304 ) (3072 2048 -256 ) 
4 48 50 (3072 3072 -256 ) (3072 3072 2304 ) (2048 3072 2304 ) (2048 3072 -256 ) 
4 48 49 (2048 4096 2304 ) (2048 4096 -256 ) (2048 3072 -256 ) (2048 3072 2304 ) 
4 49 90 (1024 3072 -256 ) (1024 3072 2304 ) (1024 4096 2304 ) (1024 4096 -256 ) 
4 49 51 (2048 3072 -256 ) (2048 3072 2304 ) (1024 3072 2304 ) (1024 3072 -256 ) 
4 50 52 (3072 2048 -256 ) (3072 2048 2304 ) (2048 2048 2304 ) (2048 2048 -256 ) 
4 50 51 (2048 2048 -256 ) (2048 2048 2304 ) (2048 3072 2304 ) (2048 3072 -256 ) 
4 51 92 (1024 2048 -256 ) (1024 2048 2304 ) (1024 3072 2304 ) (1024 3072 -256 ) 
4 51 53 (1024 2048 2304 ) (1024 2048 -256 ) (2048 2048 -256 ) (2048 2048 2304 ) 
4 52 144 (3072 1024 -256 ) (3072 1024 2304 ) (2048 1024 2304 ) (2048 1024 -256 ) 
4 52 53 (2048 2048 2304 ) (2048 2048 -256 ) (2048 1024 -256 ) (2048 1024 2304 ) 
4 53 145 (2048 1024 -256 ) (2048 1024 2304 ) (1024 1024 2304 ) (1024 1024 -256 ) 
4 53 94 (1024 1024 -256 ) (1024 1024 2304 ) (1024 2048 2304 ) (1024 2048 -256 ) 
4 54 56 (1024 9216 -256 ) (1024 9216 2304 ) (0 9216 2304 ) (0 9216 -256 ) 
4 54 55 (0 9216 -256 ) (0 9216 2304 ) (0 10240 2304 ) (0 10240 -256 ) 
4 55 60 (-1024 9216 -256 ) (-1024 9216 2304 ) (-1024 10240 2304 ) (-1024 10240 -256 ) 
4 55 57 (0 9216 -256 ) (0 9216 2304 ) (-1024 9216 2304 ) (-1024 9216 -256 ) 
4 56 58 (1024 8192 -256 ) (1024 8192 2304 ) (0 8192 2304 ) (0 8192 -256 ) 
4 56 57 (0 8192 -256 ) (0 8192 2304 ) (0 9216 2304 ) (0 9216 -256 ) 
4 57 62 (-1024 8192 -256 ) (-1024 8192 2304 ) (-1024 9216 2304 ) (-1024 9216 -256 ) 
4 57 59 (-1024 8192 2304 ) (-1024 8192 -256 ) (0 8192 -256 ) (0 8192 2304 ) 
4 58 78 (1024 7168 -256 ) (1024 7168 2304 ) (0 7168 2304 ) (0 7168 -256 ) 
4 58 59 (0 8192 2304 ) (0 8192 -256 ) (0 7168 -256 ) (0 7168 2304 ) 
4 59 79 (0 7168 -256 ) (0 7168 2304 ) (-1024 7168 2304 ) (-1024 7168 -256 ) 
4 59 64 (-1024 7168 -256 ) (-1024 7168 2304 ) (-1024 8192 2304 ) (-1024 8192 -256 ) 
4 60 62 (-1024 9216 -256 ) (-1024 9216 2304 ) (-2048 9216 2304 ) (-2048 9216 -256 ) 
4 60 61 (-2048 9216 -256 ) (-2048 9216 2304 ) (-2048 10240 2304 ) (-2048 10240 -256 ) 
4 61 66 (-3072 9216 -256 ) (-3072 9216 2304 ) (-3072 10240 2304 ) (-3072 10240 -256 ) 
4 61 63 (-2048 9216 -256 ) (-2048 9216 2304 ) (-3072 9216 2304 ) (-3072 9216 -256 ) 
4 62 64 (-1024 8192 -256 ) (-1024 8192 2304 ) (-2048 8192 2304 ) (-2048 8192 -256 ) 
4 62 63 (-2048 8192 -256 ) (-2048 8192 2304 ) (-2048 9216 2304 ) (-2048 9216 -256 ) 
4 63 68 (-3072 8192 -256 ) (-3072 8192 2304 ) (-3072 9216 2304 ) (-3072 9216 -256 ) 
4 63 65 (-3072 8192 2304 ) (-3072 8192 -256 ) (-2048 8192 -256 ) (-2048 8192 2304 ) 
4 64 84 (-1024 7168 -256 ) (-1024 7168 2304 ) (-2048 7168 2304 ) (-2048 7168 -256 ) 
4 64 65 (-2048 8192 2304 ) (-2048 8192 -256 ) (-2048 7168 -256 ) (-2048 7168 2304 ) 
4 65 85 (-2048 7168 -256 ) (-2048 7168 2304 ) (-3072 7168 2304 ) (-3072 7168 -256 ) 
4 65 70 (-3072 7168 -256 ) (-3072 7168 2304 ) (-3072 8192 2304 ) (-3072 8192 -256 ) 
4 66 68 (-3072 9216 -256 ) (-3072 9216 2304 ) (-4096 9216 2304 ) (-4096 9216 -256 ) 
4 66 67 (-4096 9216 -256 ) (-4096 9216 2304 ) (-4096 10240 2304 ) (-4096 10240 -256 ) 
4 67 72 (-5120 9216 -256 ) (-5120 9216 2304 ) (-5120 10240 2304 ) (-5120 10240 -256 ) 
4 67 69 (-4096 9216 -256 ) (-4096 9216 2304 ) (-5120 9216 2304 ) (-5120 9216 -256 ) 
4 68 70 (-3072 8192 -256 ) (-3072 8192 2304 ) (-4096 8192 2304 ) (-4096 8192 -256 ) 
4 68 69 (-4096 8192 -256 ) (-4096 8192 2304 ) (-4096 9216 2304 ) (-4096 9216 -256 ) 
4 69 74 (-5120 8192 -256 ) (-5120 8192 2304 ) (-5120 9216 2304 ) (-5120 9216 -256 ) 
4 69 71 (-5120 8192 2304 ) (-5120 8192 -256 ) (-4096 8192 -256 ) (-4096 8192 2304 ) 
4 70 102 (-3072 7168 -256 ) (-3072 7168 2304 ) (-4096 7168 2304 ) (-4096 7168 -256 ) 
4 70 71 (-4096 8192 2304 ) (-4096 8192 -256 ) (-4096 7168 -256 ) (-4096 7168 2304 ) 
4 71 103 (-4096 7168 -256 ) (-4096 7168 2304 ) (-5120 7168 2304 ) (-5120 7168 -256 ) 
4 71 75 (-5120 7168 -256 ) (-5120 7168 2304 ) (-5120 8192 2304 ) (-5120 8192 -256 ) 
4 72 74 (-5120 9216 -256 ) (-5120 9216 2304 ) (-6144 9216 2304 ) (-6144 9216 -256 ) 
4 72 73 (-6144 9216 -256 ) (-6144 9216 2304 ) (-6144 10240 2304 ) (-6144 10240 -256 ) 
4 73 76 (-6144 9216 -256 ) (-6144 9216 2304 ) (-6656 9216 2304 ) (-6656 9216 -256 ) 
4 74 76 (-6144 9216 2304 ) (-6144 9216 -256 ) (-6144 8192 -256 ) (-6144 8192 2304 ) 
4 74 75 (-5120 8192 -256 ) (-5120 8192 2304 ) (-6144 8192 2304 ) (-6144 8192 -256 ) 
4 75 108 (-5120 7168 -256 ) (-5120 7168 2304 ) (-6144 7168 2304 ) (-6144 7168 -256 ) 
4 75 77 (-6144 7168 -256 ) (-6144 7168 2304 ) (-6144 8192 2304 ) (-6144 8192 -256 ) 
4 76 77 (-6144 8192 -256 ) (-6144 8192 2304 ) (-6656 8192 2304 ) (-6656 8192 -256 ) 
4 77 109 (-6144 7168 -256 ) (-6144 7168 2304 ) (-6656 7168 2304 ) (-6656 7168 -256 ) 
4 78 80 (1024 6144 -256 ) (1024 6144 2304 ) (0 6144 2304 ) (0 6144 -256 ) 
4 78 79 (0 7168 2304 ) (0 7168 -256 ) (0 6144 -256 ) (0 6144 2304 ) 
4 79 84 (-1024 7168 2304 ) (-1024 7168 -256 ) (-1024 6144 -256 ) (-1024 6144 2304 ) 
4 79 81 (0 6144 -256 ) (0 6144 2304 ) (-1024 6144 2304 ) (-1024 6144 -256 ) 
4 80 82 (1024 5120 -256 ) (1024 5120 2304 ) (0 5120 2304 ) (0 5120 -256 ) 
4 80 81 (0 5120 -256 ) (0 5120 2304 ) (0 6144 2304 ) (0 6144 -256 ) 
4 81 86 (-1024 5120 -256 ) (-1024 5120 2304 ) (-1024 6144 2304 ) (-1024 6144 -256 ) 
4 81 83 (-1024 5120 2304 ) (-1024 5120 -256 ) (0 5120 -256 ) (0 5120 2304 ) 
4 82 90 (1024 4096 -256 ) (1024 4096 2304 ) (0 4096 2304 ) (0 4096 -256 ) 
4 82 83 (0 5120 2304 ) (0 5120 -256 ) (0 4096 -256 ) (0 4096 2304 ) 
4 83 91 (0 4096 -256 ) (0 4096 2304 ) (-1024 4096 2304 ) (-1024 4096 -256 ) 
4 83 88 (-1024 4096 -256 ) (-1024 4096 2304 ) (-1024 5120 2304 ) (-1024 5120 -256 ) 
4 84 86 (-1024 6144 -256 ) (-1024 6144 2304 ) (-2048 6144 2304 ) (-2048 6144 -256 ) 
4 84 85 (-2048 7168 2304 ) (-2048 7168 -256 ) (-2048 6144 -256 ) (-2048 6144 2304 ) 
4 85 102 (-3072 7168 2304 ) (-3072 7168 -256 ) (-3072 6144 -256 ) (-3072 6144 2304 ) 
4 85 87 (-2048 6144 -256 ) (-2048 6144 2304 ) (-3072 6144 2304 ) (-3072 6144 -256 ) 
4 86 88 (-1024 5120 -256 ) (-1024 5120 2304 ) (-2048 5120 2304 ) (-2048 5120 -256 ) 
4 86 87 (-2048 5120 -256 ) (-2048 5120 2304 ) (-2048 6144 2304 ) (-2048 6144 -256 ) 
4 87 104 (-3072 5120 -256 ) (-3072 5120 2304 ) (-3072 6144 2304 ) (-3072 6144 -256 ) 
4 87 89 (-3072 5120 2304 ) (-3072 5120 -256 ) (-2048 5120 -256 ) (-2048 5120 2304 ) 
4 88 96 (-1024 4096 -256 ) (-1024 4096 2304 ) (-2048 4096 2304 ) (-2048 4096 -256 ) 
4 88 89 (-2048 5120 2304 ) (-2048 5120 -256 ) (-2048 4096 -256 ) (-2048 4096 2304 ) 
4 89 106 (-3072 4096 -256 ) (-3072 4096 2304 ) (-3072 5120 2304 ) (-3072 5120 -256 ) 
4 89 97 (-2048 4096 -256 ) (-2048 4096 2304 ) (-3072 4096 2304 ) (-3072 4096 -256 ) 
4 90 92 (1024 3072 -256 ) (1024 3072 2304 ) (0 3072 2304 ) (0 3072 -256 ) 
4 90 91 (0 4096 2304 ) (0 4096 -256 ) (0 3072 -256 ) (0 3072 2304 ) 
4 91 96 (-1024 4096 2304 ) (-1024 4096 -256 ) (-1024 3072 -256 ) (-1024 3072 2304 ) 
4 91 93 (0 3072 -256 ) (0 3072 2304 ) (-1024 3072 2304 ) (-1024 3072 -256 ) 
4 92 94 (1024 2048 -256 ) (1024 2048 2304 ) (0 2048 2304 ) (0 2048 -256 ) 
4 92 93 (0 2048 -256 ) (0 2048 2304 ) (0 3072 2304 ) (0 3072 -256 ) 
4 93 98 (-1024 2048 -256 ) (-1024 2048 2304 ) (-1024 3072 2304 ) (-1024 3072 -256 ) 
4 93 95 (-1024 2048 2304 ) (-1024 2048 -256 ) (0 2048 -256 ) (0 2048 2304 ) 
4 94 192 (1024 1024 -256 ) (1024 1024 2304 ) (0 1024 2304 ) (0 1024 -256 ) 
4 94 95 (0 2048 2304 ) (0 2048 -256 ) (0 1024 -256 ) (0 1024 2304 ) 
4 95 193 (0 1024 -256 ) (0 1024 2304 ) (-1024 1024 2304 ) (-1024 1024 -256 ) 
4 95 100 (-1024 1024 -256 ) (-1024 1024 2304 ) (-1024 2048 2304 ) (-1024 2048 -256 ) 
4 96 98 (-1024 3072 -256 ) (-1024 3072 2304 ) (-2048 3072 2304 ) (-2048 3072 -256 ) 
4 96 97 (-2048 4096 2304 ) (-2048 4096 -256 ) (-2048 3072 -256 ) (-2048 3072 2304 ) 
4 97 114 (-3072 3072 -256 ) (-3072 3072 2304 ) (-3072 4096 2304 ) (-3072 4096 -256 ) 
4 97 99 (-2048 3072 -256 ) (-2048 3072 2304 ) (-3072 3072 2304 ) (-3072 3072 -256 ) 
4 98 100 (-1024 2048 -256 ) (-1024 2048 2304 ) (-2048 2048 2304 ) (-2048 2048 -256 ) 
4 98 99 (-2048 2048 -256 ) (-2048 2048 2304 ) (-2048 3072 2304 ) (-2048 3072 -256 ) 
4 99 116 (-3072 2048 -256 ) (-3072 2048 2304 ) (-3072 3072 2304 ) (-3072 3072 -256 ) 
4 99 101 (-3072 2048 2304 ) (-3072 2048 -256 ) (-2048 2048 -256 ) (-2048 2048 2304 ) 
4 100 198 (-1024 1024 -256 ) (-1024 1024 2304 ) (-2048 1024 2304 ) (-2048 1024 -256 ) 
4 100 101 (-2048 2048 2304 ) (-2048 2048 -256 ) (-2048 1024 -256 ) (-2048 1024 2304 ) 
4 101 199 (-2048 1024 -256 ) (-2048 1024 2304 ) (-3072 1024 2304 ) (-3072 1024 -256 ) 
4 101 118 (-3072 1024 -256 ) (-3072 1024 2304 ) (-3072 2048 2304 ) (-3072 2048 -256 ) 
4 102 104 (-3072 6144 -256 ) (-3072 6144 2304 ) (-4096 6144 2304 ) (-4096 6144 -256 ) 
4 102 103 (-4096 7168 2304 ) (-4096 7168 -256 ) (-4096 6144 -256 ) (-4096 6144 2304 ) 
4 103 108 (-5120 7168 2304 ) (-5120 7168 -256 ) (-5120 6144 -256 ) (-5120 6144 2304 ) 
4 103 105 (-4096 6144 -256 ) (-4096 6144 2304 ) (-5120 6144 2304 ) (-5120 6144 -256 ) 
4 104 106 (-3072 5120 -256 ) (-3072 5120 2304 ) (-4096 5120 2304 ) (-4096 5120 -256 ) 
4 104 105 (-4096 5120 -256 ) (-4096 5120 2304 ) (-4096 6144 2304 ) (-4096 6144 -256 ) 
4 105 110 (-5120 5120 -256 ) (-5120 5120 2304 ) (-5120 6144 2304 ) (-5120 6144 -256 ) 
4 105 107 (-5120 5120 2304 ) (-5120 5120 -256 ) (-4096 5120 -256 ) (-4096 5120 2304 ) 
4 106 114 (-3072 4096 -256 ) (-3072 4096 2304 ) (-4096 4096 2304 ) (-4096 4096 -256 ) 
4 106 107 (-4096 5120 2304 ) (-4096 5120 -256 ) (-4096 4096 -256 ) (-4096 4096 2304 ) 
4 107 115 (-4096 4096 -256 ) (-4096 4096 2304 ) (-5120 4096 2304 ) (-5120 4096 -256 ) 
4 107 111 (-5120 4096 -256 ) (-5120 4096 2304 ) (-5120 5120 2304 ) (-5120 5120 -256 ) 
4 108 110 (-5120 6144 -256 ) (-5120 6144 2304 ) (-6144 6144 2304 ) (-6144 6144 -256 ) 
4 108 109 (-6144 7168 2304 ) (-6144 7168 -256 ) (-6144 6144 -256 ) (-6144 6144 2304 ) 
4 109 112 (-6144 6144 -256 ) (-6144 6144 2304 ) (-6656 6144 2304 ) (-6656 6144 -256 ) 
4 110 112 (-6144 6144 2304 ) (-6144 6144 -256 ) (-6144 5120 -256 ) (-6144 5120 2304 ) 
4 110 111 (-5120 5120 -256 ) (-5120 5120 2304 ) (-6144 5120 2304 ) (-6144 5120 -256 ) 
4 111 120 (-5120 4096 -256 ) (-5120 4096 2304 ) (-6144 4096 2304 ) (-6144 4096 -256 ) 
4 111 113 (-6144 4096 -256 ) (-6144 4096 2304 ) (-6144 5120 2304 ) (-6144 5120 -256 ) 
4 112 113 (-6144 5120 -256 ) (-6144 5120 2304 ) (-6656 5120 2304 ) (-6656 5120 -256 ) 
4 113 121 (-6144 4096 -256 ) (-6144 4096 2304 ) (-6656 4096 2304 ) (-6656 4096 -256 ) 
4 114 116 (-3072 3072 -256 ) (-3072 3072 2304 ) (-4096 3072 2304 ) (-4096 3072 -256 ) 
4 114 115 (-4096 4096 2304 ) (-4096 4096 -256 ) (-4096 3072 -256 ) (-4096 3072 2304 ) 
4 115 120 (-5120 4096 2304 ) (-5120 4096 -256 ) (-5120 3072 -256 ) (-5120 3072 2304 ) 
4 115 117 (-4096 3072 -256 ) (-4096 3072 2304 ) (-5120 3072 2304 ) (-5120 3072 -256 ) 
4 116 118 (-3072 2048 -256 ) (-3072 2048 2304 ) (-4096 2048 2304 ) (-4096 2048 -256 ) 
4 116 117 (-4096 2048 -256 ) (-4096 2048 2304 ) (-4096 3072 2304 ) (-4096 3072 -256 ) 
4 117 122 (-5120 2048 -256 ) (-5120 2048 2304 ) (-5120 3072 2304 ) (-5120 3072 -256 ) 
4 117 119 (-5120 2048 2304 ) (-5120 2048 -256 ) (-4096 2048 -256 ) (-4096 2048 2304 ) 
4 118 344 (-3072 1024 -256 ) (-3072 1024 2304 ) (-4096 1024 2304 ) (-4096 1024 -256 ) 
4 118 119 (-4096 2048 2304 ) (-4096 2048 -256 ) (-4096 1024 -256 ) (-4096 1024 2304 ) 
4 119 345 (-4096 1024 -256 ) (-4096 1024 2304 ) (-5120 1024 2304 ) (-5120 1024 -256 ) 
4 119 123 (-5120 1024 -256 ) (-5120 1024 2304 ) (-5120 2048 2304 ) (-5120 2048 -256 ) 
4 120 122 (-5120 3072 -256 ) (-5120 3072 2304 ) (-6144 3072 2304 ) (-6144 3072 -256 ) 
4 120 121 (-6144 4096 2304 ) (-6144 4096 -256 ) (-6144 3072 -256 ) (-6144 3072 2304 ) 
4 121 124 (-6144 3072 -256 ) (-6144 3072 2304 ) (-6656 3072 2304 ) (-6656 3072 -256 ) 
4 122 124 (-6144 3072 2304 ) (-6144 3072 -256 ) (-6144 2048 -256 ) (-6144 2048 2304 ) 
4 122 123 (-5120 2048 -256 ) (-5120 2048 2304 ) (-6144 2048 2304 ) (-6144 2048 -256 ) 
4 123 350 (-5120 1024 -256 ) (-5120 1024 2304 ) (-6144 1024 2304 ) (-6144 1024 -256 ) 
4 123 125 (-6144 1024 -256 ) (-6144 1024 2304 ) (-6144 2048 2304 ) (-6144 2048 -256 ) 
4 124 125 (-6144 2048 -256 ) (-6144 2048 2304 ) (-6656 2048 2304 ) (-6656 2048 -256 ) 
4 125 351 (-6144 1024 -256 ) (-6144 1024 2304 ) (-6656 1024 2304 ) (-6656 1024 -256 ) 
4 126 128 (7168 0 -256 ) (7168 0 2304 ) (6144 0 2304 ) (6144 0 -256 ) 
4 126 127 (6144 1024 2304 ) (6144 1024 -256 ) (6144 0 -256 ) (6144 0 2304 ) 
4 127 138 (5120 1024 2304 ) (5120 1024 -256 ) (5120 0 -256 ) (5120 0 2304 ) 
4 127 129 (6144 0 -256 ) (6144 0 2304 ) (5120 0 2304 ) (5120 0 -256 ) 
4 128 130 (7168 -1024 -256 ) (7168 -1024 2304 ) (6144 -1024 2304 ) (6144 -1024 -256 ) 
4 128 129 (6144 -1024 -256 ) (6144 -1024 2304 ) (6144 0 2304 ) (6144 0 -256 ) 
4 129 140 (5120 -1024 -256 ) (5120 -1024 2304 ) (5120 0 2304 ) (5120 0 -256 ) 
4 129 131 (5120 -1024 2304 ) (5120 -1024 -256 ) (6144 -1024 -256 ) (6144 -1024 2304 ) 
4 130 132 (7168 -2048 -256 ) (7168 -2048 2304 ) (6144 -2048 2304 ) (6144 -2048 -256 ) 
4 130 131 (6144 -1024 2304 ) (6144 -1024 -256 ) (6144 -2048 -256 ) (6144 -2048 2304 ) 
4 131 142 (5120 -2048 -256 ) (5120 -2048 2304 ) (5120 -1024 2304 ) (5120 -1024 -256 ) 
4 131 133 (6144 -2048 -256 ) (6144 -2048 2304 ) (5120 -2048 2304 ) (5120 -2048 -256 ) 
4 132 134 (7168 -3072 -256 ) (7168 -3072 2304 ) (6144 -3072 2304 ) (6144 -3072 -256 ) 
4 132 133 (6144 -2048 2304 ) (6144 -2048 -256 ) (6144 -3072 -256 ) (6144 -3072 2304 ) 
4 133 150 (5120 -3072 -256 ) (5120 -3072 2304 ) (5120 -2048 2304 ) (5120 -2048 -256 ) 
4 133 135 (6144 -3072 -256 ) (6144 -3072 2304 ) (5120 -3072 2304 ) (5120 -3072 -256 ) 
4 134 136 (7168 -4096 -256 ) (7168 -4096 2304 ) (6144 -4096 2304 ) (6144 -4096 -256 ) 
4 134 135 (6144 -4096 -256 ) (6144 -4096 2304 ) (6144 -3072 2304 ) (6144 -3072 -256 ) 
4 135 152 (5120 -4096 -256 ) (5120 -4096 2304 ) (5120 -3072 2304 ) (5120 -3072 -256 ) 
4 135 137 (5120 -4096 2304 ) (5120 -4096 -256 ) (6144 -4096 -256 ) (6144 -4096 2304 ) 
4 136 162 (7168 -5120 -256 ) (7168 -5120 2304 ) (6144 -5120 2304 ) (6144 -5120 -256 ) 
4 136 137 (6144 -4096 2304 ) (6144 -4096 -256 ) (6144 -5120 -256 ) (6144 -5120 2304 ) 
4 137 163 (6144 -5120 -256 ) (6144 -5120 2304 ) (5120 -5120 2304 ) (5120 -5120 -256 ) 
4 137 154 (5120 -5120 -256 ) (5120 -5120 2304 ) (5120 -4096 2304 ) (5120 -4096 -256 ) 
4 138 140 (5120 0 -256 ) (5120 0 2304 ) (4096 0 2304 ) (4096 0 -256 ) 
4 138 139 (4096 1024 2304 ) (4096 1024 -256 ) (4096 0 -256 ) (4096 0 2304 ) 
4 139 144 (3072 1024 2304 ) (3072 1024 -256 ) (3072 0 -256 ) (3072 0 2304 ) 
4 139 141 (4096 0 -256 ) (4096 0 2304 ) (3072 0 2304 ) (3072 0 -256 ) 
4 140 142 (5120 -1024 -256 ) (5120 -1024 2304 ) (4096 -1024 2304 ) (4096 -1024 -256 ) 
4 140 141 (4096 -1024 -256 ) (4096 -1024 2304 ) (4096 0 2304 ) (4096 0 -256 ) 
4 141 146 (3072 -1024 -256 ) (3072 -1024 2304 ) (3072 0 2304 ) (3072 0 -256 ) 
4 141 143 (3072 -1024 2304 ) (3072 -1024 -256 ) (4096 -1024 -256 ) (4096 -1024 2304 ) 
4 142 150 (5120 -2048 -256 ) (5120 -2048 2304 ) (4096 -2048 2304 ) (4096 -2048 -256 ) 
4 142 143 (4096 -1024 2304 ) (4096 -1024 -256 ) (4096 -2048 -256 ) (4096 -2048 2304 ) 
4 143 151 (4096 -2048 -256 ) (4096 -2048 2304 ) (3072 -2048 2304 ) (3072 -2048 -256 ) 
4 143 148 (3072 -2048 -256 ) (3072 -2048 2304 ) (3072 -1024 2304 ) (3072 -1024 -256 ) 
4 144 146 (3072 0 -256 ) (3072 0 2304 ) (2048 0 2304 ) (2048 0 -256 ) 
4 144 145 (2048 1024 2304 ) (2048 1024 -256 ) (2048 0 -256 ) (2048 0 2304 ) 
4 145 192 (1024 1024 2304 ) (1024 1024 -256 ) (1024 0 -256 ) (1024 0 2304 ) 
4 145 147 (2048 0 -256 ) (2048 0 2304 ) (1024 0 2304 ) (1024 0 -256 ) 
4 146 148 (3072 -1024 -256 ) (3072 -1024 2304 ) (2048 -1024 2304 ) (2048 -1024 -256 ) 
4 146 147 (2048 -1024 -256 ) (2048 -1024 2304 ) (2048 0 2304 ) (2048 0 -256 ) 
4 147 194 (1024 -1024 -256 ) (1024 -1024 2304 ) (1024 0 2304 ) (1024 0 -256 ) 
4 147 149 (1024 -1024 2304 ) (1024 -1024 -256 ) (2048 -1024 -256 ) (2048 -1024 2304 ) 
4 148 156 (3072 -2048 -256 ) (3072 -2048 2304 ) (2048 -2048 2304 ) (2048 -2048 -256 ) 
4 148 149 (2048 -1024 2304 ) (2048 -1024 -256 ) (2048 -2048 -256 ) (2048 -2048 2304 ) 
4 149 196 (1024 -2048 -256 ) (1024 -2048 2304 ) (1024 -1024 2304 ) (1024 -1024 -256 ) 
4 149 157 (2048 -2048 -256 ) (2048 -2048 2304 ) (1024 -2048 2304 ) (1024 -2048 -256 ) 
4 150 152 (5120 -3072 -256 ) (5120 -3072 2304 ) (4096 -3072 2304 ) (4096 -3072 -256 ) 
4 150 151 (4096 -2048 2304 ) (4096 -2048 -256 ) (4096 -3072 -256 ) (4096 -3072 2304 ) 
4 151 156 (3072 -2048 2304 ) (3072 -2048 -256 ) (3072 -3072 -256 ) (3072 -3072 2304 ) 
4 151 153 (4096 -3072 -256 ) (4096 -3072 2304 ) (3072 -3072 2304 ) (3072 -3072 -256 ) 
4 152 154 (5120 -4096 -256 ) (5120 -4096 2304 ) (4096 -4096 2304 ) (4096 -4096 -256 ) 
4 152 153 (4096 -4096 -256 ) (4096 -4096 2304 ) (4096 -3072 2304 ) (4096 -3072 -256 ) 
4 153 158 (3072 -4096 -256 ) (3072 -4096 2304 ) (3072 -3072 2304 ) (3072 -3072 -256 ) 
4 153 155 (3072 -4096 2304 ) (3072 -4096 -256 ) (4096 -4096 -256 ) (4096 -4096 2304 ) 
4 154 172 (5120 -5120 -256 ) (5120 -5120 2304 ) (4096 -5120 2304 ) (4096 -5120 -256 ) 
4 154 155 (4096 -4096 2304 ) (4096 -4096 -256 ) (4096 -5120 -256 ) (4096 -5120 2304 ) 
4 155 173 (4096 -5120 -256 ) (4096 -5120 2304 ) (3072 -5120 2304 ) (3072 -5120 -256 ) 
4 155 160 (3072 -5120 -256 ) (3072 -5120 2304 ) (3072 -4096 2304 ) (3072 -4096 -256 ) 
4 156 158 (3072 -3072 -256 ) (3072 -3072 2304 ) (2048 -3072 2304 ) (2048 -3072 -256 ) 
4 156 157 (2048 -2048 2304 ) (2048 -2048 -256 ) (2048 -3072 -256 ) (2048 -3072 2304 ) 
4 157 222 (1024 -3072 -256 ) (1024 -3072 0 ) (1024 -2560 0 ) (1024 -2560 -256 ) 
4 157 221 (1024 -2560 0 ) (1024 -2048 0 ) (1024 -2048 -256 ) (1024 -2560 -256 ) 
4 157 212 (1024 -3072 0 ) (1024 -3072 304 ) (1024 -2048 304 ) (1024 -2048 0 ) 
4 157 210 (1024 -3072 304 ) (1024 -3072 320 ) (1024 -2560 320 ) (1024 -2560 304 ) 
4 157 209 (1024 -2560 320 ) (1024 -2048 320 ) (1024 -2048 304 ) (1024 -2560 304 ) 
4 157 207 (1024 -3072 320 ) (1024 -3072 2304 ) (1024 -2320 2304 ) (1024 -2320 320 ) 
4 157 205 (1024 -2320 2304 ) (1024 -2288 2304 ) (1024 -2288 320 ) (1024 -2320 320 ) 
4 157 204 (1024 -2288 2304 ) (1024 -2048 2304 ) (1024 -2048 320 ) (1024 -2288 320 ) 
4 157 159 (2048 -3072 -256 ) (2048 -3072 2304 ) (1024 -3072 2304 ) (1024 -3072 -256 ) 
4 158 160 (3072 -4096 -256 ) (3072 -4096 2304 ) (2048 -4096 2304 ) (2048 -4096 -256 ) 
4 158 159 (2048 -4096 -256 ) (2048 -4096 2304 ) (2048 -3072 2304 ) (2048 -3072 -256 ) 
4 159 309 (1024 -4096 -256 ) (1024 -4096 0 ) (1024 -3072 0 ) (1024 -3072 -256 ) 
4 159 307 (1024 -4096 0 ) (1024 -4096 304 ) (1024 -3584 304 ) (1024 -3584 0 ) 
4 159 299 (1024 -3584 304 ) (1024 -3072 304 ) (1024 -3072 0 ) (1024 -3584 0 ) 
4 159 297 (1024 -4096 304 ) (1024 -4096 320 ) (1024 -3072 320 ) (1024 -3072 304 ) 
4 159 294 (1024 -3976 2304 ) (1024 -3072 2304 ) (1024 -3072 320 ) (1024 -3976 320 ) 
4 159 296 (1024 -4096 320 ) (1024 -4096 2304 ) (1024 -3976 2304 ) (1024 -3976 320 ) 
4 159 161 (1024 -4096 2304 ) (1024 -4096 -256 ) (2048 -4096 -256 ) (2048 -4096 2304 ) 
4 160 178 (3072 -5120 -256 ) (3072 -5120 2304 ) (2048 -5120 2304 ) (2048 -5120 -256 ) 
4 160 161 (2048 -4096 2304 ) (2048 -4096 -256 ) (2048 -5120 -256 ) (2048 -5120 2304 ) 
4 161 312 (1024 -5120 -256 ) (1024 -5120 2304 ) (1024 -4096 2304 ) (1024 -4096 -256 ) 
4 161 179 (2048 -5120 -256 ) (2048 -5120 2304 ) (1024 -5120 2304 ) (1024 -5120 -256 ) 
4 162 164 (7168 -6144 -256 ) (7168 -6144 2304 ) (6144 -6144 2304 ) (6144 -6144 -256 ) 
4 162 163 (6144 -5120 2304 ) (6144 -5120 -256 ) (6144 -6144 -256 ) (6144 -6144 2304 ) 
4 163 172 (5120 -5120 2304 ) (5120 -5120 -256 ) (5120 -6144 -256 ) (5120 -6144 2304 ) 
4 163 165 (6144 -6144 -256 ) (6144 -6144 2304 ) (5120 -6144 2304 ) (5120 -6144 -256 ) 
4 164 166 (7168 -7168 -256 ) (7168 -7168 2304 ) (6144 -7168 2304 ) (6144 -7168 -256 ) 
4 164 165 (6144 -7168 -256 ) (6144 -7168 2304 ) (6144 -6144 2304 ) (6144 -6144 -256 ) 
4 165 174 (5120 -7168 -256 ) (5120 -7168 2304 ) (5120 -6144 2304 ) (5120 -6144 -256 ) 
4 165 167 (5120 -7168 2304 ) (5120 -7168 -256 ) (6144 -7168 -256 ) (6144 -7168 2304 ) 
4 166 168 (7168 -8192 -256 ) (7168 -8192 2304 ) (6144 -8192 2304 ) (6144 -8192 -256 ) 
4 166 167 (6144 -7168 2304 ) (6144 -7168 -256 ) (6144 -8192 -256 ) (6144 -8192 2304 ) 
4 167 176 (5120 -8192 -256 ) (5120 -8192 2304 ) (5120 -7168 2304 ) (5120 -7168 -256 ) 
4 167 169 (6144 -8192 -256 ) (6144 -8192 2304 ) (5120 -8192 2304 ) (5120 -8192 -256 ) 
4 168 170 (7168 -9216 -256 ) (7168 -9216 2304 ) (6144 -9216 2304 ) (6144 -9216 -256 ) 
4 168 169 (6144 -8192 2304 ) (6144 -8192 -256 ) (6144 -9216 -256 ) (6144 -9216 2304 ) 
4 169 184 (5120 -9216 -256 ) (5120 -9216 2304 ) (5120 -8192 2304 ) (5120 -8192 -256 ) 
4 169 171 (6144 -9216 -256 ) (6144 -9216 2304 ) (5120 -9216 2304 ) (5120 -9216 -256 ) 
4 170 171 (6144 -9728 -256 ) (6144 -9728 2304 ) (6144 -9216 2304 ) (6144 -9216 -256 ) 
4 171 186 (5120 -9728 -256 ) (5120 -9728 2304 ) (5120 -9216 2304 ) (5120 -9216 -256 ) 
4 172 174 (5120 -6144 -256 ) (5120 -6144 2304 ) (4096 -6144 2304 ) (4096 -6144 -256 ) 
4 172 173 (4096 -5120 2304 ) (4096 -5120 -256 ) (4096 -6144 -256 ) (4096 -6144 2304 ) 
4 173 178 (3072 -5120 2304 ) (3072 -5120 -256 ) (3072 -6144 -256 ) (3072 -6144 2304 ) 
4 173 175 (4096 -6144 -256 ) (4096 -6144 2304 ) (3072 -6144 2304 ) (3072 -6144 -256 ) 
4 174 176 (5120 -7168 -256 ) (5120 -7168 2304 ) (4096 -7168 2304 ) (4096 -7168 -256 ) 
4 174 175 (4096 -7168 -256 ) (4096 -7168 2304 ) (4096 -6144 2304 ) (4096 -6144 -256 ) 
4 175 180 (3072 -7168 -256 ) (3072 -7168 2304 ) (3072 -6144 2304 ) (3072 -6144 -256 ) 
4 175 177 (3072 -7168 2304 ) (3072 -7168 -256 ) (4096 -7168 -256 ) (4096 -7168 2304 ) 
4 176 184 (5120 -8192 -256 ) (5120 -8192 2304 ) (4096 -8192 2304 ) (4096 -8192 -256 ) 
4 176 177 (4096 -7168 2304 ) (4096 -7168 -256 ) (4096 -8192 -256 ) (4096 -8192 2304 ) 
4 177 185 (4096 -8192 -256 ) (4096 -8192 2304 ) (3072 -8192 2304 ) (3072 -8192 -256 ) 
4 177 182 (3072 -8192 -256 ) (3072 -8192 2304 ) (3072 -7168 2304 ) (3072 -7168 -256 ) 
4 178 180 (3072 -6144 -256 ) (3072 -6144 2304 ) (2048 -6144 2304 ) (2048 -6144 -256 ) 
4 178 179 (2048 -5120 2304 ) (2048 -5120 -256 ) (2048 -6144 -256 ) (2048 -6144 2304 ) 
4 179 368 (1024 -6144 -256 ) (1024 -6144 2304 ) (1024 -5120 2304 ) (1024 -5120 -256 ) 
4 179 181 (2048 -6144 -256 ) (2048 -6144 2304 ) (1024 -6144 2304 ) (1024 -6144 -256 ) 
4 180 182 (3072 -7168 -256 ) (3072 -7168 2304 ) (2048 -7168 2304 ) (2048 -7168 -256 ) 
4 180 181 (2048 -7168 -256 ) (2048 -7168 2304 ) (2048 -6144 2304 ) (2048 -6144 -256 ) 
4 181 370 (1024 -7168 -256 ) (1024 -7168 2304 ) (1024 -6144 2304 ) (1024 -6144 -256 ) 
4 181 183 (1024 -7168 2304 ) (1024 -7168 -256 ) (2048 -7168 -256 ) (2048 -7168 2304 ) 
4 182 188 (3072 -8192 -256 ) (3072 -8192 2304 ) (2048 -8192 2304 ) (2048 -8192 -256 ) 
4 182 183 (2048 -7168 2304 ) (2048 -7168 -256 ) (2048 -8192 -256 ) (2048 -8192 2304 ) 
4 183 372 (1024 -8192 -256 ) (1024 -8192 2304 ) (1024 -7168 2304 ) (1024 -7168 -256 ) 
4 183 189 (2048 -8192 -256 ) (2048 -8192 2304 ) (1024 -8192 2304 ) (1024 -8192 -256 ) 
4 184 186 (5120 -9216 -256 ) (5120 -9216 2304 ) (4096 -9216 2304 ) (4096 -9216 -256 ) 
4 184 185 (4096 -8192 2304 ) (4096 -8192 -256 ) (4096 -9216 -256 ) (4096 -9216 2304 ) 
4 185 188 (3072 -8192 2304 ) (3072 -8192 -256 ) (3072 -9216 -256 ) (3072 -9216 2304 ) 
4 185 187 (4096 -9216 -256 ) (4096 -9216 2304 ) (3072 -9216 2304 ) (3072 -9216 -256 ) 
4 186 187 (4096 -9728 -256 ) (4096 -9728 2304 ) (4096 -9216 2304 ) (4096 -9216 -256 ) 
4 187 190 (3072 -9728 -256 ) (3072 -9728 2304 ) (3072 -9216 2304 ) (3072 -9216 -256 ) 
4 188 190 (3072 -9216 -256 ) (3072 -9216 2304 ) (2048 -9216 2304 ) (2048 -9216 -256 ) 
4 188 189 (2048 -8192 2304 ) (2048 -8192 -256 ) (2048 -9216 -256 ) (2048 -9216 2304 ) 
4 189 380 (1024 -9216 -256 ) (1024 -9216 2304 ) (1024 -8192 2304 ) (1024 -8192 -256 ) 
4 189 191 (2048 -9216 -256 ) (2048 -9216 2304 ) (1024 -9216 2304 ) (1024 -9216 -256 ) 
4 190 191 (2048 -9728 -256 ) (2048 -9728 2304 ) (2048 -9216 2304 ) (2048 -9216 -256 ) 
4 191 382 (1024 -9728 -256 ) (1024 -9728 2304 ) (1024 -9216 2304 ) (1024 -9216 -256 ) 
4 192 194 (1024 0 -256 ) (1024 0 2304 ) (0 0 2304 ) (0 0 -256 ) 
4 192 193 (0 1024 2304 ) (0 1024 -256 ) (0 0 -256 ) (0 0 2304 ) 
4 193 198 (-1024 1024 2304 ) (-1024 1024 -256 ) (-1024 0 -256 ) (-1024 0 2304 ) 
4 193 195 (0 0 -256 ) (0 0 2304 ) (-1024 0 2304 ) (-1024 0 -256 ) 
4 194 196 (1024 -1024 -256 ) (1024 -1024 2304 ) (0 -1024 2304 ) (0 -1024 -256 ) 
4 194 195 (0 -1024 -256 ) (0 -1024 2304 ) (0 0 2304 ) (0 0 -256 ) 
4 195 200 (-1024 -1024 -256 ) (-1024 -1024 2304 ) (-1024 0 2304 ) (-1024 0 -256 ) 
4 195 197 (-1024 -1024 2304 ) (-1024 -1024 -256 ) (0 -1024 -256 ) (0 -1024 2304 ) 
4 196 221 (1024 -2048 -256 ) (1024 -2048 0 ) (736 -2048 0 ) (736 -2048 -256 ) 
4 196 212 (1024 -2048 0 ) (1024 -2048 304 ) (736 -2048 304 ) (736 -2048 0 ) 
4 196 209 (1024 -2048 304 ) (1024 -2048 320 ) (736 -2048 320 ) (736 -2048 304 ) 
4 196 204 (1024 -2048 320 ) (1024 -2048 2304 ) (0 -2048 2304 ) (0 -2048 320 ) 
4 196 197 (0 -1024 2304 ) (0 -1024 -256 ) (0 -2048 -256 ) (0 -2048 2304 ) 
4 197 289 (-128 -2048 0 ) (-576 -2048 0 ) (-576 -2048 -256 ) (-128 -2048 -256 ) 
4 197 288 (-32 -2048 0 ) (-128 -2048 0 ) (-128 -2048 -256 ) (-32 -2048 -256 ) 
4 197 280 (-888 -2048 128 ) (-888 -2048 48 ) (-848 -2048 48 ) (-848 -2048 128 ) 
4 197 268 (-560 -2048 144 ) (-576 -2048 144 ) (-576 -2048 0 ) (-560 -2048 0 ) 
4 197 263 (-32 -2048 144 ) (-560 -2048 144 ) (-560 -2048 0 ) (-32 -2048 0 ) 
4 197 248 (-888 -2048 288 ) (-888 -2048 208 ) (-848 -2048 208 ) (-848 -2048 288 ) 
4 197 247 (-704 -2048 288 ) (-704 -2048 208 ) (-664 -2048 208 ) (-664 -2048 288 ) 
4 197 236 (-384 -2048 272 ) (-576 -2048 272 ) (-576 -2048 144 ) (-384 -2048 144 ) 
4 197 234 (-32 -2048 272 ) (-384 -2048 272 ) (-384 -2048 144 ) (-32 -2048 144 ) 
4 197 231 (-128 -2048 304 ) (-576 -2048 304 ) (-576 -2048 272 ) (-128 -2048 272 ) 
4 197 230 (-32 -2048 304 ) (-128 -2048 304 ) (-128 -2048 272 ) (-32 -2048 272 ) 
4 197 228 (-128 -2048 320 ) (-576 -2048 320 ) (-576 -2048 304 ) (-128 -2048 304 ) 
4 197 227 (-32 -2048 320 ) (-128 -2048 320 ) (-128 -2048 304 ) (-32 -2048 304 ) 
4 197 224 (0 -2048 320 ) (0 -2048 2304 ) (-1024 -2048 2304 ) (-1024 -2048 320 ) 
4 197 202 (-1024 -2048 -256 ) (-1024 -2048 2304 ) (-1024 -1024 2304 ) (-1024 -1024 -256 ) 
4 198 200 (-1024 0 -256 ) (-1024 0 2304 ) (-2048 0 2304 ) (-2048 0 -256 ) 
4 198 199 (-2048 1024 2304 ) (-2048 1024 -256 ) (-2048 0 -256 ) (-2048 0 2304 ) 
4 199 344 (-3072 1024 2304 ) (-3072 1024 -256 ) (-3072 0 -256 ) (-3072 0 2304 ) 
4 199 201 (-2048 0 -256 ) (-2048 0 2304 ) (-3072 0 2304 ) (-3072 0 -256 ) 
4 200 202 (-1024 -1024 -256 ) (-1024 -1024 2304 ) (-2048 -1024 2304 ) (-2048 -1024 -256 ) 
4 200 201 (-2048 -1024 -256 ) (-2048 -1024 2304 ) (-2048 0 2304 ) (-2048 0 -256 ) 
4 201 346 (-3072 -1024 -256 ) (-3072 -1024 2304 ) (-3072 0 2304 ) (-3072 0 -256 ) 
4 201 203 (-3072 -1024 2304 ) (-3072 -1024 -256 ) (-2048 -1024 -256 ) (-2048 -1024 2304 ) 
4 202 337 (-1344 -2048 0 ) (-2048 -2048 0 ) (-2048 -2048 -256 ) (-1344 -2048 -256 ) 
4 202 335 (-1344 -2048 144 ) (-2048 -2048 144 ) (-2048 -2048 0 ) (-1344 -2048 0 ) 
4 202 330 (-1072 -2048 128 ) (-1072 -2048 48 ) (-1032 -2048 48 ) (-1032 -2048 128 ) 
4 202 327 (-1344 -2048 304 ) (-2048 -2048 304 ) (-2048 -2048 144 ) (-1344 -2048 144 ) 
4 202 320 (-1256 -2048 288 ) (-1256 -2048 208 ) (-1216 -2048 208 ) (-1216 -2048 288 ) 
4 202 319 (-1072 -2048 288 ) (-1072 -2048 208 ) (-1032 -2048 208 ) (-1032 -2048 288 ) 
4 202 317 (-1344 -2048 320 ) (-2048 -2048 320 ) (-2048 -2048 304 ) (-1344 -2048 304 ) 
4 202 314 (-1024 -2048 320 ) (-1024 -2048 2304 ) (-2048 -2048 2304 ) (-2048 -2048 320 ) 
4 202 203 (-2048 -1024 2304 ) (-2048 -1024 -256 ) (-2048 -2048 -256 ) (-2048 -2048 2304 ) 
4 203 348 (-3072 -2048 -256 ) (-3072 -2048 2304 ) (-3072 -1024 2304 ) (-3072 -1024 -256 ) 
4 203 339 (-2048 -2048 -256 ) (-2048 -2048 2304 ) (-3072 -2048 2304 ) (-3072 -2048 -256 ) 
4 204 224 (0 -2048 2304 ) (0 -2048 320 ) (0 -2288 320 ) (0 -2288 2304 ) 
4 204 209 (736 -2048 320 ) (1024 -2048 320 ) (1024 -2288 320 ) (736 -2288 320 ) 
4 204 205 (496 -2288 320 ) (1024 -2288 320 ) (1024 -2288 2304 ) (496 -2288 2304 ) 
4 204 206 (0 -2288 320 ) (88 -2288 320 ) (88 -2288 2304 ) (0 -2288 2304 ) 
4 205 209 (736 -2288 320 ) (1024 -2288 320 ) (1024 -2320 320 ) (736 -2320 320 ) 
4 205 207 (496 -2320 320 ) (1024 -2320 320 ) (1024 -2320 2304 ) (496 -2320 2304 ) 
4 206 225 (0 -2288 320 ) (0 -2320 320 ) (0 -2320 2304 ) (0 -2288 2304 ) 
4 206 208 (0 -2320 320 ) (88 -2320 320 ) (88 -2320 2304 ) (0 -2320 2304 ) 
4 207 294 (1024 -3072 320 ) (1024 -3072 2304 ) (496 -3072 2304 ) (496 -3072 320 ) 
4 207 210 (1024 -2560 320 ) (1024 -3072 320 ) (736 -3072 320 ) (736 -2560 320 ) 
4 207 209 (736 -2320 320 ) (1024 -2320 320 ) (1024 -2560 320 ) (736 -2560 320 ) 
4 208 295 (464 -3072 2304 ) (0 -3072 2304 ) (0 -3072 320 ) (464 -3072 320 ) 
4 208 226 (0 -2320 320 ) (0 -3072 320 ) (0 -3072 2304 ) (0 -2320 2304 ) 
4 208 211 (0 -3072 320 ) (0 -2560 320 ) (224 -2560 320 ) (224 -3072 320 ) 
4 209 212 (736 -2048 304 ) (1024 -2048 304 ) (1024 -2560 304 ) (736 -2560 304 ) 
4 209 210 (736 -2560 304 ) (1024 -2560 304 ) (1024 -2560 320 ) (736 -2560 320 ) 
4 210 297 (1024 -3072 304 ) (1024 -3072 320 ) (736 -3072 320 ) (736 -3072 304 ) 
4 210 212 (1024 -3072 304 ) (736 -3072 304 ) (736 -2560 304 ) (1024 -2560 304 ) 
4 211 298 (224 -3072 320 ) (0 -3072 320 ) (0 -3072 304 ) (224 -3072 304 ) 
4 211 229 (0 -2560 304 ) (0 -3072 304 ) (0 -3072 320 ) (0 -2560 320 ) 
4 211 220 (224 -3072 304 ) (0 -3072 304 ) (0 -2560 304 ) (224 -2560 304 ) 
4 212 299 (1024 -3072 0 ) (1024 -3072 304 ) (736 -3072 304 ) (736 -3072 0 ) 
4 212 222 (1024 -2560 0 ) (1024 -3072 0 ) (736 -3072 0 ) (736 -2560 0 ) 
4 212 221 (736 -2048 0 ) (1024 -2048 0 ) (1024 -2560 0 ) (736 -2560 0 ) 
4 212 214 (736 -2976 0 ) (736 -3040 0 ) (736 -3040 112 ) (736 -2976 112 ) 
4 212 213 (736 -2744 0 ) (736 -2888 0 ) (736 -2888 144 ) (736 -2744 144 ) 
4 213 218 (720 -2744 0 ) (720 -2888 0 ) (720 -2888 144 ) (720 -2744 144 ) 
4 214 218 (720 -2976 0 ) (720 -3040 0 ) (720 -3040 112 ) (720 -2976 112 ) 
4 215 218 (720 -2688 144 ) (720 -2688 304 ) (624 -2688 304 ) (624 -2688 144 ) 
4 215 217 (624 -2560 304 ) (624 -2560 144 ) (624 -2688 144 ) (624 -2688 304 ) 
4 216 217 (624 -2560 140 ) (624 -2560 0 ) (624 -2688 0 ) (624 -2688 140 ) 
4 216 218 (624 -2688 0 ) (720 -2688 0 ) (720 -2688 140 ) (624 -2688 140 ) 
4 217 218 (240 -2688 304 ) (240 -2688 0 ) (624 -2688 0 ) (624 -2688 304 ) 
4 218 300 (720 -3072 304 ) (240 -3072 304 ) (240 -3072 0 ) (720 -3072 0 ) 
4 218 219 (240 -2848 0 ) (240 -2992 0 ) (240 -2992 144 ) (240 -2848 144 ) 
4 219 220 (224 -2848 0 ) (224 -2992 0 ) (224 -2992 144 ) (224 -2848 144 ) 
4 220 306 (224 -3072 304 ) (0 -3072 304 ) (0 -3072 0 ) (224 -3072 0 ) 
4 220 269 (0 -2560 0 ) (0 -3072 0 ) (0 -3072 144 ) (0 -2560 144 ) 
4 220 244 (0 -3072 144 ) (0 -3072 304 ) (0 -2560 304 ) (0 -2560 144 ) 
4 220 223 (0 -3072 0 ) (0 -2560 0 ) (224 -2560 0 ) (224 -3072 0 ) 
4 221 222 (1024 -2560 -256 ) (1024 -2560 0 ) (736 -2560 0 ) (736 -2560 -256 ) 
4 222 309 (1024 -3072 -256 ) (1024 -3072 0 ) (736 -3072 0 ) (736 -3072 -256 ) 
4 223 310 (224 -3072 0 ) (0 -3072 0 ) (0 -3072 -256 ) (224 -3072 -256 ) 
4 223 292 (0 -3072 -256 ) (0 -3072 0 ) (0 -2560 0 ) (0 -2560 -256 ) 
4 224 314 (-1024 -2048 2304 ) (-1024 -2048 320 ) (-1024 -2288 320 ) (-1024 -2288 2304 ) 
4 224 228 (-576 -2048 320 ) (-128 -2048 320 ) (-128 -2288 320 ) (-576 -2288 320 ) 
4 224 227 (-128 -2048 320 ) (-32 -2048 320 ) (-32 -2080 320 ) (-128 -2080 320 ) 
4 224 225 (-696 -2288 320 ) (0 -2288 320 ) (0 -2288 2304 ) (-696 -2288 2304 ) 
4 225 228 (-576 -2304 320 ) (-576 -2288 320 ) (-128 -2288 320 ) (-128 -2304 320 ) 
4 225 226 (-696 -2320 320 ) (0 -2320 320 ) (0 -2320 2304 ) (-696 -2320 2304 ) 
4 226 316 (-1024 -2320 320 ) (-1024 -3072 320 ) (-1024 -3072 2304 ) (-1024 -2320 2304 ) 
4 226 311 (0 -3072 320 ) (0 -3072 2304 ) (-1024 -3072 2304 ) (-1024 -3072 320 ) 
4 226 229 (0 -2560 320 ) (0 -3072 320 ) (-1024 -3072 320 ) (-1024 -2560 320 ) 
4 227 230 (-128 -2048 304 ) (-32 -2048 304 ) (-32 -2080 304 ) (-128 -2080 304 ) 
4 227 228 (-128 -2048 304 ) (-128 -2080 304 ) (-128 -2080 320 ) (-128 -2048 320 ) 
4 228 233 (-384 -2304 304 ) (-576 -2304 304 ) (-576 -2112 304 ) (-384 -2112 304 ) 
4 228 232 (-128 -2112 304 ) (-128 -2304 304 ) (-384 -2304 304 ) (-384 -2112 304 ) 
4 228 231 (-576 -2048 304 ) (-128 -2048 304 ) (-128 -2112 304 ) (-576 -2112 304 ) 
4 229 318 (-1024 -2560 304 ) (-1024 -3072 304 ) (-1024 -3072 320 ) (-1024 -2560 320 ) 
4 229 311 (0 -3072 304 ) (0 -3072 320 ) (-1024 -3072 320 ) (-1024 -3072 304 ) 
4 229 262 (-592 -3072 304 ) (-1024 -3072 304 ) (-1024 -2560 304 ) (-592 -2560 304 ) 
4 229 246 (-576 -3072 304 ) (-592 -3072 304 ) (-592 -2560 304 ) (-576 -2560 304 ) 
4 229 244 (0 -3072 304 ) (-576 -3072 304 ) (-576 -2560 304 ) (0 -2560 304 ) 
4 230 234 (-128 -2080 272 ) (-128 -2048 272 ) (-32 -2048 272 ) (-32 -2080 272 ) 
4 230 231 (-128 -2048 272 ) (-128 -2080 272 ) (-128 -2080 304 ) (-128 -2048 304 ) 
4 231 236 (-576 -2112 272 ) (-576 -2048 272 ) (-384 -2048 272 ) (-384 -2112 272 ) 
4 231 235 (-128 -2080 272 ) (-128 -2112 272 ) (-384 -2112 272 ) (-384 -2080 272 ) 
4 231 234 (-384 -2048 272 ) (-128 -2048 272 ) (-128 -2080 272 ) (-384 -2080 272 ) 
4 231 233 (-576 -2112 304 ) (-576 -2112 288 ) (-384 -2112 288 ) (-384 -2112 304 ) 
4 231 232 (-384 -2112 272 ) (-128 -2112 272 ) (-128 -2112 304 ) (-384 -2112 304 ) 
4 232 243 (-368 -2304 272 ) (-144 -2304 272 ) (-144 -2304 304 ) (-368 -2304 304 ) 
4 232 235 (-128 -2304 272 ) (-384 -2304 272 ) (-384 -2112 272 ) (-128 -2112 272 ) 
4 232 233 (-384 -2112 304 ) (-384 -2112 288 ) (-384 -2304 288 ) (-384 -2304 304 ) 
4 234 263 (-384 -2048 144 ) (-32 -2048 144 ) (-32 -2080 144 ) (-384 -2080 144 ) 
4 234 236 (-384 -2048 144 ) (-384 -2080 144 ) (-384 -2080 272 ) (-384 -2048 272 ) 
4 234 235 (-384 -2080 272 ) (-384 -2080 144 ) (-128 -2080 144 ) (-128 -2080 272 ) 
4 235 267 (-128 -2304 144 ) (-384 -2304 144 ) (-384 -2128 144 ) (-128 -2128 144 ) 
4 235 265 (-384 -2128 144 ) (-384 -2112 144 ) (-128 -2112 144 ) (-128 -2128 144 ) 
4 235 264 (-384 -2112 144 ) (-384 -2080 144 ) (-128 -2080 144 ) (-128 -2112 144 ) 
4 235 243 (-368 -2304 144 ) (-144 -2304 144 ) (-144 -2304 272 ) (-368 -2304 272 ) 
4 235 239 (-384 -2228 176 ) (-384 -2228 256 ) (-384 -2188 256 ) (-384 -2188 176 ) 
4 235 236 (-384 -2080 144 ) (-384 -2112 144 ) (-384 -2112 272 ) (-384 -2080 272 ) 
4 236 268 (-576 -2048 144 ) (-560 -2048 144 ) (-560 -2112 144 ) (-576 -2112 144 ) 
4 236 264 (-384 -2080 144 ) (-384 -2112 144 ) (-560 -2112 144 ) (-560 -2080 144 ) 
4 236 263 (-560 -2048 144 ) (-384 -2048 144 ) (-384 -2080 144 ) (-560 -2080 144 ) 
4 236 237 (-500 -2112 256 ) (-500 -2112 176 ) (-460 -2112 176 ) (-460 -2112 256 ) 
4 237 238 (-460 -2128 176 ) (-460 -2128 256 ) (-500 -2128 256 ) (-500 -2128 176 ) 
4 238 242 (-560 -2144 144 ) (-560 -2188 144 ) (-560 -2188 256 ) (-560 -2144 256 ) 
4 238 240 (-560 -2188 272 ) (-560 -2188 144 ) (-400 -2188 144 ) (-400 -2188 272 ) 
4 239 240 (-400 -2188 256 ) (-400 -2188 176 ) (-400 -2228 176 ) (-400 -2228 256 ) 
4 240 242 (-560 -2188 144 ) (-560 -2208 144 ) (-560 -2208 256 ) (-560 -2188 256 ) 
4 240 241 (-560 -2228 272 ) (-560 -2228 144 ) (-400 -2228 144 ) (-400 -2228 272 ) 
4 242 245 (-576 -2144 144 ) (-576 -2208 144 ) (-576 -2208 256 ) (-576 -2144 256 ) 
4 243 270 (-144 -2560 144 ) (-368 -2560 144 ) (-368 -2304 144 ) (-144 -2304 144 ) 
4 243 244 (-368 -2560 144 ) (-144 -2560 144 ) (-144 -2560 304 ) (-368 -2560 304 ) 
4 244 311 (0 -3072 144 ) (0 -3072 304 ) (-576 -3072 304 ) (-576 -3072 144 ) 
4 244 272 (-368 -3072 144 ) (-576 -3072 144 ) (-576 -2560 144 ) (-368 -2560 144 ) 
4 244 271 (-32 -3072 144 ) (-368 -3072 144 ) (-368 -2560 144 ) (-32 -2560 144 ) 
4 244 269 (0 -2560 144 ) (0 -3072 144 ) (-32 -3072 144 ) (-32 -2560 144 ) 
4 244 246 (-576 -2560 144 ) (-576 -3072 144 ) (-576 -3072 304 ) (-576 -2560 304 ) 
4 245 250 (-592 -2208 160 ) (-592 -2208 272 ) (-592 -2176 272 ) (-592 -2176 160 ) 
4 245 249 (-592 -2176 272 ) (-592 -2144 272 ) (-592 -2144 160 ) (-592 -2176 160 ) 
4 246 311 (-576 -3072 304 ) (-592 -3072 304 ) (-592 -3072 144 ) (-576 -3072 144 ) 
4 246 279 (-576 -2560 144 ) (-576 -3072 144 ) (-592 -3072 144 ) (-592 -2560 144 ) 
4 246 262 (-592 -2560 144 ) (-592 -3072 144 ) (-592 -3072 304 ) (-592 -2560 304 ) 
4 247 249 (-664 -2064 208 ) (-664 -2064 288 ) (-704 -2064 288 ) (-704 -2064 208 ) 
4 248 249 (-848 -2064 208 ) (-848 -2064 288 ) (-888 -2064 288 ) (-888 -2064 208 ) 
4 249 321 (-1024 -2176 304 ) (-1024 -2064 304 ) (-1024 -2064 160 ) (-1024 -2176 160 ) 
4 249 255 (-1024 -2176 160 ) (-976 -2176 160 ) (-976 -2176 304 ) (-1024 -2176 304 ) 
4 249 252 (-896 -2176 160 ) (-832 -2176 160 ) (-832 -2176 272 ) (-896 -2176 272 ) 
4 249 250 (-752 -2176 160 ) (-592 -2176 160 ) (-592 -2176 304 ) (-752 -2176 304 ) 
4 250 256 (-704 -2224 160 ) (-640 -2224 160 ) (-640 -2224 272 ) (-704 -2224 272 ) 
4 251 258 (-832 -2224 160 ) (-768 -2224 160 ) (-768 -2224 304 ) (-832 -2224 304 ) 
4 251 253 (-832 -2192 160 ) (-832 -2224 160 ) (-832 -2224 304 ) (-832 -2192 304 ) 
4 252 253 (-896 -2192 272 ) (-896 -2192 160 ) (-832 -2192 160 ) (-832 -2192 272 ) 
4 253 258 (-896 -2224 160 ) (-832 -2224 160 ) (-832 -2224 304 ) (-896 -2224 304 ) 
4 253 254 (-896 -2192 160 ) (-896 -2224 160 ) (-896 -2224 304 ) (-896 -2192 304 ) 
4 254 258 (-960 -2224 160 ) (-896 -2224 160 ) (-896 -2224 304 ) (-960 -2224 304 ) 
4 255 321 (-1024 -2224 304 ) (-1024 -2176 304 ) (-1024 -2176 160 ) (-1024 -2224 160 ) 
4 255 259 (-1024 -2224 160 ) (-976 -2224 160 ) (-976 -2224 304 ) (-1024 -2224 304 ) 
4 256 257 (-704 -2240 160 ) (-640 -2240 160 ) (-640 -2240 272 ) (-704 -2240 272 ) 
4 257 260 (-704 -2544 288 ) (-704 -2544 208 ) (-664 -2544 208 ) (-664 -2544 288 ) 
4 258 261 (-888 -2544 288 ) (-888 -2544 208 ) (-848 -2544 208 ) (-848 -2544 288 ) 
4 259 321 (-1024 -2544 160 ) (-1024 -2544 304 ) (-1024 -2224 304 ) (-1024 -2224 160 ) 
4 260 262 (-664 -2560 208 ) (-664 -2560 288 ) (-704 -2560 288 ) (-704 -2560 208 ) 
4 261 262 (-848 -2560 208 ) (-848 -2560 288 ) (-888 -2560 288 ) (-888 -2560 208 ) 
4 262 323 (-1024 -2560 144 ) (-1024 -3072 144 ) (-1024 -3072 304 ) (-1024 -2560 304 ) 
4 262 311 (-592 -3072 304 ) (-1024 -3072 304 ) (-1024 -3072 144 ) (-592 -3072 144 ) 
4 262 287 (-592 -2560 144 ) (-592 -3072 144 ) (-1024 -3072 144 ) (-1024 -2560 144 ) 
4 263 289 (-560 -2048 0 ) (-128 -2048 0 ) (-128 -2080 0 ) (-560 -2080 0 ) 
4 263 288 (-128 -2048 0 ) (-32 -2048 0 ) (-32 -2080 0 ) (-128 -2080 0 ) 
4 263 268 (-560 -2048 0 ) (-560 -2080 0 ) (-560 -2080 144 ) (-560 -2048 144 ) 
4 263 264 (-560 -2080 144 ) (-560 -2080 0 ) (-128 -2080 0 ) (-128 -2080 144 ) 
4 264 289 (-128 -2112 0 ) (-560 -2112 0 ) (-560 -2080 0 ) (-128 -2080 0 ) 
4 264 268 (-560 -2080 0 ) (-560 -2112 0 ) (-560 -2112 144 ) (-560 -2080 144 ) 
4 264 266 (-464 -2112 24 ) (-464 -2112 60 ) (-496 -2112 60 ) (-496 -2112 24 ) 
4 264 265 (-384 -2112 0 ) (-128 -2112 0 ) (-128 -2112 144 ) (-384 -2112 144 ) 
4 265 290 (-128 -2128 0 ) (-384 -2128 0 ) (-384 -2112 0 ) (-128 -2112 0 ) 
4 265 267 (-384 -2128 0 ) (-128 -2128 0 ) (-128 -2128 144 ) (-384 -2128 144 ) 
4 267 290 (-128 -2304 0 ) (-384 -2304 0 ) (-384 -2128 0 ) (-128 -2128 0 ) 
4 267 270 (-368 -2304 0 ) (-144 -2304 0 ) (-144 -2304 144 ) (-368 -2304 144 ) 
4 268 289 (-576 -2112 0 ) (-576 -2048 0 ) (-560 -2048 0 ) (-560 -2112 0 ) 
4 269 311 (0 -3072 0 ) (0 -3072 144 ) (-32 -3072 144 ) (-32 -3072 0 ) 
4 269 292 (0 -3072 0 ) (-32 -3072 0 ) (-32 -2560 0 ) (0 -2560 0 ) 
4 269 271 (-32 -2560 0 ) (-32 -3072 0 ) (-32 -3072 144 ) (-32 -2560 144 ) 
4 270 291 (-368 -2560 0 ) (-368 -2304 0 ) (-144 -2304 0 ) (-144 -2560 0 ) 
4 270 274 (-368 -2400 0 ) (-368 -2464 0 ) (-368 -2464 112 ) (-368 -2400 112 ) 
4 270 271 (-368 -2560 144 ) (-368 -2560 0 ) (-144 -2560 0 ) (-144 -2560 144 ) 
4 271 311 (-32 -3072 144 ) (-368 -3072 144 ) (-368 -3072 0 ) (-32 -3072 0 ) 
4 271 292 (-32 -3072 0 ) (-368 -3072 0 ) (-368 -2560 0 ) (-32 -2560 0 ) 
4 271 277 (-368 -2560 0 ) (-368 -3072 0 ) (-368 -3072 128 ) (-368 -2560 128 ) 
4 271 272 (-368 -3072 128 ) (-368 -3072 144 ) (-368 -2560 144 ) (-368 -2560 128 ) 
4 272 311 (-368 -3072 144 ) (-576 -3072 144 ) (-576 -3072 128 ) (-368 -3072 128 ) 
4 272 279 (-576 -3072 128 ) (-576 -3072 144 ) (-576 -2560 144 ) (-576 -2560 128 ) 
4 272 277 (-576 -3072 128 ) (-576 -2560 128 ) (-368 -2560 128 ) (-368 -3072 128 ) 
4 273 275 (-384 -2400 128 ) (-576 -2400 128 ) (-576 -2400 0 ) (-384 -2400 0 ) 
4 274 275 (-384 -2400 112 ) (-384 -2400 0 ) (-384 -2464 0 ) (-384 -2464 112 ) 
4 275 276 (-384 -2464 128 ) (-576 -2464 128 ) (-576 -2464 0 ) (-384 -2464 0 ) 
4 276 278 (-576 -2464 0 ) (-576 -2528 0 ) (-576 -2528 112 ) (-576 -2464 112 ) 
4 277 311 (-576 -3072 128 ) (-576 -3072 0 ) (-368 -3072 0 ) (-368 -3072 128 ) 
4 277 292 (-368 -3072 0 ) (-576 -3072 0 ) (-576 -2560 0 ) (-368 -2560 0 ) 
4 277 279 (-576 -2560 0 ) (-576 -3072 0 ) (-576 -3072 128 ) (-576 -2560 128 ) 
4 278 286 (-592 -2464 0 ) (-592 -2528 0 ) (-592 -2528 112 ) (-592 -2464 112 ) 
4 279 311 (-576 -3072 144 ) (-592 -3072 144 ) (-592 -3072 0 ) (-576 -3072 0 ) 
4 279 293 (-576 -3072 0 ) (-592 -3072 0 ) (-592 -2560 0 ) (-576 -2560 0 ) 
4 279 287 (-592 -2560 0 ) (-592 -3072 0 ) (-592 -3072 144 ) (-592 -2560 144 ) 
4 280 285 (-848 -2064 48 ) (-848 -2064 128 ) (-888 -2064 128 ) (-888 -2064 48 ) 
4 281 282 (-648 -2064 144 ) (-648 -2064 0 ) (-648 -2304 0 ) (-648 -2304 144 ) 
4 282 284 (-712 -2064 144 ) (-712 -2064 0 ) (-712 -2304 0 ) (-712 -2304 144 ) 
4 282 283 (-712 -2304 112 ) (-712 -2304 0 ) (-648 -2304 0 ) (-648 -2304 112 ) 
4 283 286 (-712 -2320 0 ) (-648 -2320 0 ) (-648 -2320 112 ) (-712 -2320 112 ) 
4 285 328 (-1024 -2064 0 ) (-1024 -2320 0 ) (-1024 -2320 144 ) (-1024 -2064 144 ) 
4 285 286 (-1024 -2320 0 ) (-784 -2320 0 ) (-784 -2320 144 ) (-1024 -2320 144 ) 
4 286 328 (-1024 -2320 0 ) (-1024 -2544 0 ) (-1024 -2544 144 ) (-1024 -2320 144 ) 
4 287 329 (-1024 -2560 0 ) (-1024 -3072 0 ) (-1024 -3072 144 ) (-1024 -2560 144 ) 
4 287 311 (-592 -3072 144 ) (-1024 -3072 144 ) (-1024 -3072 0 ) (-592 -3072 0 ) 
4 287 293 (-592 -3072 0 ) (-1024 -3072 0 ) (-1024 -2560 0 ) (-592 -2560 0 ) 
4 288 289 (-128 -2048 -256 ) (-128 -2080 -256 ) (-128 -2080 0 ) (-128 -2048 0 ) 
4 289 290 (-384 -2112 -256 ) (-128 -2112 -256 ) (-128 -2112 0 ) (-384 -2112 0 ) 
4 290 291 (-368 -2304 -256 ) (-144 -2304 -256 ) (-144 -2304 0 ) (-368 -2304 0 ) 
4 291 292 (-368 -2560 -256 ) (-144 -2560 -256 ) (-144 -2560 0 ) (-368 -2560 0 ) 
4 292 311 (0 -3072 -256 ) (0 -3072 0 ) (-576 -3072 0 ) (-576 -3072 -256 ) 
4 292 293 (-576 -2560 -256 ) (-576 -3072 -256 ) (-576 -3072 0 ) (-576 -2560 0 ) 
4 293 338 (-1024 -2560 -256 ) (-1024 -3072 -256 ) (-1024 -3072 0 ) (-1024 -2560 0 ) 
4 293 311 (-576 -3072 0 ) (-1024 -3072 0 ) (-1024 -3072 -256 ) (-576 -3072 -256 ) 
4 294 297 (736 -3072 320 ) (1024 -3072 320 ) (1024 -3976 320 ) (736 -3976 320 ) 
4 294 296 (496 -3976 320 ) (1024 -3976 320 ) (1024 -3976 2304 ) (496 -3976 2304 ) 
4 295 311 (0 -3976 2304 ) (0 -3072 2304 ) (0 -3072 320 ) (0 -3976 320 ) 
4 295 298 (0 -3976 320 ) (0 -3072 320 ) (224 -3072 320 ) (224 -3976 320 ) 
4 295 296 (0 -3976 320 ) (464 -3976 320 ) (464 -3976 2304 ) (0 -3976 2304 ) 
4 296 312 (1024 -4096 320 ) (1024 -4096 2304 ) (0 -4096 2304 ) (0 -4096 320 ) 
4 296 311 (0 -4096 320 ) (0 -4096 2304 ) (0 -3976 2304 ) (0 -3976 320 ) 
4 296 297 (736 -3976 320 ) (1024 -3976 320 ) (1024 -4096 320 ) (736 -4096 320 ) 
4 296 298 (0 -4096 320 ) (0 -3976 320 ) (224 -3976 320 ) (224 -4096 320 ) 
4 297 312 (1024 -4096 304 ) (1024 -4096 320 ) (736 -4096 320 ) (736 -4096 304 ) 
4 297 307 (1024 -4096 304 ) (736 -4096 304 ) (736 -3584 304 ) (1024 -3584 304 ) 
4 297 299 (736 -3584 304 ) (736 -3072 304 ) (1024 -3072 304 ) (1024 -3584 304 ) 
4 298 312 (224 -4096 320 ) (0 -4096 320 ) (0 -4096 304 ) (224 -4096 304 ) 
4 298 311 (0 -4096 304 ) (0 -4096 320 ) (0 -3072 320 ) (0 -3072 304 ) 
4 298 308 (224 -4096 304 ) (0 -4096 304 ) (0 -3584 304 ) (224 -3584 304 ) 
4 298 306 (0 -3584 304 ) (0 -3072 304 ) (224 -3072 304 ) (224 -3584 304 ) 
4 299 309 (736 -3072 0 ) (1024 -3072 0 ) (1024 -3584 0 ) (736 -3584 0 ) 
4 299 307 (736 -3584 0 ) (1024 -3584 0 ) (1024 -3584 304 ) (736 -3584 304 ) 
4 300 305 (240 -3152 0 ) (240 -3296 0 ) (240 -3296 144 ) (240 -3152 144 ) 
4 300 302 (576 -3328 64 ) (576 -3328 304 ) (384 -3328 304 ) (384 -3328 64 ) 
4 300 301 (576 -3328 0 ) (720 -3328 0 ) (720 -3328 304 ) (576 -3328 304 ) 
4 300 303 (240 -3328 304 ) (240 -3328 0 ) (384 -3328 0 ) (384 -3328 304 ) 
4 301 304 (720 -3456 64 ) (720 -3456 304 ) (576 -3456 304 ) (576 -3456 64 ) 
4 301 302 (576 -3328 304 ) (576 -3328 64 ) (576 -3456 64 ) (576 -3456 304 ) 
4 302 304 (576 -3456 64 ) (576 -3456 304 ) (384 -3456 304 ) (384 -3456 64 ) 
4 302 303 (384 -3328 304 ) (384 -3328 64 ) (384 -3456 64 ) (384 -3456 304 ) 
4 303 304 (240 -3456 304 ) (240 -3456 64 ) (384 -3456 64 ) (384 -3456 304 ) 
4 305 306 (224 -3152 0 ) (224 -3296 0 ) (224 -3296 144 ) (224 -3152 144 ) 
4 306 311 (0 -3584 304 ) (0 -3072 304 ) (0 -3072 0 ) (0 -3584 0 ) 
4 306 310 (0 -3584 0 ) (0 -3072 0 ) (224 -3072 0 ) (224 -3584 0 ) 
4 306 308 (0 -3584 0 ) (224 -3584 0 ) (224 -3584 304 ) (0 -3584 304 ) 
4 307 312 (1024 -4096 0 ) (1024 -4096 304 ) (736 -4096 304 ) (736 -4096 0 ) 
4 307 309 (736 -3584 0 ) (1024 -3584 0 ) (1024 -4096 0 ) (736 -4096 0 ) 
4 308 312 (224 -4096 304 ) (0 -4096 304 ) (0 -4096 0 ) (224 -4096 0 ) 
4 308 311 (0 -4096 0 ) (0 -4096 304 ) (0 -3584 304 ) (0 -3584 0 ) 
4 308 310 (0 -4096 0 ) (0 -3584 0 ) (224 -3584 0 ) (224 -4096 0 ) 
4 309 312 (1024 -4096 -256 ) (1024 -4096 0 ) (736 -4096 0 ) (736 -4096 -256 ) 
4 310 312 (224 -4096 0 ) (0 -4096 0 ) (0 -4096 -256 ) (224 -4096 -256 ) 
4 310 311 (0 -4096 -256 ) (0 -4096 0 ) (0 -3072 0 ) (0 -3072 -256 ) 
4 311 340 (-1024 -4096 -256 ) (-1024 -4096 2304 ) (-1024 -3072 2304 ) (-1024 -3072 -256 ) 
4 311 313 (-1024 -4096 2304 ) (-1024 -4096 -256 ) (0 -4096 -256 ) (0 -4096 2304 ) 
4 312 368 (1024 -5120 -256 ) (1024 -5120 2304 ) (0 -5120 2304 ) (0 -5120 -256 ) 
4 312 313 (0 -4096 2304 ) (0 -4096 -256 ) (0 -5120 -256 ) (0 -5120 2304 ) 
4 313 369 (0 -5120 -256 ) (0 -5120 2304 ) (-1024 -5120 2304 ) (-1024 -5120 -256 ) 
4 313 342 (-1024 -5120 -256 ) (-1024 -5120 2304 ) (-1024 -4096 2304 ) (-1024 -4096 -256 ) 
4 314 339 (-2048 -2048 2304 ) (-2048 -2048 320 ) (-2048 -2288 320 ) (-2048 -2288 2304 ) 
4 314 317 (-2048 -2288 320 ) (-2048 -2048 320 ) (-1344 -2048 320 ) (-1344 -2288 320 ) 
4 314 315 (-2048 -2288 320 ) (-1224 -2288 320 ) (-1224 -2288 2304 ) (-2048 -2288 2304 ) 
4 315 339 (-2048 -2288 320 ) (-2048 -2320 320 ) (-2048 -2320 2304 ) (-2048 -2288 2304 ) 
4 315 317 (-2048 -2320 320 ) (-2048 -2288 320 ) (-1344 -2288 320 ) (-1344 -2320 320 ) 
4 315 316 (-2048 -2320 320 ) (-1224 -2320 320 ) (-1224 -2320 2304 ) (-2048 -2320 2304 ) 
4 316 340 (-1024 -3072 320 ) (-1024 -3072 2304 ) (-2048 -3072 2304 ) (-2048 -3072 320 ) 
4 316 339 (-2048 -2320 320 ) (-2048 -3072 320 ) (-2048 -3072 2304 ) (-2048 -2320 2304 ) 
4 316 317 (-2048 -2560 320 ) (-2048 -2320 320 ) (-1344 -2320 320 ) (-1344 -2560 320 ) 
4 316 318 (-1024 -3072 320 ) (-2048 -3072 320 ) (-2048 -2560 320 ) (-1024 -2560 320 ) 
4 317 339 (-2048 -2048 320 ) (-2048 -2048 304 ) (-2048 -2560 304 ) (-2048 -2560 320 ) 
4 317 327 (-2048 -2560 304 ) (-2048 -2048 304 ) (-1344 -2048 304 ) (-1344 -2560 304 ) 
4 317 318 (-2048 -2560 304 ) (-1344 -2560 304 ) (-1344 -2560 320 ) (-2048 -2560 320 ) 
4 318 340 (-1024 -3072 304 ) (-1024 -3072 320 ) (-2048 -3072 320 ) (-2048 -3072 304 ) 
4 318 339 (-2048 -2560 304 ) (-2048 -3072 304 ) (-2048 -3072 320 ) (-2048 -2560 320 ) 
4 318 326 (-1344 -2560 304 ) (-1328 -2560 304 ) (-1328 -3072 304 ) (-1344 -3072 304 ) 
4 318 327 (-2048 -3072 304 ) (-2048 -2560 304 ) (-1344 -2560 304 ) (-1344 -3072 304 ) 
4 318 323 (-1328 -2560 304 ) (-1024 -2560 304 ) (-1024 -3072 304 ) (-1328 -3072 304 ) 
4 319 321 (-1032 -2064 208 ) (-1032 -2064 288 ) (-1072 -2064 288 ) (-1072 -2064 208 ) 
4 320 322 (-1216 -2064 208 ) (-1216 -2064 288 ) (-1256 -2064 288 ) (-1256 -2064 208 ) 
4 321 322 (-1088 -2064 304 ) (-1088 -2064 160 ) (-1088 -2544 160 ) (-1088 -2544 304 ) 
4 322 332 (-1328 -2544 144 ) (-1328 -2064 144 ) (-1088 -2064 144 ) (-1088 -2544 144 ) 
4 322 325 (-1328 -2360 144 ) (-1328 -2400 144 ) (-1328 -2400 220 ) (-1328 -2360 220 ) 
4 322 324 (-1328 -2208 144 ) (-1328 -2248 144 ) (-1328 -2248 220 ) (-1328 -2208 220 ) 
4 323 340 (-1024 -3072 144 ) (-1024 -3072 304 ) (-1328 -3072 304 ) (-1328 -3072 144 ) 
4 323 334 (-1072 -3072 144 ) (-1328 -3072 144 ) (-1328 -2560 144 ) (-1072 -2560 144 ) 
4 323 331 (-1032 -3072 144 ) (-1072 -3072 144 ) (-1072 -2560 144 ) (-1032 -2560 144 ) 
4 323 329 (-1024 -3072 144 ) (-1032 -3072 144 ) (-1032 -2560 144 ) (-1024 -2560 144 ) 
4 323 326 (-1328 -2560 144 ) (-1328 -3072 144 ) (-1328 -3072 304 ) (-1328 -2560 304 ) 
4 324 327 (-1344 -2208 144 ) (-1344 -2248 144 ) (-1344 -2248 220 ) (-1344 -2208 220 ) 
4 325 327 (-1344 -2360 144 ) (-1344 -2400 144 ) (-1344 -2400 220 ) (-1344 -2360 220 ) 
4 326 340 (-1328 -3072 304 ) (-1344 -3072 304 ) (-1344 -3072 144 ) (-1328 -3072 144 ) 
4 326 336 (-1328 -3072 144 ) (-1344 -3072 144 ) (-1344 -2560 144 ) (-1328 -2560 144 ) 
4 326 327 (-1344 -2560 144 ) (-1344 -3072 144 ) (-1344 -3072 304 ) (-1344 -2560 304 ) 
4 327 340 (-1344 -3072 304 ) (-2048 -3072 304 ) (-2048 -3072 144 ) (-1344 -3072 144 ) 
4 327 339 (-2048 -2048 304 ) (-2048 -2048 144 ) (-2048 -3072 144 ) (-2048 -3072 304 ) 
4 327 335 (-2048 -2560 144 ) (-2048 -2048 144 ) (-1344 -2048 144 ) (-1344 -2560 144 ) 
4 327 336 (-1344 -3072 144 ) (-2048 -3072 144 ) (-2048 -2560 144 ) (-1344 -2560 144 ) 
4 328 331 (-1032 -2064 0 ) (-1032 -2544 0 ) (-1032 -2544 144 ) (-1032 -2064 144 ) 
4 329 340 (-1024 -3072 0 ) (-1024 -3072 144 ) (-1032 -3072 144 ) (-1032 -3072 0 ) 
4 329 338 (-1024 -2560 0 ) (-1024 -3072 0 ) (-1032 -3072 0 ) (-1032 -2560 0 ) 
4 329 331 (-1032 -2560 0 ) (-1032 -3072 0 ) (-1032 -3072 144 ) (-1032 -2560 144 ) 
4 330 331 (-1072 -2064 128 ) (-1072 -2064 48 ) (-1032 -2064 48 ) (-1032 -2064 128 ) 
4 331 340 (-1032 -3072 144 ) (-1072 -3072 144 ) (-1072 -3072 0 ) (-1032 -3072 0 ) 
4 331 338 (-1032 -2560 0 ) (-1032 -3072 0 ) (-1072 -3072 0 ) (-1072 -2560 0 ) 
4 331 333 (-1072 -2544 0 ) (-1072 -2560 0 ) (-1072 -2560 144 ) (-1072 -2544 144 ) 
4 331 334 (-1072 -2560 0 ) (-1072 -3072 0 ) (-1072 -3072 144 ) (-1072 -2560 144 ) 
4 331 332 (-1072 -2064 0 ) (-1072 -2544 0 ) (-1072 -2544 144 ) (-1072 -2064 144 ) 
4 332 333 (-1144 -2544 0 ) (-1072 -2544 0 ) (-1072 -2544 144 ) (-1144 -2544 144 ) 
4 333 334 (-1144 -2560 0 ) (-1072 -2560 0 ) (-1072 -2560 144 ) (-1144 -2560 144 ) 
4 334 340 (-1072 -3072 144 ) (-1328 -3072 144 ) (-1328 -3072 0 ) (-1072 -3072 0 ) 
4 334 338 (-1072 -2560 0 ) (-1072 -3072 0 ) (-1328 -3072 0 ) (-1328 -2560 0 ) 
4 334 336 (-1328 -2560 0 ) (-1328 -3072 0 ) (-1328 -3072 144 ) (-1328 -2560 144 ) 
4 335 339 (-2048 -2048 144 ) (-2048 -2048 0 ) (-2048 -2560 0 ) (-2048 -2560 144 ) 
4 335 337 (-2048 -2560 0 ) (-2048 -2048 0 ) (-1344 -2048 0 ) (-1344 -2560 0 ) 
4 335 336 (-2048 -2560 0 ) (-1344 -2560 0 ) (-1344 -2560 144 ) (-2048 -2560 144 ) 
4 336 340 (-1328 -3072 144 ) (-2048 -3072 144 ) (-2048 -3072 0 ) (-1328 -3072 0 ) 
4 336 339 (-2048 -2560 0 ) (-2048 -3072 0 ) (-2048 -3072 144 ) (-2048 -2560 144 ) 
4 336 338 (-2048 -3072 0 ) (-2048 -2560 0 ) (-1328 -2560 0 ) (-1328 -3072 0 ) 
4 337 339 (-2048 -2048 0 ) (-2048 -2048 -256 ) (-2048 -2560 -256 ) (-2048 -2560 0 ) 
4 337 338 (-2048 -2560 -256 ) (-1344 -2560 -256 ) (-1344 -2560 0 ) (-2048 -2560 0 ) 
4 338 340 (-1024 -3072 -256 ) (-1024 -3072 0 ) (-2048 -3072 0 ) (-2048 -3072 -256 ) 
4 338 339 (-2048 -2560 -256 ) (-2048 -3072 -256 ) (-2048 -3072 0 ) (-2048 -2560 0 ) 
4 339 356 (-3072 -3072 -256 ) (-3072 -3072 2304 ) (-3072 -2048 2304 ) (-3072 -2048 -256 ) 
4 339 341 (-2048 -3072 -256 ) (-2048 -3072 2304 ) (-3072 -3072 2304 ) (-3072 -3072 -256 ) 
4 340 342 (-1024 -4096 -256 ) (-1024 -4096 2304 ) (-2048 -4096 2304 ) (-2048 -4096 -256 ) 
4 340 341 (-2048 -4096 -256 ) (-2048 -4096 2304 ) (-2048 -3072 2304 ) (-2048 -3072 -256 ) 
4 341 358 (-3072 -4096 -256 ) (-3072 -4096 2304 ) (-3072 -3072 2304 ) (-3072 -3072 -256 ) 
4 341 343 (-3072 -4096 2304 ) (-3072 -4096 -256 ) (-2048 -4096 -256 ) (-2048 -4096 2304 ) 
4 342 374 (-1024 -5120 -256 ) (-1024 -5120 2304 ) (-2048 -5120 2304 ) (-2048 -5120 -256 ) 
4 342 343 (-2048 -4096 2304 ) (-2048 -4096 -256 ) (-2048 -5120 -256 ) (-2048 -5120 2304 ) 
4 343 375 (-2048 -5120 -256 ) (-2048 -5120 2304 ) (-3072 -5120 2304 ) (-3072 -5120 -256 ) 
4 343 360 (-3072 -5120 -256 ) (-3072 -5120 2304 ) (-3072 -4096 2304 ) (-3072 -4096 -256 ) 
4 344 346 (-3072 0 -256 ) (-3072 0 2304 ) (-4096 0 2304 ) (-4096 0 -256 ) 
4 344 345 (-4096 1024 2304 ) (-4096 1024 -256 ) (-4096 0 -256 ) (-4096 0 2304 ) 
4 345 350 (-5120 1024 2304 ) (-5120 1024 -256 ) (-5120 0 -256 ) (-5120 0 2304 ) 
4 345 347 (-4096 0 -256 ) (-4096 0 2304 ) (-5120 0 2304 ) (-5120 0 -256 ) 
4 346 348 (-3072 -1024 -256 ) (-3072 -1024 2304 ) (-4096 -1024 2304 ) (-4096 -1024 -256 ) 
4 346 347 (-4096 -1024 -256 ) (-4096 -1024 2304 ) (-4096 0 2304 ) (-4096 0 -256 ) 
4 347 352 (-5120 -1024 -256 ) (-5120 -1024 2304 ) (-5120 0 2304 ) (-5120 0 -256 ) 
4 347 349 (-5120 -1024 2304 ) (-5120 -1024 -256 ) (-4096 -1024 -256 ) (-4096 -1024 2304 ) 
4 348 356 (-3072 -2048 -256 ) (-3072 -2048 2304 ) (-4096 -2048 2304 ) (-4096 -2048 -256 ) 
4 348 349 (-4096 -1024 2304 ) (-4096 -1024 -256 ) (-4096 -2048 -256 ) (-4096 -2048 2304 ) 
4 349 357 (-4096 -2048 -256 ) (-4096 -2048 2304 ) (-5120 -2048 2304 ) (-5120 -2048 -256 ) 
4 349 353 (-5120 -2048 -256 ) (-5120 -2048 2304 ) (-5120 -1024 2304 ) (-5120 -1024 -256 ) 
4 350 352 (-5120 0 -256 ) (-5120 0 2304 ) (-6144 0 2304 ) (-6144 0 -256 ) 
4 350 351 (-6144 1024 2304 ) (-6144 1024 -256 ) (-6144 0 -256 ) (-6144 0 2304 ) 
4 351 354 (-6144 0 -256 ) (-6144 0 2304 ) (-6656 0 2304 ) (-6656 0 -256 ) 
4 352 354 (-6144 0 2304 ) (-6144 0 -256 ) (-6144 -1024 -256 ) (-6144 -1024 2304 ) 
4 352 353 (-5120 -1024 -256 ) (-5120 -1024 2304 ) (-6144 -1024 2304 ) (-6144 -1024 -256 ) 
4 353 362 (-5120 -2048 -256 ) (-5120 -2048 2304 ) (-6144 -2048 2304 ) (-6144 -2048 -256 ) 
4 353 355 (-6144 -2048 -256 ) (-6144 -2048 2304 ) (-6144 -1024 2304 ) (-6144 -1024 -256 ) 
4 354 355 (-6144 -1024 -256 ) (-6144 -1024 2304 ) (-6656 -1024 2304 ) (-6656 -1024 -256 ) 
4 355 363 (-6144 -2048 -256 ) (-6144 -2048 2304 ) (-6656 -2048 2304 ) (-6656 -2048 -256 ) 
4 356 358 (-3072 -3072 -256 ) (-3072 -3072 2304 ) (-4096 -3072 2304 ) (-4096 -3072 -256 ) 
4 356 357 (-4096 -2048 2304 ) (-4096 -2048 -256 ) (-4096 -3072 -256 ) (-4096 -3072 2304 ) 
4 357 362 (-5120 -2048 2304 ) (-5120 -2048 -256 ) (-5120 -3072 -256 ) (-5120 -3072 2304 ) 
4 357 359 (-4096 -3072 -256 ) (-4096 -3072 2304 ) (-5120 -3072 2304 ) (-5120 -3072 -256 ) 
4 358 360 (-3072 -4096 -256 ) (-3072 -4096 2304 ) (-4096 -4096 2304 ) (-4096 -4096 -256 ) 
4 358 359 (-4096 -4096 -256 ) (-4096 -4096 2304 ) (-4096 -3072 2304 ) (-4096 -3072 -256 ) 
4 359 364 (-5120 -4096 -256 ) (-5120 -4096 2304 ) (-5120 -3072 2304 ) (-5120 -3072 -256 ) 
4 359 361 (-5120 -4096 2304 ) (-5120 -4096 -256 ) (-4096 -4096 -256 ) (-4096 -4096 2304 ) 
4 360 388 (-3072 -5120 -256 ) (-3072 -5120 2304 ) (-4096 -5120 2304 ) (-4096 -5120 -256 ) 
4 360 361 (-4096 -4096 2304 ) (-4096 -4096 -256 ) (-4096 -5120 -256 ) (-4096 -5120 2304 ) 
4 361 389 (-4096 -5120 -256 ) (-4096 -5120 2304 ) (-5120 -5120 2304 ) (-5120 -5120 -256 ) 
4 361 365 (-5120 -5120 -256 ) (-5120 -5120 2304 ) (-5120 -4096 2304 ) (-5120 -4096 -256 ) 
4 362 364 (-5120 -3072 -256 ) (-5120 -3072 2304 ) (-6144 -3072 2304 ) (-6144 -3072 -256 ) 
4 362 363 (-6144 -2048 2304 ) (-6144 -2048 -256 ) (-6144 -3072 -256 ) (-6144 -3072 2304 ) 
4 363 366 (-6144 -3072 -256 ) (-6144 -3072 2304 ) (-6656 -3072 2304 ) (-6656 -3072 -256 ) 
4 364 366 (-6144 -3072 2304 ) (-6144 -3072 -256 ) (-6144 -4096 -256 ) (-6144 -4096 2304 ) 
4 364 365 (-5120 -4096 -256 ) (-5120 -4096 2304 ) (-6144 -4096 2304 ) (-6144 -4096 -256 ) 
4 365 394 (-5120 -5120 -256 ) (-5120 -5120 2304 ) (-6144 -5120 2304 ) (-6144 -5120 -256 ) 
4 365 367 (-6144 -5120 -256 ) (-6144 -5120 2304 ) (-6144 -4096 2304 ) (-6144 -4096 -256 ) 
4 366 367 (-6144 -4096 -256 ) (-6144 -4096 2304 ) (-6656 -4096 2304 ) (-6656 -4096 -256 ) 
4 367 395 (-6144 -5120 -256 ) (-6144 -5120 2304 ) (-6656 -5120 2304 ) (-6656 -5120 -256 ) 
4 368 370 (1024 -6144 -256 ) (1024 -6144 2304 ) (0 -6144 2304 ) (0 -6144 -256 ) 
4 368 369 (0 -5120 2304 ) (0 -5120 -256 ) (0 -6144 -256 ) (0 -6144 2304 ) 
4 369 374 (-1024 -5120 2304 ) (-1024 -5120 -256 ) (-1024 -6144 -256 ) (-1024 -6144 2304 ) 
4 369 371 (0 -6144 -256 ) (0 -6144 2304 ) (-1024 -6144 2304 ) (-1024 -6144 -256 ) 
4 370 372 (1024 -7168 -256 ) (1024 -7168 2304 ) (0 -7168 2304 ) (0 -7168 -256 ) 
4 370 371 (0 -7168 -256 ) (0 -7168 2304 ) (0 -6144 2304 ) (0 -6144 -256 ) 
4 371 376 (-1024 -7168 -256 ) (-1024 -7168 2304 ) (-1024 -6144 2304 ) (-1024 -6144 -256 ) 
4 371 373 (-1024 -7168 2304 ) (-1024 -7168 -256 ) (0 -7168 -256 ) (0 -7168 2304 ) 
4 372 380 (1024 -8192 -256 ) (1024 -8192 2304 ) (0 -8192 2304 ) (0 -8192 -256 ) 
4 372 373 (0 -7168 2304 ) (0 -7168 -256 ) (0 -8192 -256 ) (0 -8192 2304 ) 
4 373 381 (0 -8192 -256 ) (0 -8192 2304 ) (-1024 -8192 2304 ) (-1024 -8192 -256 ) 
4 373 378 (-1024 -8192 -256 ) (-1024 -8192 2304 ) (-1024 -7168 2304 ) (-1024 -7168 -256 ) 
4 374 376 (-1024 -6144 -256 ) (-1024 -6144 2304 ) (-2048 -6144 2304 ) (-2048 -6144 -256 ) 
4 374 375 (-2048 -5120 2304 ) (-2048 -5120 -256 ) (-2048 -6144 -256 ) (-2048 -6144 2304 ) 
4 375 388 (-3072 -5120 2304 ) (-3072 -5120 -256 ) (-3072 -6144 -256 ) (-3072 -6144 2304 ) 
4 375 377 (-2048 -6144 -256 ) (-2048 -6144 2304 ) (-3072 -6144 2304 ) (-3072 -6144 -256 ) 
4 376 378 (-1024 -7168 -256 ) (-1024 -7168 2304 ) (-2048 -7168 2304 ) (-2048 -7168 -256 ) 
4 376 377 (-2048 -7168 -256 ) (-2048 -7168 2304 ) (-2048 -6144 2304 ) (-2048 -6144 -256 ) 
4 377 390 (-3072 -7168 -256 ) (-3072 -7168 2304 ) (-3072 -6144 2304 ) (-3072 -6144 -256 ) 
4 377 379 (-3072 -7168 2304 ) (-3072 -7168 -256 ) (-2048 -7168 -256 ) (-2048 -7168 2304 ) 
4 378 384 (-1024 -8192 -256 ) (-1024 -8192 2304 ) (-2048 -8192 2304 ) (-2048 -8192 -256 ) 
4 378 379 (-2048 -7168 2304 ) (-2048 -7168 -256 ) (-2048 -8192 -256 ) (-2048 -8192 2304 ) 
4 379 392 (-3072 -8192 -256 ) (-3072 -8192 2304 ) (-3072 -7168 2304 ) (-3072 -7168 -256 ) 
4 379 385 (-2048 -8192 -256 ) (-2048 -8192 2304 ) (-3072 -8192 2304 ) (-3072 -8192 -256 ) 
4 380 382 (1024 -9216 -256 ) (1024 -9216 2304 ) (0 -9216 2304 ) (0 -9216 -256 ) 
4 380 381 (0 -8192 2304 ) (0 -8192 -256 ) (0 -9216 -256 ) (0 -9216 2304 ) 
4 381 384 (-1024 -8192 2304 ) (-1024 -8192 -256 ) (-1024 -9216 -256 ) (-1024 -9216 2304 ) 
4 381 383 (0 -9216 -256 ) (0 -9216 2304 ) (-1024 -9216 2304 ) (-1024 -9216 -256 ) 
4 382 383 (0 -9728 -256 ) (0 -9728 2304 ) (0 -9216 2304 ) (0 -9216 -256 ) 
4 383 386 (-1024 -9728 -256 ) (-1024 -9728 2304 ) (-1024 -9216 2304 ) (-1024 -9216 -256 ) 
4 384 386 (-1024 -9216 -256 ) (-1024 -9216 2304 ) (-2048 -9216 2304 ) (-2048 -9216 -256 ) 
4 384 385 (-2048 -8192 2304 ) (-2048 -8192 -256 ) (-2048 -9216 -256 ) (-2048 -9216 2304 ) 
4 385 400 (-3072 -9216 -256 ) (-3072 -9216 2304 ) (-3072 -8192 2304 ) (-3072 -8192 -256 ) 
4 385 387 (-2048 -9216 -256 ) (-2048 -9216 2304 ) (-3072 -9216 2304 ) (-3072 -9216 -256 ) 
4 386 387 (-2048 -9728 -256 ) (-2048 -9728 2304 ) (-2048 -9216 2304 ) (-2048 -9216 -256 ) 
4 387 402 (-3072 -9728 -256 ) (-3072 -9728 2304 ) (-3072 -9216 2304 ) (-3072 -9216 -256 ) 
4 388 390 (-3072 -6144 -256 ) (-3072 -6144 2304 ) (-4096 -6144 2304 ) (-4096 -6144 -256 ) 
4 388 389 (-4096 -5120 2304 ) (-4096 -5120 -256 ) (-4096 -6144 -256 ) (-4096 -6144 2304 ) 
4 389 394 (-5120 -5120 2304 ) (-5120 -5120 -256 ) (-5120 -6144 -256 ) (-5120 -6144 2304 ) 
4 389 391 (-4096 -6144 -256 ) (-4096 -6144 2304 ) (-5120 -6144 2304 ) (-5120 -6144 -256 ) 
4 390 392 (-3072 -7168 -256 ) (-3072 -7168 2304 ) (-4096 -7168 2304 ) (-4096 -7168 -256 ) 
4 390 391 (-4096 -7168 -256 ) (-4096 -7168 2304 ) (-4096 -6144 2304 ) (-4096 -6144 -256 ) 
4 391 396 (-5120 -7168 -256 ) (-5120 -7168 2304 ) (-5120 -6144 2304 ) (-5120 -6144 -256 ) 
4 391 393 (-5120 -7168 2304 ) (-5120 -7168 -256 ) (-4096 -7168 -256 ) (-4096 -7168 2304 ) 
4 392 400 (-3072 -8192 -256 ) (-3072 -8192 2304 ) (-4096 -8192 2304 ) (-4096 -8192 -256 ) 
4 392 393 (-4096 -7168 2304 ) (-4096 -7168 -256 ) (-4096 -8192 -256 ) (-4096 -8192 2304 ) 
4 393 401 (-4096 -8192 -256 ) (-4096 -8192 2304 ) (-5120 -8192 2304 ) (-5120 -8192 -256 ) 
4 393 397 (-5120 -8192 -256 ) (-5120 -8192 2304 ) (-5120 -7168 2304 ) (-5120 -7168 -256 ) 
4 394 396 (-5120 -6144 -256 ) (-5120 -6144 2304 ) (-6144 -6144 2304 ) (-6144 -6144 -256 ) 
4 394 395 (-6144 -5120 2304 ) (-6144 -5120 -256 ) (-6144 -6144 -256 ) (-6144 -6144 2304 ) 
4 395 398 (-6144 -6144 -256 ) (-6144 -6144 2304 ) (-6656 -6144 2304 ) (-6656 -6144 -256 ) 
4 396 398 (-6144 -6144 2304 ) (-6144 -6144 -256 ) (-6144 -7168 -256 ) (-6144 -7168 2304 ) 
4 396 397 (-5120 -7168 -256 ) (-5120 -7168 2304 ) (-6144 -7168 2304 ) (-6144 -7168 -256 ) 
4 397 404 (-5120 -8192 -256 ) (-5120 -8192 2304 ) (-6144 -8192 2304 ) (-6144 -8192 -256 ) 
4 397 399 (-6144 -8192 -256 ) (-6144 -8192 2304 ) (-6144 -7168 2304 ) (-6144 -7168 -256 ) 
4 398 399 (-6144 -7168 -256 ) (-6144 -7168 2304 ) (-6656 -7168 2304 ) (-6656 -7168 -256 ) 
4 399 405 (-6144 -8192 -256 ) (-6144 -8192 2304 ) (-6656 -8192 2304 ) (-6656 -8192 -256 ) 
4 400 402 (-3072 -9216 -256 ) (-3072 -9216 2304 ) (-4096 -9216 2304 ) (-4096 -9216 -256 ) 
4 400 401 (-4096 -8192 2304 ) (-4096 -8192 -256 ) (-4096 -9216 -256 ) (-4096 -9216 2304 ) 
4 401 404 (-5120 -8192 2304 ) (-5120 -8192 -256 ) (-5120 -9216 -256 ) (-5120 -9216 2304 ) 
4 401 403 (-4096 -9216 -256 ) (-4096 -9216 2304 ) (-5120 -9216 2304 ) (-5120 -9216 -256 ) 
4 402 403 (-4096 -9728 -256 ) (-4096 -9728 2304 ) (-4096 -9216 2304 ) (-4096 -9216 -256 ) 
4 403 406 (-5120 -9728 -256 ) (-5120 -9728 2304 ) (-5120 -9216 2304 ) (-5120 -9216 -256 ) 
4 404 406 (-5120 -9216 -256 ) (-5120 -9216 2304 ) (-6144 -9216 2304 ) (-6144 -9216 -256 ) 
4 404 405 (-6144 -8192 2304 ) (-6144 -8192 -256 ) (-6144 -9216 -256 ) (-6144 -9216 2304 ) 
4 405 407 (-6144 -9216 -256 ) (-6144 -9216 2304 ) (-6656 -9216 2304 ) (-6656 -9216 -256 ) 
4 406 407 (-6144 -9216 2304 ) (-6144 -9216 -256 ) (-6144 -9728 -256 ) (-6144 -9728 2304 ) 
